[
  {
    "comparison": {
      "file_name": "AixLib.Electrical.PVSystem.Validation.ValidationPVSystem.mat",
      "funnel_dirs": [
        "funnel_comp/AixLib.Electrical.PVSystem.Validation.ValidationPVSystem.mat_DCOutputPower",
        "funnel_comp/AixLib.Electrical.PVSystem.Validation.ValidationPVSystem.mat_DCOutputPower_Measured"
      ],
      "success_rate": 1.0,
      "t_err_max": [
        28684800.0,
        28684800.0
      ],
      "test_passed": [
        1,
        1
      ],
      "var_groups": [
        0,
        0
      ],
      "variables": [
        "DCOutputPower",
        "DCOutputPower_Measured"
      ],
      "warnings": [
        null,
        null
      ]
    },
    "model": "AixLib.Electrical.PVSystem.Validation.ValidationPVSystem",
    "simulation": {
      "elapsed_time": 0.0139,
      "final_time": 28771200.0,
      "jacobians": 940,
      "start_time": 28684800.0,
      "state_events": 81,
      "success": true
    }
  },
  {
    "comparison": {
      "file_name": "AixLib.Electrical.PVSystem.Examples.ExamplePVSystem.mat",
      "funnel_dirs": [
        null
      ],
      "success_rate": 0.0,
      "t_err_max": [
        0
      ],
      "test_passed": [
        0
      ],
      "var_groups": [
        0
      ],
      "variables": [
        "DCOutputPower"
      ],
      "warnings": [
        "Translation, simulation or extracting simulation results failed. IOError while reading /tmp/tmp-AixLib-1-oslukvy5/AixLib/AixLib.Electrical.PVSystem.Examples.ExamplePVSystem.mat generated by Electrical/Examples/ExamplePVSystem.mos.\nFile /tmp/tmp-AixLib-1-oslukvy5/AixLib/AixLib.Electrical.PVSystem.Examples.ExamplePVSystem.mat does not exist.\n"
      ]
    },
    "model": "AixLib.Electrical.PVSystem.Examples.ExamplePVSystem"
  }
]
