 = true


rCheck = checkModel("AixLib.Electrical.PVSystem.Validation.ValidationPVSystem");
Check of AixLib.Electrical.PVSystem.Validation.ValidationPVSystem
Warning: The quantity of pVSystem.weaBus.TDryBul is "ThermodynamicTemperature" and the quantity of pVSystem.cellTemperature.T_a is "Temp_C".
In connect(pVSystem.weaBus.TDryBul, pVSystem.cellTemperature.T_a);
Found in class AixLib.Electrical.PVSystem.PVSystem, /tmp/tmp-AixLib-0-hjo45oon/AixLib/Electrical/PVSystem/PVSystem.mo at line 132, and used in component pVSystem.
Variable pVSystem.weaBus.TDryBul was declared in class Modelica.Units.SI, /tmp/tmp-AixLib-0-hjo45oon/AixLib/BoundaryConditions/WeatherData/Bus.mo at line 5, and used in component pVSystem.weaBus.
Variable pVSystem.cellTemperature.T_a was declared in class Modelica.Blocks.Interfaces, /tmp/tmp-AixLib-0-hjo45oon/AixLib/Electrical/PVSystem/BaseClasses/PartialCellTemperature.mo at line 21, and used in component pVSystem.cellTemperature.PartialCellTemperature.
Warning: Incompatible units.
Warning: Incompatible units in
  pVSystem.cellTemperature.radTil*exp((-2.98)-0.0471*pVSystem.cellTemperature.winVel)  +pVSystem.cellTemperature.T_a
The part
  pVSystem.cellTemperature.radTil*exp((-2.98)-0.0471*pVSystem.cellTemperature.winVel)
has unit kg/s3
The part
  pVSystem.cellTemperature.T_a
has unit K
Warning: The unit issue reported appeared in the equation
  pVSystem.cellTemperature.T_c = (if noEvent(pVSystem.cellTemperature.radTil >=   _GlobalScope.Modelica.Constants.eps) then pVSystem.cellTemperature.radTil*exp(  (-2.98)-0.0471*pVSystem.cellTemperature.winVel)+pVSystem.cellTemperature.T_a+  pVSystem.cellTemperature.radTil/1000*1 else pVSystem.cellTemperature.T_a);
Found in class AixLib.Electrical.PVSystem.BaseClasses.CellTemperatureMountingCloseToGround, /tmp/tmp-AixLib-0-hjo45oon/AixLib/Electrical/PVSystem/BaseClasses/CellTemperatureMountingCloseToGround.mo at line 13, and used in component pVSystem.cellTemperature.
The model has the same number of unknowns and equations: 106
The model has the same number of unknowns and equations:
  102+max([size(NISTdata.columns, 1); size(NISTdata.offset, 1)])
Check of AixLib.Electrical.PVSystem.Validation.ValidationPVSystem successful.
Warning: WARNINGS have been issued.
Declaring variable: Boolean rCheck ;

Modelica.Utilities.Streams.print("    { \"file\" :  \"AixLib/Resources/Scripts/Dymola/Electrical/Validation/ValidationPVSystem.mos\",", "AixLib.Electrical.PVSystem.Validation.ValidationPVSystem.statistics.log");
Modelica.Utilities.Streams.print("      \"model\" : \"AixLib.Electrical.PVSystem.Validation.ValidationPVSystem\",", "AixLib.Electrical.PVSystem.Validation.ValidationPVSystem.statistics.log");
Modelica.Utilities.Streams.print("      \"check\" : {", "AixLib.Electrical.PVSystem.Validation.ValidationPVSystem.statistics.log");
Modelica.Utilities.Streams.print("        \"command\" : \"checkModel(\\\"AixLib.Electrical.PVSystem.Validation.ValidationPVSystem\\\");\",", "AixLib.Electrical.PVSystem.Validation.ValidationPVSystem.statistics.log");
Modelica.Utilities.Streams.print("        \"result\"  : " + String(rCheck), "AixLib.Electrical.PVSystem.Validation.ValidationPVSystem.statistics.log");
Modelica.Utilities.Streams.print("      },", "AixLib.Electrical.PVSystem.Validation.ValidationPVSystem.statistics.log");


rScript=RunScript("modelica://AixLib/Resources/Scripts/Dymola/Electrical/Validation/ValidationPVSystem.mos");
simulateModel("AixLib.Electrical.PVSystem.Validation.ValidationPVSystem", startTime=28684800, stopTime=28771200, tolerance=1e-06, method="dassl", resultFile="AixLib.Electrical.PVSystem.Validation.ValidationPVSystem");
Translation of AixLib.Electrical.PVSystem.Validation.ValidationPVSystem
Warning: The quantity of pVSystem.weaBus.TDryBul is "ThermodynamicTemperature" and the quantity of pVSystem.cellTemperature.T_a is "Temp_C".
In connect(pVSystem.weaBus.TDryBul, pVSystem.cellTemperature.T_a);
Found in class AixLib.Electrical.PVSystem.PVSystem, /tmp/tmp-AixLib-0-hjo45oon/AixLib/Electrical/PVSystem/PVSystem.mo at line 132, and used in component pVSystem.
Variable pVSystem.weaBus.TDryBul was declared in class Modelica.Units.SI, /tmp/tmp-AixLib-0-hjo45oon/AixLib/BoundaryConditions/WeatherData/Bus.mo at line 5, and used in component pVSystem.weaBus.
Variable pVSystem.cellTemperature.T_a was declared in class Modelica.Blocks.Interfaces, /tmp/tmp-AixLib-0-hjo45oon/AixLib/Electrical/PVSystem/BaseClasses/PartialCellTemperature.mo at line 21, and used in component pVSystem.cellTemperature.PartialCellTemperature.
Warning: Incompatible units.
Warning: Incompatible units in
  pVSystem.cellTemperature.radTil*exp((-2.98)-0.0471*pVSystem.cellTemperature.winVel)  +pVSystem.cellTemperature.T_a
The part
  pVSystem.cellTemperature.radTil*exp((-2.98)-0.0471*pVSystem.cellTemperature.winVel)
has unit kg/s3
The part
  pVSystem.cellTemperature.T_a
has unit K
Warning: The unit issue reported appeared in the equation
  pVSystem.cellTemperature.T_c = (if noEvent(pVSystem.cellTemperature.radTil >=   1E-15) then pVSystem.cellTemperature.radTil*exp((-2.98)-0.0471*  pVSystem.cellTemperature.winVel)+pVSystem.cellTemperature.T_a+pVSystem.cellTemperature.radTil  /1000*1 else pVSystem.cellTemperature.T_a);
Found in class AixLib.Electrical.PVSystem.BaseClasses.CellTemperatureMountingCloseToGround, /tmp/tmp-AixLib-0-hjo45oon/AixLib/Electrical/PVSystem/BaseClasses/CellTemperatureMountingCloseToGround.mo at line 13, and used in component pVSystem.cellTemperature.
The DAE has 106 scalar unknowns and 106 scalar equations.
 
Statistics
 
Original Model
  Number of components: 20
  Variables: 292
  Constants: 6 (6 scalars)
  Parameters: 141 (146 scalars)
  Unknowns: 145 (106 scalars)
  Equations: 102
  Nontrivial: 92
Translated Model
  Constants: 16 scalars
  Free parameters: 47 scalars
  Parameter depending: 105 scalars
  Outputs: 5 scalars
  Time-varying variables: 55 scalars
  Alias variables: 35 scalars
  Number of mixed real/discrete systems of equations: 0
  Sizes of linear systems of equations: { }
  Sizes after manipulation of the linear systems: { }
  Sizes of nonlinear systems of equations: { }
  Sizes after manipulation of the nonlinear systems: { }
  Number of numerical Jacobians: 0
 
Selected continuous time states
Finished
Warning: WARNINGS have been issued.
Finished
 = true

Declaring variable: Boolean rScript ;

savelog("AixLib.Electrical.PVSystem.Validation.ValidationPVSystem.translation.log");