[
  {
    "comparison": {
      "file_name": "AixLib.Systems.ModularAHU.Validation.AHU2_Heater.mat",
      "funnel_dirs": [
        "funnel_comp/AixLib.Systems.ModularAHU.Validation.AHU2_Heater.mat_registerModule.registerBus.TAirInMea",
        "funnel_comp/AixLib.Systems.ModularAHU.Validation.AHU2_Heater.mat_registerModule.registerBus.TAirOutMea",
        "funnel_comp/AixLib.Systems.ModularAHU.Validation.AHU2_Heater.mat_combiTimeTable.y[6]",
        "funnel_comp/AixLib.Systems.ModularAHU.Validation.AHU2_Heater.mat_combiTimeTable.y[5]",
        "funnel_comp/AixLib.Systems.ModularAHU.Validation.AHU2_Heater.mat_combiTimeTable.y[3]",
        "funnel_comp/AixLib.Systems.ModularAHU.Validation.AHU2_Heater.mat_combiTimeTable.y[4]",
        "funnel_comp/AixLib.Systems.ModularAHU.Validation.AHU2_Heater.mat_registerModule.registerBus.hydraulicBus.TFwrdOutMea",
        "funnel_comp/AixLib.Systems.ModularAHU.Validation.AHU2_Heater.mat_registerModule.registerBus.hydraulicBus.TRtrnInMea",
        "funnel_comp/AixLib.Systems.ModularAHU.Validation.AHU2_Heater.mat_combiTimeTable.y[9]",
        "funnel_comp/AixLib.Systems.ModularAHU.Validation.AHU2_Heater.mat_combiTimeTable.y[8]",
        "funnel_comp/AixLib.Systems.ModularAHU.Validation.AHU2_Heater.mat_Simulation_VF_in_m3h.y",
        "funnel_comp/AixLib.Systems.ModularAHU.Validation.AHU2_Heater.mat_Simulation_VF_out_m3h.y"
      ],
      "success_rate": 1.0,
      "t_err_max": [
        0.0,
        0.0,
        0.0,
        0.0,
        0.0,
        0.0,
        0.0,
        0.0,
        0.0,
        0.0,
        0.0,
        0.0
      ],
      "test_passed": [
        1,
        1,
        1,
        1,
        1,
        1,
        1,
        1,
        1,
        1,
        1,
        1
      ],
      "var_groups": [
        0,
        0,
        0,
        0,
        1,
        1,
        1,
        1,
        2,
        2,
        2,
        2
      ],
      "variables": [
        "registerModule.registerBus.TAirInMea",
        "registerModule.registerBus.TAirOutMea",
        "combiTimeTable.y[6]",
        "combiTimeTable.y[5]",
        "combiTimeTable.y[3]",
        "combiTimeTable.y[4]",
        "registerModule.registerBus.hydraulicBus.TFwrdOutMea",
        "registerModule.registerBus.hydraulicBus.TRtrnInMea",
        "combiTimeTable.y[9]",
        "combiTimeTable.y[8]",
        "Simulation_VF_in_m3h.y",
        "Simulation_VF_out_m3h.y"
      ],
      "warnings": [
        null,
        null,
        null,
        null,
        null,
        null,
        null,
        null,
        null,
        null,
        null,
        null
      ]
    },
    "model": "AixLib.Systems.ModularAHU.Validation.AHU2_Heater",
    "simulation": {
      "elapsed_time": 0.752,
      "final_time": 4320,
      "jacobians": 4262,
      "start_time": 0,
      "state_events": 0,
      "success": true
    }
  },
  {
    "comparison": {
      "file_name": "AixLib.Systems.HydraulicModules.Example.Throttle.mat",
      "funnel_dirs": [
        "funnel_comp/AixLib.Systems.HydraulicModules.Example.Throttle.mat_hydraulicBus.TFwrdInMea",
        "funnel_comp/AixLib.Systems.HydraulicModules.Example.Throttle.mat_hydraulicBus.TFwrdOutMea",
        "funnel_comp/AixLib.Systems.HydraulicModules.Example.Throttle.mat_hydraulicBus.TRtrnInMea",
        "funnel_comp/AixLib.Systems.HydraulicModules.Example.Throttle.mat_hydraulicBus.TRtrnOutMea",
        "funnel_comp/AixLib.Systems.HydraulicModules.Example.Throttle.mat_hydraulicBus.VFlowInMea",
        "funnel_comp/AixLib.Systems.HydraulicModules.Example.Throttle.mat_hydraulicBus.VFlowOutMea"
      ],
      "success_rate": 1.0,
      "t_err_max": [
        0.0,
        0.0,
        0.0,
        0.0,
        0.0,
        0.0
      ],
      "test_passed": [
        1,
        1,
        1,
        1,
        1,
        1
      ],
      "var_groups": [
        0,
        0,
        0,
        0,
        1,
        1
      ],
      "variables": [
        "hydraulicBus.TFwrdInMea",
        "hydraulicBus.TFwrdOutMea",
        "hydraulicBus.TRtrnInMea",
        "hydraulicBus.TRtrnOutMea",
        "hydraulicBus.VFlowInMea",
        "hydraulicBus.VFlowOutMea"
      ],
      "warnings": [
        null,
        null,
        null,
        null,
        null,
        null
      ]
    },
    "model": "AixLib.Systems.HydraulicModules.Example.Throttle",
    "simulation": {
      "elapsed_time": 0.00629,
      "final_time": 1000,
      "jacobians": 43,
      "start_time": 0,
      "state_events": 0,
      "success": true
    }
  },
  {
    "comparison": {
      "file_name": "AixLib.Systems.ModularAHU.Examples.GenericAHU.mat",
      "funnel_dirs": [
        "funnel_comp/AixLib.Systems.ModularAHU.Examples.GenericAHU.mat_ctrAHUBasic.genericAHUBus.TOdaMea",
        "funnel_comp/AixLib.Systems.ModularAHU.Examples.GenericAHU.mat_ctrAHUBasic.genericAHUBus.TSupMea",
        "funnel_comp/AixLib.Systems.ModularAHU.Examples.GenericAHU.mat_ctrAHUBasic.genericAHUBus.TEtaMea",
        "funnel_comp/AixLib.Systems.ModularAHU.Examples.GenericAHU.mat_ctrAHUBasic.genericAHUBus.TEhaMea",
        "funnel_comp/AixLib.Systems.ModularAHU.Examples.GenericAHU.mat_ctrAHUBasic.genericAHUBus.preheaterBus.hydraulicBus.valveMea",
        "funnel_comp/AixLib.Systems.ModularAHU.Examples.GenericAHU.mat_ctrAHUBasic.genericAHUBus.coolerBus.hydraulicBus.valveMea",
        "funnel_comp/AixLib.Systems.ModularAHU.Examples.GenericAHU.mat_ctrAHUBasic.genericAHUBus.heaterBus.hydraulicBus.valveMea"
      ],
      "success_rate": 1.0,
      "t_err_max": [
        0.0,
        0.0,
        0.0,
        0.0,
        0.0,
        0.0,
        0.0
      ],
      "test_passed": [
        1,
        1,
        1,
        1,
        1,
        1,
        1
      ],
      "var_groups": [
        0,
        0,
        0,
        0,
        1,
        1,
        1
      ],
      "variables": [
        "ctrAHUBasic.genericAHUBus.TOdaMea",
        "ctrAHUBasic.genericAHUBus.TSupMea",
        "ctrAHUBasic.genericAHUBus.TEtaMea",
        "ctrAHUBasic.genericAHUBus.TEhaMea",
        "ctrAHUBasic.genericAHUBus.preheaterBus.hydraulicBus.valveMea",
        "ctrAHUBasic.genericAHUBus.coolerBus.hydraulicBus.valveMea",
        "ctrAHUBasic.genericAHUBus.heaterBus.hydraulicBus.valveMea"
      ],
      "warnings": [
        null,
        null,
        null,
        null,
        null,
        null,
        null
      ]
    },
    "model": "AixLib.Systems.ModularAHU.Examples.GenericAHU",
    "simulation": {
      "elapsed_time": 0.267,
      "final_time": 7200,
      "jacobians": 40,
      "start_time": 0,
      "state_events": 0,
      "success": true
    }
  },
  {
    "comparison": {
      "file_name": "AixLib.Systems.ScalableGenerationModules.ScalableBoiler.Examples.ScalableBoilerConstantSup.mat",
      "funnel_dirs": [
        "funnel_comp/AixLib.Systems.ScalableGenerationModules.ScalableBoiler.Examples.ScalableBoilerConstantSup.mat_boilerControlBus.TSupMea",
        "funnel_comp/AixLib.Systems.ScalableGenerationModules.ScalableBoiler.Examples.ScalableBoilerConstantSup.mat_boilerControlBus.TRetMea",
        "funnel_comp/AixLib.Systems.ScalableGenerationModules.ScalableBoiler.Examples.ScalableBoilerConstantSup.mat_boilerControlBus.Efficiency",
        "funnel_comp/AixLib.Systems.ScalableGenerationModules.ScalableBoiler.Examples.ScalableBoilerConstantSup.mat_boilerControlBus.ThermalPower",
        "funnel_comp/AixLib.Systems.ScalableGenerationModules.ScalableBoiler.Examples.ScalableBoilerConstantSup.mat_boilerControlBus.fuelPower"
      ],
      "success_rate": 1.0,
      "t_err_max": [
        0.0,
        0.0,
        0.0,
        0.0,
        0.0
      ],
      "test_passed": [
        1,
        1,
        1,
        1,
        1
      ],
      "var_groups": [
        0,
        0,
        1,
        2,
        2
      ],
      "variables": [
        "boilerControlBus.TSupMea",
        "boilerControlBus.TRetMea",
        "boilerControlBus.Efficiency",
        "boilerControlBus.ThermalPower",
        "boilerControlBus.fuelPower"
      ],
      "warnings": [
        null,
        null,
        null,
        null,
        null
      ]
    },
    "model": "AixLib.Systems.ScalableGenerationModules.ScalableBoiler.Examples.ScalableBoilerConstantSup",
    "simulation": {
      "elapsed_time": 0.0102,
      "final_time": 84000,
      "jacobians": 109,
      "start_time": 0,
      "state_events": 3,
      "success": true
    }
  },
  {
    "comparison": {
      "file_name": "AixLib.Systems.ModularAHU.Examples.DemandControlledAHU.mat",
      "funnel_dirs": [
        "funnel_comp/AixLib.Systems.ModularAHU.Examples.DemandControlledAHU.mat_genericAHU.genericAHUBus.TSupMea",
        "funnel_comp/AixLib.Systems.ModularAHU.Examples.DemandControlledAHU.mat_genericAHU.genericAHUBus.TOdaMea",
        "funnel_comp/AixLib.Systems.ModularAHU.Examples.DemandControlledAHU.mat_genericAHU.genericAHUBus.heaterBus.hydraulicBus.valveSet",
        "funnel_comp/AixLib.Systems.ModularAHU.Examples.DemandControlledAHU.mat_genericAHU.genericAHUBus.heaterBus.VFlowAirMea",
        "funnel_comp/AixLib.Systems.ModularAHU.Examples.DemandControlledAHU.mat_thermalZone.CO2Con"
      ],
      "success_rate": 1.0,
      "t_err_max": [
        5961600.0,
        5961600.0,
        5961600.0,
        5961600.0,
        5961600.0
      ],
      "test_passed": [
        1,
        1,
        1,
        1,
        1
      ],
      "var_groups": [
        0,
        0,
        1,
        2,
        3
      ],
      "variables": [
        "genericAHU.genericAHUBus.TSupMea",
        "genericAHU.genericAHUBus.TOdaMea",
        "genericAHU.genericAHUBus.heaterBus.hydraulicBus.valveSet",
        "genericAHU.genericAHUBus.heaterBus.VFlowAirMea",
        "thermalZone.CO2Con"
      ],
      "warnings": [
        null,
        null,
        null,
        null,
        null
      ]
    },
    "model": "AixLib.Systems.ModularAHU.Examples.DemandControlledAHU",
    "simulation": {
      "elapsed_time": 37,
      "final_time": 6566400.0,
      "jacobians": 24106,
      "start_time": 5961600.0,
      "state_events": 51,
      "success": true
    }
  },
  {
    "comparison": {
      "file_name": "AixLib.Systems.ModularAHU.Validation.AHU2_Preheater.mat",
      "funnel_dirs": [
        "funnel_comp/AixLib.Systems.ModularAHU.Validation.AHU2_Preheater.mat_registerModule.registerBus.TAirInMea",
        "funnel_comp/AixLib.Systems.ModularAHU.Validation.AHU2_Preheater.mat_registerModule.registerBus.TAirOutMea",
        "funnel_comp/AixLib.Systems.ModularAHU.Validation.AHU2_Preheater.mat_combiTimeTable.y[6]",
        "funnel_comp/AixLib.Systems.ModularAHU.Validation.AHU2_Preheater.mat_combiTimeTable.y[5]",
        "funnel_comp/AixLib.Systems.ModularAHU.Validation.AHU2_Preheater.mat_combiTimeTable.y[3]",
        "funnel_comp/AixLib.Systems.ModularAHU.Validation.AHU2_Preheater.mat_combiTimeTable.y[4]",
        "funnel_comp/AixLib.Systems.ModularAHU.Validation.AHU2_Preheater.mat_registerModule.registerBus.hydraulicBus.TFwrdOutMea",
        "funnel_comp/AixLib.Systems.ModularAHU.Validation.AHU2_Preheater.mat_registerModule.registerBus.hydraulicBus.TRtrnInMea",
        "funnel_comp/AixLib.Systems.ModularAHU.Validation.AHU2_Preheater.mat_combiTimeTable.y[9]",
        "funnel_comp/AixLib.Systems.ModularAHU.Validation.AHU2_Preheater.mat_combiTimeTable.y[8]",
        "funnel_comp/AixLib.Systems.ModularAHU.Validation.AHU2_Preheater.mat_Simulation_VF_in_m3h.y",
        "funnel_comp/AixLib.Systems.ModularAHU.Validation.AHU2_Preheater.mat_Simulation_VF_out_m3h.y"
      ],
      "success_rate": 1.0,
      "t_err_max": [
        0.0,
        0.0,
        0.0,
        0.0,
        0.0,
        0.0,
        0.0,
        0.0,
        0.0,
        0.0,
        0.0,
        0.0
      ],
      "test_passed": [
        1,
        1,
        1,
        1,
        1,
        1,
        1,
        1,
        1,
        1,
        1,
        1
      ],
      "var_groups": [
        0,
        0,
        0,
        0,
        1,
        1,
        1,
        1,
        2,
        2,
        2,
        2
      ],
      "variables": [
        "registerModule.registerBus.TAirInMea",
        "registerModule.registerBus.TAirOutMea",
        "combiTimeTable.y[6]",
        "combiTimeTable.y[5]",
        "combiTimeTable.y[3]",
        "combiTimeTable.y[4]",
        "registerModule.registerBus.hydraulicBus.TFwrdOutMea",
        "registerModule.registerBus.hydraulicBus.TRtrnInMea",
        "combiTimeTable.y[9]",
        "combiTimeTable.y[8]",
        "Simulation_VF_in_m3h.y",
        "Simulation_VF_out_m3h.y"
      ],
      "warnings": [
        null,
        null,
        null,
        null,
        null,
        null,
        null,
        null,
        null,
        null,
        null,
        null
      ]
    },
    "model": "AixLib.Systems.ModularAHU.Validation.AHU2_Preheater",
    "simulation": {
      "elapsed_time": 0.952,
      "final_time": 7200,
      "jacobians": 5019,
      "start_time": 0,
      "state_events": 11,
      "success": true
    }
  },
  {
    "comparison": {
      "file_name": "AixLib.Systems.HydraulicModules.Example.Admix.mat",
      "funnel_dirs": [
        "funnel_comp/AixLib.Systems.HydraulicModules.Example.Admix.mat_hydraulicBus.TFwrdInMea",
        "funnel_comp/AixLib.Systems.HydraulicModules.Example.Admix.mat_hydraulicBus.TFwrdOutMea",
        "funnel_comp/AixLib.Systems.HydraulicModules.Example.Admix.mat_hydraulicBus.TRtrnInMea",
        "funnel_comp/AixLib.Systems.HydraulicModules.Example.Admix.mat_hydraulicBus.TRtrnOutMea",
        "funnel_comp/AixLib.Systems.HydraulicModules.Example.Admix.mat_hydraulicBus.VFlowInMea",
        "funnel_comp/AixLib.Systems.HydraulicModules.Example.Admix.mat_hydraulicBus.VFlowOutMea"
      ],
      "success_rate": 1.0,
      "t_err_max": [
        0.0,
        0.0,
        0.0,
        0.0,
        0.0,
        0.0
      ],
      "test_passed": [
        1,
        1,
        1,
        1,
        1,
        1
      ],
      "var_groups": [
        0,
        0,
        0,
        0,
        1,
        1
      ],
      "variables": [
        "hydraulicBus.TFwrdInMea",
        "hydraulicBus.TFwrdOutMea",
        "hydraulicBus.TRtrnInMea",
        "hydraulicBus.TRtrnOutMea",
        "hydraulicBus.VFlowInMea",
        "hydraulicBus.VFlowOutMea"
      ],
      "warnings": [
        null,
        null,
        null,
        null,
        null,
        null
      ]
    },
    "model": "AixLib.Systems.HydraulicModules.Example.Admix",
    "simulation": {
      "elapsed_time": 0.0129,
      "final_time": 800,
      "jacobians": 56,
      "start_time": 0,
      "state_events": 0,
      "success": true
    }
  },
  {
    "comparison": {
      "file_name": "AixLib.Systems.HydraulicModules.Example.Injection.mat",
      "funnel_dirs": [
        "funnel_comp/AixLib.Systems.HydraulicModules.Example.Injection.mat_hydraulicBus.TFwrdInMea",
        "funnel_comp/AixLib.Systems.HydraulicModules.Example.Injection.mat_hydraulicBus.TFwrdOutMea",
        "funnel_comp/AixLib.Systems.HydraulicModules.Example.Injection.mat_hydraulicBus.TRtrnInMea",
        "funnel_comp/AixLib.Systems.HydraulicModules.Example.Injection.mat_hydraulicBus.TRtrnOutMea",
        "funnel_comp/AixLib.Systems.HydraulicModules.Example.Injection.mat_hydraulicBus.VFlowInMea",
        "funnel_comp/AixLib.Systems.HydraulicModules.Example.Injection.mat_hydraulicBus.VFlowOutMea"
      ],
      "success_rate": 1.0,
      "t_err_max": [
        0.0,
        0.0,
        0.0,
        0.0,
        0.0,
        0.0
      ],
      "test_passed": [
        1,
        1,
        1,
        1,
        1,
        1
      ],
      "var_groups": [
        0,
        0,
        0,
        0,
        1,
        1
      ],
      "variables": [
        "hydraulicBus.TFwrdInMea",
        "hydraulicBus.TFwrdOutMea",
        "hydraulicBus.TRtrnInMea",
        "hydraulicBus.TRtrnOutMea",
        "hydraulicBus.VFlowInMea",
        "hydraulicBus.VFlowOutMea"
      ],
      "warnings": [
        null,
        null,
        null,
        null,
        null,
        null
      ]
    },
    "model": "AixLib.Systems.HydraulicModules.Example.Injection",
    "simulation": {
      "elapsed_time": 0.0151,
      "final_time": 800,
      "jacobians": 55,
      "start_time": 0,
      "state_events": 0,
      "success": true
    }
  },
  {
    "comparison": {
      "file_name": "AixLib.Systems.ScalableGenerationModules.ScalableBoiler.Examples.ScalableBoilerFeedbackNew.mat",
      "funnel_dirs": [
        "funnel_comp/AixLib.Systems.ScalableGenerationModules.ScalableBoiler.Examples.ScalableBoilerFeedbackNew.mat_boilerControlBus.TSupMea",
        "funnel_comp/AixLib.Systems.ScalableGenerationModules.ScalableBoiler.Examples.ScalableBoilerFeedbackNew.mat_boilerControlBus.TRetMea",
        "funnel_comp/AixLib.Systems.ScalableGenerationModules.ScalableBoiler.Examples.ScalableBoilerFeedbackNew.mat_boilerControlBus.Efficiency",
        "funnel_comp/AixLib.Systems.ScalableGenerationModules.ScalableBoiler.Examples.ScalableBoilerFeedbackNew.mat_boilerControlBus.ThermalPower",
        "funnel_comp/AixLib.Systems.ScalableGenerationModules.ScalableBoiler.Examples.ScalableBoilerFeedbackNew.mat_boilerControlBus.fuelPower"
      ],
      "success_rate": 1.0,
      "t_err_max": [
        0.0,
        0.0,
        0.0,
        0.0,
        0.0
      ],
      "test_passed": [
        1,
        1,
        1,
        1,
        1
      ],
      "var_groups": [
        0,
        0,
        1,
        2,
        2
      ],
      "variables": [
        "boilerControlBus.TSupMea",
        "boilerControlBus.TRetMea",
        "boilerControlBus.Efficiency",
        "boilerControlBus.ThermalPower",
        "boilerControlBus.fuelPower"
      ],
      "warnings": [
        null,
        null,
        null,
        null,
        null
      ]
    },
    "model": "AixLib.Systems.ScalableGenerationModules.ScalableBoiler.Examples.ScalableBoilerFeedbackNew",
    "simulation": {
      "elapsed_time": 0.192,
      "final_time": 20000,
      "jacobians": 1747,
      "start_time": 0,
      "state_events": 132,
      "success": true
    }
  },
  {
    "comparison": {
      "file_name": "AixLib.Systems.HydraulicModules.Example.Pump.mat",
      "funnel_dirs": [
        "funnel_comp/AixLib.Systems.HydraulicModules.Example.Pump.mat_hydraulicBus.TFwrdInMea",
        "funnel_comp/AixLib.Systems.HydraulicModules.Example.Pump.mat_hydraulicBus.TFwrdOutMea",
        "funnel_comp/AixLib.Systems.HydraulicModules.Example.Pump.mat_hydraulicBus.TRtrnInMea",
        "funnel_comp/AixLib.Systems.HydraulicModules.Example.Pump.mat_hydraulicBus.TRtrnOutMea",
        "funnel_comp/AixLib.Systems.HydraulicModules.Example.Pump.mat_hydraulicBus.VFlowInMea",
        "funnel_comp/AixLib.Systems.HydraulicModules.Example.Pump.mat_hydraulicBus.VFlowOutMea"
      ],
      "success_rate": 1.0,
      "t_err_max": [
        0.0,
        0.0,
        0.0,
        0.0,
        0.0,
        0.0
      ],
      "test_passed": [
        1,
        1,
        1,
        1,
        1,
        1
      ],
      "var_groups": [
        0,
        0,
        0,
        0,
        1,
        1
      ],
      "variables": [
        "hydraulicBus.TFwrdInMea",
        "hydraulicBus.TFwrdOutMea",
        "hydraulicBus.TRtrnInMea",
        "hydraulicBus.TRtrnOutMea",
        "hydraulicBus.VFlowInMea",
        "hydraulicBus.VFlowOutMea"
      ],
      "warnings": [
        null,
        null,
        null,
        null,
        null,
        null
      ]
    },
    "model": "AixLib.Systems.HydraulicModules.Example.Pump",
    "simulation": {
      "elapsed_time": 0.0124,
      "final_time": 800,
      "jacobians": 67,
      "start_time": 0,
      "state_events": 1,
      "success": true
    }
  },
  {
    "comparison": {
      "file_name": "AixLib.Systems.ModularAHU.Examples.Heater.mat",
      "funnel_dirs": [
        "funnel_comp/AixLib.Systems.ModularAHU.Examples.Heater.mat_ctrBasic.registerBus.TAirInMea",
        "funnel_comp/AixLib.Systems.ModularAHU.Examples.Heater.mat_ctrBasic.registerBus.TAirOutMea",
        "funnel_comp/AixLib.Systems.ModularAHU.Examples.Heater.mat_ctrBasic.registerBus.hydraulicBus.valveSet"
      ],
      "success_rate": 1.0,
      "t_err_max": [
        0.0,
        0.0,
        0.0
      ],
      "test_passed": [
        1,
        1,
        1
      ],
      "var_groups": [
        0,
        0,
        1
      ],
      "variables": [
        "ctrBasic.registerBus.TAirInMea",
        "ctrBasic.registerBus.TAirOutMea",
        "ctrBasic.registerBus.hydraulicBus.valveSet"
      ],
      "warnings": [
        null,
        null,
        null
      ]
    },
    "model": "AixLib.Systems.ModularAHU.Examples.Heater",
    "simulation": {
      "elapsed_time": 0.0143,
      "final_time": 3600,
      "jacobians": 31,
      "start_time": 0,
      "state_events": 0,
      "success": true
    }
  },
  {
    "comparison": {
      "file_name": "AixLib.Systems.HydraulicModules.Example.Injection2WayValve.mat",
      "funnel_dirs": [
        "funnel_comp/AixLib.Systems.HydraulicModules.Example.Injection2WayValve.mat_hydraulicBus.TFwrdInMea",
        "funnel_comp/AixLib.Systems.HydraulicModules.Example.Injection2WayValve.mat_hydraulicBus.TFwrdOutMea",
        "funnel_comp/AixLib.Systems.HydraulicModules.Example.Injection2WayValve.mat_hydraulicBus.TRtrnInMea",
        "funnel_comp/AixLib.Systems.HydraulicModules.Example.Injection2WayValve.mat_hydraulicBus.TRtrnOutMea",
        "funnel_comp/AixLib.Systems.HydraulicModules.Example.Injection2WayValve.mat_hydraulicBus.VFlowInMea",
        "funnel_comp/AixLib.Systems.HydraulicModules.Example.Injection2WayValve.mat_hydraulicBus.VFlowOutMea"
      ],
      "success_rate": 1.0,
      "t_err_max": [
        0.0,
        0.0,
        0.0,
        0.0,
        0.0,
        0.0
      ],
      "test_passed": [
        1,
        1,
        1,
        1,
        1,
        1
      ],
      "var_groups": [
        0,
        0,
        0,
        0,
        1,
        1
      ],
      "variables": [
        "hydraulicBus.TFwrdInMea",
        "hydraulicBus.TFwrdOutMea",
        "hydraulicBus.TRtrnInMea",
        "hydraulicBus.TRtrnOutMea",
        "hydraulicBus.VFlowInMea",
        "hydraulicBus.VFlowOutMea"
      ],
      "warnings": [
        null,
        null,
        null,
        null,
        null,
        null
      ]
    },
    "model": "AixLib.Systems.HydraulicModules.Example.Injection2WayValve",
    "simulation": {
      "elapsed_time": 0.0137,
      "final_time": 800,
      "jacobians": 53,
      "start_time": 0,
      "state_events": 0,
      "success": true
    }
  },
  {
    "comparison": {
      "file_name": "AixLib.Systems.HydraulicModules.Example.ThrottlePump.mat",
      "funnel_dirs": [
        "funnel_comp/AixLib.Systems.HydraulicModules.Example.ThrottlePump.mat_hydraulicBus.TFwrdInMea",
        "funnel_comp/AixLib.Systems.HydraulicModules.Example.ThrottlePump.mat_hydraulicBus.TFwrdOutMea",
        "funnel_comp/AixLib.Systems.HydraulicModules.Example.ThrottlePump.mat_hydraulicBus.TRtrnInMea",
        "funnel_comp/AixLib.Systems.HydraulicModules.Example.ThrottlePump.mat_hydraulicBus.TRtrnOutMea",
        "funnel_comp/AixLib.Systems.HydraulicModules.Example.ThrottlePump.mat_hydraulicBus.VFlowInMea",
        "funnel_comp/AixLib.Systems.HydraulicModules.Example.ThrottlePump.mat_hydraulicBus.VFlowOutMea"
      ],
      "success_rate": 1.0,
      "t_err_max": [
        0.0,
        0.0,
        0.0,
        0.0,
        0.0,
        0.0
      ],
      "test_passed": [
        1,
        1,
        1,
        1,
        1,
        1
      ],
      "var_groups": [
        0,
        0,
        0,
        0,
        1,
        1
      ],
      "variables": [
        "hydraulicBus.TFwrdInMea",
        "hydraulicBus.TFwrdOutMea",
        "hydraulicBus.TRtrnInMea",
        "hydraulicBus.TRtrnOutMea",
        "hydraulicBus.VFlowInMea",
        "hydraulicBus.VFlowOutMea"
      ],
      "warnings": [
        null,
        null,
        null,
        null,
        null,
        null
      ]
    },
    "model": "AixLib.Systems.HydraulicModules.Example.ThrottlePump",
    "simulation": {
      "elapsed_time": 0.00814,
      "final_time": 600,
      "jacobians": 46,
      "start_time": 0,
      "state_events": 0,
      "success": true
    }
  },
  {
    "comparison": {
      "file_name": "AixLib.Systems.ScalableGenerationModules.ScalableBoiler.Examples.ScalableBoilerHeatingCurve.mat",
      "funnel_dirs": [
        "funnel_comp/AixLib.Systems.ScalableGenerationModules.ScalableBoiler.Examples.ScalableBoilerHeatingCurve.mat_boilerControlBus.TSupMea",
        "funnel_comp/AixLib.Systems.ScalableGenerationModules.ScalableBoiler.Examples.ScalableBoilerHeatingCurve.mat_boilerControlBus.TRetMea",
        "funnel_comp/AixLib.Systems.ScalableGenerationModules.ScalableBoiler.Examples.ScalableBoilerHeatingCurve.mat_boilerControlBus.Efficiency",
        "funnel_comp/AixLib.Systems.ScalableGenerationModules.ScalableBoiler.Examples.ScalableBoilerHeatingCurve.mat_boilerControlBus.ThermalPower",
        "funnel_comp/AixLib.Systems.ScalableGenerationModules.ScalableBoiler.Examples.ScalableBoilerHeatingCurve.mat_boilerControlBus.fuelPower"
      ],
      "success_rate": 1.0,
      "t_err_max": [
        0.0,
        0.0,
        0.0,
        0.0,
        0.0
      ],
      "test_passed": [
        1,
        1,
        1,
        1,
        1
      ],
      "var_groups": [
        0,
        0,
        1,
        2,
        2
      ],
      "variables": [
        "boilerControlBus.TSupMea",
        "boilerControlBus.TRetMea",
        "boilerControlBus.Efficiency",
        "boilerControlBus.ThermalPower",
        "boilerControlBus.fuelPower"
      ],
      "warnings": [
        null,
        null,
        null,
        null,
        null
      ]
    },
    "model": "AixLib.Systems.ScalableGenerationModules.ScalableBoiler.Examples.ScalableBoilerHeatingCurve",
    "simulation": {
      "elapsed_time": 0.0844,
      "final_time": 84000,
      "jacobians": 520,
      "start_time": 0,
      "state_events": 10,
      "success": true
    }
  },
  {
    "comparison": {
      "file_name": "AixLib.Systems.ModularAHU.Validation.AHU2_Cooler.mat",
      "funnel_dirs": [
        "funnel_comp/AixLib.Systems.ModularAHU.Validation.AHU2_Cooler.mat_registerModule.registerBus.TAirInMea",
        "funnel_comp/AixLib.Systems.ModularAHU.Validation.AHU2_Cooler.mat_registerModule.registerBus.TAirOutMea",
        "funnel_comp/AixLib.Systems.ModularAHU.Validation.AHU2_Cooler.mat_combiTimeTable.y[6]",
        "funnel_comp/AixLib.Systems.ModularAHU.Validation.AHU2_Cooler.mat_combiTimeTable.y[5]",
        "funnel_comp/AixLib.Systems.ModularAHU.Validation.AHU2_Cooler.mat_combiTimeTable.y[3]",
        "funnel_comp/AixLib.Systems.ModularAHU.Validation.AHU2_Cooler.mat_combiTimeTable.y[4]",
        "funnel_comp/AixLib.Systems.ModularAHU.Validation.AHU2_Cooler.mat_registerModule.registerBus.hydraulicBus.TFwrdOutMea",
        "funnel_comp/AixLib.Systems.ModularAHU.Validation.AHU2_Cooler.mat_registerModule.registerBus.hydraulicBus.TRtrnInMea",
        "funnel_comp/AixLib.Systems.ModularAHU.Validation.AHU2_Cooler.mat_combiTimeTable.y[9]",
        "funnel_comp/AixLib.Systems.ModularAHU.Validation.AHU2_Cooler.mat_combiTimeTable.y[8]",
        "funnel_comp/AixLib.Systems.ModularAHU.Validation.AHU2_Cooler.mat_Simulation_VF_in_m3h.y",
        "funnel_comp/AixLib.Systems.ModularAHU.Validation.AHU2_Cooler.mat_Simulation_VF_out_m3h.y"
      ],
      "success_rate": 1.0,
      "t_err_max": [
        0.0,
        0.0,
        0.0,
        0.0,
        0.0,
        0.0,
        0.0,
        0.0,
        0.0,
        0.0,
        0.0,
        0.0
      ],
      "test_passed": [
        1,
        1,
        1,
        1,
        1,
        1,
        1,
        1,
        1,
        1,
        1,
        1
      ],
      "var_groups": [
        0,
        0,
        0,
        0,
        1,
        1,
        1,
        1,
        2,
        2,
        2,
        2
      ],
      "variables": [
        "registerModule.registerBus.TAirInMea",
        "registerModule.registerBus.TAirOutMea",
        "combiTimeTable.y[6]",
        "combiTimeTable.y[5]",
        "combiTimeTable.y[3]",
        "combiTimeTable.y[4]",
        "registerModule.registerBus.hydraulicBus.TFwrdOutMea",
        "registerModule.registerBus.hydraulicBus.TRtrnInMea",
        "combiTimeTable.y[9]",
        "combiTimeTable.y[8]",
        "Simulation_VF_in_m3h.y",
        "Simulation_VF_out_m3h.y"
      ],
      "warnings": [
        null,
        null,
        null,
        null,
        null,
        null,
        null,
        null,
        null,
        null,
        null,
        null
      ]
    },
    "model": "AixLib.Systems.ModularAHU.Validation.AHU2_Cooler",
    "simulation": {
      "elapsed_time": 4.87,
      "final_time": 2700,
      "jacobians": 11739,
      "start_time": 0,
      "state_events": 0,
      "success": true
    }
  }
]
