[
  {
    "comparison": {
      "file_name": "AixLib.Utilities.Time.Examples.ModelTime.mat",
      "funnel_dirs": [
        "funnel_comp/AixLib.Utilities.Time.Examples.ModelTime.mat_modTim.y"
      ],
      "success_rate": 1.0,
      "t_err_max": [
        -1.0
      ],
      "test_passed": [
        1
      ],
      "var_groups": [
        0
      ],
      "variables": [
        "modTim.y"
      ],
      "warnings": [
        null
      ]
    },
    "model": "AixLib.Utilities.Time.Examples.ModelTime",
    "simulation": {
      "elapsed_time": 0.00572896,
      "final_time": 1,
      "jacobians": 1,
      "start_time": -1,
      "state_events": 0,
      "success": true
    }
  },
  {
    "comparison": {
      "file_name": "AixLib.Utilities.Psychrometrics.Functions.BaseClasses.Examples.DewPointTemperatureDerivativeCheck.mat",
      "funnel_dirs": [
        "funnel_comp/AixLib.Utilities.Psychrometrics.Functions.BaseClasses.Examples.DewPointTemperatureDerivativeCheck.mat_y",
        "funnel_comp/AixLib.Utilities.Psychrometrics.Functions.BaseClasses.Examples.DewPointTemperatureDerivativeCheck.mat_y_comp"
      ],
      "success_rate": 1.0,
      "t_err_max": [
        -1.0,
        -1.0
      ],
      "test_passed": [
        1,
        1
      ],
      "var_groups": [
        0,
        0
      ],
      "variables": [
        "y",
        "y_comp"
      ],
      "warnings": [
        null,
        null
      ]
    },
    "model": "AixLib.Utilities.Psychrometrics.Functions.BaseClasses.Examples.DewPointTemperatureDerivativeCheck",
    "simulation": {
      "elapsed_time": 0.014555,
      "final_time": 1,
      "jacobians": 5,
      "start_time": -1,
      "state_events": 0,
      "success": true
    }
  },
  {
    "comparison": {
      "file_name": "AixLib.Utilities.Psychrometrics.Examples.SublimationPressureIce.mat",
      "funnel_dirs": [
        "funnel_comp/AixLib.Utilities.Psychrometrics.Examples.SublimationPressureIce.mat_pSat.pSat"
      ],
      "success_rate": 1.0,
      "t_err_max": [
        0.0
      ],
      "test_passed": [
        1
      ],
      "var_groups": [
        0
      ],
      "variables": [
        "pSat.pSat"
      ],
      "warnings": [
        null
      ]
    },
    "model": "AixLib.Utilities.Psychrometrics.Examples.SublimationPressureIce",
    "simulation": {
      "elapsed_time": 0.00584483,
      "final_time": 1,
      "jacobians": 1,
      "start_time": 0,
      "state_events": 0,
      "success": true
    }
  },
  {
    "comparison": {
      "file_name": "AixLib.Utilities.Math.Examples.SmoothBlocks.mat",
      "funnel_dirs": [
        "funnel_comp/AixLib.Utilities.Math.Examples.SmoothBlocks.mat_smoMax.u1",
        "funnel_comp/AixLib.Utilities.Math.Examples.SmoothBlocks.mat_smoMax.u2",
        "funnel_comp/AixLib.Utilities.Math.Examples.SmoothBlocks.mat_smoMax.y",
        "funnel_comp/AixLib.Utilities.Math.Examples.SmoothBlocks.mat_max.y",
        "funnel_comp/AixLib.Utilities.Math.Examples.SmoothBlocks.mat_smoMax.y",
        "funnel_comp/AixLib.Utilities.Math.Examples.SmoothBlocks.mat_max.y",
        "funnel_comp/AixLib.Utilities.Math.Examples.SmoothBlocks.mat_smoMin.y",
        "funnel_comp/AixLib.Utilities.Math.Examples.SmoothBlocks.mat_Min.y"
      ],
      "success_rate": 1.0,
      "t_err_max": [
        0.0,
        0.0,
        0.0,
        0.0,
        0.0,
        0.0,
        0.0,
        0.0
      ],
      "test_passed": [
        1,
        1,
        1,
        1,
        1,
        1,
        1,
        1
      ],
      "var_groups": [
        0,
        0,
        0,
        0,
        1,
        1,
        2,
        2
      ],
      "variables": [
        "smoMax.u1",
        "smoMax.u2",
        "smoMax.y",
        "max.y",
        "smoMax.y",
        "max.y",
        "smoMin.y",
        "Min.y"
      ],
      "warnings": [
        null,
        null,
        null,
        null,
        null,
        null,
        null,
        null
      ]
    },
    "model": "AixLib.Utilities.Math.Examples.SmoothBlocks",
    "simulation": {
      "elapsed_time": 0.00507903,
      "final_time": 1,
      "jacobians": 1,
      "start_time": 0,
      "state_events": 0,
      "success": true
    }
  },
  {
    "comparison": {
      "file_name": "AixLib.Utilities.Psychrometrics.Functions.Examples.X_pSatpphi.mat",
      "funnel_dirs": [
        "funnel_comp/AixLib.Utilities.Psychrometrics.Functions.Examples.X_pSatpphi.mat_phi",
        "funnel_comp/AixLib.Utilities.Psychrometrics.Functions.Examples.X_pSatpphi.mat_X_w"
      ],
      "success_rate": 1.0,
      "t_err_max": [
        0.0,
        0.0
      ],
      "test_passed": [
        1,
        1
      ],
      "var_groups": [
        0,
        1
      ],
      "variables": [
        "phi",
        "X_w"
      ],
      "warnings": [
        null,
        null
      ]
    },
    "model": "AixLib.Utilities.Psychrometrics.Functions.Examples.X_pSatpphi",
    "simulation": {
      "elapsed_time": 0.00517488,
      "final_time": 1,
      "jacobians": 1,
      "start_time": 0,
      "state_events": 0,
      "success": true
    }
  },
  {
    "comparison": {
      "file_name": "AixLib.Utilities.Math.Functions.Examples.InverseXRegularized.mat",
      "funnel_dirs": [
        "funnel_comp/AixLib.Utilities.Math.Functions.Examples.InverseXRegularized.mat_y",
        "funnel_comp/AixLib.Utilities.Math.Functions.Examples.InverseXRegularized.mat_xInv",
        "funnel_comp/AixLib.Utilities.Math.Functions.Examples.InverseXRegularized.mat_y",
        "funnel_comp/AixLib.Utilities.Math.Functions.Examples.InverseXRegularized.mat_dy_dt",
        "funnel_comp/AixLib.Utilities.Math.Functions.Examples.InverseXRegularized.mat_d2y_dt2"
      ],
      "success_rate": 1.0,
      "t_err_max": [
        0.0,
        0.0,
        0.0,
        0.0,
        0.0
      ],
      "test_passed": [
        1,
        1,
        1,
        1,
        1
      ],
      "var_groups": [
        0,
        0,
        1,
        2,
        3
      ],
      "variables": [
        "y",
        "xInv",
        "y",
        "dy_dt",
        "d2y_dt2"
      ],
      "warnings": [
        null,
        null,
        null,
        null,
        null
      ]
    },
    "model": "AixLib.Utilities.Math.Functions.Examples.InverseXRegularized",
    "simulation": {
      "elapsed_time": 0.00580907,
      "final_time": 1,
      "jacobians": 3,
      "start_time": 0,
      "state_events": 2,
      "success": true
    }
  },
  {
    "comparison": {
      "file_name": "AixLib.Utilities.Math.Examples.SmoothExponential.mat",
      "funnel_dirs": [
        "funnel_comp/AixLib.Utilities.Math.Examples.SmoothExponential.mat_smoothExponential.y"
      ],
      "success_rate": 1.0,
      "t_err_max": [
        0.0
      ],
      "test_passed": [
        1
      ],
      "var_groups": [
        0
      ],
      "variables": [
        "smoothExponential.y"
      ],
      "warnings": [
        null
      ]
    },
    "model": "AixLib.Utilities.Math.Examples.SmoothExponential",
    "simulation": {
      "elapsed_time": 0.00452399,
      "final_time": 1,
      "jacobians": 1,
      "start_time": 0,
      "state_events": 0,
      "success": true
    }
  },
  {
    "comparison": {
      "file_name": "AixLib.Utilities.Time.Validation.CalendarTimeMonthsPlus.mat",
      "funnel_dirs": [
        "funnel_comp/AixLib.Utilities.Time.Validation.CalendarTimeMonthsPlus.mat_calTim.year",
        "funnel_comp/AixLib.Utilities.Time.Validation.CalendarTimeMonthsPlus.mat_calTim.month",
        "funnel_comp/AixLib.Utilities.Time.Validation.CalendarTimeMonthsPlus.mat_calTim.day",
        "funnel_comp/AixLib.Utilities.Time.Validation.CalendarTimeMonthsPlus.mat_calTim.weekDay",
        "funnel_comp/AixLib.Utilities.Time.Validation.CalendarTimeMonthsPlus.mat_calTim.hour",
        "funnel_comp/AixLib.Utilities.Time.Validation.CalendarTimeMonthsPlus.mat_calTim.minute"
      ],
      "success_rate": 1.0,
      "t_err_max": [
        172801.0,
        172801.0,
        172801.0,
        172801.0,
        172801.0,
        172801.0
      ],
      "test_passed": [
        1,
        1,
        1,
        1,
        1,
        1
      ],
      "var_groups": [
        0,
        1,
        2,
        3,
        4,
        5
      ],
      "variables": [
        "calTim.year",
        "calTim.month",
        "calTim.day",
        "calTim.weekDay",
        "calTim.hour",
        "calTim.minute"
      ],
      "warnings": [
        null,
        null,
        null,
        null,
        null,
        null
      ]
    },
    "model": "AixLib.Utilities.Time.Validation.CalendarTimeMonthsPlus",
    "simulation": {
      "elapsed_time": 0.00880003,
      "final_time": 345601,
      "jacobians": 49,
      "start_time": 172801,
      "state_events": 0,
      "success": true
    }
  },
  {
    "comparison": {
      "file_name": "AixLib.Utilities.Math.Functions.Examples.Binomial.mat",
      "funnel_dirs": [
        "funnel_comp/AixLib.Utilities.Math.Functions.Examples.Binomial.mat_bin[1]",
        "funnel_comp/AixLib.Utilities.Math.Functions.Examples.Binomial.mat_bin[2]",
        "funnel_comp/AixLib.Utilities.Math.Functions.Examples.Binomial.mat_bin[3]",
        "funnel_comp/AixLib.Utilities.Math.Functions.Examples.Binomial.mat_bin[4]",
        "funnel_comp/AixLib.Utilities.Math.Functions.Examples.Binomial.mat_bin[5]",
        "funnel_comp/AixLib.Utilities.Math.Functions.Examples.Binomial.mat_bin[6]",
        "funnel_comp/AixLib.Utilities.Math.Functions.Examples.Binomial.mat_bin[7]",
        "funnel_comp/AixLib.Utilities.Math.Functions.Examples.Binomial.mat_bin[8]",
        "funnel_comp/AixLib.Utilities.Math.Functions.Examples.Binomial.mat_bin[9]",
        "funnel_comp/AixLib.Utilities.Math.Functions.Examples.Binomial.mat_bin[10]"
      ],
      "success_rate": 1.0,
      "t_err_max": [
        0.0,
        0.0,
        0.0,
        0.0,
        0.0,
        0.0,
        0.0,
        0.0,
        0.0,
        0.0
      ],
      "test_passed": [
        1,
        1,
        1,
        1,
        1,
        1,
        1,
        1,
        1,
        1
      ],
      "var_groups": [
        0,
        0,
        0,
        0,
        0,
        0,
        0,
        0,
        0,
        0
      ],
      "variables": [
        "bin[1]",
        "bin[2]",
        "bin[3]",
        "bin[4]",
        "bin[5]",
        "bin[6]",
        "bin[7]",
        "bin[8]",
        "bin[9]",
        "bin[10]"
      ],
      "warnings": [
        null,
        null,
        null,
        null,
        null,
        null,
        null,
        null,
        null,
        null
      ]
    },
    "model": "AixLib.Utilities.Math.Functions.Examples.Binomial",
    "simulation": {
      "elapsed_time": 0.0134809,
      "final_time": 15.9,
      "jacobians": 16,
      "start_time": 0,
      "state_events": 0,
      "success": true
    }
  },
  {
    "comparison": {
      "file_name": "AixLib.Utilities.Psychrometrics.Functions.Examples.pW_TDewPoi.mat",
      "funnel_dirs": [
        "funnel_comp/AixLib.Utilities.Psychrometrics.Functions.Examples.pW_TDewPoi.mat_T",
        "funnel_comp/AixLib.Utilities.Psychrometrics.Functions.Examples.pW_TDewPoi.mat_TInv",
        "funnel_comp/AixLib.Utilities.Psychrometrics.Functions.Examples.pW_TDewPoi.mat_p_w",
        "funnel_comp/AixLib.Utilities.Psychrometrics.Functions.Examples.pW_TDewPoi.mat_dT"
      ],
      "success_rate": 1.0,
      "t_err_max": [
        0.0,
        0.0,
        0.0,
        0.0
      ],
      "test_passed": [
        1,
        1,
        1,
        1
      ],
      "var_groups": [
        0,
        0,
        1,
        2
      ],
      "variables": [
        "T",
        "TInv",
        "p_w",
        "dT"
      ],
      "warnings": [
        null,
        null,
        null,
        null
      ]
    },
    "model": "AixLib.Utilities.Psychrometrics.Functions.Examples.pW_TDewPoi",
    "simulation": {
      "elapsed_time": 0.00634217,
      "final_time": 1,
      "jacobians": 1,
      "start_time": 0,
      "state_events": 0,
      "success": true
    }
  },
  {
    "comparison": {
      "file_name": "AixLib.Utilities.Psychrometrics.Examples.TotalAirDryAir.mat",
      "funnel_dirs": [
        "funnel_comp/AixLib.Utilities.Psychrometrics.Examples.TotalAirDryAir.mat_toTotalAir.XiTotalAir",
        "funnel_comp/AixLib.Utilities.Psychrometrics.Examples.TotalAirDryAir.mat_toTotalAir.XiDry",
        "funnel_comp/AixLib.Utilities.Psychrometrics.Examples.TotalAirDryAir.mat_toTotalAir.XNonVapor",
        "funnel_comp/AixLib.Utilities.Psychrometrics.Examples.TotalAirDryAir.mat_toDryAir.XiTotalAir",
        "funnel_comp/AixLib.Utilities.Psychrometrics.Examples.TotalAirDryAir.mat_toDryAir.XiDry"
      ],
      "success_rate": 1.0,
      "t_err_max": [
        0.0,
        0.0,
        0.0,
        0.0,
        0.0
      ],
      "test_passed": [
        1,
        1,
        1,
        1,
        1
      ],
      "var_groups": [
        0,
        0,
        0,
        0,
        0
      ],
      "variables": [
        "toTotalAir.XiTotalAir",
        "toTotalAir.XiDry",
        "toTotalAir.XNonVapor",
        "toDryAir.XiTotalAir",
        "toDryAir.XiDry"
      ],
      "warnings": [
        null,
        null,
        null,
        null,
        null
      ]
    },
    "model": "AixLib.Utilities.Psychrometrics.Examples.TotalAirDryAir",
    "simulation": {
      "elapsed_time": 0.00630307,
      "final_time": 1,
      "jacobians": 1,
      "start_time": 0,
      "state_events": 0,
      "success": true
    }
  },
  {
    "comparison": {
      "file_name": "AixLib.Utilities.Math.Functions.Examples.InverseXDerivative_2_Check.mat",
      "funnel_dirs": [
        "funnel_comp/AixLib.Utilities.Math.Functions.Examples.InverseXDerivative_2_Check.mat_y",
        "funnel_comp/AixLib.Utilities.Math.Functions.Examples.InverseXDerivative_2_Check.mat_y_comp",
        "funnel_comp/AixLib.Utilities.Math.Functions.Examples.InverseXDerivative_2_Check.mat_der_y",
        "funnel_comp/AixLib.Utilities.Math.Functions.Examples.InverseXDerivative_2_Check.mat_der_y_comp",
        "funnel_comp/AixLib.Utilities.Math.Functions.Examples.InverseXDerivative_2_Check.mat_der_err",
        "funnel_comp/AixLib.Utilities.Math.Functions.Examples.InverseXDerivative_2_Check.mat_err"
      ],
      "success_rate": 1.0,
      "t_err_max": [
        -1.5,
        -1.5,
        -1.5,
        -1.5,
        -1.5,
        -1.5
      ],
      "test_passed": [
        1,
        1,
        1,
        1,
        1,
        1
      ],
      "var_groups": [
        0,
        0,
        1,
        1,
        2,
        2
      ],
      "variables": [
        "y",
        "y_comp",
        "der_y",
        "der_y_comp",
        "der_err",
        "err"
      ],
      "warnings": [
        null,
        null,
        null,
        null,
        null,
        null
      ]
    },
    "model": "AixLib.Utilities.Math.Functions.Examples.InverseXDerivative_2_Check",
    "simulation": {
      "elapsed_time": 0.00871301,
      "final_time": 1.5,
      "jacobians": 11,
      "start_time": -1.5,
      "state_events": 0,
      "success": true
    }
  },
  {
    "comparison": {
      "file_name": "AixLib.Utilities.Math.Examples.SmoothMin.mat",
      "funnel_dirs": [
        "funnel_comp/AixLib.Utilities.Math.Examples.SmoothMin.mat_smoLim[2].y",
        "funnel_comp/AixLib.Utilities.Math.Examples.SmoothMin.mat_smoLim[1].y"
      ],
      "success_rate": 1.0,
      "t_err_max": [
        0.0,
        0.0
      ],
      "test_passed": [
        1,
        1
      ],
      "var_groups": [
        0,
        0
      ],
      "variables": [
        "smoLim[2].y",
        "smoLim[1].y"
      ],
      "warnings": [
        null,
        null
      ]
    },
    "model": "AixLib.Utilities.Math.Examples.SmoothMin",
    "simulation": {
      "elapsed_time": 0.00630617,
      "final_time": 1,
      "jacobians": 1,
      "start_time": 0,
      "state_events": 0,
      "success": true
    }
  },
  {
    "comparison": {
      "file_name": "AixLib.Utilities.IO.Files.Examples.CSVWriter.mat",
      "funnel_dirs": [
        null,
        null
      ],
      "success_rate": 0.0,
      "t_err_max": [
        0,
        0
      ],
      "test_passed": [
        0,
        0
      ],
      "var_groups": [
        0,
        0
      ],
      "variables": [
        "cos.y",
        "step.y"
      ],
      "warnings": [
        "Translation, simulation or extracting simulation results failed. IOError while reading /tmp/tmp-AixLib-0-y5jb8x5p/AixLib/AixLib.Utilities.IO.Files.Examples.CSVWriter.mat generated by Utilities/IO/Files/Examples/CSVWriter.mos.\nFile /tmp/tmp-AixLib-0-y5jb8x5p/AixLib/AixLib.Utilities.IO.Files.Examples.CSVWriter.mat does not exist.\n",
        ""
      ]
    },
    "model": "AixLib.Utilities.IO.Files.Examples.CSVWriter",
    "simulation": {
      "elapsed_time": 0,
      "final_time": 10,
      "jacobians": 0,
      "start_time": -1.21,
      "state_events": 0,
      "success": false
    }
  },
  {
    "comparison": {
      "file_name": "AixLib.Utilities.Math.Examples.InverseXRegularized.mat",
      "funnel_dirs": [
        "funnel_comp/AixLib.Utilities.Math.Examples.InverseXRegularized.mat_inverseXRegularized.y"
      ],
      "success_rate": 1.0,
      "t_err_max": [
        0.0
      ],
      "test_passed": [
        1
      ],
      "var_groups": [
        0
      ],
      "variables": [
        "inverseXRegularized.y"
      ],
      "warnings": [
        null
      ]
    },
    "model": "AixLib.Utilities.Math.Examples.InverseXRegularized",
    "simulation": {
      "elapsed_time": 0.00770402,
      "final_time": 1,
      "jacobians": 1,
      "start_time": 0,
      "state_events": 0,
      "success": true
    }
  },
  {
    "comparison": {
      "file_name": "AixLib.Utilities.Math.Functions.Examples.InverseXDerivativeCheck.mat",
      "funnel_dirs": [
        "funnel_comp/AixLib.Utilities.Math.Functions.Examples.InverseXDerivativeCheck.mat_y_comp",
        "funnel_comp/AixLib.Utilities.Math.Functions.Examples.InverseXDerivativeCheck.mat_y"
      ],
      "success_rate": 1.0,
      "t_err_max": [
        -1.0,
        -1.0
      ],
      "test_passed": [
        1,
        1
      ],
      "var_groups": [
        0,
        0
      ],
      "variables": [
        "y_comp",
        "y"
      ],
      "warnings": [
        null,
        null
      ]
    },
    "model": "AixLib.Utilities.Math.Functions.Examples.InverseXDerivativeCheck",
    "simulation": {
      "elapsed_time": 0.00567389,
      "final_time": 1,
      "jacobians": 7,
      "start_time": -1,
      "state_events": 0,
      "success": true
    }
  },
  {
    "comparison": {
      "file_name": "AixLib.Utilities.Math.Functions.Examples.BesselJ0.mat",
      "funnel_dirs": [
        "funnel_comp/AixLib.Utilities.Math.Functions.Examples.BesselJ0.mat_J0"
      ],
      "success_rate": 1.0,
      "t_err_max": [
        0.0
      ],
      "test_passed": [
        1
      ],
      "var_groups": [
        0
      ],
      "variables": [
        "J0"
      ],
      "warnings": [
        null
      ]
    },
    "model": "AixLib.Utilities.Math.Functions.Examples.BesselJ0",
    "simulation": {
      "elapsed_time": 0.013005,
      "final_time": 30,
      "jacobians": 1,
      "start_time": 0,
      "state_events": 0,
      "success": true
    }
  },
  {
    "comparison": {
      "file_name": "AixLib.Utilities.Math.Examples.PowerLinearized.mat",
      "funnel_dirs": [
        "funnel_comp/AixLib.Utilities.Math.Examples.PowerLinearized.mat_powerLinearized.y"
      ],
      "success_rate": 1.0,
      "t_err_max": [
        0.0
      ],
      "test_passed": [
        1
      ],
      "var_groups": [
        0
      ],
      "variables": [
        "powerLinearized.y"
      ],
      "warnings": [
        null
      ]
    },
    "model": "AixLib.Utilities.Math.Examples.PowerLinearized",
    "simulation": {
      "elapsed_time": 0.00574899,
      "final_time": 1,
      "jacobians": 1,
      "start_time": 0,
      "state_events": 0,
      "success": true
    }
  },
  {
    "comparison": {
      "file_name": "AixLib.Utilities.Math.Examples.QuadraticLinear.mat",
      "funnel_dirs": [
        "funnel_comp/AixLib.Utilities.Math.Examples.QuadraticLinear.mat_quadraticLinear.y"
      ],
      "success_rate": 1.0,
      "t_err_max": [
        0.0
      ],
      "test_passed": [
        1
      ],
      "var_groups": [
        0
      ],
      "variables": [
        "quadraticLinear.y"
      ],
      "warnings": [
        null
      ]
    },
    "model": "AixLib.Utilities.Math.Examples.QuadraticLinear",
    "simulation": {
      "elapsed_time": 0.00482297,
      "final_time": 1,
      "jacobians": 1,
      "start_time": 0,
      "state_events": 0,
      "success": true
    }
  },
  {
    "comparison": {
      "file_name": "AixLib.Utilities.Diagnostics.Validation.CheckEquality.mat",
      "funnel_dirs": [
        "funnel_comp/AixLib.Utilities.Diagnostics.Validation.CheckEquality.mat_cheEqu.y",
        "funnel_comp/AixLib.Utilities.Diagnostics.Validation.CheckEquality.mat_cheEqu.u1",
        "funnel_comp/AixLib.Utilities.Diagnostics.Validation.CheckEquality.mat_cheEqu.u2"
      ],
      "success_rate": 1.0,
      "t_err_max": [
        0.0,
        0.0,
        0.0
      ],
      "test_passed": [
        1,
        1,
        1
      ],
      "var_groups": [
        0,
        1,
        1
      ],
      "variables": [
        "cheEqu.y",
        "cheEqu.u1",
        "cheEqu.u2"
      ],
      "warnings": [
        null,
        null,
        null
      ]
    },
    "model": "AixLib.Utilities.Diagnostics.Validation.CheckEquality",
    "simulation": {
      "elapsed_time": 0.00959301,
      "final_time": 1,
      "jacobians": 1,
      "start_time": 0,
      "state_events": 0,
      "success": true
    }
  },
  {
    "comparison": {
      "file_name": "AixLib.Utilities.Math.Functions.Examples.BesselY1.mat",
      "funnel_dirs": [
        "funnel_comp/AixLib.Utilities.Math.Functions.Examples.BesselY1.mat_Y1"
      ],
      "success_rate": 1.0,
      "t_err_max": [
        0.1
      ],
      "test_passed": [
        1
      ],
      "var_groups": [
        0
      ],
      "variables": [
        "Y1"
      ],
      "warnings": [
        null
      ]
    },
    "model": "AixLib.Utilities.Math.Functions.Examples.BesselY1",
    "simulation": {
      "elapsed_time": 0.00921106,
      "final_time": 30,
      "jacobians": 1,
      "start_time": 0.1,
      "state_events": 0,
      "success": true
    }
  },
  {
    "comparison": {
      "file_name": "AixLib.Utilities.Math.Examples.Factorial.mat",
      "funnel_dirs": [
        "funnel_comp/AixLib.Utilities.Math.Examples.Factorial.mat_fac.y"
      ],
      "success_rate": 1.0,
      "t_err_max": [
        0.0
      ],
      "test_passed": [
        1
      ],
      "var_groups": [
        0
      ],
      "variables": [
        "fac.y"
      ],
      "warnings": [
        null
      ]
    },
    "model": "AixLib.Utilities.Math.Examples.Factorial",
    "simulation": {
      "elapsed_time": 0.00961709,
      "final_time": 13,
      "jacobians": 16,
      "start_time": 0,
      "state_events": 13,
      "success": true
    }
  },
  {
    "comparison": {
      "file_name": "AixLib.Utilities.Math.Functions.Examples.IsMonotonic.mat",
      "funnel_dirs": [
        "funnel_comp/AixLib.Utilities.Math.Functions.Examples.IsMonotonic.mat_x_incStrict[1]",
        "funnel_comp/AixLib.Utilities.Math.Functions.Examples.IsMonotonic.mat_x_incStrict[2]",
        "funnel_comp/AixLib.Utilities.Math.Functions.Examples.IsMonotonic.mat_x_incStrict[3]",
        "funnel_comp/AixLib.Utilities.Math.Functions.Examples.IsMonotonic.mat_x_notMon[1]",
        "funnel_comp/AixLib.Utilities.Math.Functions.Examples.IsMonotonic.mat_x_notMon[2]",
        "funnel_comp/AixLib.Utilities.Math.Functions.Examples.IsMonotonic.mat_x_notMon[3]",
        "funnel_comp/AixLib.Utilities.Math.Functions.Examples.IsMonotonic.mat_x_incWeak[1]",
        "funnel_comp/AixLib.Utilities.Math.Functions.Examples.IsMonotonic.mat_x_incWeak[2]",
        "funnel_comp/AixLib.Utilities.Math.Functions.Examples.IsMonotonic.mat_x_incWeak[3]",
        "funnel_comp/AixLib.Utilities.Math.Functions.Examples.IsMonotonic.mat_x_incWeak[4]",
        "funnel_comp/AixLib.Utilities.Math.Functions.Examples.IsMonotonic.mat_x_notWeak[1]",
        "funnel_comp/AixLib.Utilities.Math.Functions.Examples.IsMonotonic.mat_x_notWeak[2]",
        "funnel_comp/AixLib.Utilities.Math.Functions.Examples.IsMonotonic.mat_x_notWeak[3]",
        "funnel_comp/AixLib.Utilities.Math.Functions.Examples.IsMonotonic.mat_x_notWeak[4]",
        "funnel_comp/AixLib.Utilities.Math.Functions.Examples.IsMonotonic.mat_x_decStrict[1]",
        "funnel_comp/AixLib.Utilities.Math.Functions.Examples.IsMonotonic.mat_x_decStrict[2]",
        "funnel_comp/AixLib.Utilities.Math.Functions.Examples.IsMonotonic.mat_x_decStrict[3]",
        "funnel_comp/AixLib.Utilities.Math.Functions.Examples.IsMonotonic.mat_x_decWeak[1]",
        "funnel_comp/AixLib.Utilities.Math.Functions.Examples.IsMonotonic.mat_x_decWeak[2]",
        "funnel_comp/AixLib.Utilities.Math.Functions.Examples.IsMonotonic.mat_x_decWeak[3]",
        "funnel_comp/AixLib.Utilities.Math.Functions.Examples.IsMonotonic.mat_x_decWeak[4]"
      ],
      "success_rate": 1.0,
      "t_err_max": [
        0.0,
        0.0,
        0.0,
        0.0,
        0.0,
        0.0,
        0.0,
        0.0,
        0.0,
        0.0,
        0.0,
        0.0,
        0.0,
        0.0,
        0.0,
        0.0,
        0.0,
        0.0,
        0.0,
        0.0,
        0.0
      ],
      "test_passed": [
        1,
        1,
        1,
        1,
        1,
        1,
        1,
        1,
        1,
        1,
        1,
        1,
        1,
        1,
        1,
        1,
        1,
        1,
        1,
        1,
        1
      ],
      "var_groups": [
        0,
        0,
        0,
        0,
        0,
        0,
        0,
        0,
        0,
        0,
        0,
        0,
        0,
        0,
        0,
        0,
        0,
        0,
        0,
        0,
        0
      ],
      "variables": [
        "x_incStrict[1]",
        "x_incStrict[2]",
        "x_incStrict[3]",
        "x_notMon[1]",
        "x_notMon[2]",
        "x_notMon[3]",
        "x_incWeak[1]",
        "x_incWeak[2]",
        "x_incWeak[3]",
        "x_incWeak[4]",
        "x_notWeak[1]",
        "x_notWeak[2]",
        "x_notWeak[3]",
        "x_notWeak[4]",
        "x_decStrict[1]",
        "x_decStrict[2]",
        "x_decStrict[3]",
        "x_decWeak[1]",
        "x_decWeak[2]",
        "x_decWeak[3]",
        "x_decWeak[4]"
      ],
      "warnings": [
        null,
        null,
        null,
        null,
        null,
        null,
        null,
        null,
        null,
        null,
        null,
        null,
        null,
        null,
        null,
        null,
        null,
        null,
        null,
        null,
        null
      ]
    },
    "model": "AixLib.Utilities.Math.Functions.Examples.IsMonotonic",
    "simulation": {
      "elapsed_time": 0.00530195,
      "final_time": 1,
      "jacobians": 1,
      "start_time": 0,
      "state_events": 0,
      "success": true
    }
  },
  {
    "comparison": {
      "file_name": "AixLib.Utilities.Time.Validation.CalendarTimeMonthsMinus.mat",
      "funnel_dirs": [
        "funnel_comp/AixLib.Utilities.Time.Validation.CalendarTimeMonthsMinus.mat_calTim.year",
        "funnel_comp/AixLib.Utilities.Time.Validation.CalendarTimeMonthsMinus.mat_calTim.month",
        "funnel_comp/AixLib.Utilities.Time.Validation.CalendarTimeMonthsMinus.mat_calTim.day",
        "funnel_comp/AixLib.Utilities.Time.Validation.CalendarTimeMonthsMinus.mat_calTim.weekDay",
        "funnel_comp/AixLib.Utilities.Time.Validation.CalendarTimeMonthsMinus.mat_calTim.hour",
        "funnel_comp/AixLib.Utilities.Time.Validation.CalendarTimeMonthsMinus.mat_calTim.minute"
      ],
      "success_rate": 1.0,
      "t_err_max": [
        172799.0,
        172799.0,
        172799.0,
        172799.0,
        172799.0,
        172799.0
      ],
      "test_passed": [
        1,
        1,
        1,
        1,
        1,
        1
      ],
      "var_groups": [
        0,
        1,
        2,
        3,
        4,
        5
      ],
      "variables": [
        "calTim.year",
        "calTim.month",
        "calTim.day",
        "calTim.weekDay",
        "calTim.hour",
        "calTim.minute"
      ],
      "warnings": [
        null,
        null,
        null,
        null,
        null,
        null
      ]
    },
    "model": "AixLib.Utilities.Time.Validation.CalendarTimeMonthsMinus",
    "simulation": {
      "elapsed_time": 0.00793815,
      "final_time": 345599,
      "jacobians": 49,
      "start_time": 172799,
      "state_events": 0,
      "success": true
    }
  },
  {
    "comparison": {
      "file_name": "AixLib.Utilities.Psychrometrics.Functions.Examples.pW_X.mat",
      "funnel_dirs": [
        "funnel_comp/AixLib.Utilities.Psychrometrics.Functions.Examples.pW_X.mat_X",
        "funnel_comp/AixLib.Utilities.Psychrometrics.Functions.Examples.pW_X.mat_XInv",
        "funnel_comp/AixLib.Utilities.Psychrometrics.Functions.Examples.pW_X.mat_p_w",
        "funnel_comp/AixLib.Utilities.Psychrometrics.Functions.Examples.pW_X.mat_dX"
      ],
      "success_rate": 1.0,
      "t_err_max": [
        0.0,
        0.0,
        0.0,
        0.0
      ],
      "test_passed": [
        1,
        1,
        1,
        1
      ],
      "var_groups": [
        0,
        0,
        1,
        2
      ],
      "variables": [
        "X",
        "XInv",
        "p_w",
        "dX"
      ],
      "warnings": [
        null,
        null,
        null,
        null
      ]
    },
    "model": "AixLib.Utilities.Psychrometrics.Functions.Examples.pW_X",
    "simulation": {
      "elapsed_time": 0.0128748,
      "final_time": 1,
      "jacobians": 1,
      "start_time": 0,
      "state_events": 0,
      "success": true
    }
  },
  {
    "comparison": {
      "file_name": "AixLib.Utilities.Math.Examples.Splice.mat",
      "funnel_dirs": [
        "funnel_comp/AixLib.Utilities.Math.Examples.Splice.mat_splice.x",
        "funnel_comp/AixLib.Utilities.Math.Examples.Splice.mat_splice.y"
      ],
      "success_rate": 1.0,
      "t_err_max": [
        0.0,
        0.0
      ],
      "test_passed": [
        1,
        1
      ],
      "var_groups": [
        0,
        0
      ],
      "variables": [
        "splice.x",
        "splice.y"
      ],
      "warnings": [
        null,
        null
      ]
    },
    "model": "AixLib.Utilities.Math.Examples.Splice",
    "simulation": {
      "elapsed_time": 0.021395,
      "final_time": 2,
      "jacobians": 1,
      "start_time": 0,
      "state_events": 0,
      "success": true
    }
  },
  {
    "comparison": {
      "file_name": "AixLib.Utilities.Math.Functions.Examples.BesselJ1.mat",
      "funnel_dirs": [
        "funnel_comp/AixLib.Utilities.Math.Functions.Examples.BesselJ1.mat_J1"
      ],
      "success_rate": 1.0,
      "t_err_max": [
        0.0
      ],
      "test_passed": [
        1
      ],
      "var_groups": [
        0
      ],
      "variables": [
        "J1"
      ],
      "warnings": [
        null
      ]
    },
    "model": "AixLib.Utilities.Math.Functions.Examples.BesselJ1",
    "simulation": {
      "elapsed_time": 0.00713587,
      "final_time": 30,
      "jacobians": 1,
      "start_time": 0,
      "state_events": 0,
      "success": true
    }
  },
  {
    "comparison": {
      "file_name": "AixLib.Utilities.Math.Examples.ExponentialIntegralE1.mat",
      "funnel_dirs": [
        "funnel_comp/AixLib.Utilities.Math.Examples.ExponentialIntegralE1.mat_E1.y"
      ],
      "success_rate": 1.0,
      "t_err_max": [
        0.01
      ],
      "test_passed": [
        1
      ],
      "var_groups": [
        0
      ],
      "variables": [
        "E1.y"
      ],
      "warnings": [
        null
      ]
    },
    "model": "AixLib.Utilities.Math.Examples.ExponentialIntegralE1",
    "simulation": {
      "elapsed_time": 0.00628901,
      "final_time": 3,
      "jacobians": 1,
      "start_time": 0.01,
      "state_events": 0,
      "success": true
    }
  },
  {
    "comparison": {
      "file_name": "AixLib.Utilities.Math.Functions.Examples.Factorial.mat",
      "funnel_dirs": [
        "funnel_comp/AixLib.Utilities.Math.Functions.Examples.Factorial.mat_fac"
      ],
      "success_rate": 1.0,
      "t_err_max": [
        0.0
      ],
      "test_passed": [
        1
      ],
      "var_groups": [
        0
      ],
      "variables": [
        "fac"
      ],
      "warnings": [
        null
      ]
    },
    "model": "AixLib.Utilities.Math.Functions.Examples.Factorial",
    "simulation": {
      "elapsed_time": 0.017153,
      "final_time": 12.9,
      "jacobians": 13,
      "start_time": 0,
      "state_events": 0,
      "success": true
    }
  },
  {
    "comparison": {
      "file_name": "AixLib.Utilities.Math.Examples.Polynomial.mat",
      "funnel_dirs": [
        "funnel_comp/AixLib.Utilities.Math.Examples.Polynomial.mat_polynominal.y"
      ],
      "success_rate": 1.0,
      "t_err_max": [
        0.0
      ],
      "test_passed": [
        1
      ],
      "var_groups": [
        0
      ],
      "variables": [
        "polynominal.y"
      ],
      "warnings": [
        null
      ]
    },
    "model": "AixLib.Utilities.Math.Examples.Polynomial",
    "simulation": {
      "elapsed_time": 0.00496101,
      "final_time": 1,
      "jacobians": 1,
      "start_time": 0,
      "state_events": 0,
      "success": true
    }
  },
  {
    "comparison": {
      "file_name": "AixLib.Utilities.Math.Examples.FallingFactorial.mat",
      "funnel_dirs": [
        "funnel_comp/AixLib.Utilities.Math.Examples.FallingFactorial.mat_falFac.y"
      ],
      "success_rate": 1.0,
      "t_err_max": [
        0.0
      ],
      "test_passed": [
        1
      ],
      "var_groups": [
        0
      ],
      "variables": [
        "falFac.y"
      ],
      "warnings": [
        null
      ]
    },
    "model": "AixLib.Utilities.Math.Examples.FallingFactorial",
    "simulation": {
      "elapsed_time": 0.00535703,
      "final_time": 11,
      "jacobians": 14,
      "start_time": 0,
      "state_events": 11,
      "success": true
    }
  },
  {
    "comparison": {
      "file_name": "AixLib.Utilities.Math.Functions.Examples.RegNonZeroPowerDerivative_2_Check.mat",
      "funnel_dirs": [
        "funnel_comp/AixLib.Utilities.Math.Functions.Examples.RegNonZeroPowerDerivative_2_Check.mat_x",
        "funnel_comp/AixLib.Utilities.Math.Functions.Examples.RegNonZeroPowerDerivative_2_Check.mat_y",
        "funnel_comp/AixLib.Utilities.Math.Functions.Examples.RegNonZeroPowerDerivative_2_Check.mat_der(x)",
        "funnel_comp/AixLib.Utilities.Math.Functions.Examples.RegNonZeroPowerDerivative_2_Check.mat_der(y)"
      ],
      "success_rate": 1.0,
      "t_err_max": [
        -1.0,
        -1.0,
        -1.0,
        -1.0
      ],
      "test_passed": [
        1,
        1,
        1,
        1
      ],
      "var_groups": [
        0,
        0,
        1,
        1
      ],
      "variables": [
        "x",
        "y",
        "der(x)",
        "der(y)"
      ],
      "warnings": [
        null,
        null,
        null,
        null
      ]
    },
    "model": "AixLib.Utilities.Math.Functions.Examples.RegNonZeroPowerDerivative_2_Check",
    "simulation": {
      "elapsed_time": 0.046119,
      "final_time": 1,
      "jacobians": 5,
      "start_time": -1,
      "state_events": 0,
      "success": true
    }
  },
  {
    "comparison": {
      "file_name": "AixLib.Utilities.Psychrometrics.Examples.DewPointTemperature.mat",
      "funnel_dirs": [
        "funnel_comp/AixLib.Utilities.Psychrometrics.Examples.DewPointTemperature.mat_humRat.p",
        "funnel_comp/AixLib.Utilities.Psychrometrics.Examples.DewPointTemperature.mat_humRat.p_w",
        "funnel_comp/AixLib.Utilities.Psychrometrics.Examples.DewPointTemperature.mat_humRat.X_w",
        "funnel_comp/AixLib.Utilities.Psychrometrics.Examples.DewPointTemperature.mat_TDewPoi.T"
      ],
      "success_rate": 1.0,
      "t_err_max": [
        0.0,
        0.0,
        0.0,
        0.0
      ],
      "test_passed": [
        1,
        1,
        1,
        1
      ],
      "var_groups": [
        0,
        1,
        2,
        3
      ],
      "variables": [
        "humRat.p",
        "humRat.p_w",
        "humRat.X_w",
        "TDewPoi.T"
      ],
      "warnings": [
        null,
        null,
        null,
        null
      ]
    },
    "model": "AixLib.Utilities.Psychrometrics.Examples.DewPointTemperature",
    "simulation": {
      "elapsed_time": 0.0422082,
      "final_time": 1,
      "jacobians": 1,
      "start_time": 0,
      "state_events": 0,
      "success": true
    }
  },
  {
    "comparison": {
      "file_name": "AixLib.Utilities.Math.Examples.MovingAverage.mat",
      "funnel_dirs": [
        "funnel_comp/AixLib.Utilities.Math.Examples.MovingAverage.mat_movingAverage.u",
        "funnel_comp/AixLib.Utilities.Math.Examples.MovingAverage.mat_movingAverage.y"
      ],
      "success_rate": 1.0,
      "t_err_max": [
        0.0,
        0.0
      ],
      "test_passed": [
        1,
        1
      ],
      "var_groups": [
        0,
        0
      ],
      "variables": [
        "movingAverage.u",
        "movingAverage.y"
      ],
      "warnings": [
        null,
        null
      ]
    },
    "model": "AixLib.Utilities.Math.Examples.MovingAverage",
    "simulation": {
      "elapsed_time": 0.00648499,
      "final_time": 50,
      "jacobians": 10,
      "start_time": 0,
      "state_events": 4,
      "success": true
    }
  },
  {
    "comparison": {
      "file_name": "AixLib.Utilities.Psychrometrics.Functions.Examples.pW_TDewPoi_comparison.mat",
      "funnel_dirs": [
        "funnel_comp/AixLib.Utilities.Psychrometrics.Functions.Examples.pW_TDewPoi_comparison.mat_p_w",
        "funnel_comp/AixLib.Utilities.Psychrometrics.Functions.Examples.pW_TDewPoi_comparison.mat_p_w_ashrae",
        "funnel_comp/AixLib.Utilities.Psychrometrics.Functions.Examples.pW_TDewPoi_comparison.mat_r_p"
      ],
      "success_rate": 1.0,
      "t_err_max": [
        0.0,
        0.0,
        0.0
      ],
      "test_passed": [
        1,
        1,
        1
      ],
      "var_groups": [
        0,
        0,
        1
      ],
      "variables": [
        "p_w",
        "p_w_ashrae",
        "r_p"
      ],
      "warnings": [
        null,
        null,
        null
      ]
    },
    "model": "AixLib.Utilities.Psychrometrics.Functions.Examples.pW_TDewPoi_comparison",
    "simulation": {
      "elapsed_time": 0.00538611,
      "final_time": 1,
      "jacobians": 1,
      "start_time": 0,
      "state_events": 0,
      "success": true
    }
  },
  {
    "comparison": {
      "file_name": "AixLib.Utilities.Psychrometrics.Examples.SaturationPressure.mat",
      "funnel_dirs": [
        "funnel_comp/AixLib.Utilities.Psychrometrics.Examples.SaturationPressure.mat_pSat.pSat"
      ],
      "success_rate": 1.0,
      "t_err_max": [
        0.0
      ],
      "test_passed": [
        1
      ],
      "var_groups": [
        0
      ],
      "variables": [
        "pSat.pSat"
      ],
      "warnings": [
        null
      ]
    },
    "model": "AixLib.Utilities.Psychrometrics.Examples.SaturationPressure",
    "simulation": {
      "elapsed_time": 0.00538397,
      "final_time": 1,
      "jacobians": 1,
      "start_time": 0,
      "state_events": 0,
      "success": true
    }
  },
  {
    "comparison": {
      "file_name": "AixLib.Utilities.Psychrometrics.Examples.TWetBul_TDryBulPhi.mat",
      "funnel_dirs": [
        "funnel_comp/AixLib.Utilities.Psychrometrics.Examples.TWetBul_TDryBulPhi.mat_wetBulPhi.TWetBul",
        "funnel_comp/AixLib.Utilities.Psychrometrics.Examples.TWetBul_TDryBulPhi.mat_wetBulPhiApp.TWetBul"
      ],
      "success_rate": 1.0,
      "t_err_max": [
        0.0,
        0.0
      ],
      "test_passed": [
        1,
        1
      ],
      "var_groups": [
        0,
        0
      ],
      "variables": [
        "wetBulPhi.TWetBul",
        "wetBulPhiApp.TWetBul"
      ],
      "warnings": [
        null,
        null
      ]
    },
    "model": "AixLib.Utilities.Psychrometrics.Examples.TWetBul_TDryBulPhi",
    "simulation": {
      "elapsed_time": 0.00775099,
      "final_time": 1,
      "jacobians": 3,
      "start_time": 0,
      "state_events": 2,
      "success": true
    }
  },
  {
    "comparison": {
      "file_name": "AixLib.Utilities.Math.Examples.IntegerReplicator.mat",
      "funnel_dirs": [
        "funnel_comp/AixLib.Utilities.Math.Examples.IntegerReplicator.mat_intRep.u",
        "funnel_comp/AixLib.Utilities.Math.Examples.IntegerReplicator.mat_intRep.y[2]",
        "funnel_comp/AixLib.Utilities.Math.Examples.IntegerReplicator.mat_intRep.y[1]"
      ],
      "success_rate": 1.0,
      "t_err_max": [
        0.0,
        0.0,
        0.0
      ],
      "test_passed": [
        1,
        1,
        1
      ],
      "var_groups": [
        0,
        1,
        2
      ],
      "variables": [
        "intRep.u",
        "intRep.y[2]",
        "intRep.y[1]"
      ],
      "warnings": [
        null,
        null,
        null
      ]
    },
    "model": "AixLib.Utilities.Math.Examples.IntegerReplicator",
    "simulation": {
      "elapsed_time": 0.00544,
      "final_time": 2,
      "jacobians": 3,
      "start_time": 0,
      "state_events": 0,
      "success": true
    }
  },
  {
    "comparison": {
      "file_name": "AixLib.Utilities.Math.Functions.Examples.SmoothExponentialDerivativeCheck.mat",
      "funnel_dirs": [
        "funnel_comp/AixLib.Utilities.Math.Functions.Examples.SmoothExponentialDerivativeCheck.mat_y_comp",
        "funnel_comp/AixLib.Utilities.Math.Functions.Examples.SmoothExponentialDerivativeCheck.mat_y",
        "funnel_comp/AixLib.Utilities.Math.Functions.Examples.SmoothExponentialDerivativeCheck.mat_ex",
        "funnel_comp/AixLib.Utilities.Math.Functions.Examples.SmoothExponentialDerivativeCheck.mat_der(y_comp)",
        "funnel_comp/AixLib.Utilities.Math.Functions.Examples.SmoothExponentialDerivativeCheck.mat_der(y)"
      ],
      "success_rate": 1.0,
      "t_err_max": [
        -1.0,
        -1.0,
        -1.0,
        -1.0,
        -1.0
      ],
      "test_passed": [
        1,
        1,
        1,
        1,
        1
      ],
      "var_groups": [
        0,
        0,
        0,
        1,
        1
      ],
      "variables": [
        "y_comp",
        "y",
        "ex",
        "der(y_comp)",
        "der(y)"
      ],
      "warnings": [
        null,
        null,
        null,
        null,
        null
      ]
    },
    "model": "AixLib.Utilities.Math.Functions.Examples.SmoothExponentialDerivativeCheck",
    "simulation": {
      "elapsed_time": 0.011483,
      "final_time": 1,
      "jacobians": 6,
      "start_time": -1,
      "state_events": 0,
      "success": true
    }
  },
  {
    "comparison": {
      "file_name": "AixLib.Utilities.Math.Functions.Examples.RegNonZeroPower.mat",
      "funnel_dirs": [
        "funnel_comp/AixLib.Utilities.Math.Functions.Examples.RegNonZeroPower.mat_y"
      ],
      "success_rate": 1.0,
      "t_err_max": [
        -1.0
      ],
      "test_passed": [
        1
      ],
      "var_groups": [
        0
      ],
      "variables": [
        "y"
      ],
      "warnings": [
        null
      ]
    },
    "model": "AixLib.Utilities.Math.Functions.Examples.RegNonZeroPower",
    "simulation": {
      "elapsed_time": 0.00481987,
      "final_time": 1,
      "jacobians": 1,
      "start_time": -1,
      "state_events": 0,
      "success": true
    }
  },
  {
    "comparison": {
      "file_name": "AixLib.Utilities.Sensors.Examples.ExergyMeters.mat",
      "funnel_dirs": [
        null,
        null
      ],
      "success_rate": 0.0,
      "t_err_max": [
        0,
        0
      ],
      "test_passed": [
        0,
        0
      ],
      "var_groups": [
        0,
        0
      ],
      "variables": [
        "calcExergyDestructionLoss_1.y",
        "calcExergyDestructionLoss_2.y"
      ],
      "warnings": [
        "Translation, simulation or extracting simulation results failed. IOError while reading /tmp/tmp-AixLib-1-pfaja1he/AixLib/AixLib.Utilities.Sensors.Examples.ExergyMeters.mat generated by Utilities/Sensors/Examples/ExergyMeters.mos.\nFile /tmp/tmp-AixLib-1-pfaja1he/AixLib/AixLib.Utilities.Sensors.Examples.ExergyMeters.mat does not exist.\n",
        ""
      ]
    },
    "model": "AixLib.Utilities.Sensors.Examples.ExergyMeters",
    "simulation": {
      "elapsed_time": 0,
      "final_time": 7200,
      "jacobians": 0,
      "start_time": 0,
      "state_events": 0,
      "success": false
    }
  },
  {
    "comparison": {
      "file_name": "AixLib.Utilities.Math.Examples.IntegratorWithReset.mat",
      "funnel_dirs": [
        "funnel_comp/AixLib.Utilities.Math.Examples.IntegratorWithReset.mat_cons.y",
        "funnel_comp/AixLib.Utilities.Math.Examples.IntegratorWithReset.mat_booleanPulse.y",
        "funnel_comp/AixLib.Utilities.Math.Examples.IntegratorWithReset.mat_intWitRes1.y_start",
        "funnel_comp/AixLib.Utilities.Math.Examples.IntegratorWithReset.mat_intWitRes1.y_reset",
        "funnel_comp/AixLib.Utilities.Math.Examples.IntegratorWithReset.mat_intWitRes1.y",
        "funnel_comp/AixLib.Utilities.Math.Examples.IntegratorWithReset.mat_intWitRes2.y_start",
        "funnel_comp/AixLib.Utilities.Math.Examples.IntegratorWithReset.mat_intWitRes2.y",
        "funnel_comp/AixLib.Utilities.Math.Examples.IntegratorWithReset.mat_intWitRes2.y_reset_in",
        "funnel_comp/AixLib.Utilities.Math.Examples.IntegratorWithReset.mat_intNoReset.y_start",
        "funnel_comp/AixLib.Utilities.Math.Examples.IntegratorWithReset.mat_intNoReset.y",
        "funnel_comp/AixLib.Utilities.Math.Examples.IntegratorWithReset.mat_intDef.y_start",
        "funnel_comp/AixLib.Utilities.Math.Examples.IntegratorWithReset.mat_intDef.y"
      ],
      "success_rate": 1.0,
      "t_err_max": [
        0.0,
        0.0,
        0.0,
        0.0,
        0.0,
        0.0,
        0.0,
        0.0,
        0.0,
        0.0,
        0.0,
        0.0
      ],
      "test_passed": [
        1,
        1,
        1,
        1,
        1,
        1,
        1,
        1,
        1,
        1,
        1,
        1
      ],
      "var_groups": [
        0,
        1,
        2,
        2,
        2,
        3,
        3,
        3,
        4,
        4,
        5,
        5
      ],
      "variables": [
        "cons.y",
        "booleanPulse.y",
        "intWitRes1.y_start",
        "intWitRes1.y_reset",
        "intWitRes1.y",
        "intWitRes2.y_start",
        "intWitRes2.y",
        "intWitRes2.y_reset_in",
        "intNoReset.y_start",
        "intNoReset.y",
        "intDef.y_start",
        "intDef.y"
      ],
      "warnings": [
        null,
        null,
        null,
        null,
        null,
        null,
        null,
        null,
        null,
        null,
        null,
        null
      ]
    },
    "model": "AixLib.Utilities.Math.Examples.IntegratorWithReset",
    "simulation": {
      "elapsed_time": 0.0422909,
      "final_time": 1,
      "jacobians": 10,
      "start_time": 0,
      "state_events": 0,
      "success": true
    }
  },
  {
    "comparison": {
      "file_name": "AixLib.Utilities.Psychrometrics.Functions.BaseClasses.Examples.WaterVaporPressureDerivativeCheck.mat",
      "funnel_dirs": [
        "funnel_comp/AixLib.Utilities.Psychrometrics.Functions.BaseClasses.Examples.WaterVaporPressureDerivativeCheck.mat_y",
        "funnel_comp/AixLib.Utilities.Psychrometrics.Functions.BaseClasses.Examples.WaterVaporPressureDerivativeCheck.mat_y_comp"
      ],
      "success_rate": 1.0,
      "t_err_max": [
        -1.0,
        -1.0
      ],
      "test_passed": [
        1,
        1
      ],
      "var_groups": [
        0,
        0
      ],
      "variables": [
        "y",
        "y_comp"
      ],
      "warnings": [
        null,
        null
      ]
    },
    "model": "AixLib.Utilities.Psychrometrics.Functions.BaseClasses.Examples.WaterVaporPressureDerivativeCheck",
    "simulation": {
      "elapsed_time": 0.00605297,
      "final_time": 1,
      "jacobians": 3,
      "start_time": -1,
      "state_events": 0,
      "success": true
    }
  },
  {
    "comparison": {
      "file_name": "AixLib.Utilities.IO.Files.Examples.JSONWriter.mat",
      "funnel_dirs": [
        null,
        null,
        null
      ],
      "success_rate": 0.0,
      "t_err_max": [
        0,
        0,
        0
      ],
      "test_passed": [
        0,
        0,
        0
      ],
      "var_groups": [
        0,
        0,
        0
      ],
      "variables": [
        "ramp.startTime",
        "const.y",
        "cosine.y"
      ],
      "warnings": [
        "Translation, simulation or extracting simulation results failed. IOError while reading /tmp/tmp-AixLib-1-pfaja1he/AixLib/AixLib.Utilities.IO.Files.Examples.JSONWriter.mat generated by Utilities/IO/Files/Examples/JSONWriter.mos.\nFile /tmp/tmp-AixLib-1-pfaja1he/AixLib/AixLib.Utilities.IO.Files.Examples.JSONWriter.mat does not exist.\n",
        "",
        ""
      ]
    },
    "model": "AixLib.Utilities.IO.Files.Examples.JSONWriter",
    "simulation": {
      "elapsed_time": 0,
      "final_time": 2,
      "jacobians": 0,
      "start_time": 0,
      "state_events": 0,
      "success": false
    }
  },
  {
    "comparison": {
      "file_name": "AixLib.Utilities.Math.Examples.BesselY1.mat",
      "funnel_dirs": [
        "funnel_comp/AixLib.Utilities.Math.Examples.BesselY1.mat_Y1.y"
      ],
      "success_rate": 1.0,
      "t_err_max": [
        0.1
      ],
      "test_passed": [
        1
      ],
      "var_groups": [
        0
      ],
      "variables": [
        "Y1.y"
      ],
      "warnings": [
        null
      ]
    },
    "model": "AixLib.Utilities.Math.Examples.BesselY1",
    "simulation": {
      "elapsed_time": 0.0132198,
      "final_time": 30,
      "jacobians": 1,
      "start_time": 0.1,
      "state_events": 0,
      "success": true
    }
  },
  {
    "comparison": {
      "file_name": "AixLib.Utilities.Psychrometrics.Functions.BaseClasses.Examples.InverseDewPointTemperatureDerivativeCheck_amb.mat",
      "funnel_dirs": [
        "funnel_comp/AixLib.Utilities.Psychrometrics.Functions.BaseClasses.Examples.InverseDewPointTemperatureDerivativeCheck_amb.mat_y",
        "funnel_comp/AixLib.Utilities.Psychrometrics.Functions.BaseClasses.Examples.InverseDewPointTemperatureDerivativeCheck_amb.mat_y_comp"
      ],
      "success_rate": 1.0,
      "t_err_max": [
        -1.0,
        -1.0
      ],
      "test_passed": [
        1,
        1
      ],
      "var_groups": [
        0,
        0
      ],
      "variables": [
        "y",
        "y_comp"
      ],
      "warnings": [
        null,
        null
      ]
    },
    "model": "AixLib.Utilities.Psychrometrics.Functions.BaseClasses.Examples.InverseDewPointTemperatureDerivativeCheck_amb",
    "simulation": {
      "elapsed_time": 0.00736094,
      "final_time": 1,
      "jacobians": 4,
      "start_time": -1,
      "state_events": 0,
      "success": true
    }
  },
  {
    "comparison": {
      "file_name": "AixLib.Utilities.Math.Examples.RegNonZeroPower.mat",
      "funnel_dirs": [
        "funnel_comp/AixLib.Utilities.Math.Examples.RegNonZeroPower.mat_regNonZeroPower.y"
      ],
      "success_rate": 1.0,
      "t_err_max": [
        0.0
      ],
      "test_passed": [
        1
      ],
      "var_groups": [
        0
      ],
      "variables": [
        "regNonZeroPower.y"
      ],
      "warnings": [
        null
      ]
    },
    "model": "AixLib.Utilities.Math.Examples.RegNonZeroPower",
    "simulation": {
      "elapsed_time": 0.0491922,
      "final_time": 1,
      "jacobians": 1,
      "start_time": 0,
      "state_events": 0,
      "success": true
    }
  },
  {
    "comparison": {
      "file_name": "AixLib.Utilities.Psychrometrics.Examples.Phi_pTX.mat",
      "funnel_dirs": [
        "funnel_comp/AixLib.Utilities.Psychrometrics.Examples.Phi_pTX.mat_phi.phi"
      ],
      "success_rate": 1.0,
      "t_err_max": [
        0.0
      ],
      "test_passed": [
        1
      ],
      "var_groups": [
        0
      ],
      "variables": [
        "phi.phi"
      ],
      "warnings": [
        null
      ]
    },
    "model": "AixLib.Utilities.Psychrometrics.Examples.Phi_pTX",
    "simulation": {
      "elapsed_time": 0.00794101,
      "final_time": 1,
      "jacobians": 2,
      "start_time": 0,
      "state_events": 0,
      "success": true
    }
  },
  {
    "comparison": {
      "file_name": "AixLib.Utilities.Math.Functions.Examples.SmoothHeavisideDerivatives.mat",
      "funnel_dirs": [
        "funnel_comp/AixLib.Utilities.Math.Functions.Examples.SmoothHeavisideDerivatives.mat_y",
        "funnel_comp/AixLib.Utilities.Math.Functions.Examples.SmoothHeavisideDerivatives.mat_der(y)",
        "funnel_comp/AixLib.Utilities.Math.Functions.Examples.SmoothHeavisideDerivatives.mat_der2_y"
      ],
      "success_rate": 1.0,
      "t_err_max": [
        -1.0,
        -1.0,
        -1.0
      ],
      "test_passed": [
        1,
        1,
        1
      ],
      "var_groups": [
        0,
        1,
        2
      ],
      "variables": [
        "y",
        "der(y)",
        "der2_y"
      ],
      "warnings": [
        null,
        null,
        null
      ]
    },
    "model": "AixLib.Utilities.Math.Functions.Examples.SmoothHeavisideDerivatives",
    "simulation": {
      "elapsed_time": 0.00500417,
      "final_time": 1,
      "jacobians": 1,
      "start_time": -1,
      "state_events": 0,
      "success": true
    }
  },
  {
    "comparison": {
      "file_name": "AixLib.Utilities.IO.Files.Examples.CSVReader.mat",
      "funnel_dirs": [
        "funnel_comp/AixLib.Utilities.IO.Files.Examples.CSVReader.mat_combiTimeTable.y[1]",
        "funnel_comp/AixLib.Utilities.IO.Files.Examples.CSVReader.mat_combiTimeTable.y[2]",
        "funnel_comp/AixLib.Utilities.IO.Files.Examples.CSVReader.mat_cos.y",
        "funnel_comp/AixLib.Utilities.IO.Files.Examples.CSVReader.mat_step.y"
      ],
      "success_rate": 1.0,
      "t_err_max": [
        -1.21,
        -1.21,
        -1.21,
        -1.21
      ],
      "test_passed": [
        1,
        1,
        1,
        1
      ],
      "var_groups": [
        0,
        0,
        0,
        0
      ],
      "variables": [
        "combiTimeTable.y[1]",
        "combiTimeTable.y[2]",
        "cos.y",
        "step.y"
      ],
      "warnings": [
        null,
        null,
        null,
        null
      ]
    },
    "model": "AixLib.Utilities.IO.Files.Examples.CSVReader",
    "simulation": {
      "elapsed_time": 0.00649405,
      "final_time": 10,
      "jacobians": 36,
      "start_time": -1.21,
      "state_events": 0,
      "success": true
    }
  },
  {
    "comparison": {
      "file_name": "AixLib.Utilities.Math.Functions.Examples.RegNonZeroPowerDerivativeCheck.mat",
      "funnel_dirs": [
        "funnel_comp/AixLib.Utilities.Math.Functions.Examples.RegNonZeroPowerDerivativeCheck.mat_x",
        "funnel_comp/AixLib.Utilities.Math.Functions.Examples.RegNonZeroPowerDerivativeCheck.mat_y",
        "funnel_comp/AixLib.Utilities.Math.Functions.Examples.RegNonZeroPowerDerivativeCheck.mat_der(x)",
        "funnel_comp/AixLib.Utilities.Math.Functions.Examples.RegNonZeroPowerDerivativeCheck.mat_der(y)"
      ],
      "success_rate": 1.0,
      "t_err_max": [
        -1.0,
        -1.0,
        -1.0,
        -1.0
      ],
      "test_passed": [
        1,
        1,
        1,
        1
      ],
      "var_groups": [
        0,
        0,
        1,
        1
      ],
      "variables": [
        "x",
        "y",
        "der(x)",
        "der(y)"
      ],
      "warnings": [
        null,
        null,
        null,
        null
      ]
    },
    "model": "AixLib.Utilities.Math.Functions.Examples.RegNonZeroPowerDerivativeCheck",
    "simulation": {
      "elapsed_time": 0.00597501,
      "final_time": 1,
      "jacobians": 4,
      "start_time": -1,
      "state_events": 0,
      "success": true
    }
  },
  {
    "comparison": {
      "file_name": "AixLib.Utilities.Psychrometrics.Examples.SaturationPressureLiquid.mat",
      "funnel_dirs": [
        "funnel_comp/AixLib.Utilities.Psychrometrics.Examples.SaturationPressureLiquid.mat_pSat.pSat"
      ],
      "success_rate": 1.0,
      "t_err_max": [
        0.0
      ],
      "test_passed": [
        1
      ],
      "var_groups": [
        0
      ],
      "variables": [
        "pSat.pSat"
      ],
      "warnings": [
        null
      ]
    },
    "model": "AixLib.Utilities.Psychrometrics.Examples.SaturationPressureLiquid",
    "simulation": {
      "elapsed_time": 0.00495887,
      "final_time": 1,
      "jacobians": 1,
      "start_time": 0,
      "state_events": 0,
      "success": true
    }
  },
  {
    "comparison": {
      "file_name": "AixLib.Utilities.Math.Functions.Examples.CubicHermite.mat",
      "funnel_dirs": [
        "funnel_comp/AixLib.Utilities.Math.Functions.Examples.CubicHermite.mat_y",
        "funnel_comp/AixLib.Utilities.Math.Functions.Examples.CubicHermite.mat_yMonotone"
      ],
      "success_rate": 1.0,
      "t_err_max": [
        0.0,
        0.0
      ],
      "test_passed": [
        1,
        1
      ],
      "var_groups": [
        0,
        0
      ],
      "variables": [
        "y",
        "yMonotone"
      ],
      "warnings": [
        null,
        null
      ]
    },
    "model": "AixLib.Utilities.Math.Functions.Examples.CubicHermite",
    "simulation": {
      "elapsed_time": 0.027,
      "final_time": 1,
      "jacobians": 71,
      "start_time": 0,
      "state_events": 3,
      "success": true
    }
  },
  {
    "comparison": {
      "file_name": "AixLib.Utilities.Math.Examples.Binomial.mat",
      "funnel_dirs": [
        "funnel_comp/AixLib.Utilities.Math.Examples.Binomial.mat_bin.y"
      ],
      "success_rate": 1.0,
      "t_err_max": [
        0.0
      ],
      "test_passed": [
        1
      ],
      "var_groups": [
        0
      ],
      "variables": [
        "bin.y"
      ],
      "warnings": [
        null
      ]
    },
    "model": "AixLib.Utilities.Math.Examples.Binomial",
    "simulation": {
      "elapsed_time": 0.00563407,
      "final_time": 11,
      "jacobians": 14,
      "start_time": 0,
      "state_events": 11,
      "success": true
    }
  },
  {
    "comparison": {
      "file_name": "AixLib.Utilities.Psychrometrics.Examples.Density_pTX.mat",
      "funnel_dirs": [
        "funnel_comp/AixLib.Utilities.Psychrometrics.Examples.Density_pTX.mat_den.d"
      ],
      "success_rate": 1.0,
      "t_err_max": [
        0.0
      ],
      "test_passed": [
        1
      ],
      "var_groups": [
        0
      ],
      "variables": [
        "den.d"
      ],
      "warnings": [
        null
      ]
    },
    "model": "AixLib.Utilities.Psychrometrics.Examples.Density_pTX",
    "simulation": {
      "elapsed_time": 0.00501895,
      "final_time": 1,
      "jacobians": 2,
      "start_time": 0,
      "state_events": 0,
      "success": true
    }
  },
  {
    "comparison": {
      "file_name": "AixLib.Utilities.Math.Examples.SmoothHeaviside.mat",
      "funnel_dirs": [
        "funnel_comp/AixLib.Utilities.Math.Examples.SmoothHeaviside.mat_smoothHeaviside.y"
      ],
      "success_rate": 1.0,
      "t_err_max": [
        0.0
      ],
      "test_passed": [
        1
      ],
      "var_groups": [
        0
      ],
      "variables": [
        "smoothHeaviside.y"
      ],
      "warnings": [
        null
      ]
    },
    "model": "AixLib.Utilities.Math.Examples.SmoothHeaviside",
    "simulation": {
      "elapsed_time": 0.0211339,
      "final_time": 1,
      "jacobians": 1,
      "start_time": 0,
      "state_events": 0,
      "success": true
    }
  },
  {
    "comparison": {
      "file_name": "AixLib.Utilities.IO.SignalExchange.Examples.FirstOrder.mat",
      "funnel_dirs": [
        "funnel_comp/AixLib.Utilities.IO.SignalExchange.Examples.FirstOrder.mat_expMod.oveWriSet_u",
        "funnel_comp/AixLib.Utilities.IO.SignalExchange.Examples.FirstOrder.mat_expMod.oveWriAct_u",
        "funnel_comp/AixLib.Utilities.IO.SignalExchange.Examples.FirstOrder.mat_expMod.rea",
        "funnel_comp/AixLib.Utilities.IO.SignalExchange.Examples.FirstOrder.mat_expMod.oveWriSet_activate",
        "funnel_comp/AixLib.Utilities.IO.SignalExchange.Examples.FirstOrder.mat_expMod.oveWriAct_activate"
      ],
      "success_rate": 1.0,
      "t_err_max": [
        0.0,
        0.0,
        0.0,
        0.0,
        0.0
      ],
      "test_passed": [
        1,
        1,
        1,
        1,
        1
      ],
      "var_groups": [
        0,
        0,
        0,
        1,
        1
      ],
      "variables": [
        "expMod.oveWriSet_u",
        "expMod.oveWriAct_u",
        "expMod.rea",
        "expMod.oveWriSet_activate",
        "expMod.oveWriAct_activate"
      ],
      "warnings": [
        null,
        null,
        null,
        null,
        null
      ]
    },
    "model": "AixLib.Utilities.IO.SignalExchange.Examples.FirstOrder",
    "simulation": {
      "elapsed_time": 0.00621986,
      "final_time": 150,
      "jacobians": 9,
      "start_time": 0,
      "state_events": 1,
      "success": true
    }
  },
  {
    "comparison": {
      "file_name": "AixLib.Utilities.Math.Examples.Average.mat",
      "funnel_dirs": [
        "funnel_comp/AixLib.Utilities.Math.Examples.Average.mat_average.y"
      ],
      "success_rate": 1.0,
      "t_err_max": [
        0.0
      ],
      "test_passed": [
        1
      ],
      "var_groups": [
        0
      ],
      "variables": [
        "average.y"
      ],
      "warnings": [
        null
      ]
    },
    "model": "AixLib.Utilities.Math.Examples.Average",
    "simulation": {
      "elapsed_time": 0.00472999,
      "final_time": 1,
      "jacobians": 1,
      "start_time": 0,
      "state_events": 0,
      "success": true
    }
  },
  {
    "comparison": {
      "file_name": "AixLib.Utilities.Math.Functions.Examples.BesselY0.mat",
      "funnel_dirs": [
        "funnel_comp/AixLib.Utilities.Math.Functions.Examples.BesselY0.mat_Y0"
      ],
      "success_rate": 1.0,
      "t_err_max": [
        0.1
      ],
      "test_passed": [
        1
      ],
      "var_groups": [
        0
      ],
      "variables": [
        "Y0"
      ],
      "warnings": [
        null
      ]
    },
    "model": "AixLib.Utilities.Math.Functions.Examples.BesselY0",
    "simulation": {
      "elapsed_time": 0.0146711,
      "final_time": 30,
      "jacobians": 1,
      "start_time": 0.1,
      "state_events": 0,
      "success": true
    }
  },
  {
    "comparison": {
      "file_name": "AixLib.Utilities.Time.Validation.CalendarTimeMonths.mat",
      "funnel_dirs": [
        "funnel_comp/AixLib.Utilities.Time.Validation.CalendarTimeMonths.mat_calTim.year",
        "funnel_comp/AixLib.Utilities.Time.Validation.CalendarTimeMonths.mat_calTim.month",
        "funnel_comp/AixLib.Utilities.Time.Validation.CalendarTimeMonths.mat_calTim.day",
        "funnel_comp/AixLib.Utilities.Time.Validation.CalendarTimeMonths.mat_calTim.weekDay",
        "funnel_comp/AixLib.Utilities.Time.Validation.CalendarTimeMonths.mat_calTim.hour",
        "funnel_comp/AixLib.Utilities.Time.Validation.CalendarTimeMonths.mat_calTim.minute"
      ],
      "success_rate": 1.0,
      "t_err_max": [
        172800.0,
        172800.0,
        172800.0,
        172800.0,
        172800.0,
        172800.0
      ],
      "test_passed": [
        1,
        1,
        1,
        1,
        1,
        1
      ],
      "var_groups": [
        0,
        1,
        2,
        3,
        4,
        5
      ],
      "variables": [
        "calTim.year",
        "calTim.month",
        "calTim.day",
        "calTim.weekDay",
        "calTim.hour",
        "calTim.minute"
      ],
      "warnings": [
        null,
        null,
        null,
        null,
        null,
        null
      ]
    },
    "model": "AixLib.Utilities.Time.Validation.CalendarTimeMonths",
    "simulation": {
      "elapsed_time": 0.00942397,
      "final_time": 345600,
      "jacobians": 48,
      "start_time": 172800,
      "state_events": 0,
      "success": true
    }
  },
  {
    "comparison": {
      "file_name": "AixLib.Utilities.Math.Functions.Examples.SpliceFunction.mat",
      "funnel_dirs": [
        "funnel_comp/AixLib.Utilities.Math.Functions.Examples.SpliceFunction.mat_y"
      ],
      "success_rate": 1.0,
      "t_err_max": [
        -1.0
      ],
      "test_passed": [
        1
      ],
      "var_groups": [
        0
      ],
      "variables": [
        "y"
      ],
      "warnings": [
        null
      ]
    },
    "model": "AixLib.Utilities.Math.Functions.Examples.SpliceFunction",
    "simulation": {
      "elapsed_time": 0.00473189,
      "final_time": 1,
      "jacobians": 1,
      "start_time": -1,
      "state_events": 0,
      "success": true
    }
  },
  {
    "comparison": {
      "file_name": "AixLib.Utilities.Math.Examples.BooleanReplicator.mat",
      "funnel_dirs": [
        "funnel_comp/AixLib.Utilities.Math.Examples.BooleanReplicator.mat_booRep.u",
        "funnel_comp/AixLib.Utilities.Math.Examples.BooleanReplicator.mat_booRep.y[1]",
        "funnel_comp/AixLib.Utilities.Math.Examples.BooleanReplicator.mat_booRep.y[2]",
        "funnel_comp/AixLib.Utilities.Math.Examples.BooleanReplicator.mat_booRep.y[3]",
        "funnel_comp/AixLib.Utilities.Math.Examples.BooleanReplicator.mat_booRep.y[4]"
      ],
      "success_rate": 1.0,
      "t_err_max": [
        0.0,
        0.0,
        0.0,
        0.0,
        0.0
      ],
      "test_passed": [
        1,
        1,
        1,
        1,
        1
      ],
      "var_groups": [
        0,
        1,
        1,
        1,
        1
      ],
      "variables": [
        "booRep.u",
        "booRep.y[1]",
        "booRep.y[2]",
        "booRep.y[3]",
        "booRep.y[4]"
      ],
      "warnings": [
        null,
        null,
        null,
        null,
        null
      ]
    },
    "model": "AixLib.Utilities.Math.Examples.BooleanReplicator",
    "simulation": {
      "elapsed_time": 0.00562596,
      "final_time": 600,
      "jacobians": 5,
      "start_time": 0,
      "state_events": 0,
      "success": true
    }
  },
  {
    "comparison": {
      "file_name": "AixLib.Utilities.Psychrometrics.Functions.Examples.Density_pTX.mat",
      "funnel_dirs": [
        "funnel_comp/AixLib.Utilities.Psychrometrics.Functions.Examples.Density_pTX.mat_T",
        "funnel_comp/AixLib.Utilities.Psychrometrics.Functions.Examples.Density_pTX.mat_X_w",
        "funnel_comp/AixLib.Utilities.Psychrometrics.Functions.Examples.Density_pTX.mat_d"
      ],
      "success_rate": 1.0,
      "t_err_max": [
        0.0,
        0.0,
        0.0
      ],
      "test_passed": [
        1,
        1,
        1
      ],
      "var_groups": [
        0,
        1,
        2
      ],
      "variables": [
        "T",
        "X_w",
        "d"
      ],
      "warnings": [
        null,
        null,
        null
      ]
    },
    "model": "AixLib.Utilities.Psychrometrics.Functions.Examples.Density_pTX",
    "simulation": {
      "elapsed_time": 0.0158222,
      "final_time": 1,
      "jacobians": 2,
      "start_time": 0,
      "state_events": 0,
      "success": true
    }
  },
  {
    "comparison": {
      "file_name": "AixLib.Utilities.Math.Functions.Examples.FallingFactorial.mat",
      "funnel_dirs": [
        "funnel_comp/AixLib.Utilities.Math.Functions.Examples.FallingFactorial.mat_falFac[1]",
        "funnel_comp/AixLib.Utilities.Math.Functions.Examples.FallingFactorial.mat_falFac[2]",
        "funnel_comp/AixLib.Utilities.Math.Functions.Examples.FallingFactorial.mat_falFac[3]",
        "funnel_comp/AixLib.Utilities.Math.Functions.Examples.FallingFactorial.mat_falFac[4]",
        "funnel_comp/AixLib.Utilities.Math.Functions.Examples.FallingFactorial.mat_falFac[5]",
        "funnel_comp/AixLib.Utilities.Math.Functions.Examples.FallingFactorial.mat_falFac[6]",
        "funnel_comp/AixLib.Utilities.Math.Functions.Examples.FallingFactorial.mat_falFac[7]",
        "funnel_comp/AixLib.Utilities.Math.Functions.Examples.FallingFactorial.mat_falFac[8]",
        "funnel_comp/AixLib.Utilities.Math.Functions.Examples.FallingFactorial.mat_falFac[9]",
        "funnel_comp/AixLib.Utilities.Math.Functions.Examples.FallingFactorial.mat_falFac[10]"
      ],
      "success_rate": 1.0,
      "t_err_max": [
        0.0,
        0.0,
        0.0,
        0.0,
        0.0,
        0.0,
        0.0,
        0.0,
        0.0,
        0.0
      ],
      "test_passed": [
        1,
        1,
        1,
        1,
        1,
        1,
        1,
        1,
        1,
        1
      ],
      "var_groups": [
        0,
        0,
        0,
        0,
        0,
        0,
        0,
        0,
        0,
        0
      ],
      "variables": [
        "falFac[1]",
        "falFac[2]",
        "falFac[3]",
        "falFac[4]",
        "falFac[5]",
        "falFac[6]",
        "falFac[7]",
        "falFac[8]",
        "falFac[9]",
        "falFac[10]"
      ],
      "warnings": [
        null,
        null,
        null,
        null,
        null,
        null,
        null,
        null,
        null,
        null
      ]
    },
    "model": "AixLib.Utilities.Math.Functions.Examples.FallingFactorial",
    "simulation": {
      "elapsed_time": 0.005234,
      "final_time": 13.9,
      "jacobians": 14,
      "start_time": 0,
      "state_events": 0,
      "success": true
    }
  },
  {
    "comparison": {
      "file_name": "AixLib.Utilities.Math.Examples.Bicubic.mat",
      "funnel_dirs": [
        "funnel_comp/AixLib.Utilities.Math.Examples.Bicubic.mat_bicubic.y"
      ],
      "success_rate": 1.0,
      "t_err_max": [
        0.0
      ],
      "test_passed": [
        1
      ],
      "var_groups": [
        0
      ],
      "variables": [
        "bicubic.y"
      ],
      "warnings": [
        null
      ]
    },
    "model": "AixLib.Utilities.Math.Examples.Bicubic",
    "simulation": {
      "elapsed_time": 0.0173609,
      "final_time": 1,
      "jacobians": 1,
      "start_time": 0,
      "state_events": 0,
      "success": true
    }
  },
  {
    "comparison": {
      "file_name": "AixLib.Utilities.Psychrometrics.Functions.Examples.SaturationPressure.mat",
      "funnel_dirs": [
        "funnel_comp/AixLib.Utilities.Psychrometrics.Functions.Examples.SaturationPressure.mat_pSat"
      ],
      "success_rate": 1.0,
      "t_err_max": [
        0.0
      ],
      "test_passed": [
        1
      ],
      "var_groups": [
        0
      ],
      "variables": [
        "pSat"
      ],
      "warnings": [
        null
      ]
    },
    "model": "AixLib.Utilities.Psychrometrics.Functions.Examples.SaturationPressure",
    "simulation": {
      "elapsed_time": 0.0049789,
      "final_time": 1,
      "jacobians": 1,
      "start_time": 0,
      "state_events": 0,
      "success": true
    }
  },
  {
    "comparison": {
      "file_name": "AixLib.Utilities.Math.Functions.Examples.ExponentialIntegralE1.mat",
      "funnel_dirs": [
        "funnel_comp/AixLib.Utilities.Math.Functions.Examples.ExponentialIntegralE1.mat_E1"
      ],
      "success_rate": 1.0,
      "t_err_max": [
        0.01
      ],
      "test_passed": [
        1
      ],
      "var_groups": [
        0
      ],
      "variables": [
        "E1"
      ],
      "warnings": [
        null
      ]
    },
    "model": "AixLib.Utilities.Math.Functions.Examples.ExponentialIntegralE1",
    "simulation": {
      "elapsed_time": 0.024864,
      "final_time": 3,
      "jacobians": 1,
      "start_time": 0.01,
      "state_events": 0,
      "success": true
    }
  },
  {
    "comparison": {
      "file_name": "AixLib.Utilities.Psychrometrics.Functions.Examples.phi_pTX.mat",
      "funnel_dirs": [
        "funnel_comp/AixLib.Utilities.Psychrometrics.Functions.Examples.phi_pTX.mat_T",
        "funnel_comp/AixLib.Utilities.Psychrometrics.Functions.Examples.phi_pTX.mat_X_w",
        "funnel_comp/AixLib.Utilities.Psychrometrics.Functions.Examples.phi_pTX.mat_phi"
      ],
      "success_rate": 1.0,
      "t_err_max": [
        0.0,
        0.0,
        0.0
      ],
      "test_passed": [
        1,
        1,
        1
      ],
      "var_groups": [
        0,
        1,
        2
      ],
      "variables": [
        "T",
        "X_w",
        "phi"
      ],
      "warnings": [
        null,
        null,
        null
      ]
    },
    "model": "AixLib.Utilities.Psychrometrics.Functions.Examples.phi_pTX",
    "simulation": {
      "elapsed_time": 0.00633502,
      "final_time": 1,
      "jacobians": 2,
      "start_time": 0,
      "state_events": 0,
      "success": true
    }
  },
  {
    "comparison": {
      "file_name": "AixLib.Utilities.Psychrometrics.Functions.BaseClasses.Examples.DewPointTemperatureDerivativeCheck_amb.mat",
      "funnel_dirs": [
        "funnel_comp/AixLib.Utilities.Psychrometrics.Functions.BaseClasses.Examples.DewPointTemperatureDerivativeCheck_amb.mat_y",
        "funnel_comp/AixLib.Utilities.Psychrometrics.Functions.BaseClasses.Examples.DewPointTemperatureDerivativeCheck_amb.mat_y_comp"
      ],
      "success_rate": 1.0,
      "t_err_max": [
        -1.0,
        -1.0
      ],
      "test_passed": [
        1,
        1
      ],
      "var_groups": [
        0,
        0
      ],
      "variables": [
        "y",
        "y_comp"
      ],
      "warnings": [
        null,
        null
      ]
    },
    "model": "AixLib.Utilities.Psychrometrics.Functions.BaseClasses.Examples.DewPointTemperatureDerivativeCheck_amb",
    "simulation": {
      "elapsed_time": 0.00563812,
      "final_time": 1,
      "jacobians": 6,
      "start_time": -1,
      "state_events": 0,
      "success": true
    }
  },
  {
    "comparison": {
      "file_name": "AixLib.Utilities.Time.Examples.CalendarTime.mat",
      "funnel_dirs": [
        "funnel_comp/AixLib.Utilities.Time.Examples.CalendarTime.mat_calendarTime2016.year",
        "funnel_comp/AixLib.Utilities.Time.Examples.CalendarTime.mat_calendarTime2016.month",
        "funnel_comp/AixLib.Utilities.Time.Examples.CalendarTime.mat_calendarTime2016.day",
        "funnel_comp/AixLib.Utilities.Time.Examples.CalendarTime.mat_calendarTime2016.hour",
        "funnel_comp/AixLib.Utilities.Time.Examples.CalendarTime.mat_calendarTime2016.minute"
      ],
      "success_rate": 1.0,
      "t_err_max": [
        0.0,
        0.0,
        0.0,
        0.0,
        0.0
      ],
      "test_passed": [
        1,
        1,
        1,
        1,
        1
      ],
      "var_groups": [
        0,
        1,
        2,
        3,
        4
      ],
      "variables": [
        "calendarTime2016.year",
        "calendarTime2016.month",
        "calendarTime2016.day",
        "calendarTime2016.hour",
        "calendarTime2016.minute"
      ],
      "warnings": [
        null,
        null,
        null,
        null,
        null
      ]
    },
    "model": "AixLib.Utilities.Time.Examples.CalendarTime",
    "simulation": {
      "elapsed_time": 2.44206,
      "final_time": 100000000.0,
      "jacobians": 27778,
      "start_time": 0,
      "state_events": 0,
      "success": true
    }
  },
  {
    "comparison": {
      "file_name": "AixLib.Utilities.Psychrometrics.Examples.TWetBul_TDryBulXi.mat",
      "funnel_dirs": [
        "funnel_comp/AixLib.Utilities.Psychrometrics.Examples.TWetBul_TDryBulXi.mat_wetBul.TWetBul",
        "funnel_comp/AixLib.Utilities.Psychrometrics.Examples.TWetBul_TDryBulXi.mat_wetBulApp.TWetBul"
      ],
      "success_rate": 1.0,
      "t_err_max": [
        0.0,
        0.0
      ],
      "test_passed": [
        1,
        1
      ],
      "var_groups": [
        0,
        0
      ],
      "variables": [
        "wetBul.TWetBul",
        "wetBulApp.TWetBul"
      ],
      "warnings": [
        null,
        null
      ]
    },
    "model": "AixLib.Utilities.Psychrometrics.Examples.TWetBul_TDryBulXi",
    "simulation": {
      "elapsed_time": 0.00594616,
      "final_time": 1,
      "jacobians": 1,
      "start_time": 0,
      "state_events": 0,
      "success": true
    }
  },
  {
    "comparison": {
      "file_name": "AixLib.Utilities.Math.Examples.BesselY0.mat",
      "funnel_dirs": [
        "funnel_comp/AixLib.Utilities.Math.Examples.BesselY0.mat_Y0.y"
      ],
      "success_rate": 1.0,
      "t_err_max": [
        0.1
      ],
      "test_passed": [
        1
      ],
      "var_groups": [
        0
      ],
      "variables": [
        "Y0.y"
      ],
      "warnings": [
        null
      ]
    },
    "model": "AixLib.Utilities.Math.Examples.BesselY0",
    "simulation": {
      "elapsed_time": 0.00494504,
      "final_time": 30,
      "jacobians": 1,
      "start_time": 0.1,
      "state_events": 0,
      "success": true
    }
  },
  {
    "comparison": {
      "file_name": "AixLib.Utilities.Math.Functions.Examples.SpliceFunctionDerivativeCheck.mat",
      "funnel_dirs": [
        "funnel_comp/AixLib.Utilities.Math.Functions.Examples.SpliceFunctionDerivativeCheck.mat_x",
        "funnel_comp/AixLib.Utilities.Math.Functions.Examples.SpliceFunctionDerivativeCheck.mat_y",
        "funnel_comp/AixLib.Utilities.Math.Functions.Examples.SpliceFunctionDerivativeCheck.mat_der(x)",
        "funnel_comp/AixLib.Utilities.Math.Functions.Examples.SpliceFunctionDerivativeCheck.mat_der(y)",
        "funnel_comp/AixLib.Utilities.Math.Functions.Examples.SpliceFunctionDerivativeCheck.mat_d2y",
        "funnel_comp/AixLib.Utilities.Math.Functions.Examples.SpliceFunctionDerivativeCheck.mat_d3y"
      ],
      "success_rate": 1.0,
      "t_err_max": [
        -1.0,
        -1.0,
        -1.0,
        -1.0,
        -1.0,
        -1.0
      ],
      "test_passed": [
        1,
        1,
        1,
        1,
        1,
        1
      ],
      "var_groups": [
        0,
        0,
        1,
        1,
        2,
        3
      ],
      "variables": [
        "x",
        "y",
        "der(x)",
        "der(y)",
        "d2y",
        "d3y"
      ],
      "warnings": [
        null,
        null,
        null,
        null,
        null,
        null
      ]
    },
    "model": "AixLib.Utilities.Math.Functions.Examples.SpliceFunctionDerivativeCheck",
    "simulation": {
      "elapsed_time": 0.0142,
      "final_time": 1,
      "jacobians": 4,
      "start_time": -1,
      "state_events": 0,
      "success": true
    }
  },
  {
    "comparison": {
      "file_name": "AixLib.Utilities.Psychrometrics.Functions.BaseClasses.Examples.SaturationPressureDerivativeCheck.mat",
      "funnel_dirs": [
        "funnel_comp/AixLib.Utilities.Psychrometrics.Functions.BaseClasses.Examples.SaturationPressureDerivativeCheck.mat_y",
        "funnel_comp/AixLib.Utilities.Psychrometrics.Functions.BaseClasses.Examples.SaturationPressureDerivativeCheck.mat_y_comp"
      ],
      "success_rate": 1.0,
      "t_err_max": [
        -1.0,
        -1.0
      ],
      "test_passed": [
        1,
        1
      ],
      "var_groups": [
        0,
        0
      ],
      "variables": [
        "y",
        "y_comp"
      ],
      "warnings": [
        null,
        null
      ]
    },
    "model": "AixLib.Utilities.Psychrometrics.Functions.BaseClasses.Examples.SaturationPressureDerivativeCheck",
    "simulation": {
      "elapsed_time": 0.00653601,
      "final_time": 1,
      "jacobians": 11,
      "start_time": -1,
      "state_events": 0,
      "success": true
    }
  },
  {
    "comparison": {
      "file_name": "AixLib.Utilities.Psychrometrics.Examples.MassFraction_pTphi.mat",
      "funnel_dirs": [
        "funnel_comp/AixLib.Utilities.Psychrometrics.Examples.MassFraction_pTphi.mat_masFra1.phi",
        "funnel_comp/AixLib.Utilities.Psychrometrics.Examples.MassFraction_pTphi.mat_masFra1.X[1]",
        "funnel_comp/AixLib.Utilities.Psychrometrics.Examples.MassFraction_pTphi.mat_masFra2.X[1]",
        "funnel_comp/AixLib.Utilities.Psychrometrics.Examples.MassFraction_pTphi.mat_masFra1.T"
      ],
      "success_rate": 1.0,
      "t_err_max": [
        0.0,
        0.0,
        0.0,
        0.0
      ],
      "test_passed": [
        1,
        1,
        1,
        1
      ],
      "var_groups": [
        0,
        1,
        1,
        2
      ],
      "variables": [
        "masFra1.phi",
        "masFra1.X[1]",
        "masFra2.X[1]",
        "masFra1.T"
      ],
      "warnings": [
        null,
        null,
        null,
        null
      ]
    },
    "model": "AixLib.Utilities.Psychrometrics.Examples.MassFraction_pTphi",
    "simulation": {
      "elapsed_time": 0.00685596,
      "final_time": 1,
      "jacobians": 2,
      "start_time": 0,
      "state_events": 0,
      "success": true
    }
  },
  {
    "comparison": {
      "file_name": "AixLib.Utilities.Math.Functions.Examples.Polynomial.mat",
      "funnel_dirs": [
        "funnel_comp/AixLib.Utilities.Math.Functions.Examples.Polynomial.mat_x"
      ],
      "success_rate": 1.0,
      "t_err_max": [
        0.0
      ],
      "test_passed": [
        1
      ],
      "var_groups": [
        0
      ],
      "variables": [
        "x"
      ],
      "warnings": [
        null
      ]
    },
    "model": "AixLib.Utilities.Math.Functions.Examples.Polynomial",
    "simulation": {
      "elapsed_time": 0.00499916,
      "final_time": 4,
      "jacobians": 1,
      "start_time": 0,
      "state_events": 0,
      "success": true
    }
  },
  {
    "comparison": {
      "file_name": "AixLib.Utilities.Math.Examples.VectorFunctions.mat",
      "funnel_dirs": [
        "funnel_comp/AixLib.Utilities.Math.Examples.VectorFunctions.mat_sine.y",
        "funnel_comp/AixLib.Utilities.Math.Examples.VectorFunctions.mat_sine1.y",
        "funnel_comp/AixLib.Utilities.Math.Examples.VectorFunctions.mat_sine2.y",
        "funnel_comp/AixLib.Utilities.Math.Examples.VectorFunctions.mat_minVec.y",
        "funnel_comp/AixLib.Utilities.Math.Examples.VectorFunctions.mat_maxVec.y",
        "funnel_comp/AixLib.Utilities.Math.Examples.VectorFunctions.mat_aveVec.y"
      ],
      "success_rate": 1.0,
      "t_err_max": [
        0.0,
        0.0,
        0.0,
        0.0,
        0.0,
        0.0
      ],
      "test_passed": [
        1,
        1,
        1,
        1,
        1,
        1
      ],
      "var_groups": [
        0,
        0,
        0,
        0,
        0,
        0
      ],
      "variables": [
        "sine.y",
        "sine1.y",
        "sine2.y",
        "minVec.y",
        "maxVec.y",
        "aveVec.y"
      ],
      "warnings": [
        null,
        null,
        null,
        null,
        null,
        null
      ]
    },
    "model": "AixLib.Utilities.Math.Examples.VectorFunctions",
    "simulation": {
      "elapsed_time": 0.01282,
      "final_time": 1,
      "jacobians": 1,
      "start_time": 0,
      "state_events": 0,
      "success": true
    }
  },
  {
    "comparison": {
      "file_name": "AixLib.Utilities.IO.SignalExchange.Examples.WeatherStation.mat",
      "funnel_dirs": [
        null,
        null,
        null,
        null,
        null,
        null
      ],
      "success_rate": 0.0,
      "t_err_max": [
        0,
        0,
        0,
        0,
        0,
        0
      ],
      "test_passed": [
        0,
        0,
        0,
        0,
        0,
        0
      ],
      "var_groups": [
        0,
        0,
        0,
        1,
        1,
        1
      ],
      "variables": [
        "weaSta.reaWeaTDryBul.y",
        "weaSta.reaWeaTDewPoi.y",
        "weaSta.reaWeaTBlaSky.y",
        "weaSta.reaWeaHGloHor.y",
        "weaSta.reaWeaHDifHor.y",
        "weaSta.reaWeaHDirNor.y"
      ],
      "warnings": [
        "Translation, simulation or extracting simulation results failed. IOError while reading /tmp/tmp-AixLib-3-gt44zdd5/AixLib/AixLib.Utilities.IO.SignalExchange.Examples.WeatherStation.mat generated by Utilities/IO/SignalExchange/Examples/WeatherStation.mos.\nFile /tmp/tmp-AixLib-3-gt44zdd5/AixLib/AixLib.Utilities.IO.SignalExchange.Examples.WeatherStation.mat does not exist.\n",
        "",
        "",
        "",
        "",
        ""
      ]
    },
    "model": "AixLib.Utilities.IO.SignalExchange.Examples.WeatherStation",
    "simulation": {
      "elapsed_time": 0,
      "final_time": 864000,
      "jacobians": 0,
      "start_time": 0,
      "state_events": 0,
      "success": false
    }
  },
  {
    "comparison": {
      "file_name": "AixLib.Utilities.Math.Examples.BesselJ0.mat",
      "funnel_dirs": [
        "funnel_comp/AixLib.Utilities.Math.Examples.BesselJ0.mat_J0.y"
      ],
      "success_rate": 1.0,
      "t_err_max": [
        0.0
      ],
      "test_passed": [
        1
      ],
      "var_groups": [
        0
      ],
      "variables": [
        "J0.y"
      ],
      "warnings": [
        null
      ]
    },
    "model": "AixLib.Utilities.Math.Examples.BesselJ0",
    "simulation": {
      "elapsed_time": 0.00497913,
      "final_time": 30,
      "jacobians": 1,
      "start_time": 0,
      "state_events": 0,
      "success": true
    }
  },
  {
    "comparison": {
      "file_name": "AixLib.Utilities.Math.Functions.Examples.RegStep.mat",
      "funnel_dirs": [
        "funnel_comp/AixLib.Utilities.Math.Functions.Examples.RegStep.mat_y"
      ],
      "success_rate": 1.0,
      "t_err_max": [
        -1.0
      ],
      "test_passed": [
        1
      ],
      "var_groups": [
        0
      ],
      "variables": [
        "y"
      ],
      "warnings": [
        null
      ]
    },
    "model": "AixLib.Utilities.Math.Functions.Examples.RegStep",
    "simulation": {
      "elapsed_time": 0.00516105,
      "final_time": 1,
      "jacobians": 1,
      "start_time": -1,
      "state_events": 0,
      "success": true
    }
  },
  {
    "comparison": {
      "file_name": "AixLib.Utilities.Math.Functions.Examples.TrapezoidalIntegration.mat",
      "funnel_dirs": [
        "funnel_comp/AixLib.Utilities.Math.Functions.Examples.TrapezoidalIntegration.mat_y"
      ],
      "success_rate": 1.0,
      "t_err_max": [
        0.0
      ],
      "test_passed": [
        1
      ],
      "var_groups": [
        0
      ],
      "variables": [
        "y"
      ],
      "warnings": [
        null
      ]
    },
    "model": "AixLib.Utilities.Math.Functions.Examples.TrapezoidalIntegration",
    "simulation": {
      "elapsed_time": 0.00512004,
      "final_time": 1,
      "jacobians": 1,
      "start_time": 0,
      "state_events": 0,
      "success": true
    }
  },
  {
    "comparison": {
      "file_name": "AixLib.Utilities.Math.Functions.Examples.PowerLinearized.mat",
      "funnel_dirs": [
        "funnel_comp/AixLib.Utilities.Math.Functions.Examples.PowerLinearized.mat_T",
        "funnel_comp/AixLib.Utilities.Math.Functions.Examples.PowerLinearized.mat_TExact"
      ],
      "success_rate": 1.0,
      "t_err_max": [
        0.0,
        0.0
      ],
      "test_passed": [
        1,
        1
      ],
      "var_groups": [
        0,
        0
      ],
      "variables": [
        "T",
        "TExact"
      ],
      "warnings": [
        null,
        null
      ]
    },
    "model": "AixLib.Utilities.Math.Functions.Examples.PowerLinearized",
    "simulation": {
      "elapsed_time": 0.00591493,
      "final_time": 1,
      "jacobians": 1,
      "start_time": 0,
      "state_events": 0,
      "success": true
    }
  },
  {
    "comparison": {
      "file_name": "AixLib.Utilities.Math.Examples.SmoothLimit.mat",
      "funnel_dirs": [
        "funnel_comp/AixLib.Utilities.Math.Examples.SmoothLimit.mat_smoLim.y"
      ],
      "success_rate": 1.0,
      "t_err_max": [
        0.0
      ],
      "test_passed": [
        1
      ],
      "var_groups": [
        0
      ],
      "variables": [
        "smoLim.y"
      ],
      "warnings": [
        null
      ]
    },
    "model": "AixLib.Utilities.Math.Examples.SmoothLimit",
    "simulation": {
      "elapsed_time": 0.00495291,
      "final_time": 1,
      "jacobians": 1,
      "start_time": 0,
      "state_events": 0,
      "success": true
    }
  },
  {
    "comparison": {
      "file_name": "AixLib.Utilities.Math.Examples.Biquadratic.mat",
      "funnel_dirs": [
        "funnel_comp/AixLib.Utilities.Math.Examples.Biquadratic.mat_biquadratic.y"
      ],
      "success_rate": 1.0,
      "t_err_max": [
        0.0
      ],
      "test_passed": [
        1
      ],
      "var_groups": [
        0
      ],
      "variables": [
        "biquadratic.y"
      ],
      "warnings": [
        null
      ]
    },
    "model": "AixLib.Utilities.Math.Examples.Biquadratic",
    "simulation": {
      "elapsed_time": 0.00624418,
      "final_time": 1,
      "jacobians": 1,
      "start_time": 0,
      "state_events": 0,
      "success": true
    }
  },
  {
    "comparison": {
      "file_name": "AixLib.Utilities.Math.Functions.Examples.QuinticHermite.mat",
      "funnel_dirs": [
        "funnel_comp/AixLib.Utilities.Math.Functions.Examples.QuinticHermite.mat_y",
        "funnel_comp/AixLib.Utilities.Math.Functions.Examples.QuinticHermite.mat_dy",
        "funnel_comp/AixLib.Utilities.Math.Functions.Examples.QuinticHermite.mat_ddy"
      ],
      "success_rate": 1.0,
      "t_err_max": [
        0.0,
        0.0,
        0.0
      ],
      "test_passed": [
        1,
        1,
        1
      ],
      "var_groups": [
        0,
        1,
        2
      ],
      "variables": [
        "y",
        "dy",
        "ddy"
      ],
      "warnings": [
        null,
        null,
        null
      ]
    },
    "model": "AixLib.Utilities.Math.Functions.Examples.QuinticHermite",
    "simulation": {
      "elapsed_time": 0.0131559,
      "final_time": 3,
      "jacobians": 1,
      "start_time": 0,
      "state_events": 0,
      "success": true
    }
  },
  {
    "comparison": {
      "file_name": "AixLib.Utilities.Psychrometrics.Examples.HumidityRatioPressure.mat",
      "funnel_dirs": [
        "funnel_comp/AixLib.Utilities.Psychrometrics.Examples.HumidityRatioPressure.mat_humRat.p",
        "funnel_comp/AixLib.Utilities.Psychrometrics.Examples.HumidityRatioPressure.mat_humRat.p_w",
        "funnel_comp/AixLib.Utilities.Psychrometrics.Examples.HumidityRatioPressure.mat_humRat.X_w"
      ],
      "success_rate": 1.0,
      "t_err_max": [
        0.0,
        0.0,
        0.0
      ],
      "test_passed": [
        1,
        1,
        1
      ],
      "var_groups": [
        0,
        1,
        2
      ],
      "variables": [
        "humRat.p",
        "humRat.p_w",
        "humRat.X_w"
      ],
      "warnings": [
        null,
        null,
        null
      ]
    },
    "model": "AixLib.Utilities.Psychrometrics.Examples.HumidityRatioPressure",
    "simulation": {
      "elapsed_time": 0.013042,
      "final_time": 1,
      "jacobians": 1,
      "start_time": 0,
      "state_events": 0,
      "success": true
    }
  },
  {
    "comparison": {
      "file_name": "AixLib.Utilities.Math.Examples.BesselJ1.mat",
      "funnel_dirs": [
        "funnel_comp/AixLib.Utilities.Math.Examples.BesselJ1.mat_J1.y"
      ],
      "success_rate": 1.0,
      "t_err_max": [
        0.0
      ],
      "test_passed": [
        1
      ],
      "var_groups": [
        0
      ],
      "variables": [
        "J1.y"
      ],
      "warnings": [
        null
      ]
    },
    "model": "AixLib.Utilities.Math.Examples.BesselJ1",
    "simulation": {
      "elapsed_time": 0.0451941,
      "final_time": 30,
      "jacobians": 1,
      "start_time": 0,
      "state_events": 0,
      "success": true
    }
  },
  {
    "comparison": {
      "file_name": "AixLib.Utilities.Cryptographics.Validation.SHA1.mat",
      "funnel_dirs": [
        "funnel_comp/AixLib.Utilities.Cryptographics.Validation.SHA1.mat_cmpAll"
      ],
      "success_rate": 1.0,
      "t_err_max": [
        0.0
      ],
      "test_passed": [
        1
      ],
      "var_groups": [
        0
      ],
      "variables": [
        "cmpAll"
      ],
      "warnings": [
        null
      ]
    },
    "model": "AixLib.Utilities.Cryptographics.Validation.SHA1",
    "simulation": {
      "elapsed_time": 0.0125771,
      "final_time": 1,
      "jacobians": 1,
      "start_time": 0,
      "state_events": 0,
      "success": true
    }
  }
]
