[
  {
    "comparison": {
      "file_name": "AixLib.Airflow.AirHandlingUnit.ModularAirHandlingUnit.Examples.ExampleAHU.mat",
      "funnel_dirs": [
        null,
        null,
        null,
        null
      ],
      "success_rate": 0.0,
      "t_err_max": [
        0,
        0,
        0,
        0
      ],
      "test_passed": [
        0,
        0,
        0,
        0
      ],
      "var_groups": [
        0,
        0,
        0,
        0
      ],
      "variables": [
        "modularAHU.QCoo_flow",
        "modularAHU.QHea_flow",
        "modularAHU.QHum_flow",
        "modularAHU.Pel"
      ],
      "warnings": [
        "Translation, simulation or extracting simulation results failed. Airflow/AirHandlingUnit/ModularAirHandlingUnit/Examples/ExampleAHU.mos uses modularAHU.QCoo_flow which does not exist in AixLib.Airflow.AirHandlingUnit.ModularAirHandlingUnit.Examples.ExampleAHU.mat.\n",
        "",
        "",
        ""
      ]
    },
    "model": "AixLib.Airflow.AirHandlingUnit.ModularAirHandlingUnit.Examples.ExampleAHU",
    "simulation": {
      "elapsed_time": 1.3,
      "final_time": 31536000.0,
      "jacobians": 34465,
      "start_time": 0,
      "state_events": 163,
      "success": true
    }
  },
  {
    "comparison": {
      "file_name": "AixLib.Airflow.WindowVentilation.Examples.VentilationFlowRateSimpleOpening.mat",
      "funnel_dirs": [
        "funnel_comp/AixLib.Airflow.WindowVentilation.Examples.VentilationFlowRateSimpleOpening.mat_TRoomSet.y",
        "funnel_comp/AixLib.Airflow.WindowVentilation.Examples.VentilationFlowRateSimpleOpening.mat_TAmbSet.y",
        "funnel_comp/AixLib.Airflow.WindowVentilation.Examples.VentilationFlowRateSimpleOpening.mat_winSpe10Set.y",
        "funnel_comp/AixLib.Airflow.WindowVentilation.Examples.VentilationFlowRateSimpleOpening.mat_winDirSet.y",
        "funnel_comp/AixLib.Airflow.WindowVentilation.Examples.VentilationFlowRateSimpleOpening.mat_warrenParkins.V_flow",
        "funnel_comp/AixLib.Airflow.WindowVentilation.Examples.VentilationFlowRateSimpleOpening.mat_gidsPhaff.V_flow",
        "funnel_comp/AixLib.Airflow.WindowVentilation.Examples.VentilationFlowRateSimpleOpening.mat_larsenHeiselberg.V_flow",
        "funnel_comp/AixLib.Airflow.WindowVentilation.Examples.VentilationFlowRateSimpleOpening.mat_caciolo.V_flow",
        "funnel_comp/AixLib.Airflow.WindowVentilation.Examples.VentilationFlowRateSimpleOpening.mat_tang.V_flow",
        "funnel_comp/AixLib.Airflow.WindowVentilation.Examples.VentilationFlowRateSimpleOpening.mat_vdi2078_1.V_flow",
        "funnel_comp/AixLib.Airflow.WindowVentilation.Examples.VentilationFlowRateSimpleOpening.mat_vdi2078_2.V_flow",
        "funnel_comp/AixLib.Airflow.WindowVentilation.Examples.VentilationFlowRateSimpleOpening.mat_vdi2078_3.V_flow",
        "funnel_comp/AixLib.Airflow.WindowVentilation.Examples.VentilationFlowRateSimpleOpening.mat_din16798_1.V_flow",
        "funnel_comp/AixLib.Airflow.WindowVentilation.Examples.VentilationFlowRateSimpleOpening.mat_din16798_2.V_flow",
        "funnel_comp/AixLib.Airflow.WindowVentilation.Examples.VentilationFlowRateSimpleOpening.mat_din4108_1.V_flow",
        "funnel_comp/AixLib.Airflow.WindowVentilation.Examples.VentilationFlowRateSimpleOpening.mat_ashrae.V_flow"
      ],
      "success_rate": 1.0,
      "t_err_max": [
        0.0,
        0.0,
        0.0,
        0.0,
        0.0,
        0.0,
        0.0,
        0.0,
        0.0,
        0.0,
        0.0,
        0.0,
        0.0,
        0.0,
        0.0,
        0.0
      ],
      "test_passed": [
        1,
        1,
        1,
        1,
        1,
        1,
        1,
        1,
        1,
        1,
        1,
        1,
        1,
        1,
        1,
        1
      ],
      "var_groups": [
        0,
        0,
        1,
        2,
        3,
        3,
        3,
        3,
        3,
        4,
        4,
        4,
        4,
        4,
        4,
        5
      ],
      "variables": [
        "TRoomSet.y",
        "TAmbSet.y",
        "winSpe10Set.y",
        "winDirSet.y",
        "warrenParkins.V_flow",
        "gidsPhaff.V_flow",
        "larsenHeiselberg.V_flow",
        "caciolo.V_flow",
        "tang.V_flow",
        "vdi2078_1.V_flow",
        "vdi2078_2.V_flow",
        "vdi2078_3.V_flow",
        "din16798_1.V_flow",
        "din16798_2.V_flow",
        "din4108_1.V_flow",
        "ashrae.V_flow"
      ],
      "warnings": [
        null,
        null,
        null,
        null,
        null,
        null,
        null,
        null,
        null,
        null,
        null,
        null,
        null,
        null,
        null,
        null
      ]
    },
    "model": "AixLib.Airflow.WindowVentilation.Examples.VentilationFlowRateSimpleOpening",
    "simulation": {
      "elapsed_time": 0.0523,
      "final_time": 180,
      "jacobians": 3866,
      "start_time": 0,
      "state_events": 295,
      "success": true
    }
  },
  {
    "comparison": {
      "file_name": "AixLib.Airflow.WindowVentilation.Examples.VentilationFlowRateSashOpening.mat",
      "funnel_dirs": [
        "funnel_comp/AixLib.Airflow.WindowVentilation.Examples.VentilationFlowRateSashOpening.mat_TRoomSet.y",
        "funnel_comp/AixLib.Airflow.WindowVentilation.Examples.VentilationFlowRateSashOpening.mat_TAmbSet.y",
        "funnel_comp/AixLib.Airflow.WindowVentilation.Examples.VentilationFlowRateSashOpening.mat_winSpe10Set.y",
        "funnel_comp/AixLib.Airflow.WindowVentilation.Examples.VentilationFlowRateSashOpening.mat_winDirSet.y",
        "funnel_comp/AixLib.Airflow.WindowVentilation.Examples.VentilationFlowRateSashOpening.mat_warrenParkins.V_flow",
        "funnel_comp/AixLib.Airflow.WindowVentilation.Examples.VentilationFlowRateSashOpening.mat_gidsPhaff.V_flow",
        "funnel_comp/AixLib.Airflow.WindowVentilation.Examples.VentilationFlowRateSashOpening.mat_larsenHeiselberg.V_flow",
        "funnel_comp/AixLib.Airflow.WindowVentilation.Examples.VentilationFlowRateSashOpening.mat_caciolo.V_flow",
        "funnel_comp/AixLib.Airflow.WindowVentilation.Examples.VentilationFlowRateSashOpening.mat_tang.V_flow",
        "funnel_comp/AixLib.Airflow.WindowVentilation.Examples.VentilationFlowRateSashOpening.mat_maas.V_flow",
        "funnel_comp/AixLib.Airflow.WindowVentilation.Examples.VentilationFlowRateSashOpening.mat_hall.V_flow",
        "funnel_comp/AixLib.Airflow.WindowVentilation.Examples.VentilationFlowRateSashOpening.mat_jiang.V_flow",
        "funnel_comp/AixLib.Airflow.WindowVentilation.Examples.VentilationFlowRateSashOpening.mat_din16798_1.V_flow",
        "funnel_comp/AixLib.Airflow.WindowVentilation.Examples.VentilationFlowRateSashOpening.mat_din16798_2.V_flow",
        "funnel_comp/AixLib.Airflow.WindowVentilation.Examples.VentilationFlowRateSashOpening.mat_din4108_1.V_flow",
        "funnel_comp/AixLib.Airflow.WindowVentilation.Examples.VentilationFlowRateSashOpening.mat_din16798_1.V_flow",
        "funnel_comp/AixLib.Airflow.WindowVentilation.Examples.VentilationFlowRateSashOpening.mat_vdi2078_2.V_flow",
        "funnel_comp/AixLib.Airflow.WindowVentilation.Examples.VentilationFlowRateSashOpening.mat_vdi2078_3.V_flow",
        "funnel_comp/AixLib.Airflow.WindowVentilation.Examples.VentilationFlowRateSashOpening.mat_ashrae.V_flow"
      ],
      "success_rate": 1.0,
      "t_err_max": [
        0.0,
        0.0,
        0.0,
        0.0,
        0.0,
        0.0,
        0.0,
        0.0,
        0.0,
        0.0,
        0.0,
        0.0,
        0.0,
        0.0,
        0.0,
        0.0,
        0.0,
        0.0,
        0.0
      ],
      "test_passed": [
        1,
        1,
        1,
        1,
        1,
        1,
        1,
        1,
        1,
        1,
        1,
        1,
        1,
        1,
        1,
        1,
        1,
        1,
        1
      ],
      "var_groups": [
        0,
        0,
        1,
        2,
        3,
        3,
        3,
        3,
        3,
        4,
        4,
        4,
        4,
        4,
        4,
        5,
        5,
        5,
        6
      ],
      "variables": [
        "TRoomSet.y",
        "TAmbSet.y",
        "winSpe10Set.y",
        "winDirSet.y",
        "warrenParkins.V_flow",
        "gidsPhaff.V_flow",
        "larsenHeiselberg.V_flow",
        "caciolo.V_flow",
        "tang.V_flow",
        "maas.V_flow",
        "hall.V_flow",
        "jiang.V_flow",
        "din16798_1.V_flow",
        "din16798_2.V_flow",
        "din4108_1.V_flow",
        "din16798_1.V_flow",
        "vdi2078_2.V_flow",
        "vdi2078_3.V_flow",
        "ashrae.V_flow"
      ],
      "warnings": [
        null,
        null,
        null,
        null,
        null,
        null,
        null,
        null,
        null,
        null,
        null,
        null,
        null,
        null,
        null,
        null,
        null,
        null,
        null
      ]
    },
    "model": "AixLib.Airflow.WindowVentilation.Examples.VentilationFlowRateSashOpening",
    "simulation": {
      "elapsed_time": 0.0789,
      "final_time": 180,
      "jacobians": 4176,
      "start_time": 0,
      "state_events": 321,
      "success": true
    }
  },
  {
    "comparison": {
      "file_name": "AixLib.Airflow.AirHandlingUnit.ModularAirHandlingUnit.Components.Validation.Cooler.mat",
      "funnel_dirs": [
        "funnel_comp/AixLib.Airflow.AirHandlingUnit.ModularAirHandlingUnit.Components.Validation.Cooler.mat_CooRea.Q_flow",
        "funnel_comp/AixLib.Airflow.AirHandlingUnit.ModularAirHandlingUnit.Components.Validation.Cooler.mat_preOut.Q_flow",
        "funnel_comp/AixLib.Airflow.AirHandlingUnit.ModularAirHandlingUnit.Components.Validation.Cooler.mat_resPow.y"
      ],
      "success_rate": 1.0,
      "t_err_max": [
        0.0,
        0.0,
        0.0
      ],
      "test_passed": [
        1,
        1,
        1
      ],
      "var_groups": [
        0,
        0,
        1
      ],
      "variables": [
        "CooRea.Q_flow",
        "preOut.Q_flow",
        "resPow.y"
      ],
      "warnings": [
        null,
        null,
        null
      ]
    },
    "model": "AixLib.Airflow.AirHandlingUnit.ModularAirHandlingUnit.Components.Validation.Cooler",
    "simulation": {
      "elapsed_time": 0.0197,
      "final_time": 14400,
      "jacobians": 120,
      "start_time": 0,
      "state_events": 0,
      "success": true
    }
  },
  {
    "comparison": {
      "file_name": "AixLib.Airflow.AirHandlingUnit.ModularAirHandlingUnit.Components.Validation.SprayHumidifier.mat",
      "funnel_dirs": [
        "funnel_comp/AixLib.Airflow.AirHandlingUnit.ModularAirHandlingUnit.Components.Validation.SprayHumidifier.mat_adiHum.mWat_flow",
        "funnel_comp/AixLib.Airflow.AirHandlingUnit.ModularAirHandlingUnit.Components.Validation.SprayHumidifier.mat_hum.mWat_flow",
        "funnel_comp/AixLib.Airflow.AirHandlingUnit.ModularAirHandlingUnit.Components.Validation.SprayHumidifier.mat_resMas.y",
        "funnel_comp/AixLib.Airflow.AirHandlingUnit.ModularAirHandlingUnit.Components.Validation.SprayHumidifier.mat_adiHum1.mWat_flow",
        "funnel_comp/AixLib.Airflow.AirHandlingUnit.ModularAirHandlingUnit.Components.Validation.SprayHumidifier.mat_hum1.mWat_flow",
        "funnel_comp/AixLib.Airflow.AirHandlingUnit.ModularAirHandlingUnit.Components.Validation.SprayHumidifier.mat_resMas1.y",
        "funnel_comp/AixLib.Airflow.AirHandlingUnit.ModularAirHandlingUnit.Components.Validation.SprayHumidifier.mat_adiHum.TAirOut",
        "funnel_comp/AixLib.Airflow.AirHandlingUnit.ModularAirHandlingUnit.Components.Validation.SprayHumidifier.mat_senTem.T",
        "funnel_comp/AixLib.Airflow.AirHandlingUnit.ModularAirHandlingUnit.Components.Validation.SprayHumidifier.mat_resT.y",
        "funnel_comp/AixLib.Airflow.AirHandlingUnit.ModularAirHandlingUnit.Components.Validation.SprayHumidifier.mat_adiHum1.TAirOut",
        "funnel_comp/AixLib.Airflow.AirHandlingUnit.ModularAirHandlingUnit.Components.Validation.SprayHumidifier.mat_senTem1.T",
        "funnel_comp/AixLib.Airflow.AirHandlingUnit.ModularAirHandlingUnit.Components.Validation.SprayHumidifier.mat_resT1.y",
        "funnel_comp/AixLib.Airflow.AirHandlingUnit.ModularAirHandlingUnit.Components.Validation.SprayHumidifier.mat_resX.y",
        "funnel_comp/AixLib.Airflow.AirHandlingUnit.ModularAirHandlingUnit.Components.Validation.SprayHumidifier.mat_resX1.y"
      ],
      "success_rate": 1.0,
      "t_err_max": [
        0.0,
        0.0,
        0.0,
        0.0,
        0.0,
        0.0,
        0.0,
        0.0,
        0.0,
        0.0,
        0.0,
        0.0,
        0.0,
        0.0
      ],
      "test_passed": [
        1,
        1,
        1,
        1,
        1,
        1,
        1,
        1,
        1,
        1,
        1,
        1,
        1,
        1
      ],
      "var_groups": [
        0,
        0,
        1,
        2,
        2,
        3,
        4,
        4,
        5,
        6,
        6,
        7,
        8,
        8
      ],
      "variables": [
        "adiHum.mWat_flow",
        "hum.mWat_flow",
        "resMas.y",
        "adiHum1.mWat_flow",
        "hum1.mWat_flow",
        "resMas1.y",
        "adiHum.TAirOut",
        "senTem.T",
        "resT.y",
        "adiHum1.TAirOut",
        "senTem1.T",
        "resT1.y",
        "resX.y",
        "resX1.y"
      ],
      "warnings": [
        null,
        null,
        null,
        null,
        null,
        null,
        null,
        null,
        null,
        null,
        null,
        null,
        null,
        null
      ]
    },
    "model": "AixLib.Airflow.AirHandlingUnit.ModularAirHandlingUnit.Components.Validation.SprayHumidifier",
    "simulation": {
      "elapsed_time": 0.0267,
      "final_time": 14400,
      "jacobians": 121,
      "start_time": 0,
      "state_events": 0,
      "success": true
    }
  },
  {
    "comparison": {
      "file_name": "AixLib.Airflow.WindowVentilation.Examples.OpeningArea.mat",
      "funnel_dirs": [
        "funnel_comp/AixLib.Airflow.WindowVentilation.Examples.OpeningArea.mat_opnSimp.A",
        "funnel_comp/AixLib.Airflow.WindowVentilation.Examples.OpeningArea.mat_opnSimpVDI2078.A",
        "funnel_comp/AixLib.Airflow.WindowVentilation.Examples.OpeningArea.mat_opnSasSdHunInGeo.A",
        "funnel_comp/AixLib.Airflow.WindowVentilation.Examples.OpeningArea.mat_opnSasSdHunInPrj.A",
        "funnel_comp/AixLib.Airflow.WindowVentilation.Examples.OpeningArea.mat_opnSasSdHunInEqv.A",
        "funnel_comp/AixLib.Airflow.WindowVentilation.Examples.OpeningArea.mat_opnSasSdHunInEff.A",
        "funnel_comp/AixLib.Airflow.WindowVentilation.Examples.OpeningArea.mat_opnSasSdHunOutGeo.A",
        "funnel_comp/AixLib.Airflow.WindowVentilation.Examples.OpeningArea.mat_opnSasBtmHunInGeo.A",
        "funnel_comp/AixLib.Airflow.WindowVentilation.Examples.OpeningArea.mat_opnSasBtmHunInPrj.A",
        "funnel_comp/AixLib.Airflow.WindowVentilation.Examples.OpeningArea.mat_opnSasBtmHunInEqv.A",
        "funnel_comp/AixLib.Airflow.WindowVentilation.Examples.OpeningArea.mat_opnSasBtmHunInEff.A",
        "funnel_comp/AixLib.Airflow.WindowVentilation.Examples.OpeningArea.mat_opnSasTopHunOutPrj.A",
        "funnel_comp/AixLib.Airflow.WindowVentilation.Examples.OpeningArea.mat_opnSasPivVerGeo.A",
        "funnel_comp/AixLib.Airflow.WindowVentilation.Examples.OpeningArea.mat_opnSasPivVerPrj.A",
        "funnel_comp/AixLib.Airflow.WindowVentilation.Examples.OpeningArea.mat_opnSasPivVerEqv.A",
        "funnel_comp/AixLib.Airflow.WindowVentilation.Examples.OpeningArea.mat_opnSasPivVerEff.A",
        "funnel_comp/AixLib.Airflow.WindowVentilation.Examples.OpeningArea.mat_opnSasPivHorGeo.A",
        "funnel_comp/AixLib.Airflow.WindowVentilation.Examples.OpeningArea.mat_opnSasPivHorPrj.A",
        "funnel_comp/AixLib.Airflow.WindowVentilation.Examples.OpeningArea.mat_opnSasPivHorEqv.A",
        "funnel_comp/AixLib.Airflow.WindowVentilation.Examples.OpeningArea.mat_opnSasPivHorEff.A",
        "funnel_comp/AixLib.Airflow.WindowVentilation.Examples.OpeningArea.mat_opnSasSldVerGeo.A",
        "funnel_comp/AixLib.Airflow.WindowVentilation.Examples.OpeningArea.mat_opnSasSldHorGeo.A",
        "funnel_comp/AixLib.Airflow.WindowVentilation.Examples.OpeningArea.mat_opnSasPivHorEffPre.A",
        "funnel_comp/AixLib.Airflow.WindowVentilation.Examples.OpeningArea.mat_opnSasAngBtmHunInGeo.A",
        "funnel_comp/AixLib.Airflow.WindowVentilation.Examples.OpeningArea.mat_opnSasBtmHunInDIN16798.A",
        "funnel_comp/AixLib.Airflow.WindowVentilation.Examples.OpeningArea.mat_opnSasSdHunInDIN4108.A",
        "funnel_comp/AixLib.Airflow.WindowVentilation.Examples.OpeningArea.mat_opnSasBtmHunInDIN4108.A",
        "funnel_comp/AixLib.Airflow.WindowVentilation.Examples.OpeningArea.mat_opnSasPivHorDIN4108.A",
        "funnel_comp/AixLib.Airflow.WindowVentilation.Examples.OpeningArea.mat_opnSasBtmHunInHall.A",
        "funnel_comp/AixLib.Airflow.WindowVentilation.Examples.OpeningArea.mat_opnSasBtmHunInVDI2078.A"
      ],
      "success_rate": 1.0,
      "t_err_max": [
        0.0,
        0.0,
        0.0,
        0.0,
        0.0,
        0.0,
        0.0,
        0.0,
        0.0,
        0.0,
        0.0,
        0.0,
        0.0,
        0.0,
        0.0,
        0.0,
        0.0,
        0.0,
        0.0,
        0.0,
        0.0,
        0.0,
        0.0,
        0.0,
        0.0,
        0.0,
        0.0,
        0.0,
        0.0,
        0.0
      ],
      "test_passed": [
        1,
        1,
        1,
        1,
        1,
        1,
        1,
        1,
        1,
        1,
        1,
        1,
        1,
        1,
        1,
        1,
        1,
        1,
        1,
        1,
        1,
        1,
        1,
        1,
        1,
        1,
        1,
        1,
        1,
        1
      ],
      "var_groups": [
        0,
        0,
        1,
        1,
        1,
        1,
        1,
        2,
        2,
        2,
        2,
        2,
        3,
        3,
        3,
        3,
        4,
        4,
        4,
        4,
        5,
        6,
        7,
        8,
        9,
        10,
        10,
        10,
        11,
        12
      ],
      "variables": [
        "opnSimp.A",
        "opnSimpVDI2078.A",
        "opnSasSdHunInGeo.A",
        "opnSasSdHunInPrj.A",
        "opnSasSdHunInEqv.A",
        "opnSasSdHunInEff.A",
        "opnSasSdHunOutGeo.A",
        "opnSasBtmHunInGeo.A",
        "opnSasBtmHunInPrj.A",
        "opnSasBtmHunInEqv.A",
        "opnSasBtmHunInEff.A",
        "opnSasTopHunOutPrj.A",
        "opnSasPivVerGeo.A",
        "opnSasPivVerPrj.A",
        "opnSasPivVerEqv.A",
        "opnSasPivVerEff.A",
        "opnSasPivHorGeo.A",
        "opnSasPivHorPrj.A",
        "opnSasPivHorEqv.A",
        "opnSasPivHorEff.A",
        "opnSasSldVerGeo.A",
        "opnSasSldHorGeo.A",
        "opnSasPivHorEffPre.A",
        "opnSasAngBtmHunInGeo.A",
        "opnSasBtmHunInDIN16798.A",
        "opnSasSdHunInDIN4108.A",
        "opnSasBtmHunInDIN4108.A",
        "opnSasPivHorDIN4108.A",
        "opnSasBtmHunInHall.A",
        "opnSasBtmHunInVDI2078.A"
      ],
      "warnings": [
        null,
        null,
        null,
        null,
        null,
        null,
        null,
        null,
        null,
        null,
        null,
        null,
        null,
        null,
        null,
        null,
        null,
        null,
        null,
        null,
        null,
        null,
        null,
        null,
        null,
        null,
        null,
        null,
        null,
        null
      ]
    },
    "model": "AixLib.Airflow.WindowVentilation.Examples.OpeningArea",
    "simulation": {
      "elapsed_time": 0.00193,
      "final_time": 60,
      "jacobians": 64,
      "start_time": 0,
      "state_events": 3,
      "success": true
    }
  },
  {
    "comparison": {
      "file_name": "AixLib.Airflow.AirHandlingUnit.ModularAirHandlingUnit.Components.Validation.Heater.mat",
      "funnel_dirs": [
        "funnel_comp/AixLib.Airflow.AirHandlingUnit.ModularAirHandlingUnit.Components.Validation.Heater.mat_heaRea.TAirOut",
        "funnel_comp/AixLib.Airflow.AirHandlingUnit.ModularAirHandlingUnit.Components.Validation.Heater.mat_senTem.T",
        "funnel_comp/AixLib.Airflow.AirHandlingUnit.ModularAirHandlingUnit.Components.Validation.Heater.mat_resT.y",
        "funnel_comp/AixLib.Airflow.AirHandlingUnit.ModularAirHandlingUnit.Components.Validation.Heater.mat_heaRea1.Q_flow",
        "funnel_comp/AixLib.Airflow.AirHandlingUnit.ModularAirHandlingUnit.Components.Validation.Heater.mat_heaFlu1.Q_flow",
        "funnel_comp/AixLib.Airflow.AirHandlingUnit.ModularAirHandlingUnit.Components.Validation.Heater.mat_resPow.y",
        "funnel_comp/AixLib.Airflow.AirHandlingUnit.ModularAirHandlingUnit.Components.Validation.Heater.mat_heaRea.dp",
        "funnel_comp/AixLib.Airflow.AirHandlingUnit.ModularAirHandlingUnit.Components.Validation.Heater.mat_heaFlu.dp"
      ],
      "success_rate": 1.0,
      "t_err_max": [
        0.0,
        0.0,
        0.0,
        0.0,
        0.0,
        0.0,
        0.0,
        0.0
      ],
      "test_passed": [
        1,
        1,
        1,
        1,
        1,
        1,
        1,
        1
      ],
      "var_groups": [
        0,
        0,
        1,
        2,
        2,
        3,
        4,
        4
      ],
      "variables": [
        "heaRea.TAirOut",
        "senTem.T",
        "resT.y",
        "heaRea1.Q_flow",
        "heaFlu1.Q_flow",
        "resPow.y",
        "heaRea.dp",
        "heaFlu.dp"
      ],
      "warnings": [
        null,
        null,
        null,
        null,
        null,
        null,
        null,
        null
      ]
    },
    "model": "AixLib.Airflow.AirHandlingUnit.ModularAirHandlingUnit.Components.Validation.Heater",
    "simulation": {
      "elapsed_time": 0.0162,
      "final_time": 14400,
      "jacobians": 121,
      "start_time": 0,
      "state_events": 0,
      "success": true
    }
  },
  {
    "comparison": {
      "file_name": "AixLib.Airflow.AirHandlingUnit.ModularAirHandlingUnit.Components.Validation.SteamHumidifier.mat",
      "funnel_dirs": [
        "funnel_comp/AixLib.Airflow.AirHandlingUnit.ModularAirHandlingUnit.Components.Validation.SteamHumidifier.mat_steHum.Q_flow",
        "funnel_comp/AixLib.Airflow.AirHandlingUnit.ModularAirHandlingUnit.Components.Validation.SteamHumidifier.mat_hum.powerEva",
        "funnel_comp/AixLib.Airflow.AirHandlingUnit.ModularAirHandlingUnit.Components.Validation.SteamHumidifier.mat_resPow.y",
        "funnel_comp/AixLib.Airflow.AirHandlingUnit.ModularAirHandlingUnit.Components.Validation.SteamHumidifier.mat_hum1.Q_flow",
        "funnel_comp/AixLib.Airflow.AirHandlingUnit.ModularAirHandlingUnit.Components.Validation.SteamHumidifier.mat_steHum1.Q_flow",
        "funnel_comp/AixLib.Airflow.AirHandlingUnit.ModularAirHandlingUnit.Components.Validation.SteamHumidifier.mat_resPow1.y",
        "funnel_comp/AixLib.Airflow.AirHandlingUnit.ModularAirHandlingUnit.Components.Validation.SteamHumidifier.mat_senTem.T",
        "funnel_comp/AixLib.Airflow.AirHandlingUnit.ModularAirHandlingUnit.Components.Validation.SteamHumidifier.mat_steHum.TAirOut",
        "funnel_comp/AixLib.Airflow.AirHandlingUnit.ModularAirHandlingUnit.Components.Validation.SteamHumidifier.mat_resT.y",
        "funnel_comp/AixLib.Airflow.AirHandlingUnit.ModularAirHandlingUnit.Components.Validation.SteamHumidifier.mat_senTem1.T",
        "funnel_comp/AixLib.Airflow.AirHandlingUnit.ModularAirHandlingUnit.Components.Validation.SteamHumidifier.mat_steHum1.TAirOut",
        "funnel_comp/AixLib.Airflow.AirHandlingUnit.ModularAirHandlingUnit.Components.Validation.SteamHumidifier.mat_resT1.y",
        "funnel_comp/AixLib.Airflow.AirHandlingUnit.ModularAirHandlingUnit.Components.Validation.SteamHumidifier.mat_resX.y",
        "funnel_comp/AixLib.Airflow.AirHandlingUnit.ModularAirHandlingUnit.Components.Validation.SteamHumidifier.mat_resX1.y"
      ],
      "success_rate": 1.0,
      "t_err_max": [
        0.0,
        0.0,
        0.0,
        0.0,
        0.0,
        0.0,
        0.0,
        0.0,
        0.0,
        0.0,
        0.0,
        0.0,
        0.0,
        0.0
      ],
      "test_passed": [
        1,
        1,
        1,
        1,
        1,
        1,
        1,
        1,
        1,
        1,
        1,
        1,
        1,
        1
      ],
      "var_groups": [
        0,
        0,
        1,
        2,
        2,
        3,
        4,
        4,
        5,
        6,
        6,
        7,
        8,
        8
      ],
      "variables": [
        "steHum.Q_flow",
        "hum.powerEva",
        "resPow.y",
        "hum1.Q_flow",
        "steHum1.Q_flow",
        "resPow1.y",
        "senTem.T",
        "steHum.TAirOut",
        "resT.y",
        "senTem1.T",
        "steHum1.TAirOut",
        "resT1.y",
        "resX.y",
        "resX1.y"
      ],
      "warnings": [
        null,
        null,
        null,
        null,
        null,
        null,
        null,
        null,
        null,
        null,
        null,
        null,
        null,
        null
      ]
    },
    "model": "AixLib.Airflow.AirHandlingUnit.ModularAirHandlingUnit.Components.Validation.SteamHumidifier",
    "simulation": {
      "elapsed_time": 0.0177,
      "final_time": 14400,
      "jacobians": 121,
      "start_time": 0,
      "state_events": 0,
      "success": true
    }
  },
  {
    "comparison": {
      "file_name": "AixLib.Airflow.AirHandlingUnit.ModularAirHandlingUnit.Verification.ComparisonToAHU.mat",
      "funnel_dirs": [
        "funnel_comp/AixLib.Airflow.AirHandlingUnit.ModularAirHandlingUnit.Verification.ComparisonToAHU.mat_ahu.QflowH",
        "funnel_comp/AixLib.Airflow.AirHandlingUnit.ModularAirHandlingUnit.Verification.ComparisonToAHU.mat_modularAHU.QHea_flow",
        "funnel_comp/AixLib.Airflow.AirHandlingUnit.ModularAirHandlingUnit.Verification.ComparisonToAHU.mat_ahu.QflowC",
        "funnel_comp/AixLib.Airflow.AirHandlingUnit.ModularAirHandlingUnit.Verification.ComparisonToAHU.mat_abs1.y",
        "funnel_comp/AixLib.Airflow.AirHandlingUnit.ModularAirHandlingUnit.Verification.ComparisonToAHU.mat_ahu.Pel",
        "funnel_comp/AixLib.Airflow.AirHandlingUnit.ModularAirHandlingUnit.Verification.ComparisonToAHU.mat_modularAHU.Pel"
      ],
      "success_rate": 1.0,
      "t_err_max": [
        0.0,
        0.0,
        0.0,
        0.0,
        0.0,
        0.0
      ],
      "test_passed": [
        1,
        1,
        1,
        1,
        1,
        1
      ],
      "var_groups": [
        0,
        0,
        1,
        1,
        2,
        2
      ],
      "variables": [
        "ahu.QflowH",
        "modularAHU.QHea_flow",
        "ahu.QflowC",
        "abs1.y",
        "ahu.Pel",
        "modularAHU.Pel"
      ],
      "warnings": [
        null,
        null,
        null,
        null,
        null,
        null
      ]
    },
    "model": "AixLib.Airflow.AirHandlingUnit.ModularAirHandlingUnit.Verification.ComparisonToAHU",
    "simulation": {
      "elapsed_time": 16.8,
      "final_time": 86400,
      "jacobians": 777631,
      "start_time": 0,
      "state_events": 4,
      "success": true
    }
  },
  {
    "comparison": {
      "file_name": "AixLib.Airflow.AirHandlingUnit.ModularAirHandlingUnit.Components.Validation.Fan.mat",
      "funnel_dirs": [
        "funnel_comp/AixLib.Airflow.AirHandlingUnit.ModularAirHandlingUnit.Components.Validation.Fan.mat_fanSim.P_el",
        "funnel_comp/AixLib.Airflow.AirHandlingUnit.ModularAirHandlingUnit.Components.Validation.Fan.mat_mov.P",
        "funnel_comp/AixLib.Airflow.AirHandlingUnit.ModularAirHandlingUnit.Components.Validation.Fan.mat_resPow.y",
        "funnel_comp/AixLib.Airflow.AirHandlingUnit.ModularAirHandlingUnit.Components.Validation.Fan.mat_senTem.T",
        "funnel_comp/AixLib.Airflow.AirHandlingUnit.ModularAirHandlingUnit.Components.Validation.Fan.mat_fanSim.TAirOut",
        "funnel_comp/AixLib.Airflow.AirHandlingUnit.ModularAirHandlingUnit.Components.Validation.Fan.mat_resT.y",
        "funnel_comp/AixLib.Airflow.AirHandlingUnit.ModularAirHandlingUnit.Components.Validation.Fan.mat_fanSim.dp",
        "funnel_comp/AixLib.Airflow.AirHandlingUnit.ModularAirHandlingUnit.Components.Validation.Fan.mat_mov.dp_actual"
      ],
      "success_rate": 1.0,
      "t_err_max": [
        0.0,
        0.0,
        0.0,
        0.0,
        0.0,
        0.0,
        0.0,
        0.0
      ],
      "test_passed": [
        1,
        1,
        1,
        1,
        1,
        1,
        1,
        1
      ],
      "var_groups": [
        0,
        0,
        1,
        2,
        2,
        3,
        4,
        4
      ],
      "variables": [
        "fanSim.P_el",
        "mov.P",
        "resPow.y",
        "senTem.T",
        "fanSim.TAirOut",
        "resT.y",
        "fanSim.dp",
        "mov.dp_actual"
      ],
      "warnings": [
        null,
        null,
        null,
        null,
        null,
        null,
        null,
        null
      ]
    },
    "model": "AixLib.Airflow.AirHandlingUnit.ModularAirHandlingUnit.Components.Validation.Fan",
    "simulation": {
      "elapsed_time": 0.0207,
      "final_time": 14400,
      "jacobians": 124,
      "start_time": 0,
      "state_events": 0,
      "success": true
    }
  },
  {
    "comparison": {
      "file_name": "AixLib.Airflow.AirHandlingUnit.Examples.AHU.mat",
      "funnel_dirs": [
        "funnel_comp/AixLib.Airflow.AirHandlingUnit.Examples.AHU.mat_ahu.allCond",
        "funnel_comp/AixLib.Airflow.AirHandlingUnit.Examples.AHU.mat_ahu.startState.active",
        "funnel_comp/AixLib.Airflow.AirHandlingUnit.Examples.AHU.mat_ahu.deHuHRS_true.active",
        "funnel_comp/AixLib.Airflow.AirHandlingUnit.Examples.AHU.mat_ahu.deHuHRS_false.active",
        "funnel_comp/AixLib.Airflow.AirHandlingUnit.Examples.AHU.mat_ahu.onlyHeatingHRS_true.active",
        "funnel_comp/AixLib.Airflow.AirHandlingUnit.Examples.AHU.mat_ahu.onlyHeatingHRS_false.active",
        "funnel_comp/AixLib.Airflow.AirHandlingUnit.Examples.AHU.mat_ahu.onlyCoolingHRS_true.active",
        "funnel_comp/AixLib.Airflow.AirHandlingUnit.Examples.AHU.mat_ahu.onlyCoolingHRS_false.active",
        "funnel_comp/AixLib.Airflow.AirHandlingUnit.Examples.AHU.mat_ahu.huPreHHRS_true.active",
        "funnel_comp/AixLib.Airflow.AirHandlingUnit.Examples.AHU.mat_ahu.huPreHHRS_false.active",
        "funnel_comp/AixLib.Airflow.AirHandlingUnit.Examples.AHU.mat_ahu.huCHRS_true.active",
        "funnel_comp/AixLib.Airflow.AirHandlingUnit.Examples.AHU.mat_ahu.huCHRS_false.active",
        "funnel_comp/AixLib.Airflow.AirHandlingUnit.Examples.AHU.mat_ahu.QflowC",
        "funnel_comp/AixLib.Airflow.AirHandlingUnit.Examples.AHU.mat_ahu.QflowH",
        "funnel_comp/AixLib.Airflow.AirHandlingUnit.Examples.AHU.mat_ahu.X_oda",
        "funnel_comp/AixLib.Airflow.AirHandlingUnit.Examples.AHU.mat_ahu.X_supMin",
        "funnel_comp/AixLib.Airflow.AirHandlingUnit.Examples.AHU.mat_ahu.X_supMax",
        "funnel_comp/AixLib.Airflow.AirHandlingUnit.Examples.AHU.mat_ahu.T_6",
        "funnel_comp/AixLib.Airflow.AirHandlingUnit.Examples.AHU.mat_ahu.T_oda",
        "funnel_comp/AixLib.Airflow.AirHandlingUnit.Examples.AHU.mat_ahu.T_supplyAirOut"
      ],
      "success_rate": 1.0,
      "t_err_max": [
        0.0,
        0.0,
        0.0,
        0.0,
        0.0,
        0.0,
        0.0,
        0.0,
        0.0,
        0.0,
        0.0,
        0.0,
        0.0,
        0.0,
        0.0,
        0.0,
        0.0,
        0.0,
        0.0,
        0.0
      ],
      "test_passed": [
        1,
        1,
        1,
        1,
        1,
        1,
        1,
        1,
        1,
        1,
        1,
        1,
        1,
        1,
        1,
        1,
        1,
        1,
        1,
        1
      ],
      "var_groups": [
        0,
        1,
        1,
        1,
        1,
        1,
        2,
        2,
        2,
        2,
        2,
        2,
        3,
        3,
        4,
        4,
        4,
        5,
        5,
        5
      ],
      "variables": [
        "ahu.allCond",
        "ahu.startState.active",
        "ahu.deHuHRS_true.active",
        "ahu.deHuHRS_false.active",
        "ahu.onlyHeatingHRS_true.active",
        "ahu.onlyHeatingHRS_false.active",
        "ahu.onlyCoolingHRS_true.active",
        "ahu.onlyCoolingHRS_false.active",
        "ahu.huPreHHRS_true.active",
        "ahu.huPreHHRS_false.active",
        "ahu.huCHRS_true.active",
        "ahu.huCHRS_false.active",
        "ahu.QflowC",
        "ahu.QflowH",
        "ahu.X_oda",
        "ahu.X_supMin",
        "ahu.X_supMax",
        "ahu.T_6",
        "ahu.T_oda",
        "ahu.T_supplyAirOut"
      ],
      "warnings": [
        null,
        null,
        null,
        null,
        null,
        null,
        null,
        null,
        null,
        null,
        null,
        null,
        null,
        null,
        null,
        null,
        null,
        null,
        null,
        null
      ]
    },
    "model": "AixLib.Airflow.AirHandlingUnit.Examples.AHU",
    "simulation": {
      "elapsed_time": 0.0944,
      "final_time": 86400,
      "jacobians": 0,
      "start_time": 0,
      "state_events": 0,
      "success": true
    }
  },
  {
    "comparison": {
      "file_name": "AixLib.Airflow.AirHandlingUnit.ModularAirHandlingUnit.Components.Validation.SensibleCooler.mat",
      "funnel_dirs": [
        "funnel_comp/AixLib.Airflow.AirHandlingUnit.ModularAirHandlingUnit.Components.Validation.SensibleCooler.mat_senTem.T",
        "funnel_comp/AixLib.Airflow.AirHandlingUnit.ModularAirHandlingUnit.Components.Validation.SensibleCooler.mat_senCooRea.TAirOut",
        "funnel_comp/AixLib.Airflow.AirHandlingUnit.ModularAirHandlingUnit.Components.Validation.SensibleCooler.mat_resT.y",
        "funnel_comp/AixLib.Airflow.AirHandlingUnit.ModularAirHandlingUnit.Components.Validation.SensibleCooler.mat_senCooRea1.Q_flow",
        "funnel_comp/AixLib.Airflow.AirHandlingUnit.ModularAirHandlingUnit.Components.Validation.SensibleCooler.mat_cooFlu1.Q_flow",
        "funnel_comp/AixLib.Airflow.AirHandlingUnit.ModularAirHandlingUnit.Components.Validation.SensibleCooler.mat_resPow.y",
        "funnel_comp/AixLib.Airflow.AirHandlingUnit.ModularAirHandlingUnit.Components.Validation.SensibleCooler.mat_senCooRea.dp",
        "funnel_comp/AixLib.Airflow.AirHandlingUnit.ModularAirHandlingUnit.Components.Validation.SensibleCooler.mat_cooFlu.dp"
      ],
      "success_rate": 1.0,
      "t_err_max": [
        0.0,
        0.0,
        0.0,
        0.0,
        0.0,
        0.0,
        0.0,
        0.0
      ],
      "test_passed": [
        1,
        1,
        1,
        1,
        1,
        1,
        1,
        1
      ],
      "var_groups": [
        0,
        0,
        1,
        2,
        2,
        3,
        4,
        4
      ],
      "variables": [
        "senTem.T",
        "senCooRea.TAirOut",
        "resT.y",
        "senCooRea1.Q_flow",
        "cooFlu1.Q_flow",
        "resPow.y",
        "senCooRea.dp",
        "cooFlu.dp"
      ],
      "warnings": [
        null,
        null,
        null,
        null,
        null,
        null,
        null,
        null
      ]
    },
    "model": "AixLib.Airflow.AirHandlingUnit.ModularAirHandlingUnit.Components.Validation.SensibleCooler",
    "simulation": {
      "elapsed_time": 0.016,
      "final_time": 14400,
      "jacobians": 121,
      "start_time": 0,
      "state_events": 0,
      "success": true
    }
  }
]
