[
  {
    "comparison": {
      "file_name": "AixLib.Systems.ModularAHU.Validation.AHU2_Preheater.mat",
      "funnel_dirs": [],
      "success_rate": 0,
      "t_err_max": [],
      "test_passed": [],
      "var_groups": [],
      "variables": [],
      "warnings": []
    },
    "model": "AixLib.Systems.ModularAHU.Validation.AHU2_Preheater",
    "simulation": {
      "elapsed_time": 1.36,
      "final_time": 7200,
      "jacobians": 5019,
      "start_time": 0,
      "state_events": 11,
      "success": true
    }
  },
  {
    "comparison": {
      "file_name": "AixLib.Systems.HydraulicModules.Examples.Admix.mat",
      "funnel_dirs": [
        "funnel_comp/AixLib.Systems.HydraulicModules.Examples.Admix.mat_hydraulicBus.TFwrdInMea",
        "funnel_comp/AixLib.Systems.HydraulicModules.Examples.Admix.mat_hydraulicBus.TFwrdOutMea",
        "funnel_comp/AixLib.Systems.HydraulicModules.Examples.Admix.mat_hydraulicBus.TRtrnInMea",
        "funnel_comp/AixLib.Systems.HydraulicModules.Examples.Admix.mat_hydraulicBus.TRtrnOutMea",
        "funnel_comp/AixLib.Systems.HydraulicModules.Examples.Admix.mat_hydraulicBus.VFlowInMea",
        "funnel_comp/AixLib.Systems.HydraulicModules.Examples.Admix.mat_hydraulicBus.VFlowOutMea"
      ],
      "success_rate": 1.0,
      "t_err_max": [
        0.0,
        0.0,
        0.0,
        0.0,
        0.0,
        0.0
      ],
      "test_passed": [
        1,
        1,
        1,
        1,
        1,
        1
      ],
      "var_groups": [
        0,
        0,
        0,
        0,
        1,
        1
      ],
      "variables": [
        "hydraulicBus.TFwrdInMea",
        "hydraulicBus.TFwrdOutMea",
        "hydraulicBus.TRtrnInMea",
        "hydraulicBus.TRtrnOutMea",
        "hydraulicBus.VFlowInMea",
        "hydraulicBus.VFlowOutMea"
      ],
      "warnings": [
        null,
        null,
        null,
        null,
        null,
        null
      ]
    },
    "model": "AixLib.Systems.HydraulicModules.Examples.Admix",
    "simulation": {
      "elapsed_time": 0.0168,
      "final_time": 800,
      "jacobians": 73,
      "start_time": 0,
      "state_events": 0,
      "success": true
    }
  },
  {
    "comparison": {
      "file_name": "AixLib.Systems.HydraulicModules.Examples.ThrottlePump.mat",
      "funnel_dirs": [
        "funnel_comp/AixLib.Systems.HydraulicModules.Examples.ThrottlePump.mat_hydraulicBus.TFwrdInMea",
        "funnel_comp/AixLib.Systems.HydraulicModules.Examples.ThrottlePump.mat_hydraulicBus.TFwrdOutMea",
        "funnel_comp/AixLib.Systems.HydraulicModules.Examples.ThrottlePump.mat_hydraulicBus.TRtrnInMea",
        "funnel_comp/AixLib.Systems.HydraulicModules.Examples.ThrottlePump.mat_hydraulicBus.TRtrnOutMea",
        "funnel_comp/AixLib.Systems.HydraulicModules.Examples.ThrottlePump.mat_hydraulicBus.VFlowInMea",
        "funnel_comp/AixLib.Systems.HydraulicModules.Examples.ThrottlePump.mat_hydraulicBus.VFlowOutMea"
      ],
      "success_rate": 1.0,
      "t_err_max": [
        0.0,
        0.0,
        0.0,
        0.0,
        0.0,
        0.0
      ],
      "test_passed": [
        1,
        1,
        1,
        1,
        1,
        1
      ],
      "var_groups": [
        0,
        0,
        0,
        0,
        1,
        1
      ],
      "variables": [
        "hydraulicBus.TFwrdInMea",
        "hydraulicBus.TFwrdOutMea",
        "hydraulicBus.TRtrnInMea",
        "hydraulicBus.TRtrnOutMea",
        "hydraulicBus.VFlowInMea",
        "hydraulicBus.VFlowOutMea"
      ],
      "warnings": [
        null,
        null,
        null,
        null,
        null,
        null
      ]
    },
    "model": "AixLib.Systems.HydraulicModules.Examples.ThrottlePump",
    "simulation": {
      "elapsed_time": 0.0125,
      "final_time": 600,
      "jacobians": 61,
      "start_time": 0,
      "state_events": 0,
      "success": true
    }
  },
  {
    "comparison": {
      "file_name": "AixLib.Systems.ScalableGenerationModules.ScalableBoiler.Examples.ScalableBoilerFeedbackNew.mat",
      "funnel_dirs": [
        "funnel_comp/AixLib.Systems.ScalableGenerationModules.ScalableBoiler.Examples.ScalableBoilerFeedbackNew.mat_boiBus.TSupMea",
        "funnel_comp/AixLib.Systems.ScalableGenerationModules.ScalableBoiler.Examples.ScalableBoilerFeedbackNew.mat_boiBus.TRetMea",
        "funnel_comp/AixLib.Systems.ScalableGenerationModules.ScalableBoiler.Examples.ScalableBoilerFeedbackNew.mat_boiBus.eta",
        "funnel_comp/AixLib.Systems.ScalableGenerationModules.ScalableBoiler.Examples.ScalableBoilerFeedbackNew.mat_boiBus.Q_flow",
        "funnel_comp/AixLib.Systems.ScalableGenerationModules.ScalableBoiler.Examples.ScalableBoilerFeedbackNew.mat_boiBus.fuelPower"
      ],
      "success_rate": 1.0,
      "t_err_max": [
        0.0,
        0.0,
        0.0,
        0.0,
        0.0
      ],
      "test_passed": [
        1,
        1,
        1,
        1,
        1
      ],
      "var_groups": [
        0,
        0,
        1,
        2,
        2
      ],
      "variables": [
        "boiBus.TSupMea",
        "boiBus.TRetMea",
        "boiBus.eta",
        "boiBus.Q_flow",
        "boiBus.fuelPower"
      ],
      "warnings": [
        null,
        null,
        null,
        null,
        null
      ]
    },
    "model": "AixLib.Systems.ScalableGenerationModules.ScalableBoiler.Examples.ScalableBoilerFeedbackNew",
    "simulation": {
      "elapsed_time": 0.193,
      "final_time": 20000,
      "jacobians": 1826,
      "start_time": 0,
      "state_events": 132,
      "success": true
    }
  },
  {
    "comparison": {
      "file_name": "AixLib.Systems.ModularAHU.Examples.Heater.mat",
      "funnel_dirs": [],
      "success_rate": 0,
      "t_err_max": [],
      "test_passed": [],
      "var_groups": [],
      "variables": [],
      "warnings": []
    },
    "model": "AixLib.Systems.ModularAHU.Examples.Heater",
    "simulation": {
      "elapsed_time": 0.0241,
      "final_time": 3600,
      "jacobians": 56,
      "start_time": 0,
      "state_events": 0,
      "success": true
    }
  },
  {
    "comparison": {
      "file_name": "AixLib.Systems.ScalableGenerationModules.ScalableBoiler.Examples.ScalableBoilerConstantSup.mat",
      "funnel_dirs": [
        "funnel_comp/AixLib.Systems.ScalableGenerationModules.ScalableBoiler.Examples.ScalableBoilerConstantSup.mat_boiBus.TSupMea",
        "funnel_comp/AixLib.Systems.ScalableGenerationModules.ScalableBoiler.Examples.ScalableBoilerConstantSup.mat_boiBus.TRetMea",
        "funnel_comp/AixLib.Systems.ScalableGenerationModules.ScalableBoiler.Examples.ScalableBoilerConstantSup.mat_boiBus.eta",
        "funnel_comp/AixLib.Systems.ScalableGenerationModules.ScalableBoiler.Examples.ScalableBoilerConstantSup.mat_boiBus.Q_flow",
        "funnel_comp/AixLib.Systems.ScalableGenerationModules.ScalableBoiler.Examples.ScalableBoilerConstantSup.mat_boiBus.fuelPower"
      ],
      "success_rate": 1.0,
      "t_err_max": [
        0.0,
        0.0,
        0.0,
        0.0,
        0.0
      ],
      "test_passed": [
        1,
        1,
        1,
        1,
        1
      ],
      "var_groups": [
        0,
        0,
        1,
        2,
        2
      ],
      "variables": [
        "boiBus.TSupMea",
        "boiBus.TRetMea",
        "boiBus.eta",
        "boiBus.Q_flow",
        "boiBus.fuelPower"
      ],
      "warnings": [
        null,
        null,
        null,
        null,
        null
      ]
    },
    "model": "AixLib.Systems.ScalableGenerationModules.ScalableBoiler.Examples.ScalableBoilerConstantSup",
    "simulation": {
      "elapsed_time": 0.018,
      "final_time": 84000,
      "jacobians": 133,
      "start_time": 0,
      "state_events": 3,
      "success": true
    }
  },
  {
    "comparison": {
      "file_name": "AixLib.Systems.HydraulicModules.Examples.Injection.mat",
      "funnel_dirs": [
        "funnel_comp/AixLib.Systems.HydraulicModules.Examples.Injection.mat_hydraulicBus.TFwrdInMea",
        "funnel_comp/AixLib.Systems.HydraulicModules.Examples.Injection.mat_hydraulicBus.TFwrdOutMea",
        "funnel_comp/AixLib.Systems.HydraulicModules.Examples.Injection.mat_hydraulicBus.TRtrnInMea",
        "funnel_comp/AixLib.Systems.HydraulicModules.Examples.Injection.mat_hydraulicBus.TRtrnOutMea",
        "funnel_comp/AixLib.Systems.HydraulicModules.Examples.Injection.mat_hydraulicBus.VFlowInMea",
        "funnel_comp/AixLib.Systems.HydraulicModules.Examples.Injection.mat_hydraulicBus.VFlowOutMea"
      ],
      "success_rate": 1.0,
      "t_err_max": [
        0.0,
        0.0,
        0.0,
        0.0,
        0.0,
        0.0
      ],
      "test_passed": [
        1,
        1,
        1,
        1,
        1,
        1
      ],
      "var_groups": [
        0,
        0,
        0,
        0,
        1,
        1
      ],
      "variables": [
        "hydraulicBus.TFwrdInMea",
        "hydraulicBus.TFwrdOutMea",
        "hydraulicBus.TRtrnInMea",
        "hydraulicBus.TRtrnOutMea",
        "hydraulicBus.VFlowInMea",
        "hydraulicBus.VFlowOutMea"
      ],
      "warnings": [
        null,
        null,
        null,
        null,
        null,
        null
      ]
    },
    "model": "AixLib.Systems.HydraulicModules.Examples.Injection",
    "simulation": {
      "elapsed_time": 0.022,
      "final_time": 800,
      "jacobians": 70,
      "start_time": 0,
      "state_events": 0,
      "success": true
    }
  },
  {
    "comparison": {
      "file_name": "AixLib.Systems.HydraulicModules.Examples.Pump.mat",
      "funnel_dirs": [
        "funnel_comp/AixLib.Systems.HydraulicModules.Examples.Pump.mat_hydraulicBus.TFwrdInMea",
        "funnel_comp/AixLib.Systems.HydraulicModules.Examples.Pump.mat_hydraulicBus.TFwrdOutMea",
        "funnel_comp/AixLib.Systems.HydraulicModules.Examples.Pump.mat_hydraulicBus.TRtrnInMea",
        "funnel_comp/AixLib.Systems.HydraulicModules.Examples.Pump.mat_hydraulicBus.TRtrnOutMea",
        "funnel_comp/AixLib.Systems.HydraulicModules.Examples.Pump.mat_hydraulicBus.VFlowInMea",
        "funnel_comp/AixLib.Systems.HydraulicModules.Examples.Pump.mat_hydraulicBus.VFlowOutMea"
      ],
      "success_rate": 1.0,
      "t_err_max": [
        0.0,
        0.0,
        0.0,
        0.0,
        0.0,
        0.0
      ],
      "test_passed": [
        1,
        1,
        1,
        1,
        1,
        1
      ],
      "var_groups": [
        0,
        0,
        0,
        0,
        1,
        1
      ],
      "variables": [
        "hydraulicBus.TFwrdInMea",
        "hydraulicBus.TFwrdOutMea",
        "hydraulicBus.TRtrnInMea",
        "hydraulicBus.TRtrnOutMea",
        "hydraulicBus.VFlowInMea",
        "hydraulicBus.VFlowOutMea"
      ],
      "warnings": [
        null,
        null,
        null,
        null,
        null,
        null
      ]
    },
    "model": "AixLib.Systems.HydraulicModules.Examples.Pump",
    "simulation": {
      "elapsed_time": 0.0181,
      "final_time": 800,
      "jacobians": 74,
      "start_time": 0,
      "state_events": 1,
      "success": true
    }
  },
  {
    "comparison": {
      "file_name": "AixLib.Systems.ScalableGenerationModules.ScalableBoiler.Examples.ScalableBoilerHeatingCurve.mat",
      "funnel_dirs": [
        "funnel_comp/AixLib.Systems.ScalableGenerationModules.ScalableBoiler.Examples.ScalableBoilerHeatingCurve.mat_boiBus.TSupMea",
        "funnel_comp/AixLib.Systems.ScalableGenerationModules.ScalableBoiler.Examples.ScalableBoilerHeatingCurve.mat_boiBus.TRetMea",
        "funnel_comp/AixLib.Systems.ScalableGenerationModules.ScalableBoiler.Examples.ScalableBoilerHeatingCurve.mat_boiBus.eta",
        "funnel_comp/AixLib.Systems.ScalableGenerationModules.ScalableBoiler.Examples.ScalableBoilerHeatingCurve.mat_boiBus.Q_flow",
        "funnel_comp/AixLib.Systems.ScalableGenerationModules.ScalableBoiler.Examples.ScalableBoilerHeatingCurve.mat_boiBus.fuelPower"
      ],
      "success_rate": 1.0,
      "t_err_max": [
        0.0,
        0.0,
        0.0,
        0.0,
        0.0
      ],
      "test_passed": [
        1,
        1,
        1,
        1,
        1
      ],
      "var_groups": [
        0,
        0,
        1,
        2,
        2
      ],
      "variables": [
        "boiBus.TSupMea",
        "boiBus.TRetMea",
        "boiBus.eta",
        "boiBus.Q_flow",
        "boiBus.fuelPower"
      ],
      "warnings": [
        null,
        null,
        null,
        null,
        null
      ]
    },
    "model": "AixLib.Systems.ScalableGenerationModules.ScalableBoiler.Examples.ScalableBoilerHeatingCurve",
    "simulation": {
      "elapsed_time": 0.0547,
      "final_time": 84000,
      "jacobians": 528,
      "start_time": 0,
      "state_events": 10,
      "success": true
    }
  },
  {
    "comparison": {
      "file_name": "AixLib.Systems.ModularAHU.Validation.AHU2_Cooler.mat",
      "funnel_dirs": [],
      "success_rate": 0,
      "t_err_max": [],
      "test_passed": [],
      "var_groups": [],
      "variables": [],
      "warnings": []
    },
    "model": "AixLib.Systems.ModularAHU.Validation.AHU2_Cooler",
    "simulation": {
      "elapsed_time": 2.47,
      "final_time": 2700,
      "jacobians": 11739,
      "start_time": 0,
      "state_events": 0,
      "success": true
    }
  },
  {
    "comparison": {
      "file_name": "AixLib.Systems.ModularAHU.Examples.DemandControlledAHU.mat",
      "funnel_dirs": [],
      "success_rate": 0,
      "t_err_max": [],
      "test_passed": [],
      "var_groups": [],
      "variables": [],
      "warnings": []
    },
    "model": "AixLib.Systems.ModularAHU.Examples.DemandControlledAHU",
    "simulation": {
      "elapsed_time": 47.1,
      "final_time": 6566400.0,
      "jacobians": 25798,
      "start_time": 5961600.0,
      "state_events": 51,
      "success": true
    }
  },
  {
    "comparison": {
      "file_name": "AixLib.Systems.HydraulicModules.Examples.Throttle.mat",
      "funnel_dirs": [
        "funnel_comp/AixLib.Systems.HydraulicModules.Examples.Throttle.mat_hydraulicBus.TFwrdInMea",
        "funnel_comp/AixLib.Systems.HydraulicModules.Examples.Throttle.mat_hydraulicBus.TFwrdOutMea",
        "funnel_comp/AixLib.Systems.HydraulicModules.Examples.Throttle.mat_hydraulicBus.TRtrnInMea",
        "funnel_comp/AixLib.Systems.HydraulicModules.Examples.Throttle.mat_hydraulicBus.TRtrnOutMea",
        "funnel_comp/AixLib.Systems.HydraulicModules.Examples.Throttle.mat_hydraulicBus.VFlowInMea",
        "funnel_comp/AixLib.Systems.HydraulicModules.Examples.Throttle.mat_hydraulicBus.VFlowOutMea"
      ],
      "success_rate": 1.0,
      "t_err_max": [
        0.0,
        0.0,
        0.0,
        0.0,
        0.0,
        0.0
      ],
      "test_passed": [
        1,
        1,
        1,
        1,
        1,
        1
      ],
      "var_groups": [
        0,
        0,
        0,
        0,
        1,
        1
      ],
      "variables": [
        "hydraulicBus.TFwrdInMea",
        "hydraulicBus.TFwrdOutMea",
        "hydraulicBus.TRtrnInMea",
        "hydraulicBus.TRtrnOutMea",
        "hydraulicBus.VFlowInMea",
        "hydraulicBus.VFlowOutMea"
      ],
      "warnings": [
        null,
        null,
        null,
        null,
        null,
        null
      ]
    },
    "model": "AixLib.Systems.HydraulicModules.Examples.Throttle",
    "simulation": {
      "elapsed_time": 0.00786,
      "final_time": 1000,
      "jacobians": 43,
      "start_time": 0,
      "state_events": 0,
      "success": true
    }
  },
  {
    "comparison": {
      "file_name": "AixLib.Systems.HydraulicModules.Examples.Injection2WayValve.mat",
      "funnel_dirs": [
        "funnel_comp/AixLib.Systems.HydraulicModules.Examples.Injection2WayValve.mat_hydraulicBus.TFwrdInMea",
        "funnel_comp/AixLib.Systems.HydraulicModules.Examples.Injection2WayValve.mat_hydraulicBus.TFwrdOutMea",
        "funnel_comp/AixLib.Systems.HydraulicModules.Examples.Injection2WayValve.mat_hydraulicBus.TRtrnInMea",
        "funnel_comp/AixLib.Systems.HydraulicModules.Examples.Injection2WayValve.mat_hydraulicBus.TRtrnOutMea",
        "funnel_comp/AixLib.Systems.HydraulicModules.Examples.Injection2WayValve.mat_hydraulicBus.VFlowInMea",
        "funnel_comp/AixLib.Systems.HydraulicModules.Examples.Injection2WayValve.mat_hydraulicBus.VFlowOutMea"
      ],
      "success_rate": 1.0,
      "t_err_max": [
        0.0,
        0.0,
        0.0,
        0.0,
        0.0,
        0.0
      ],
      "test_passed": [
        1,
        1,
        1,
        1,
        1,
        1
      ],
      "var_groups": [
        0,
        0,
        0,
        0,
        1,
        1
      ],
      "variables": [
        "hydraulicBus.TFwrdInMea",
        "hydraulicBus.TFwrdOutMea",
        "hydraulicBus.TRtrnInMea",
        "hydraulicBus.TRtrnOutMea",
        "hydraulicBus.VFlowInMea",
        "hydraulicBus.VFlowOutMea"
      ],
      "warnings": [
        null,
        null,
        null,
        null,
        null,
        null
      ]
    },
    "model": "AixLib.Systems.HydraulicModules.Examples.Injection2WayValve",
    "simulation": {
      "elapsed_time": 0.018,
      "final_time": 800,
      "jacobians": 66,
      "start_time": 0,
      "state_events": 0,
      "success": true
    }
  },
  {
    "comparison": {
      "file_name": "AixLib.Systems.ModularAHU.Validation.AHU2_Heater.mat",
      "funnel_dirs": [],
      "success_rate": 0,
      "t_err_max": [],
      "test_passed": [],
      "var_groups": [],
      "variables": [],
      "warnings": []
    },
    "model": "AixLib.Systems.ModularAHU.Validation.AHU2_Heater",
    "simulation": {
      "elapsed_time": 1.06,
      "final_time": 4320,
      "jacobians": 4262,
      "start_time": 0,
      "state_events": 0,
      "success": true
    }
  },
  {
    "comparison": {
      "file_name": "AixLib.Systems.ModularAHU.Examples.GenericAHU.mat",
      "funnel_dirs": [],
      "success_rate": 0,
      "t_err_max": [],
      "test_passed": [],
      "var_groups": [],
      "variables": [],
      "warnings": []
    },
    "model": "AixLib.Systems.ModularAHU.Examples.GenericAHU",
    "simulation": {
      "elapsed_time": 0.161,
      "final_time": 7200,
      "jacobians": 93,
      "start_time": 0,
      "state_events": 0,
      "success": true
    }
  }
]
