[
  {
    "comparison": {
      "file_name": "AixLib.Utilities.KPIs.Examples.Co2Kpis.mat",
      "funnel_dirs": [
        null,
        null,
        null,
        null,
        null,
        null,
        null,
        null,
        null,
        null,
        null,
        null,
        null,
        null,
        null
      ],
      "success_rate": 0.0,
      "t_err_max": [
        0,
        0,
        0,
        0,
        0,
        0,
        0,
        0,
        0,
        0,
        0,
        0,
        0,
        0,
        0
      ],
      "test_passed": [
        0,
        0,
        0,
        0,
        0,
        0,
        0,
        0,
        0,
        0,
        0,
        0,
        0,
        0,
        0
      ],
      "var_groups": [
        0,
        1,
        2,
        2,
        2,
        3,
        3,
        4,
        4,
        4,
        4,
        5,
        5,
        5,
        5
      ],
      "variables": [
        "traCo2Con.y",
        "booPulAct.y",
        "fixBou.ppmSecOutBou",
        "fixBouAct.ppmSecOutBou",
        "fixBouRes.ppmSecOutBou",
        "fixBouTim.totTimeOutBou",
        "fixBouTimRes.totTimeOutBou",
        "din16798Tim.totTimeOutBouCat1",
        "din16798Tim.totTimeOutBouCat2",
        "din16798Tim.totTimeOutBouCat3",
        "din16798Tim.totTimeOutBouCat4",
        "din16798ActTim.totTimeOutBouCat1",
        "din16798ActTim.totTimeOutBouCat2",
        "din16798ActTim.totTimeOutBouCat3",
        "din16798ActTim.totTimeOutBouCat4"
      ],
      "warnings": [
        "Translation, simulation or extracting simulation results failed. IOError while reading /tmp/tmp-AixLib-0-0xzs0pm5/AixLib/AixLib.Utilities.KPIs.Examples.Co2Kpis.mat generated by Utilities/KPIs/Examples/Co2Kpis.mos.\nFile /tmp/tmp-AixLib-0-0xzs0pm5/AixLib/AixLib.Utilities.KPIs.Examples.Co2Kpis.mat does not exist.\n",
        "",
        "",
        "",
        "",
        "",
        "",
        "",
        "",
        "",
        "",
        "",
        "",
        "",
        ""
      ]
    },
    "model": "AixLib.Utilities.KPIs.Examples.Co2Kpis",
    "simulation": {
      "elapsed_time": 0,
      "final_time": 120,
      "jacobians": 0,
      "start_time": 0,
      "state_events": 0,
      "success": false
    }
  },
  {
    "comparison": {
      "file_name": "AixLib.Utilities.KPIs.Examples.IntegralErrorSingleReference.mat",
      "funnel_dirs": [
        "funnel_comp/AixLib.Utilities.KPIs.Examples.IntegralErrorSingleReference.mat_pul.y",
        "funnel_comp/AixLib.Utilities.KPIs.Examples.IntegralErrorSingleReference.mat_conZeroRef.y",
        "funnel_comp/AixLib.Utilities.KPIs.Examples.IntegralErrorSingleReference.mat_booSteItgAct.y",
        "funnel_comp/AixLib.Utilities.KPIs.Examples.IntegralErrorSingleReference.mat_booSteItgRes.y",
        "funnel_comp/AixLib.Utilities.KPIs.Examples.IntegralErrorSingleReference.mat_iae.y",
        "funnel_comp/AixLib.Utilities.KPIs.Examples.IntegralErrorSingleReference.mat_iaeAct.y",
        "funnel_comp/AixLib.Utilities.KPIs.Examples.IntegralErrorSingleReference.mat_iaeActRes.y",
        "funnel_comp/AixLib.Utilities.KPIs.Examples.IntegralErrorSingleReference.mat_ise.y",
        "funnel_comp/AixLib.Utilities.KPIs.Examples.IntegralErrorSingleReference.mat_itgTim.y",
        "funnel_comp/AixLib.Utilities.KPIs.Examples.IntegralErrorSingleReference.mat_itgTimRes.y",
        "funnel_comp/AixLib.Utilities.KPIs.Examples.IntegralErrorSingleReference.mat_itgErrPos.y",
        "funnel_comp/AixLib.Utilities.KPIs.Examples.IntegralErrorSingleReference.mat_itgErrNeg.y",
        "funnel_comp/AixLib.Utilities.KPIs.Examples.IntegralErrorSingleReference.mat_itgErrPosAct.y",
        "funnel_comp/AixLib.Utilities.KPIs.Examples.IntegralErrorSingleReference.mat_itgErrPosActRes.y"
      ],
      "success_rate": 1.0,
      "t_err_max": [
        0.0,
        0.0,
        0.0,
        0.0,
        0.0,
        0.0,
        0.0,
        0.0,
        0.0,
        0.0,
        0.0,
        0.0,
        0.0,
        0.0
      ],
      "test_passed": [
        1,
        1,
        1,
        1,
        1,
        1,
        1,
        1,
        1,
        1,
        1,
        1,
        1,
        1
      ],
      "var_groups": [
        0,
        0,
        1,
        1,
        2,
        2,
        2,
        2,
        3,
        3,
        4,
        4,
        4,
        4
      ],
      "variables": [
        "pul.y",
        "conZeroRef.y",
        "booSteItgAct.y",
        "booSteItgRes.y",
        "iae.y",
        "iaeAct.y",
        "iaeActRes.y",
        "ise.y",
        "itgTim.y",
        "itgTimRes.y",
        "itgErrPos.y",
        "itgErrNeg.y",
        "itgErrPosAct.y",
        "itgErrPosActRes.y"
      ],
      "warnings": [
        null,
        null,
        null,
        null,
        null,
        null,
        null,
        null,
        null,
        null,
        null,
        null,
        null,
        null
      ]
    },
    "model": "AixLib.Utilities.KPIs.Examples.IntegralErrorSingleReference",
    "simulation": {
      "elapsed_time": 0.00273,
      "final_time": 10,
      "jacobians": 183,
      "start_time": 0,
      "state_events": 2,
      "success": true
    }
  },
  {
    "comparison": {
      "file_name": "AixLib.Utilities.KPIs.Examples.IntegralErrorDualReference.mat",
      "funnel_dirs": [
        null,
        null,
        null,
        null,
        null,
        null,
        null,
        null,
        null,
        null,
        null,
        null,
        null,
        null
      ],
      "success_rate": 0.0,
      "t_err_max": [
        0,
        0,
        0,
        0,
        0,
        0,
        0,
        0,
        0,
        0,
        0,
        0,
        0,
        0
      ],
      "test_passed": [
        0,
        0,
        0,
        0,
        0,
        0,
        0,
        0,
        0,
        0,
        0,
        0,
        0,
        0
      ],
      "var_groups": [
        0,
        0,
        0,
        1,
        1,
        2,
        2,
        2,
        3,
        3,
        3,
        4,
        4,
        4
      ],
      "variables": [
        "pul.y",
        "ramUppBou.y",
        "ramLowBou.y",
        "booSteItgAct.y",
        "booSteItgRes.y",
        "ied.y",
        "ied.yPos",
        "ied.yNeg",
        "iedAct.y",
        "iedAct.yPos",
        "iedAct.yNeg",
        "iedActRes.y",
        "iedActRes.yPos",
        "iedActRes.yNeg"
      ],
      "warnings": [
        "Translation, simulation or extracting simulation results failed. IOError while reading /tmp/tmp-AixLib-1-se1ywgow/AixLib/AixLib.Utilities.KPIs.Examples.IntegralErrorDualReference.mat generated by Utilities/KPIs/Examples/IntegralErrorDualReference.mos.\nFile /tmp/tmp-AixLib-1-se1ywgow/AixLib/AixLib.Utilities.KPIs.Examples.IntegralErrorDualReference.mat does not exist.\n",
        "",
        "",
        "",
        "",
        "",
        "",
        "",
        "",
        "",
        "",
        "",
        "",
        ""
      ]
    },
    "model": "AixLib.Utilities.KPIs.Examples.IntegralErrorDualReference",
    "simulation": {
      "elapsed_time": 0,
      "final_time": 10,
      "jacobians": 0,
      "start_time": 0,
      "state_events": 0,
      "success": false
    }
  },
  {
    "comparison": {
      "file_name": "AixLib.Utilities.Sensors.Examples.ExergyMeters.mat",
      "funnel_dirs": [
        "funnel_comp/AixLib.Utilities.Sensors.Examples.ExergyMeters.mat_calcExergyDestructionLoss_1.y",
        "funnel_comp/AixLib.Utilities.Sensors.Examples.ExergyMeters.mat_calcExergyDestructionLoss_2.y"
      ],
      "success_rate": 1.0,
      "t_err_max": [
        0.0,
        0.0
      ],
      "test_passed": [
        1,
        1
      ],
      "var_groups": [
        0,
        0
      ],
      "variables": [
        "calcExergyDestructionLoss_1.y",
        "calcExergyDestructionLoss_2.y"
      ],
      "warnings": [
        null,
        null
      ]
    },
    "model": "AixLib.Utilities.Sensors.Examples.ExergyMeters",
    "simulation": {
      "elapsed_time": 0.0604,
      "final_time": 7200,
      "jacobians": 33,
      "start_time": 0,
      "state_events": 0,
      "success": true
    }
  },
  {
    "comparison": {
      "file_name": "AixLib.Utilities.KPIs.Examples.EnergyKpis.mat",
      "funnel_dirs": [
        null,
        null,
        null,
        null,
        null,
        null,
        null,
        null,
        null,
        null,
        null
      ],
      "success_rate": 0.0,
      "t_err_max": [
        0,
        0,
        0,
        0,
        0,
        0,
        0,
        0,
        0,
        0,
        0
      ],
      "test_passed": [
        0,
        0,
        0,
        0,
        0,
        0,
        0,
        0,
        0,
        0,
        0
      ],
      "var_groups": [
        0,
        1,
        1,
        1,
        1,
        2,
        2,
        3,
        4,
        4,
        5
      ],
      "variables": [
        "pulQ_flow.y",
        "thmMtr.QHea",
        "thmMtr.QCoo",
        "thmMtrTim.QHea",
        "thmMtrTim.QCoo",
        "thmMtrTim.timeHea",
        "thmMtrTim.timeCoo",
        "pulP.y",
        "eleMtr.E",
        "eleMtrTim.E",
        "eleMtrTim.timeAct"
      ],
      "warnings": [
        "Translation, simulation or extracting simulation results failed. IOError while reading /tmp/tmp-AixLib-2-umtl1bz_/AixLib/AixLib.Utilities.KPIs.Examples.EnergyKpis.mat generated by Utilities/KPIs/Examples/EnergyKpis.mos.\nFile /tmp/tmp-AixLib-2-umtl1bz_/AixLib/AixLib.Utilities.KPIs.Examples.EnergyKpis.mat does not exist.\n",
        "",
        "",
        "",
        "",
        "",
        "",
        "",
        "",
        "",
        ""
      ]
    },
    "model": "AixLib.Utilities.KPIs.Examples.EnergyKpis",
    "simulation": {
      "elapsed_time": 0,
      "final_time": 10,
      "jacobians": 0,
      "start_time": 0,
      "state_events": 0,
      "success": false
    }
  },
  {
    "comparison": {
      "file_name": "AixLib.Utilities.Math.Examples.MovingAverage.mat",
      "funnel_dirs": [
        "funnel_comp/AixLib.Utilities.Math.Examples.MovingAverage.mat_movingAverage.u",
        "funnel_comp/AixLib.Utilities.Math.Examples.MovingAverage.mat_movingAverage.y"
      ],
      "success_rate": 1.0,
      "t_err_max": [
        0.0,
        0.0
      ],
      "test_passed": [
        1,
        1
      ],
      "var_groups": [
        0,
        0
      ],
      "variables": [
        "movingAverage.u",
        "movingAverage.y"
      ],
      "warnings": [
        null,
        null
      ]
    },
    "model": "AixLib.Utilities.Math.Examples.MovingAverage",
    "simulation": {
      "elapsed_time": 0.00159001,
      "final_time": 50,
      "jacobians": 10,
      "start_time": 0,
      "state_events": 4,
      "success": true
    }
  },
  {
    "comparison": {
      "file_name": "AixLib.Utilities.KPIs.Examples.TemperatureKpis.mat",
      "funnel_dirs": [
        null,
        null,
        null,
        null,
        null,
        null,
        null,
        null,
        null,
        null,
        null,
        null,
        null,
        null,
        null,
        null,
        null,
        null,
        null,
        null,
        null,
        null,
        null
      ],
      "success_rate": 0.0,
      "t_err_max": [
        0,
        0,
        0,
        0,
        0,
        0,
        0,
        0,
        0,
        0,
        0,
        0,
        0,
        0,
        0,
        0,
        0,
        0,
        0,
        0,
        0,
        0,
        0
      ],
      "test_passed": [
        0,
        0,
        0,
        0,
        0,
        0,
        0,
        0,
        0,
        0,
        0,
        0,
        0,
        0,
        0,
        0,
        0,
        0,
        0,
        0,
        0,
        0,
        0
      ],
      "var_groups": [
        0,
        0,
        0,
        0,
        1,
        2,
        2,
        2,
        3,
        3,
        4,
        4,
        4,
        5,
        5,
        5,
        6,
        6,
        6,
        7,
        8,
        8,
        8
      ],
      "variables": [
        "traT.y",
        "fixBou.TCom",
        "fixBou.conTUppBou.k",
        "fixBou.conTLowBou.k",
        "booPulAct.y",
        "fixBou.totDegSecOutBou",
        "fixBouAct.totDegSecOutBou",
        "fixBouRes.totDegSecOutBou",
        "fixBouTim.totTimeOutBou",
        "fixBouTimRes.totTimeOutBou",
        "flxBou.T",
        "flxBou.uppBou",
        "flxBou.lowBou",
        "flxBou.degSecOutUppBou",
        "flxBou.degSecOutLowBou",
        "flxBou.totDegSecOutBou",
        "din16798_1.T",
        "din16798_1.comT.TComUppBou",
        "din16798_1.comT.TComLowBou",
        "din16798_1.TAmb",
        "din16798_1.degSecOutUppBou",
        "din16798_1.degSecOutLowBou",
        "din16798_1.totDegSecOutBou"
      ],
      "warnings": [
        "Translation, simulation or extracting simulation results failed. IOError while reading /tmp/tmp-AixLib-3-i_54_ecc/AixLib/AixLib.Utilities.KPIs.Examples.TemperatureKpis.mat generated by Utilities/KPIs/Examples/TemperatureKpis.mos.\nFile /tmp/tmp-AixLib-3-i_54_ecc/AixLib/AixLib.Utilities.KPIs.Examples.TemperatureKpis.mat does not exist.\n",
        "",
        "",
        "",
        "",
        "",
        "",
        "",
        "",
        "",
        "",
        "",
        "",
        "",
        "",
        "",
        "",
        "",
        "",
        "",
        "",
        "",
        ""
      ]
    },
    "model": "AixLib.Utilities.KPIs.Examples.TemperatureKpis",
    "simulation": {
      "elapsed_time": 0,
      "final_time": 120,
      "jacobians": 0,
      "start_time": 0,
      "state_events": 0,
      "success": false
    }
  }
]
