[
  {
    "comparison": {
      "file_name": "AixLib.Systems.ModularEnergySystems.ModularBoiler.Examples.ModularBoilerSimple.mat",
      "funnel_dirs": [
        "funnel_comp/AixLib.Systems.ModularEnergySystems.ModularBoiler.Examples.ModularBoilerSimple.mat_boilerControlBus.TSupMea",
        "funnel_comp/AixLib.Systems.ModularEnergySystems.ModularBoiler.Examples.ModularBoilerSimple.mat_boilerControlBus.TRetMea",
        "funnel_comp/AixLib.Systems.ModularEnergySystems.ModularBoiler.Examples.ModularBoilerSimple.mat_boilerControlBus.Efficiency",
        "funnel_comp/AixLib.Systems.ModularEnergySystems.ModularBoiler.Examples.ModularBoilerSimple.mat_boilerControlBus.ThermalPower",
        "funnel_comp/AixLib.Systems.ModularEnergySystems.ModularBoiler.Examples.ModularBoilerSimple.mat_boilerControlBus.fuelPower"
      ],
      "success_rate": 1.0,
      "t_err_max": [
        0.0,
        0.0,
        0.0,
        0.0,
        0.0
      ],
      "test_passed": [
        1,
        1,
        1,
        1,
        1
      ],
      "var_groups": [
        0,
        0,
        1,
        2,
        2
      ],
      "variables": [
        "boilerControlBus.TSupMea",
        "boilerControlBus.TRetMea",
        "boilerControlBus.Efficiency",
        "boilerControlBus.ThermalPower",
        "boilerControlBus.fuelPower"
      ],
      "warnings": [
        null,
        null,
        null,
        null,
        null
      ]
    },
    "model": "AixLib.Systems.ModularEnergySystems.ModularBoiler.Examples.ModularBoilerSimple",
    "simulation": {
      "elapsed_time": 0.0198,
      "final_time": 84000,
      "jacobians": 97,
      "start_time": 0,
      "state_events": 3,
      "success": true
    }
  },
  {
    "comparison": {
      "file_name": "AixLib.Systems.ModularEnergySystems.ModularBoiler.Examples.ModularBoilerHeatingCurve.mat",
      "funnel_dirs": [
        "funnel_comp/AixLib.Systems.ModularEnergySystems.ModularBoiler.Examples.ModularBoilerHeatingCurve.mat_boilerControlBus.TSupMea",
        "funnel_comp/AixLib.Systems.ModularEnergySystems.ModularBoiler.Examples.ModularBoilerHeatingCurve.mat_boilerControlBus.TRetMea",
        "funnel_comp/AixLib.Systems.ModularEnergySystems.ModularBoiler.Examples.ModularBoilerHeatingCurve.mat_boilerControlBus.Efficiency",
        "funnel_comp/AixLib.Systems.ModularEnergySystems.ModularBoiler.Examples.ModularBoilerHeatingCurve.mat_boilerControlBus.ThermalPower",
        "funnel_comp/AixLib.Systems.ModularEnergySystems.ModularBoiler.Examples.ModularBoilerHeatingCurve.mat_boilerControlBus.fuelPower"
      ],
      "success_rate": 1.0,
      "t_err_max": [
        0.0,
        0.0,
        0.0,
        0.0,
        0.0
      ],
      "test_passed": [
        1,
        1,
        1,
        1,
        1
      ],
      "var_groups": [
        0,
        0,
        1,
        2,
        2
      ],
      "variables": [
        "boilerControlBus.TSupMea",
        "boilerControlBus.TRetMea",
        "boilerControlBus.Efficiency",
        "boilerControlBus.ThermalPower",
        "boilerControlBus.fuelPower"
      ],
      "warnings": [
        null,
        null,
        null,
        null,
        null
      ]
    },
    "model": "AixLib.Systems.ModularEnergySystems.ModularBoiler.Examples.ModularBoilerHeatingCurve",
    "simulation": {
      "elapsed_time": 0.053,
      "final_time": 84000,
      "jacobians": 542,
      "start_time": 0,
      "state_events": 12,
      "success": true
    }
  },
  {
    "comparison": {
      "file_name": "AixLib.Systems.ModularEnergySystems.ModularBoiler.Examples.ModularBoilerFeedback.mat",
      "funnel_dirs": [
        "funnel_comp/AixLib.Systems.ModularEnergySystems.ModularBoiler.Examples.ModularBoilerFeedback.mat_boilerControlBus.TSupMea",
        "funnel_comp/AixLib.Systems.ModularEnergySystems.ModularBoiler.Examples.ModularBoilerFeedback.mat_boilerControlBus.TRetMea",
        "funnel_comp/AixLib.Systems.ModularEnergySystems.ModularBoiler.Examples.ModularBoilerFeedback.mat_boilerControlBus.Efficiency",
        "funnel_comp/AixLib.Systems.ModularEnergySystems.ModularBoiler.Examples.ModularBoilerFeedback.mat_boilerControlBus.ThermalPower",
        "funnel_comp/AixLib.Systems.ModularEnergySystems.ModularBoiler.Examples.ModularBoilerFeedback.mat_boilerControlBus.fuelPower"
      ],
      "success_rate": 1.0,
      "t_err_max": [
        0.0,
        0.0,
        0.0,
        0.0,
        0.0
      ],
      "test_passed": [
        1,
        1,
        1,
        1,
        1
      ],
      "var_groups": [
        0,
        0,
        1,
        2,
        2
      ],
      "variables": [
        "boilerControlBus.TSupMea",
        "boilerControlBus.TRetMea",
        "boilerControlBus.Efficiency",
        "boilerControlBus.ThermalPower",
        "boilerControlBus.fuelPower"
      ],
      "warnings": [
        null,
        null,
        null,
        null,
        null
      ]
    },
    "model": "AixLib.Systems.ModularEnergySystems.ModularBoiler.Examples.ModularBoilerFeedback",
    "simulation": {
      "elapsed_time": 2.95,
      "final_time": 20000,
      "jacobians": 32091,
      "start_time": 0,
      "state_events": 2547,
      "success": true
    }
  }
]
