 = true


rCheck = checkModel("AixLib.Systems.ModularEnergySystems.ModularBoiler.Examples.ModularBoilerSimple");
Check of AixLib.Systems.ModularEnergySystems.ModularBoiler.Examples.ModularBoilerSimple:
Warning: Non-literal value.
In nominal attribute for modularBoiler.boilerGeneric.preDro.m_flow.
Ignoring nominal attribute.
In class Modelica.Units.SI.
  Near file: /opt/dymola-2022-x86_64/Modelica/Library/Modelica 4.0.0/Units.mo, line 237
Used in base-class modularBoiler.boilerGeneric.preDro.PartialTwoPortInterface.
  Near file: /tmp/tmp-AixLib-0-s8fd18sg/AixLib/Fluid/BaseClasses/PartialResistance.mo, line 3
Warning: Non-literal value.
In nominal attribute for modularBoiler.boilerGeneric.preDro.dp.
Ignoring nominal attribute.
In class Modelica.Units.SI.
  Near file: /opt/dymola-2022-x86_64/Modelica/Library/Modelica 4.0.0/Units.mo, line 237
Used in base-class modularBoiler.boilerGeneric.preDro.PartialTwoPortInterface.
  Near file: /tmp/tmp-AixLib-0-s8fd18sg/AixLib/Fluid/BaseClasses/PartialResistance.mo, line 3
The model has the same number of unknowns and equations: 575
The model could not be deduced to be symbolically well-posed.
The model has
  545+modularBoiler.boilerGeneric.vol.dynBal.nPorts+2*modularBoiler.boilerGeneric.offDesignOperation.multiplex4.n1  +2*modularBoiler.boilerGeneric.offDesignOperation.multiplex4.n2+2*  modularBoiler.boilerGeneric.offDesignOperation.multiplex4.n3+2*  modularBoiler.boilerGeneric.offDesignOperation.multiplex4.n4+modularBoiler.boilerGeneric.offDesignOperation.boilerEffciency.nin  +2*modularBoiler.boilerGeneric.designOperation.multiplex4.n1+2*  modularBoiler.boilerGeneric.designOperation.multiplex4.n2+2*modularBoiler.boilerGeneric.designOperation.multiplex4.n3  +2*modularBoiler.boilerGeneric.designOperation.multiplex4.n4+modularBoiler.boilerGeneric.designOperation.boilerEffciency.nin  +modularBoiler.pump.vol.dynBal.nPorts+vol.dynBal.nPorts
scalar unknowns and
  533+2*(modularBoiler.boilerGeneric.offDesignOperation.multiplex4.n1+  modularBoiler.boilerGeneric.offDesignOperation.multiplex4.n2+modularBoiler.boilerGeneric.offDesignOperation.multiplex4.n3  +modularBoiler.boilerGeneric.offDesignOperation.multiplex4.n4+modularBoiler.boilerGeneric.designOperation.multiplex4.n1  +modularBoiler.boilerGeneric.designOperation.multiplex4.n2+modularBoiler.boilerGeneric.designOperation.multiplex4.n3  +modularBoiler.boilerGeneric.designOperation.multiplex4.n4)+(if bou.use_Xi_in   then 1 else (if bou.use_X_in then 0 else 1))+(if  not bou.use_p_in then 1   else 0)+2*bou.nPorts+(if  not bou.use_T_in then 1 else 0)+(if  not   modularBoiler.boilerGeneric.vol.dynBal.use_mWat_flow then 1 else 0)+3*  modularBoiler.boilerGeneric.vol.dynBal.nPorts+(if  not modularBoiler.pump.vol.dynBal.use_mWat_flow   then 1 else 0)+3*modularBoiler.pump.vol.dynBal.nPorts+(if  not   vol.dynBal.use_mWat_flow then 1 else 0)+3*vol.dynBal.nPorts
scalar equations.
However, exploiting the given numerical settings of parameters gives the same number of unknowns and equations:
  575
Check of AixLib.Systems.ModularEnergySystems.ModularBoiler.Examples.ModularBoilerSimple successful.
Warning: WARNINGS have been issued.
Declaring variable: Boolean rCheck ;

Modelica.Utilities.Streams.print("    { \"file\" :  \"AixLib/Resources/Scripts/Dymola/Systems/ModularEnergySystems/Examples/ModularBoilerSimple.mos\",", "AixLib.Systems.ModularEnergySystems.ModularBoiler.Examples.ModularBoilerSimple.statistics.log");
Modelica.Utilities.Streams.print("      \"model\" : \"AixLib.Systems.ModularEnergySystems.ModularBoiler.Examples.ModularBoilerSimple\",", "AixLib.Systems.ModularEnergySystems.ModularBoiler.Examples.ModularBoilerSimple.statistics.log");
Modelica.Utilities.Streams.print("      \"check\" : {", "AixLib.Systems.ModularEnergySystems.ModularBoiler.Examples.ModularBoilerSimple.statistics.log");
Modelica.Utilities.Streams.print("        \"command\" : \"checkModel(\\\"AixLib.Systems.ModularEnergySystems.ModularBoiler.Examples.ModularBoilerSimple\\\");\",", "AixLib.Systems.ModularEnergySystems.ModularBoiler.Examples.ModularBoilerSimple.statistics.log");
Modelica.Utilities.Streams.print("        \"result\"  : " + String(rCheck), "AixLib.Systems.ModularEnergySystems.ModularBoiler.Examples.ModularBoilerSimple.statistics.log");
Modelica.Utilities.Streams.print("      },", "AixLib.Systems.ModularEnergySystems.ModularBoiler.Examples.ModularBoilerSimple.statistics.log");


rScript=RunScript("modelica://AixLib/Resources/Scripts/Dymola/Systems/ModularEnergySystems/Examples/ModularBoilerSimple.mos");
simulateModel("AixLib.Systems.ModularEnergySystems.ModularBoiler.Examples.ModularBoilerSimple", tolerance=1e-06, stopTime=84000, method="dassl",  resultFile="AixLib.Systems.ModularEnergySystems.ModularBoiler.Examples.ModularBoilerSimple");
Translation of AixLib.Systems.ModularEnergySystems.ModularBoiler.Examples.ModularBoilerSimple:
Warning: Non-literal value.
In nominal attribute for modularBoiler.boilerGeneric.preDro.m_flow.
Ignoring nominal attribute.
In class Modelica.Units.SI.
  Near file: /opt/dymola-2022-x86_64/Modelica/Library/Modelica 4.0.0/Units.mo, line 237
Used in base-class modularBoiler.boilerGeneric.preDro.PartialTwoPortInterface.
  Near file: /tmp/tmp-AixLib-0-s8fd18sg/AixLib/Fluid/BaseClasses/PartialResistance.mo, line 3
Warning: Non-literal value.
In nominal attribute for modularBoiler.boilerGeneric.preDro.dp.
Ignoring nominal attribute.
In class Modelica.Units.SI.
  Near file: /opt/dymola-2022-x86_64/Modelica/Library/Modelica 4.0.0/Units.mo, line 237
Used in base-class modularBoiler.boilerGeneric.preDro.PartialTwoPortInterface.
  Near file: /tmp/tmp-AixLib-0-s8fd18sg/AixLib/Fluid/BaseClasses/PartialResistance.mo, line 3
The DAE has 575 scalar unknowns and 575 scalar equations.
Warning: The initial conditions are not fully specified.
Dymola has selected default initial conditions.
Warning: Assuming fixed start value for the continuous states:
    vol.dynBal.U(start = 4165531.824*(vol.dynBal.fluidVolume*(vol.dynBal.T_start      -273.15)))
 
 
Statistics
 
Original Model
  Number of components: 156
  Variables: 1280
  Constants: 18 (18 scalars)
  Parameters: 621 (745 scalars)
  Unknowns: 641 (594 scalars)
  Differentiated variables: 14 scalars
  Equations: 586
  Nontrivial: 485
Translated Model
  Constants: 412 scalars
  Free parameters: 127 scalars
  Parameter depending: 293 scalars
  Outputs: 10 scalars
  Continuous time states: 10 scalars
  Time-varying variables: 143 scalars
  Alias variables: 382 scalars
  Assumed default initial conditions: 1
  Number of mixed real/discrete systems of equations: 0
  Sizes of linear systems of equations: {4}
  Sizes after manipulation of the linear systems: {0}
  Sizes of nonlinear systems of equations: {5}
  Sizes after manipulation of the nonlinear systems: {1}
  Number of numerical Jacobians: 0
  Initialization problem
    Sizes of nonlinear systems of equations: {5}
    Sizes after manipulation of the nonlinear systems: {1}
    Number of numerical Jacobians: 0
 
Selected continuous time states
Statically selected continuous time states
  modularBoiler.boilerControl.internalFirRatControl.PID.I.y
  modularBoiler.boilerGeneric.senTRet.T
  modularBoiler.boilerGeneric.senTSup.T
  modularBoiler.boilerGeneric.vol.dynBal.U
  modularBoiler.pump.filter.s[1]
  modularBoiler.pump.filter.s[2]
  modularBoiler.pump.vol.dynBal.U
  modularBoiler.senTRet.T
  modularBoiler.senTSup.T
  vol.dynBal.U
 
Warning: WARNINGS have been issued.
Finished
 = true

Declaring variable: Boolean rScript ;

savelog("AixLib.Systems.ModularEnergySystems.ModularBoiler.Examples.ModularBoilerSimple.translation.log"); = true


rCheck = checkModel("AixLib.Systems.ModularEnergySystems.ModularBoiler.Examples.ModularBoilerHeatingCurve");
Check of AixLib.Systems.ModularEnergySystems.ModularBoiler.Examples.ModularBoilerHeatingCurve:
Warning: Non-literal value.
In nominal attribute for modularBoiler.boilerGeneric.preDro.m_flow.
Ignoring nominal attribute.
In class Modelica.Units.SI.
  Near file: /opt/dymola-2022-x86_64/Modelica/Library/Modelica 4.0.0/Units.mo, line 237
Used in base-class modularBoiler.boilerGeneric.preDro.PartialTwoPortInterface.
  Near file: /tmp/tmp-AixLib-1-wtstcp5e/AixLib/Fluid/BaseClasses/PartialResistance.mo, line 3
Warning: Non-literal value.
In nominal attribute for modularBoiler.boilerGeneric.preDro.dp.
Ignoring nominal attribute.
In class Modelica.Units.SI.
  Near file: /opt/dymola-2022-x86_64/Modelica/Library/Modelica 4.0.0/Units.mo, line 237
Used in base-class modularBoiler.boilerGeneric.preDro.PartialTwoPortInterface.
  Near file: /tmp/tmp-AixLib-1-wtstcp5e/AixLib/Fluid/BaseClasses/PartialResistance.mo, line 3
The model has the same number of unknowns and equations: 604
The model could not be deduced to be symbolically well-posed.
The model has
  574+modularBoiler.boilerGeneric.vol.dynBal.nPorts+2*modularBoiler.boilerGeneric.offDesignOperation.multiplex4.n1  +2*modularBoiler.boilerGeneric.offDesignOperation.multiplex4.n2+2*  modularBoiler.boilerGeneric.offDesignOperation.multiplex4.n3+2*  modularBoiler.boilerGeneric.offDesignOperation.multiplex4.n4+modularBoiler.boilerGeneric.offDesignOperation.boilerEffciency.nin  +2*modularBoiler.boilerGeneric.designOperation.multiplex4.n1+2*  modularBoiler.boilerGeneric.designOperation.multiplex4.n2+2*modularBoiler.boilerGeneric.designOperation.multiplex4.n3  +2*modularBoiler.boilerGeneric.designOperation.multiplex4.n4+modularBoiler.boilerGeneric.designOperation.boilerEffciency.nin  +modularBoiler.pump.vol.dynBal.nPorts+vol.dynBal.nPorts
scalar unknowns and
  562+2*(modularBoiler.boilerGeneric.offDesignOperation.multiplex4.n1+  modularBoiler.boilerGeneric.offDesignOperation.multiplex4.n2+modularBoiler.boilerGeneric.offDesignOperation.multiplex4.n3  +modularBoiler.boilerGeneric.offDesignOperation.multiplex4.n4+modularBoiler.boilerGeneric.designOperation.multiplex4.n1  +modularBoiler.boilerGeneric.designOperation.multiplex4.n2+modularBoiler.boilerGeneric.designOperation.multiplex4.n3  +modularBoiler.boilerGeneric.designOperation.multiplex4.n4)+(if bou.use_Xi_in   then 1 else (if bou.use_X_in then 0 else 1))+(if  not bou.use_p_in then 1   else 0)+2*bou.nPorts+(if  not bou.use_T_in then 1 else 0)+(if  not   modularBoiler.boilerGeneric.vol.dynBal.use_mWat_flow then 1 else 0)+3*  modularBoiler.boilerGeneric.vol.dynBal.nPorts+(if  not modularBoiler.pump.vol.dynBal.use_mWat_flow   then 1 else 0)+3*modularBoiler.pump.vol.dynBal.nPorts+(if  not   vol.dynBal.use_mWat_flow then 1 else 0)+3*vol.dynBal.nPorts
scalar equations.
However, exploiting the given numerical settings of parameters gives the same number of unknowns and equations:
  604
Check of AixLib.Systems.ModularEnergySystems.ModularBoiler.Examples.ModularBoilerHeatingCurve successful.
Warning: WARNINGS have been issued.
Declaring variable: Boolean rCheck ;

Modelica.Utilities.Streams.print("    { \"file\" :  \"AixLib/Resources/Scripts/Dymola/Systems/ModularEnergySystems/Examples/ModularBoilerHeatingCurve.mos\",", "AixLib.Systems.ModularEnergySystems.ModularBoiler.Examples.ModularBoilerHeatingCurve.statistics.log");
Modelica.Utilities.Streams.print("      \"model\" : \"AixLib.Systems.ModularEnergySystems.ModularBoiler.Examples.ModularBoilerHeatingCurve\",", "AixLib.Systems.ModularEnergySystems.ModularBoiler.Examples.ModularBoilerHeatingCurve.statistics.log");
Modelica.Utilities.Streams.print("      \"check\" : {", "AixLib.Systems.ModularEnergySystems.ModularBoiler.Examples.ModularBoilerHeatingCurve.statistics.log");
Modelica.Utilities.Streams.print("        \"command\" : \"checkModel(\\\"AixLib.Systems.ModularEnergySystems.ModularBoiler.Examples.ModularBoilerHeatingCurve\\\");\",", "AixLib.Systems.ModularEnergySystems.ModularBoiler.Examples.ModularBoilerHeatingCurve.statistics.log");
Modelica.Utilities.Streams.print("        \"result\"  : " + String(rCheck), "AixLib.Systems.ModularEnergySystems.ModularBoiler.Examples.ModularBoilerHeatingCurve.statistics.log");
Modelica.Utilities.Streams.print("      },", "AixLib.Systems.ModularEnergySystems.ModularBoiler.Examples.ModularBoilerHeatingCurve.statistics.log");


rScript=RunScript("modelica://AixLib/Resources/Scripts/Dymola/Systems/ModularEnergySystems/Examples/ModularBoilerHeatingCurve.mos");
simulateModel("AixLib.Systems.ModularEnergySystems.ModularBoiler.Examples.ModularBoilerHeatingCurve", tolerance=1e-06, stopTime=84000, method="dassl",  resultFile="AixLib.Systems.ModularEnergySystems.ModularBoiler.Examples.ModularBoilerHeatingCurve");
Translation of AixLib.Systems.ModularEnergySystems.ModularBoiler.Examples.ModularBoilerHeatingCurve:
Warning: Non-literal value.
In nominal attribute for modularBoiler.boilerGeneric.preDro.m_flow.
Ignoring nominal attribute.
In class Modelica.Units.SI.
  Near file: /opt/dymola-2022-x86_64/Modelica/Library/Modelica 4.0.0/Units.mo, line 237
Used in base-class modularBoiler.boilerGeneric.preDro.PartialTwoPortInterface.
  Near file: /tmp/tmp-AixLib-1-wtstcp5e/AixLib/Fluid/BaseClasses/PartialResistance.mo, line 3
Warning: Non-literal value.
In nominal attribute for modularBoiler.boilerGeneric.preDro.dp.
Ignoring nominal attribute.
In class Modelica.Units.SI.
  Near file: /opt/dymola-2022-x86_64/Modelica/Library/Modelica 4.0.0/Units.mo, line 237
Used in base-class modularBoiler.boilerGeneric.preDro.PartialTwoPortInterface.
  Near file: /tmp/tmp-AixLib-1-wtstcp5e/AixLib/Fluid/BaseClasses/PartialResistance.mo, line 3
The DAE has 604 scalar unknowns and 604 scalar equations.
Warning: The initial conditions are not fully specified.
Dymola has selected default initial conditions.
Warning: Assuming fixed start value for the continuous states:
    vol.dynBal.U(start = 4165531.824*(vol.dynBal.fluidVolume*(vol.dynBal.T_start      -273.15)))
 
 
Statistics
 
Original Model
  Number of components: 167
  Variables: 1369
  Constants: 26 (118 scalars)
  Parameters: 668 (1192 scalars)
  Unknowns: 675 (623 scalars)
  Differentiated variables: 14 scalars
  Equations: 606
  Nontrivial: 504
Translated Model
  Constants: 536 scalars
  Free parameters: 328 scalars
  Parameter depending: 516 scalars
  Outputs: 9 scalars
  Continuous time states: 10 scalars
  Time-varying variables: 163 scalars
  Alias variables: 390 scalars
  Assumed default initial conditions: 1
  Number of mixed real/discrete systems of equations: 0
  Sizes of linear systems of equations: {4}
  Sizes after manipulation of the linear systems: {0}
  Sizes of nonlinear systems of equations: {5}
  Sizes after manipulation of the nonlinear systems: {1}
  Number of numerical Jacobians: 0
  Initialization problem
    Sizes of nonlinear systems of equations: {5}
    Sizes after manipulation of the nonlinear systems: {1}
    Number of numerical Jacobians: 0
 
Selected continuous time states
Statically selected continuous time states
  modularBoiler.boilerControl.internalFirRatControl.PID.I.y
  modularBoiler.boilerGeneric.senTRet.T
  modularBoiler.boilerGeneric.senTSup.T
  modularBoiler.boilerGeneric.vol.dynBal.U
  modularBoiler.pump.filter.s[1]
  modularBoiler.pump.filter.s[2]
  modularBoiler.pump.vol.dynBal.U
  modularBoiler.senTRet.T
  modularBoiler.senTSup.T
  vol.dynBal.U
 
Warning: WARNINGS have been issued.
Finished
 = true

Declaring variable: Boolean rScript ;

savelog("AixLib.Systems.ModularEnergySystems.ModularBoiler.Examples.ModularBoilerHeatingCurve.translation.log"); = true


rCheck = checkModel("AixLib.Systems.ModularEnergySystems.ModularBoiler.Examples.ModularBoilerFeedback");
Check of AixLib.Systems.ModularEnergySystems.ModularBoiler.Examples.ModularBoilerFeedback:
Warning: Non-literal value.
In nominal attribute for modularBoiler.boilerGeneric.preDro.m_flow.
Ignoring nominal attribute.
In class Modelica.Units.SI.
  Near file: /opt/dymola-2022-x86_64/Modelica/Library/Modelica 4.0.0/Units.mo, line 237
Used in base-class modularBoiler.boilerGeneric.preDro.PartialTwoPortInterface.
  Near file: /tmp/tmp-AixLib-2-88g7j9gx/AixLib/Fluid/BaseClasses/PartialResistance.mo, line 3
Warning: Non-literal value.
In nominal attribute for modularBoiler.boilerGeneric.preDro.dp.
Ignoring nominal attribute.
In class Modelica.Units.SI.
  Near file: /opt/dymola-2022-x86_64/Modelica/Library/Modelica 4.0.0/Units.mo, line 237
Used in base-class modularBoiler.boilerGeneric.preDro.PartialTwoPortInterface.
  Near file: /tmp/tmp-AixLib-2-88g7j9gx/AixLib/Fluid/BaseClasses/PartialResistance.mo, line 3
The model has the same number of unknowns and equations: 745
The model could not be deduced to be symbolically well-posed.
The model has
  712+modularBoiler.boilerGeneric.vol.dynBal.nPorts+2*modularBoiler.boilerGeneric.offDesignOperation.multiplex4.n1  +2*modularBoiler.boilerGeneric.offDesignOperation.multiplex4.n2+2*  modularBoiler.boilerGeneric.offDesignOperation.multiplex4.n3+2*  modularBoiler.boilerGeneric.offDesignOperation.multiplex4.n4+modularBoiler.boilerGeneric.offDesignOperation.boilerEffciency.nin  +2*modularBoiler.boilerGeneric.designOperation.multiplex4.n1+2*  modularBoiler.boilerGeneric.designOperation.multiplex4.n2+2*modularBoiler.boilerGeneric.designOperation.multiplex4.n3  +2*modularBoiler.boilerGeneric.designOperation.multiplex4.n4+modularBoiler.boilerGeneric.designOperation.boilerEffciency.nin  +modularBoiler.pump.vol.dynBal.nPorts+modularBoiler.val.vol.dynBal.nPorts+  vol.dynBal.nPorts
scalar unknowns and
  693+2*(modularBoiler.boilerGeneric.offDesignOperation.multiplex4.n1+  modularBoiler.boilerGeneric.offDesignOperation.multiplex4.n2+modularBoiler.boilerGeneric.offDesignOperation.multiplex4.n3  +modularBoiler.boilerGeneric.offDesignOperation.multiplex4.n4+modularBoiler.boilerGeneric.designOperation.multiplex4.n1  +modularBoiler.boilerGeneric.designOperation.multiplex4.n2+modularBoiler.boilerGeneric.designOperation.multiplex4.n3  +modularBoiler.boilerGeneric.designOperation.multiplex4.n4)+(if bou.use_Xi_in   then 1 else (if bou.use_X_in then 0 else 1))+(if  not bou.use_p_in then 1   else 0)+2*bou.nPorts+(if  not bou.use_T_in then 1 else 0)+(if  not   modularBoiler.boilerGeneric.vol.dynBal.use_mWat_flow then 1 else 0)+3*  modularBoiler.boilerGeneric.vol.dynBal.nPorts+(if  not modularBoiler.pump.vol.dynBal.use_mWat_flow   then 1 else 0)+3*modularBoiler.pump.vol.dynBal.nPorts+(if  not   vol.dynBal.use_mWat_flow then 1 else 0)+3*vol.dynBal.nPorts+(if  not   modularBoiler.val.vol.dynBal.use_mWat_flow then 1 else 0)+3*modularBoiler.val.vol.dynBal.nPorts
scalar equations.
However, exploiting the given numerical settings of parameters gives the same number of unknowns and equations:
  745
Check of AixLib.Systems.ModularEnergySystems.ModularBoiler.Examples.ModularBoilerFeedback successful.
Warning: WARNINGS have been issued.
Declaring variable: Boolean rCheck ;

Modelica.Utilities.Streams.print("    { \"file\" :  \"AixLib/Resources/Scripts/Dymola/Systems/ModularEnergySystems/Examples/ModularBoilerFeedback.mos\",", "AixLib.Systems.ModularEnergySystems.ModularBoiler.Examples.ModularBoilerFeedback.statistics.log");
Modelica.Utilities.Streams.print("      \"model\" : \"AixLib.Systems.ModularEnergySystems.ModularBoiler.Examples.ModularBoilerFeedback\",", "AixLib.Systems.ModularEnergySystems.ModularBoiler.Examples.ModularBoilerFeedback.statistics.log");
Modelica.Utilities.Streams.print("      \"check\" : {", "AixLib.Systems.ModularEnergySystems.ModularBoiler.Examples.ModularBoilerFeedback.statistics.log");
Modelica.Utilities.Streams.print("        \"command\" : \"checkModel(\\\"AixLib.Systems.ModularEnergySystems.ModularBoiler.Examples.ModularBoilerFeedback\\\");\",", "AixLib.Systems.ModularEnergySystems.ModularBoiler.Examples.ModularBoilerFeedback.statistics.log");
Modelica.Utilities.Streams.print("        \"result\"  : " + String(rCheck), "AixLib.Systems.ModularEnergySystems.ModularBoiler.Examples.ModularBoilerFeedback.statistics.log");
Modelica.Utilities.Streams.print("      },", "AixLib.Systems.ModularEnergySystems.ModularBoiler.Examples.ModularBoilerFeedback.statistics.log");


rScript=RunScript("modelica://AixLib/Resources/Scripts/Dymola/Systems/ModularEnergySystems/Examples/ModularBoilerFeedback.mos");
simulateModel("AixLib.Systems.ModularEnergySystems.ModularBoiler.Examples.ModularBoilerFeedback", tolerance=1e-06, stopTime=20000, method="dassl",  resultFile="AixLib.Systems.ModularEnergySystems.ModularBoiler.Examples.ModularBoilerFeedback");
Translation of AixLib.Systems.ModularEnergySystems.ModularBoiler.Examples.ModularBoilerFeedback:
Warning: Non-literal value.
In nominal attribute for modularBoiler.boilerGeneric.preDro.m_flow.
Ignoring nominal attribute.
In class Modelica.Units.SI.
  Near file: /opt/dymola-2022-x86_64/Modelica/Library/Modelica 4.0.0/Units.mo, line 237
Used in base-class modularBoiler.boilerGeneric.preDro.PartialTwoPortInterface.
  Near file: /tmp/tmp-AixLib-2-88g7j9gx/AixLib/Fluid/BaseClasses/PartialResistance.mo, line 3
Warning: Non-literal value.
In nominal attribute for modularBoiler.boilerGeneric.preDro.dp.
Ignoring nominal attribute.
In class Modelica.Units.SI.
  Near file: /opt/dymola-2022-x86_64/Modelica/Library/Modelica 4.0.0/Units.mo, line 237
Used in base-class modularBoiler.boilerGeneric.preDro.PartialTwoPortInterface.
  Near file: /tmp/tmp-AixLib-2-88g7j9gx/AixLib/Fluid/BaseClasses/PartialResistance.mo, line 3
The DAE has 745 scalar unknowns and 745 scalar equations.
Warning: The initial conditions are not fully specified.
Dymola has selected default initial conditions.
Warning: Assuming fixed start value for the continuous states:
    vol.dynBal.U(start = 4165531.824*(vol.dynBal.fluidVolume*(vol.dynBal.T_start      -273.15)))
 
 
Statistics
 
Original Model
  Number of components: 192
  Variables: 1742
  Constants: 29 (29 scalars)
  Parameters: 856 (976 scalars)
  Unknowns: 857 (771 scalars)
  Differentiated variables: 18 scalars
  Equations: 759
  Nontrivial: 630
Translated Model
  Constants: 559 scalars
  Free parameters: 172 scalars
  Parameter depending: 359 scalars
  Outputs: 11 scalars
  Continuous time states: 13 scalars
  Time-varying variables: 195 scalars
  Alias variables: 491 scalars
  Assumed default initial conditions: 1
  Number of mixed real/discrete systems of equations: 0
  Sizes of linear systems of equations: {4}
  Sizes after manipulation of the linear systems: {0}
  Sizes of nonlinear systems of equations: {8}
  Sizes after manipulation of the nonlinear systems: {1}
  Number of numerical Jacobians: 0
  Initialization problem
    Sizes of nonlinear systems of equations: {8}
    Sizes after manipulation of the nonlinear systems: {1}
    Number of numerical Jacobians: 0
 
Selected continuous time states
Statically selected continuous time states
  modularBoiler.boilerControl.feedbackControl.PIValve.I.y
  modularBoiler.boilerControl.internalFirRatControl.PID.I.y
  modularBoiler.boilerGeneric.senTRet.T
  modularBoiler.boilerGeneric.senTSup.T
  modularBoiler.boilerGeneric.vol.dynBal.U
  modularBoiler.pump.filter.s[1]
  modularBoiler.pump.filter.s[2]
  modularBoiler.pump.vol.dynBal.U
  modularBoiler.senTRet.T
  modularBoiler.senTSup.T
  modularBoiler.val.vol.dynBal.U
  senTRet.T
  vol.dynBal.U
 
Warning: WARNINGS have been issued.
Finished
 = true

Declaring variable: Boolean rScript ;

savelog("AixLib.Systems.ModularEnergySystems.ModularBoiler.Examples.ModularBoilerFeedback.translation.log");