 = true


rCheck = checkModel("AixLib.Electrical.PVSystem.Validation.ValidationPVSystem");
Check of AixLib.Electrical.PVSystem.Validation.ValidationPVSystem:
The model has the same number of unknowns and equations: 97
The model has the same number of unknowns and equations:
  93+max([size(NISTdata.columns, 1); size(NISTdata.offset, 1)])
Check of AixLib.Electrical.PVSystem.Validation.ValidationPVSystem successful.
Declaring variable: Boolean rCheck ;

Modelica.Utilities.Streams.print("    { \"file\" :  \"AixLib/Resources/Scripts/Dymola/Electrical/Validation/ValidationPVSystem.mos\",", "AixLib.Electrical.PVSystem.Validation.ValidationPVSystem.statistics.log");
Modelica.Utilities.Streams.print("      \"model\" : \"AixLib.Electrical.PVSystem.Validation.ValidationPVSystem\",", "AixLib.Electrical.PVSystem.Validation.ValidationPVSystem.statistics.log");
Modelica.Utilities.Streams.print("      \"check\" : {", "AixLib.Electrical.PVSystem.Validation.ValidationPVSystem.statistics.log");
Modelica.Utilities.Streams.print("        \"command\" : \"checkModel(\\\"AixLib.Electrical.PVSystem.Validation.ValidationPVSystem\\\");\",", "AixLib.Electrical.PVSystem.Validation.ValidationPVSystem.statistics.log");
Modelica.Utilities.Streams.print("        \"result\"  : " + String(rCheck), "AixLib.Electrical.PVSystem.Validation.ValidationPVSystem.statistics.log");
Modelica.Utilities.Streams.print("      },", "AixLib.Electrical.PVSystem.Validation.ValidationPVSystem.statistics.log");


rScript=RunScript("modelica://AixLib/Resources/Scripts/Dymola/Electrical/Validation/ValidationPVSystem.mos");
simulateModel("AixLib.Electrical.PVSystem.Validation.ValidationPVSystem", startTime=28684800, stopTime=28771200, tolerance=1e-06, method="dassl", resultFile="AixLib.Electrical.PVSystem.Validation.ValidationPVSystem");
Translation of AixLib.Electrical.PVSystem.Validation.ValidationPVSystem:
The DAE has 97 scalar unknowns and 97 scalar equations.
 
Statistics
 
Original Model
  Number of components: 20
  Variables: 223
  Constants: 6 (6 scalars)
  Parameters: 129 (134 scalars)
  Unknowns: 88 (97 scalars)
  Equations: 93
  Nontrivial: 86
Translated Model
  Constants: 16 scalars
  Free parameters: 41 scalars
  Parameter depending: 99 scalars
  Outputs: 5 scalars
  Time-varying variables: 49 scalars
  Alias variables: 32 scalars
  Number of mixed real/discrete systems of equations: 0
  Sizes of linear systems of equations: { }
  Sizes after manipulation of the linear systems: { }
  Sizes of nonlinear systems of equations: { }
  Sizes after manipulation of the nonlinear systems: { }
  Number of numerical Jacobians: 0
 
Selected continuous time states
Finished
 = true

Declaring variable: Boolean rScript ;

savelog("AixLib.Electrical.PVSystem.Validation.ValidationPVSystem.translation.log"); = true


rCheck = checkModel("AixLib.Electrical.PVSystem.Examples.ExamplePVSystem");
Check of AixLib.Electrical.PVSystem.Examples.ExamplePVSystem:
The model has the same number of unknowns and equations: 272
The model could not be deduced to be symbolically well-posed.
The model has
  272
scalar unknowns and
  268+(if weaDat.pAtmSou == AixLib.BoundaryConditions.Types.DataSource.Parameter   then 1 else 0)+(if weaDat.TDewPoiSou == AixLib.BoundaryConditions.Types.DataSource.  Parameter then 1 else 0)+(if weaDat.TDryBulSou == AixLib.BoundaryConditions.Types.DataSource.  Parameter then 1 else 0)+(if weaDat.TBlaSkySou == AixLib.BoundaryConditions.Types.DataSource.  Parameter then 1 else 0)+(if weaDat.relHumSou == AixLib.BoundaryConditions.Types.DataSource.  Parameter then 1 else 0)+(if weaDat.opaSkyCovSou == AixLib.BoundaryConditions.Types.DataSource.  Parameter then 1 else 0)+(if weaDat.ceiHeiSou == AixLib.BoundaryConditions.Types.DataSource.  Parameter then 1 else 0)+(if weaDat.totSkyCovSou == AixLib.BoundaryConditions.Types.DataSource.  Parameter then 1 else 0)+(if weaDat.winSpeSou == AixLib.BoundaryConditions.Types.DataSource.  Parameter then 1 else 0)+(if weaDat.winDirSou == AixLib.BoundaryConditions.Types.DataSource.  Parameter then 1 else 0)+(if weaDat.HInfHorSou == AixLib.BoundaryConditions.Types.DataSource.  Parameter then 1 else 0)+(if weaDat.HSou == AixLib.BoundaryConditions.Types.RadiationDataSource.  Input_HDirNor_HDifHor then 2 else 1)+(if weaDat.HSou == AixLib.BoundaryConditions.Types.RadiationDataSource.  Input_HDirNor_HGloHor then 2 else 1)+(if weaDat.HSou == AixLib.BoundaryConditions.Types.RadiationDataSource.  Input_HGloHor_HDifHor then 2 else 1)
scalar equations.
However, exploiting the given numerical settings of parameters gives the same number of unknowns and equations:
  272
Check of AixLib.Electrical.PVSystem.Examples.ExamplePVSystem successful.
Declaring variable: Boolean rCheck ;

Modelica.Utilities.Streams.print("    { \"file\" :  \"AixLib/Resources/Scripts/Dymola/Electrical/Examples/ExamplePVSystem.mos\",", "AixLib.Electrical.PVSystem.Examples.ExamplePVSystem.statistics.log");
Modelica.Utilities.Streams.print("      \"model\" : \"AixLib.Electrical.PVSystem.Examples.ExamplePVSystem\",", "AixLib.Electrical.PVSystem.Examples.ExamplePVSystem.statistics.log");
Modelica.Utilities.Streams.print("      \"check\" : {", "AixLib.Electrical.PVSystem.Examples.ExamplePVSystem.statistics.log");
Modelica.Utilities.Streams.print("        \"command\" : \"checkModel(\\\"AixLib.Electrical.PVSystem.Examples.ExamplePVSystem\\\");\",", "AixLib.Electrical.PVSystem.Examples.ExamplePVSystem.statistics.log");
Modelica.Utilities.Streams.print("        \"result\"  : " + String(rCheck), "AixLib.Electrical.PVSystem.Examples.ExamplePVSystem.statistics.log");
Modelica.Utilities.Streams.print("      },", "AixLib.Electrical.PVSystem.Examples.ExamplePVSystem.statistics.log");


rScript=RunScript("modelica://AixLib/Resources/Scripts/Dymola/Electrical/Examples/ExamplePVSystem.mos");
simulateModel("AixLib.Electrical.PVSystem.Examples.ExamplePVSystem", stopTime=31536000, method="dassl", tolerance=1e-06, resultFile="AixLib.Electrical.PVSystem.Examples.ExamplePVSystem");
Translation of AixLib.Electrical.PVSystem.Examples.ExamplePVSystem:
The DAE has 272 scalar unknowns and 272 scalar equations.
 
Statistics
 
Original Model
  Number of components: 67
  Variables: 434
  Constants: 22 (22 scalars)
  Parameters: 215 (241 scalars)
  Unknowns: 197 (272 scalars)
  Equations: 266
  Nontrivial: 250
Translated Model
  Constants: 130 scalars
  Free parameters: 52 scalars
  Parameter depending: 114 scalars
  Outputs: 1 scalars
  Time-varying variables: 104 scalars
  Alias variables: 135 scalars
  Number of mixed real/discrete systems of equations: 0
  Sizes of linear systems of equations: { }
  Sizes after manipulation of the linear systems: { }
  Sizes of nonlinear systems of equations: {3}
  Sizes after manipulation of the nonlinear systems: {1}
  Number of numerical Jacobians: 0
 
Selected continuous time states
Finished
 = true

Declaring variable: Boolean rScript ;

savelog("AixLib.Electrical.PVSystem.Examples.ExamplePVSystem.translation.log");