 = true


rCheck = checkModel("AixLib.Utilities.KPIs.Examples.IntegralErrorSingleReference");
Check of AixLib.Utilities.KPIs.Examples.IntegralErrorSingleReference
Warning: Local "y" conflict with inherited. Should be identical
Warning: Component y(unit = "s"),
  but previously y(unit = << Empty >>).
  The components are not identical.
 
  For element y found at
 
  File: /tmp/tmp-AixLib-0-226kof0n/AixLib/Utilities/KPIs/IntegralErrorSingleReference/IntegralTimer.mo, line 6
  Conflict with element from
  File: /tmp/tmp-AixLib-0-226kof0n/AixLib/Utilities/KPIs/BaseClasses/PartialIntegratorBase.mo, line 9
 Component context: itgTim
  Component declared as IntegralTimer itgTim in AixLib.Utilities.KPIs.IntegralErrorSingleReference
  File: /tmp/tmp-AixLib-0-226kof0n/AixLib/Utilities/KPIs/Examples/IntegralErrorSingleReference.mo, line 30
Warning: Local "y" conflict with inherited. Should be identical
Warning: Component y(unit = "s"),
  but previously y(unit = << Empty >>).
  The components are not identical.
 
  For element y found at
 
  File: /tmp/tmp-AixLib-0-226kof0n/AixLib/Utilities/KPIs/IntegralErrorSingleReference/IntegralTimer.mo, line 6
  Conflict with element from
  File: /tmp/tmp-AixLib-0-226kof0n/AixLib/Utilities/KPIs/BaseClasses/PartialIntegratorBase.mo, line 9
 Component context: itgTimRes
  Component declared as IntegralTimer itgTimRes in AixLib.Utilities.KPIs.IntegralErrorSingleReference
  File: /tmp/tmp-AixLib-0-226kof0n/AixLib/Utilities/KPIs/Examples/IntegralErrorSingleReference.mo, line 34
-------------------------------------------------
Error: the model is too complex for the current license.
Your license must be upgraded to handle this model.
-------------------------------------------------
Warning: WARNINGS have been issued.
Error: ERRORS have been issued.
Declaring variable: Boolean rCheck ;

Modelica.Utilities.Streams.print("    { \"file\" :  \"AixLib/Resources/Scripts/Dymola/Utilities/KPIs/Examples/IntegralErrorSingleReference.mos\",", "AixLib.Utilities.KPIs.Examples.IntegralErrorSingleReference.statistics.log");
Modelica.Utilities.Streams.print("      \"model\" : \"AixLib.Utilities.KPIs.Examples.IntegralErrorSingleReference\",", "AixLib.Utilities.KPIs.Examples.IntegralErrorSingleReference.statistics.log");
Modelica.Utilities.Streams.print("      \"check\" : {", "AixLib.Utilities.KPIs.Examples.IntegralErrorSingleReference.statistics.log");
Modelica.Utilities.Streams.print("        \"command\" : \"checkModel(\\\"AixLib.Utilities.KPIs.Examples.IntegralErrorSingleReference\\\");\",", "AixLib.Utilities.KPIs.Examples.IntegralErrorSingleReference.statistics.log");
Modelica.Utilities.Streams.print("        \"result\"  : " + String(rCheck), "AixLib.Utilities.KPIs.Examples.IntegralErrorSingleReference.statistics.log");
Modelica.Utilities.Streams.print("      },", "AixLib.Utilities.KPIs.Examples.IntegralErrorSingleReference.statistics.log");


rScript=RunScript("modelica://AixLib/Resources/Scripts/Dymola/Utilities/KPIs/Examples/IntegralErrorSingleReference.mos");
simulateModel("AixLib.Utilities.KPIs.Examples.IntegralErrorSingleReference", startTime=0, stopTime=10, outputInterval=1, method="dassl", tolerance=1e-6, resultFile="AixLib.Utilities.KPIs.Examples.IntegralErrorSingleReference");
Translation of AixLib.Utilities.KPIs.Examples.IntegralErrorSingleReference
Warning: Local "y" conflict with inherited. Should be identical
Warning: Component y(unit = "s"),
  but previously y(unit = << Empty >>).
  The components are not identical.
 
  For element y found at
 
  File: /tmp/tmp-AixLib-0-226kof0n/AixLib/Utilities/KPIs/IntegralErrorSingleReference/IntegralTimer.mo, line 6
  Conflict with element from
  File: /tmp/tmp-AixLib-0-226kof0n/AixLib/Utilities/KPIs/BaseClasses/PartialIntegratorBase.mo, line 9
 Component context: itgTim
  Component declared as IntegralTimer itgTim in AixLib.Utilities.KPIs.IntegralErrorSingleReference
  File: /tmp/tmp-AixLib-0-226kof0n/AixLib/Utilities/KPIs/Examples/IntegralErrorSingleReference.mo, line 30
Warning: Local "y" conflict with inherited. Should be identical
Warning: Component y(unit = "s"),
  but previously y(unit = << Empty >>).
  The components are not identical.
 
  For element y found at
 
  File: /tmp/tmp-AixLib-0-226kof0n/AixLib/Utilities/KPIs/IntegralErrorSingleReference/IntegralTimer.mo, line 6
  Conflict with element from
  File: /tmp/tmp-AixLib-0-226kof0n/AixLib/Utilities/KPIs/BaseClasses/PartialIntegratorBase.mo, line 9
 Component context: itgTimRes
  Component declared as IntegralTimer itgTimRes in AixLib.Utilities.KPIs.IntegralErrorSingleReference
  File: /tmp/tmp-AixLib-0-226kof0n/AixLib/Utilities/KPIs/Examples/IntegralErrorSingleReference.mo, line 34
-------------------------------------------------
Error: the model is too complex for the current license.
Your license must be upgraded to handle this model.
-------------------------------------------------
Warning: WARNINGS have been issued.
Error: ERRORS have been issued.
 = false

Instantiation of 
Declaring variable: Boolean rScript ;

savelog("AixLib.Utilities.KPIs.Examples.IntegralErrorSingleReference.translation.log"); = true


rCheck = checkModel("AixLib.Utilities.Math.Examples.MovingAverage");
Check of AixLib.Utilities.Math.Examples.MovingAverage
The model has the same number of unknowns and equations: 11
Check of AixLib.Utilities.Math.Examples.MovingAverage successful.
Declaring variable: Boolean rCheck ;

Modelica.Utilities.Streams.print("    { \"file\" :  \"AixLib/Resources/Scripts/Dymola/Utilities/Math/Examples/MovingAverage.mos\",", "AixLib.Utilities.Math.Examples.MovingAverage.statistics.log");
Modelica.Utilities.Streams.print("      \"model\" : \"AixLib.Utilities.Math.Examples.MovingAverage\",", "AixLib.Utilities.Math.Examples.MovingAverage.statistics.log");
Modelica.Utilities.Streams.print("      \"check\" : {", "AixLib.Utilities.Math.Examples.MovingAverage.statistics.log");
Modelica.Utilities.Streams.print("        \"command\" : \"checkModel(\\\"AixLib.Utilities.Math.Examples.MovingAverage\\\");\",", "AixLib.Utilities.Math.Examples.MovingAverage.statistics.log");
Modelica.Utilities.Streams.print("        \"result\"  : " + String(rCheck), "AixLib.Utilities.Math.Examples.MovingAverage.statistics.log");
Modelica.Utilities.Streams.print("      },", "AixLib.Utilities.Math.Examples.MovingAverage.statistics.log");


rScript=RunScript("modelica://AixLib/Resources/Scripts/Dymola/Utilities/Math/Examples/MovingAverage.mos");
simulateModel("AixLib.Utilities.Math.Examples.MovingAverage", method="CVode", tolerance=1e-6, stopTime=50.0, resultFile="AixLib.Utilities.Math.Examples.MovingAverage");
Translation of AixLib.Utilities.Math.Examples.MovingAverage
The DAE has 11 scalar unknowns and 11 scalar equations.
 
Statistics
 
Original Model
  Number of components: 4
  Variables: 24
  Parameters: 13 (13 scalars)
  Unknowns: 11 (11 scalars)
  Differentiated variables: 1 scalars
  Equations: 9
  Nontrivial: 9
Translated Model
  Constants: 6 scalars
  Free parameters: 7 scalars
  Parameter depending: 3 scalars
  Outputs: 1 scalars
  Continuous time states: 1 scalars
  Time-varying variables: 4 scalars
  Alias variables: 4 scalars
  Number of mixed real/discrete systems of equations: 0
  Sizes of linear systems of equations: { }
  Sizes after manipulation of the linear systems: { }
  Sizes of nonlinear systems of equations: { }
  Sizes after manipulation of the nonlinear systems: { }
  Number of numerical Jacobians: 0
 
Selected continuous time states
Statically selected continuous time states
movingAverage.uInt.y
Finished
Finished
 = true

Declaring variable: Boolean rScript ;

savelog("AixLib.Utilities.Math.Examples.MovingAverage.translation.log"); = true


rCheck = checkModel("AixLib.Utilities.KPIs.Examples.EnergyKpis");
Check of AixLib.Utilities.KPIs.Examples.EnergyKpis
Warning: Local "y" conflict with inherited. Should be identical
Warning: Component y(unit = "s"),
  but previously y(unit = << Empty >>).
  The components are not identical.
 
  For element y found at
 
  File: /tmp/tmp-AixLib-1-w4ra0oz4/AixLib/Utilities/KPIs/IntegralErrorSingleReference/IntegralTimer.mo, line 6
  Conflict with element from
  File: /tmp/tmp-AixLib-1-w4ra0oz4/AixLib/Utilities/KPIs/BaseClasses/PartialIntegratorBase.mo, line 9
 Component context: thmMtr.itgTimHea
  Component declared as IntegralTimer itgTimHea in AixLib.Utilities.KPIs.IntegralErrorSingleReference
  File: /tmp/tmp-AixLib-1-w4ra0oz4/AixLib/Utilities/KPIs/Energy/ThermalEnergyMeterDual.mo, line 34
Warning: Local "y" conflict with inherited. Should be identical
Warning: Component y(unit = "s"),
  but previously y(unit = << Empty >>).
  The components are not identical.
 
  For element y found at
 
  File: /tmp/tmp-AixLib-1-w4ra0oz4/AixLib/Utilities/KPIs/IntegralErrorSingleReference/IntegralTimer.mo, line 6
  Conflict with element from
  File: /tmp/tmp-AixLib-1-w4ra0oz4/AixLib/Utilities/KPIs/BaseClasses/PartialIntegratorBase.mo, line 9
 Component context: thmMtr.itgTimCoo
  Component declared as IntegralTimer itgTimCoo in AixLib.Utilities.KPIs.IntegralErrorSingleReference
  File: /tmp/tmp-AixLib-1-w4ra0oz4/AixLib/Utilities/KPIs/Energy/ThermalEnergyMeterDual.mo, line 37
Warning: Local "y" conflict with inherited. Should be identical
Warning: Component y(unit = "s"),
  but previously y(unit = << Empty >>).
  The components are not identical.
 
  For element y found at
 
  File: /tmp/tmp-AixLib-1-w4ra0oz4/AixLib/Utilities/KPIs/IntegralErrorSingleReference/IntegralTimer.mo, line 6
  Conflict with element from
  File: /tmp/tmp-AixLib-1-w4ra0oz4/AixLib/Utilities/KPIs/BaseClasses/PartialIntegratorBase.mo, line 9
 Component context: thmMtrTim.itgTimHea
  Component declared as IntegralTimer itgTimHea in AixLib.Utilities.KPIs.IntegralErrorSingleReference
  File: /tmp/tmp-AixLib-1-w4ra0oz4/AixLib/Utilities/KPIs/Energy/ThermalEnergyMeterDual.mo, line 34
Warning: Local "y" conflict with inherited. Should be identical
Warning: Component y(unit = "s"),
  but previously y(unit = << Empty >>).
  The components are not identical.
 
  For element y found at
 
  File: /tmp/tmp-AixLib-1-w4ra0oz4/AixLib/Utilities/KPIs/IntegralErrorSingleReference/IntegralTimer.mo, line 6
  Conflict with element from
  File: /tmp/tmp-AixLib-1-w4ra0oz4/AixLib/Utilities/KPIs/BaseClasses/PartialIntegratorBase.mo, line 9
 Component context: thmMtrTim.itgTimCoo
  Component declared as IntegralTimer itgTimCoo in AixLib.Utilities.KPIs.IntegralErrorSingleReference
  File: /tmp/tmp-AixLib-1-w4ra0oz4/AixLib/Utilities/KPIs/Energy/ThermalEnergyMeterDual.mo, line 37
Warning: Local "y" conflict with inherited. Should be identical
Warning: Component y(unit = "s"),
  but previously y(unit = << Empty >>).
  The components are not identical.
 
  For element y found at
 
  File: /tmp/tmp-AixLib-1-w4ra0oz4/AixLib/Utilities/KPIs/IntegralErrorSingleReference/IntegralTimer.mo, line 6
  Conflict with element from
  File: /tmp/tmp-AixLib-1-w4ra0oz4/AixLib/Utilities/KPIs/BaseClasses/PartialIntegratorBase.mo, line 9
 Component context: eleMtr.itgTim
  Component declared as IntegralTimer itgTim in AixLib.Utilities.KPIs.IntegralErrorSingleReference
  File: /tmp/tmp-AixLib-1-w4ra0oz4/AixLib/Utilities/KPIs/Energy/ElectricityMeter.mo, line 23
Warning: Local "y" conflict with inherited. Should be identical
Warning: Component y(unit = "s"),
  but previously y(unit = << Empty >>).
  The components are not identical.
 
  For element y found at
 
  File: /tmp/tmp-AixLib-1-w4ra0oz4/AixLib/Utilities/KPIs/IntegralErrorSingleReference/IntegralTimer.mo, line 6
  Conflict with element from
  File: /tmp/tmp-AixLib-1-w4ra0oz4/AixLib/Utilities/KPIs/BaseClasses/PartialIntegratorBase.mo, line 9
 Component context: eleMtrTim.itgTim
  Component declared as IntegralTimer itgTim in AixLib.Utilities.KPIs.IntegralErrorSingleReference
  File: /tmp/tmp-AixLib-1-w4ra0oz4/AixLib/Utilities/KPIs/Energy/ElectricityMeter.mo, line 23
-------------------------------------------------
Error: the model is too complex for the current license.
Your license must be upgraded to handle this model.
-------------------------------------------------
Warning: WARNINGS have been issued.
Error: ERRORS have been issued.
Declaring variable: Boolean rCheck ;

Modelica.Utilities.Streams.print("    { \"file\" :  \"AixLib/Resources/Scripts/Dymola/Utilities/KPIs/Examples/EnergyKpis.mos\",", "AixLib.Utilities.KPIs.Examples.EnergyKpis.statistics.log");
Modelica.Utilities.Streams.print("      \"model\" : \"AixLib.Utilities.KPIs.Examples.EnergyKpis\",", "AixLib.Utilities.KPIs.Examples.EnergyKpis.statistics.log");
Modelica.Utilities.Streams.print("      \"check\" : {", "AixLib.Utilities.KPIs.Examples.EnergyKpis.statistics.log");
Modelica.Utilities.Streams.print("        \"command\" : \"checkModel(\\\"AixLib.Utilities.KPIs.Examples.EnergyKpis\\\");\",", "AixLib.Utilities.KPIs.Examples.EnergyKpis.statistics.log");
Modelica.Utilities.Streams.print("        \"result\"  : " + String(rCheck), "AixLib.Utilities.KPIs.Examples.EnergyKpis.statistics.log");
Modelica.Utilities.Streams.print("      },", "AixLib.Utilities.KPIs.Examples.EnergyKpis.statistics.log");


rScript=RunScript("modelica://AixLib/Resources/Scripts/Dymola/Utilities/KPIs/Examples/EnergyKpis.mos");
simulateModel("AixLib.Utilities.KPIs.Examples.EnergyKpis", startTime=0, stopTime=10, outputInterval=1, method="dassl", tolerance=1e-6, resultFile="AixLib.Utilities.KPIs.Examples.EnergyKpis");
Translation of AixLib.Utilities.KPIs.Examples.EnergyKpis
Warning: Local "y" conflict with inherited. Should be identical
Warning: Component y(unit = "s"),
  but previously y(unit = << Empty >>).
  The components are not identical.
 
  For element y found at
 
  File: /tmp/tmp-AixLib-1-w4ra0oz4/AixLib/Utilities/KPIs/IntegralErrorSingleReference/IntegralTimer.mo, line 6
  Conflict with element from
  File: /tmp/tmp-AixLib-1-w4ra0oz4/AixLib/Utilities/KPIs/BaseClasses/PartialIntegratorBase.mo, line 9
 Component context: thmMtr.itgTimHea
  Component declared as IntegralTimer itgTimHea in AixLib.Utilities.KPIs.IntegralErrorSingleReference
  File: /tmp/tmp-AixLib-1-w4ra0oz4/AixLib/Utilities/KPIs/Energy/ThermalEnergyMeterDual.mo, line 34
Warning: Local "y" conflict with inherited. Should be identical
Warning: Component y(unit = "s"),
  but previously y(unit = << Empty >>).
  The components are not identical.
 
  For element y found at
 
  File: /tmp/tmp-AixLib-1-w4ra0oz4/AixLib/Utilities/KPIs/IntegralErrorSingleReference/IntegralTimer.mo, line 6
  Conflict with element from
  File: /tmp/tmp-AixLib-1-w4ra0oz4/AixLib/Utilities/KPIs/BaseClasses/PartialIntegratorBase.mo, line 9
 Component context: thmMtr.itgTimCoo
  Component declared as IntegralTimer itgTimCoo in AixLib.Utilities.KPIs.IntegralErrorSingleReference
  File: /tmp/tmp-AixLib-1-w4ra0oz4/AixLib/Utilities/KPIs/Energy/ThermalEnergyMeterDual.mo, line 37
Warning: Local "y" conflict with inherited. Should be identical
Warning: Component y(unit = "s"),
  but previously y(unit = << Empty >>).
  The components are not identical.
 
  For element y found at
 
  File: /tmp/tmp-AixLib-1-w4ra0oz4/AixLib/Utilities/KPIs/IntegralErrorSingleReference/IntegralTimer.mo, line 6
  Conflict with element from
  File: /tmp/tmp-AixLib-1-w4ra0oz4/AixLib/Utilities/KPIs/BaseClasses/PartialIntegratorBase.mo, line 9
 Component context: thmMtrTim.itgTimHea
  Component declared as IntegralTimer itgTimHea in AixLib.Utilities.KPIs.IntegralErrorSingleReference
  File: /tmp/tmp-AixLib-1-w4ra0oz4/AixLib/Utilities/KPIs/Energy/ThermalEnergyMeterDual.mo, line 34
Warning: Local "y" conflict with inherited. Should be identical
Warning: Component y(unit = "s"),
  but previously y(unit = << Empty >>).
  The components are not identical.
 
  For element y found at
 
  File: /tmp/tmp-AixLib-1-w4ra0oz4/AixLib/Utilities/KPIs/IntegralErrorSingleReference/IntegralTimer.mo, line 6
  Conflict with element from
  File: /tmp/tmp-AixLib-1-w4ra0oz4/AixLib/Utilities/KPIs/BaseClasses/PartialIntegratorBase.mo, line 9
 Component context: thmMtrTim.itgTimCoo
  Component declared as IntegralTimer itgTimCoo in AixLib.Utilities.KPIs.IntegralErrorSingleReference
  File: /tmp/tmp-AixLib-1-w4ra0oz4/AixLib/Utilities/KPIs/Energy/ThermalEnergyMeterDual.mo, line 37
Warning: Local "y" conflict with inherited. Should be identical
Warning: Component y(unit = "s"),
  but previously y(unit = << Empty >>).
  The components are not identical.
 
  For element y found at
 
  File: /tmp/tmp-AixLib-1-w4ra0oz4/AixLib/Utilities/KPIs/IntegralErrorSingleReference/IntegralTimer.mo, line 6
  Conflict with element from
  File: /tmp/tmp-AixLib-1-w4ra0oz4/AixLib/Utilities/KPIs/BaseClasses/PartialIntegratorBase.mo, line 9
 Component context: eleMtr.itgTim
  Component declared as IntegralTimer itgTim in AixLib.Utilities.KPIs.IntegralErrorSingleReference
  File: /tmp/tmp-AixLib-1-w4ra0oz4/AixLib/Utilities/KPIs/Energy/ElectricityMeter.mo, line 23
Warning: Local "y" conflict with inherited. Should be identical
Warning: Component y(unit = "s"),
  but previously y(unit = << Empty >>).
  The components are not identical.
 
  For element y found at
 
  File: /tmp/tmp-AixLib-1-w4ra0oz4/AixLib/Utilities/KPIs/IntegralErrorSingleReference/IntegralTimer.mo, line 6
  Conflict with element from
  File: /tmp/tmp-AixLib-1-w4ra0oz4/AixLib/Utilities/KPIs/BaseClasses/PartialIntegratorBase.mo, line 9
 Component context: eleMtrTim.itgTim
  Component declared as IntegralTimer itgTim in AixLib.Utilities.KPIs.IntegralErrorSingleReference
  File: /tmp/tmp-AixLib-1-w4ra0oz4/AixLib/Utilities/KPIs/Energy/ElectricityMeter.mo, line 23
-------------------------------------------------
Error: the model is too complex for the current license.
Your license must be upgraded to handle this model.
-------------------------------------------------
Warning: WARNINGS have been issued.
Error: ERRORS have been issued.
 = false

Instantiation of 
Declaring variable: Boolean rScript ;

savelog("AixLib.Utilities.KPIs.Examples.EnergyKpis.translation.log"); = true


rCheck = checkModel("AixLib.Utilities.Sensors.Examples.ExergyMeters");
Check of AixLib.Utilities.Sensors.Examples.ExergyMeters
The model has the same number of unknowns and equations: 4573
Check of AixLib.Utilities.Sensors.Examples.ExergyMeters successful.
Declaring variable: Boolean rCheck ;

Modelica.Utilities.Streams.print("    { \"file\" :  \"AixLib/Resources/Scripts/Dymola/Utilities/Sensors/Examples/ExergyMeters.mos\",", "AixLib.Utilities.Sensors.Examples.ExergyMeters.statistics.log");
Modelica.Utilities.Streams.print("      \"model\" : \"AixLib.Utilities.Sensors.Examples.ExergyMeters\",", "AixLib.Utilities.Sensors.Examples.ExergyMeters.statistics.log");
Modelica.Utilities.Streams.print("      \"check\" : {", "AixLib.Utilities.Sensors.Examples.ExergyMeters.statistics.log");
Modelica.Utilities.Streams.print("        \"command\" : \"checkModel(\\\"AixLib.Utilities.Sensors.Examples.ExergyMeters\\\");\",", "AixLib.Utilities.Sensors.Examples.ExergyMeters.statistics.log");
Modelica.Utilities.Streams.print("        \"result\"  : " + String(rCheck), "AixLib.Utilities.Sensors.Examples.ExergyMeters.statistics.log");
Modelica.Utilities.Streams.print("      },", "AixLib.Utilities.Sensors.Examples.ExergyMeters.statistics.log");


rScript=RunScript("modelica://AixLib/Resources/Scripts/Dymola/Utilities/Sensors/Examples/ExergyMeters.mos");
simulateModel("AixLib.Utilities.Sensors.Examples.ExergyMeters", tolerance=1e-6, stopTime=7200, method="dassl", resultFile="AixLib.Utilities.Sensors.Examples.ExergyMeters");
Translation of AixLib.Utilities.Sensors.Examples.ExergyMeters
The DAE has 4573 scalar unknowns and 4573 scalar equations.
 
Statistics
 
Original Model
  Number of components: 923
  Variables: 10720
  Constants: 148 (148 scalars)
  Parameters: 4622 (4733 scalars)
  Unknowns: 5950 (4695 scalars)
  Differentiated variables: 113 scalars
  Equations: 4832
  Nontrivial: 3675
Translated Model
  Constants: 3415 scalars
  Free parameters: 528 scalars
  Parameter depending: 1831 scalars
  Continuous time states: 79 scalars
  Time-varying variables: 943 scalars
  Alias variables: 2859 scalars
  Number of mixed real/discrete systems of equations: 0
  Sizes of linear systems of equations: {2, 2, 2, 27, 4, 3, 2, 2, 2, 2, 2, 2, 2, 2, 2, 2, 2, 2, 2, 2, 2, 4, 3, 2, 2}
  Sizes after manipulation of the linear systems: {0, 0, 0, 13, 0, 0, 0, 0, 0, 0, 0, 0, 0, 0, 0, 0, 0, 0, 0, 0, 0, 0, 0, 0, 0}
  Sizes of nonlinear systems of equations: {6, 6, 6, 6, 6, 6, 6, 6, 6}
  Sizes after manipulation of the nonlinear systems: {1, 1, 1, 1, 1, 1, 1, 1, 1}
  Number of numerical Jacobians: 0
 
Selected continuous time states
Statically selected continuous time states
bufferStorageHeatingcoils.bottomCover.loadIns.T
bufferStorageHeatingcoils.bottomCover.loadWall.T
bufferStorageHeatingcoils.heatingCoil1.pipe[1].del.x
bufferStorageHeatingcoils.heatingCoil1.pipe[1].timDel.x
bufferStorageHeatingcoils.heatingCoil1.pipe[1].vol_a.dynBal.U
bufferStorageHeatingcoils.heatingCoil1.pipe[1].vol_b.dynBal.U
bufferStorageHeatingcoils.heatingCoil1.pipe[2].del.x
bufferStorageHeatingcoils.heatingCoil1.pipe[2].timDel.x
bufferStorageHeatingcoils.heatingCoil1.pipe[2].vol_a.dynBal.U
bufferStorageHeatingcoils.heatingCoil1.pipe[2].vol_b.dynBal.U
bufferStorageHeatingcoils.heatingCoil1.pipe[3].del.x
bufferStorageHeatingcoils.heatingCoil1.pipe[3].timDel.x
bufferStorageHeatingcoils.heatingCoil1.pipe[3].vol_a.dynBal.U
bufferStorageHeatingcoils.heatingCoil1.pipe[3].vol_b.dynBal.U
bufferStorageHeatingcoils.heatingCoil1.pipe[4].del.x
bufferStorageHeatingcoils.heatingCoil1.pipe[4].timDel.x
bufferStorageHeatingcoils.heatingCoil1.pipe[4].vol_a.dynBal.U
bufferStorageHeatingcoils.heatingCoil1.pipe[4].vol_b.dynBal.U
bufferStorageHeatingcoils.heatingCoil1.pipe[5].del.x
bufferStorageHeatingcoils.heatingCoil1.pipe[5].timDel.x
bufferStorageHeatingcoils.heatingCoil1.pipe[5].vol_a.dynBal.U
bufferStorageHeatingcoils.heatingCoil1.pipe[5].vol_b.dynBal.U
bufferStorageHeatingcoils.heatingCoil1.pipe[6].del.x
bufferStorageHeatingcoils.heatingCoil1.pipe[6].timDel.x
bufferStorageHeatingcoils.heatingCoil1.pipe[6].vol_a.dynBal.U
bufferStorageHeatingcoils.heatingCoil1.pipe[6].vol_b.dynBal.U
bufferStorageHeatingcoils.heatingCoil1.pipe[7].del.x
bufferStorageHeatingcoils.heatingCoil1.pipe[7].timDel.x
bufferStorageHeatingcoils.heatingCoil1.pipe[7].vol_a.dynBal.U
bufferStorageHeatingcoils.heatingCoil1.pipe[7].vol_b.dynBal.U
bufferStorageHeatingcoils.heatingCoil1.pipe[8].del.x
bufferStorageHeatingcoils.heatingCoil1.pipe[8].timDel.x
bufferStorageHeatingcoils.heatingCoil1.pipe[8].vol_a.dynBal.U
bufferStorageHeatingcoils.heatingCoil1.pipe[8].vol_b.dynBal.U
bufferStorageHeatingcoils.heatingCoil1.pipe[9].del.x
bufferStorageHeatingcoils.heatingCoil1.pipe[9].timDel.x
bufferStorageHeatingcoils.heatingCoil1.pipe[9].vol_a.dynBal.U
bufferStorageHeatingcoils.heatingCoil1.pipe[9].vol_b.dynBal.U
bufferStorageHeatingcoils.layer[1].dynBal.U
bufferStorageHeatingcoils.layer[2].dynBal.U
bufferStorageHeatingcoils.layer[3].dynBal.U
bufferStorageHeatingcoils.layer[4].dynBal.U
bufferStorageHeatingcoils.layer[5].dynBal.U
bufferStorageHeatingcoils.layer[6].dynBal.U
bufferStorageHeatingcoils.layer[7].dynBal.U
bufferStorageHeatingcoils.layer[8].dynBal.U
bufferStorageHeatingcoils.layer[9].dynBal.U
bufferStorageHeatingcoils.layer[10].dynBal.U
bufferStorageHeatingcoils.storageMantle[1].Insulation.CylindricLoad1.heatCapacitor.T
bufferStorageHeatingcoils.storageMantle[1].Wall.CylindricLoad1.heatCapacitor.T
bufferStorageHeatingcoils.storageMantle[2].Insulation.CylindricLoad1.heatCapacitor.T
bufferStorageHeatingcoils.storageMantle[2].Wall.CylindricLoad1.heatCapacitor.T
bufferStorageHeatingcoils.storageMantle[3].Insulation.CylindricLoad1.heatCapacitor.T
bufferStorageHeatingcoils.storageMantle[3].Wall.CylindricLoad1.heatCapacitor.T
bufferStorageHeatingcoils.storageMantle[4].Insulation.CylindricLoad1.heatCapacitor.T
bufferStorageHeatingcoils.storageMantle[4].Wall.CylindricLoad1.heatCapacitor.T
bufferStorageHeatingcoils.storageMantle[5].Insulation.CylindricLoad1.heatCapacitor.T
bufferStorageHeatingcoils.storageMantle[5].Wall.CylindricLoad1.heatCapacitor.T
bufferStorageHeatingcoils.storageMantle[6].Insulation.CylindricLoad1.heatCapacitor.T
bufferStorageHeatingcoils.storageMantle[6].Wall.CylindricLoad1.heatCapacitor.T
bufferStorageHeatingcoils.storageMantle[7].Insulation.CylindricLoad1.heatCapacitor.T
bufferStorageHeatingcoils.storageMantle[7].Wall.CylindricLoad1.heatCapacitor.T
bufferStorageHeatingcoils.storageMantle[8].Insulation.CylindricLoad1.heatCapacitor.T
bufferStorageHeatingcoils.storageMantle[8].Wall.CylindricLoad1.heatCapacitor.T
bufferStorageHeatingcoils.storageMantle[9].Insulation.CylindricLoad1.heatCapacitor.T
bufferStorageHeatingcoils.storageMantle[9].Wall.CylindricLoad1.heatCapacitor.T
bufferStorageHeatingcoils.storageMantle[10].Insulation.CylindricLoad1.heatCapacitor.T
bufferStorageHeatingcoils.storageMantle[10].Wall.CylindricLoad1.heatCapacitor.T
bufferStorageHeatingcoils.topCover.loadIns.T
bufferStorageHeatingcoils.topCover.loadWall.T
consumer.medium.T
exergyStorageMeterConsumer.derivative.x
exergyStorageMeterHeater.derivative.x
exergyStorageMeterMedium.derivative.x
heater.medium.T
pumpPrim.motSpe.y
pumpPrim.vol.dynBal.U
pumpSec.motSpe.y
pumpSec.vol.dynBal.U
Finished
Finished
 = true

Declaring variable: Boolean rScript ;

savelog("AixLib.Utilities.Sensors.Examples.ExergyMeters.translation.log"); = true


rCheck = checkModel("AixLib.Utilities.KPIs.Examples.IntegralErrorDualReference");
Check of AixLib.Utilities.KPIs.Examples.IntegralErrorDualReference
-------------------------------------------------
Error: the model is too complex for the current license.
Your license must be upgraded to handle this model.
-------------------------------------------------
Error: ERRORS have been issued.
Declaring variable: Boolean rCheck ;

Modelica.Utilities.Streams.print("    { \"file\" :  \"AixLib/Resources/Scripts/Dymola/Utilities/KPIs/Examples/IntegralErrorDualReference.mos\",", "AixLib.Utilities.KPIs.Examples.IntegralErrorDualReference.statistics.log");
Modelica.Utilities.Streams.print("      \"model\" : \"AixLib.Utilities.KPIs.Examples.IntegralErrorDualReference\",", "AixLib.Utilities.KPIs.Examples.IntegralErrorDualReference.statistics.log");
Modelica.Utilities.Streams.print("      \"check\" : {", "AixLib.Utilities.KPIs.Examples.IntegralErrorDualReference.statistics.log");
Modelica.Utilities.Streams.print("        \"command\" : \"checkModel(\\\"AixLib.Utilities.KPIs.Examples.IntegralErrorDualReference\\\");\",", "AixLib.Utilities.KPIs.Examples.IntegralErrorDualReference.statistics.log");
Modelica.Utilities.Streams.print("        \"result\"  : " + String(rCheck), "AixLib.Utilities.KPIs.Examples.IntegralErrorDualReference.statistics.log");
Modelica.Utilities.Streams.print("      },", "AixLib.Utilities.KPIs.Examples.IntegralErrorDualReference.statistics.log");


rScript=RunScript("modelica://AixLib/Resources/Scripts/Dymola/Utilities/KPIs/Examples/IntegralErrorDualReference.mos");
simulateModel("AixLib.Utilities.KPIs.Examples.IntegralErrorDualReference", startTime=0, stopTime=10, outputInterval=1, method="dassl", tolerance=1e-6, resultFile="AixLib.Utilities.KPIs.Examples.IntegralErrorDualReference");
Translation of AixLib.Utilities.KPIs.Examples.IntegralErrorDualReference
-------------------------------------------------
Error: the model is too complex for the current license.
Your license must be upgraded to handle this model.
-------------------------------------------------
Error: ERRORS have been issued.
 = false

Instantiation of 
Declaring variable: Boolean rScript ;

savelog("AixLib.Utilities.KPIs.Examples.IntegralErrorDualReference.translation.log"); = true


rCheck = checkModel("AixLib.Utilities.KPIs.Examples.TemperatureKpis");
Check of AixLib.Utilities.KPIs.Examples.TemperatureKpis
Warning: Local "y" conflict with inherited. Should be identical
Warning: Component y(unit = "s"),
  but previously y(unit = << Empty >>).
  The components are not identical.
 
  For element y found at
 
  File: /tmp/tmp-AixLib-2-gaz4g88b/AixLib/Utilities/KPIs/IntegralErrorSingleReference/IntegralTimer.mo, line 6
  Conflict with element from
  File: /tmp/tmp-AixLib-2-gaz4g88b/AixLib/Utilities/KPIs/BaseClasses/PartialIntegratorBase.mo, line 9
 Component context: fixBou.itgTim
  Component declared as IntegralTimer itgTim in AixLib.Utilities.KPIs.IntegralErrorSingleReference
  File: /tmp/tmp-AixLib-2-gaz4g88b/AixLib/Utilities/KPIs/BaseClasses/PartialAssessmentBase.mo, line 27
Warning: Local "y" conflict with inherited. Should be identical
Warning: Component y(unit = "s"),
  but previously y(unit = << Empty >>).
  The components are not identical.
 
  For element y found at
 
  File: /tmp/tmp-AixLib-2-gaz4g88b/AixLib/Utilities/KPIs/IntegralErrorSingleReference/IntegralTimer.mo, line 6
  Conflict with element from
  File: /tmp/tmp-AixLib-2-gaz4g88b/AixLib/Utilities/KPIs/BaseClasses/PartialIntegratorBase.mo, line 9
 Component context: fixBouAct.itgTim
  Component declared as IntegralTimer itgTim in AixLib.Utilities.KPIs.IntegralErrorSingleReference
  File: /tmp/tmp-AixLib-2-gaz4g88b/AixLib/Utilities/KPIs/BaseClasses/PartialAssessmentBase.mo, line 27
Warning: Local "y" conflict with inherited. Should be identical
Warning: Component y(unit = "s"),
  but previously y(unit = << Empty >>).
  The components are not identical.
 
  For element y found at
 
  File: /tmp/tmp-AixLib-2-gaz4g88b/AixLib/Utilities/KPIs/IntegralErrorSingleReference/IntegralTimer.mo, line 6
  Conflict with element from
  File: /tmp/tmp-AixLib-2-gaz4g88b/AixLib/Utilities/KPIs/BaseClasses/PartialIntegratorBase.mo, line 9
 Component context: fixBouRes.itgTim
  Component declared as IntegralTimer itgTim in AixLib.Utilities.KPIs.IntegralErrorSingleReference
  File: /tmp/tmp-AixLib-2-gaz4g88b/AixLib/Utilities/KPIs/BaseClasses/PartialAssessmentBase.mo, line 27
Warning: Local "y" conflict with inherited. Should be identical
Warning: Component y(unit = "s"),
  but previously y(unit = << Empty >>).
  The components are not identical.
 
  For element y found at
 
  File: /tmp/tmp-AixLib-2-gaz4g88b/AixLib/Utilities/KPIs/IntegralErrorSingleReference/IntegralTimer.mo, line 6
  Conflict with element from
  File: /tmp/tmp-AixLib-2-gaz4g88b/AixLib/Utilities/KPIs/BaseClasses/PartialIntegratorBase.mo, line 9
 Component context: fixBouTim.itgTim
  Component declared as IntegralTimer itgTim in AixLib.Utilities.KPIs.IntegralErrorSingleReference
  File: /tmp/tmp-AixLib-2-gaz4g88b/AixLib/Utilities/KPIs/BaseClasses/PartialAssessmentBase.mo, line 27
Warning: Local "y" conflict with inherited. Should be identical
Warning: Component y(unit = "s"),
  but previously y(unit = << Empty >>).
  The components are not identical.
 
  For element y found at
 
  File: /tmp/tmp-AixLib-2-gaz4g88b/AixLib/Utilities/KPIs/IntegralErrorSingleReference/IntegralTimer.mo, line 6
  Conflict with element from
  File: /tmp/tmp-AixLib-2-gaz4g88b/AixLib/Utilities/KPIs/BaseClasses/PartialIntegratorBase.mo, line 9
 Component context: fixBouTimRes.itgTim
  Component declared as IntegralTimer itgTim in AixLib.Utilities.KPIs.IntegralErrorSingleReference
  File: /tmp/tmp-AixLib-2-gaz4g88b/AixLib/Utilities/KPIs/BaseClasses/PartialAssessmentBase.mo, line 27
Warning: Local "y" conflict with inherited. Should be identical
Warning: Component y(unit = "s"),
  but previously y(unit = << Empty >>).
  The components are not identical.
 
  For element y found at
 
  File: /tmp/tmp-AixLib-2-gaz4g88b/AixLib/Utilities/KPIs/IntegralErrorSingleReference/IntegralTimer.mo, line 6
  Conflict with element from
  File: /tmp/tmp-AixLib-2-gaz4g88b/AixLib/Utilities/KPIs/BaseClasses/PartialIntegratorBase.mo, line 9
 Component context: flxBou.itgTim
  Component declared as IntegralTimer itgTim in AixLib.Utilities.KPIs.IntegralErrorSingleReference
  File: /tmp/tmp-AixLib-2-gaz4g88b/AixLib/Utilities/KPIs/BaseClasses/PartialAssessmentBase.mo, line 27
Warning: Local "y" conflict with inherited. Should be identical
Warning: Component y(unit = "s"),
  but previously y(unit = << Empty >>).
  The components are not identical.
 
  For element y found at
 
  File: /tmp/tmp-AixLib-2-gaz4g88b/AixLib/Utilities/KPIs/IntegralErrorSingleReference/IntegralTimer.mo, line 6
  Conflict with element from
  File: /tmp/tmp-AixLib-2-gaz4g88b/AixLib/Utilities/KPIs/BaseClasses/PartialIntegratorBase.mo, line 9
 Component context: din16798_1.itgTim
  Component declared as IntegralTimer itgTim in AixLib.Utilities.KPIs.IntegralErrorSingleReference
  File: /tmp/tmp-AixLib-2-gaz4g88b/AixLib/Utilities/KPIs/BaseClasses/PartialAssessmentBase.mo, line 27
The model has the same number of unknowns and equations: 702
The model could not be deduced to be symbolically well-posed.
The model has
  702
scalar unknowns and
  696+(if  not fixBou.use_itgAct_in then 1 else 0)+(if  not fixBouAct.use_itgAct_in   then 1 else 0)+(if  not fixBouRes.use_itgAct_in then 1 else 0)+(if  not   fixBouTim.use_itgAct_in then 1 else 0)+(if  not fixBouTimRes.use_itgAct_in   then 1 else 0)+(if  not flxBou.use_itgAct_in then 1 else 0)+(if  not   din16798_1.use_itgAct_in then 1 else 0)
scalar equations.
However, exploiting the given numerical settings of parameters gives the same number of unknowns and equations:
  702
Check of AixLib.Utilities.KPIs.Examples.TemperatureKpis successful.
Warning: WARNINGS have been issued.
Declaring variable: Boolean rCheck ;

Modelica.Utilities.Streams.print("    { \"file\" :  \"AixLib/Resources/Scripts/Dymola/Utilities/KPIs/Examples/TemperatureKpis.mos\",", "AixLib.Utilities.KPIs.Examples.TemperatureKpis.statistics.log");
Modelica.Utilities.Streams.print("      \"model\" : \"AixLib.Utilities.KPIs.Examples.TemperatureKpis\",", "AixLib.Utilities.KPIs.Examples.TemperatureKpis.statistics.log");
Modelica.Utilities.Streams.print("      \"check\" : {", "AixLib.Utilities.KPIs.Examples.TemperatureKpis.statistics.log");
Modelica.Utilities.Streams.print("        \"command\" : \"checkModel(\\\"AixLib.Utilities.KPIs.Examples.TemperatureKpis\\\");\",", "AixLib.Utilities.KPIs.Examples.TemperatureKpis.statistics.log");
Modelica.Utilities.Streams.print("        \"result\"  : " + String(rCheck), "AixLib.Utilities.KPIs.Examples.TemperatureKpis.statistics.log");
Modelica.Utilities.Streams.print("      },", "AixLib.Utilities.KPIs.Examples.TemperatureKpis.statistics.log");


rScript=RunScript("modelica://AixLib/Resources/Scripts/Dymola/Utilities/KPIs/Examples/TemperatureKpis.mos");
simulateModel("AixLib.Utilities.KPIs.Examples.TemperatureKpis", startTime=0, stopTime=120, outputInterval=1, method="dassl", tolerance=1e-6, resultFile="AixLib.Utilities.KPIs.Examples.TemperatureKpis");
Translation of AixLib.Utilities.KPIs.Examples.TemperatureKpis
Warning: Local "y" conflict with inherited. Should be identical
Warning: Component y(unit = "s"),
  but previously y(unit = << Empty >>).
  The components are not identical.
 
  For element y found at
 
  File: /tmp/tmp-AixLib-2-gaz4g88b/AixLib/Utilities/KPIs/IntegralErrorSingleReference/IntegralTimer.mo, line 6
  Conflict with element from
  File: /tmp/tmp-AixLib-2-gaz4g88b/AixLib/Utilities/KPIs/BaseClasses/PartialIntegratorBase.mo, line 9
 Component context: fixBou.itgTim
  Component declared as IntegralTimer itgTim in AixLib.Utilities.KPIs.IntegralErrorSingleReference
  File: /tmp/tmp-AixLib-2-gaz4g88b/AixLib/Utilities/KPIs/BaseClasses/PartialAssessmentBase.mo, line 27
Warning: Local "y" conflict with inherited. Should be identical
Warning: Component y(unit = "s"),
  but previously y(unit = << Empty >>).
  The components are not identical.
 
  For element y found at
 
  File: /tmp/tmp-AixLib-2-gaz4g88b/AixLib/Utilities/KPIs/IntegralErrorSingleReference/IntegralTimer.mo, line 6
  Conflict with element from
  File: /tmp/tmp-AixLib-2-gaz4g88b/AixLib/Utilities/KPIs/BaseClasses/PartialIntegratorBase.mo, line 9
 Component context: fixBouAct.itgTim
  Component declared as IntegralTimer itgTim in AixLib.Utilities.KPIs.IntegralErrorSingleReference
  File: /tmp/tmp-AixLib-2-gaz4g88b/AixLib/Utilities/KPIs/BaseClasses/PartialAssessmentBase.mo, line 27
Warning: Local "y" conflict with inherited. Should be identical
Warning: Component y(unit = "s"),
  but previously y(unit = << Empty >>).
  The components are not identical.
 
  For element y found at
 
  File: /tmp/tmp-AixLib-2-gaz4g88b/AixLib/Utilities/KPIs/IntegralErrorSingleReference/IntegralTimer.mo, line 6
  Conflict with element from
  File: /tmp/tmp-AixLib-2-gaz4g88b/AixLib/Utilities/KPIs/BaseClasses/PartialIntegratorBase.mo, line 9
 Component context: fixBouRes.itgTim
  Component declared as IntegralTimer itgTim in AixLib.Utilities.KPIs.IntegralErrorSingleReference
  File: /tmp/tmp-AixLib-2-gaz4g88b/AixLib/Utilities/KPIs/BaseClasses/PartialAssessmentBase.mo, line 27
Warning: Local "y" conflict with inherited. Should be identical
Warning: Component y(unit = "s"),
  but previously y(unit = << Empty >>).
  The components are not identical.
 
  For element y found at
 
  File: /tmp/tmp-AixLib-2-gaz4g88b/AixLib/Utilities/KPIs/IntegralErrorSingleReference/IntegralTimer.mo, line 6
  Conflict with element from
  File: /tmp/tmp-AixLib-2-gaz4g88b/AixLib/Utilities/KPIs/BaseClasses/PartialIntegratorBase.mo, line 9
 Component context: fixBouTim.itgTim
  Component declared as IntegralTimer itgTim in AixLib.Utilities.KPIs.IntegralErrorSingleReference
  File: /tmp/tmp-AixLib-2-gaz4g88b/AixLib/Utilities/KPIs/BaseClasses/PartialAssessmentBase.mo, line 27
Warning: Local "y" conflict with inherited. Should be identical
Warning: Component y(unit = "s"),
  but previously y(unit = << Empty >>).
  The components are not identical.
 
  For element y found at
 
  File: /tmp/tmp-AixLib-2-gaz4g88b/AixLib/Utilities/KPIs/IntegralErrorSingleReference/IntegralTimer.mo, line 6
  Conflict with element from
  File: /tmp/tmp-AixLib-2-gaz4g88b/AixLib/Utilities/KPIs/BaseClasses/PartialIntegratorBase.mo, line 9
 Component context: fixBouTimRes.itgTim
  Component declared as IntegralTimer itgTim in AixLib.Utilities.KPIs.IntegralErrorSingleReference
  File: /tmp/tmp-AixLib-2-gaz4g88b/AixLib/Utilities/KPIs/BaseClasses/PartialAssessmentBase.mo, line 27
Warning: Local "y" conflict with inherited. Should be identical
Warning: Component y(unit = "s"),
  but previously y(unit = << Empty >>).
  The components are not identical.
 
  For element y found at
 
  File: /tmp/tmp-AixLib-2-gaz4g88b/AixLib/Utilities/KPIs/IntegralErrorSingleReference/IntegralTimer.mo, line 6
  Conflict with element from
  File: /tmp/tmp-AixLib-2-gaz4g88b/AixLib/Utilities/KPIs/BaseClasses/PartialIntegratorBase.mo, line 9
 Component context: flxBou.itgTim
  Component declared as IntegralTimer itgTim in AixLib.Utilities.KPIs.IntegralErrorSingleReference
  File: /tmp/tmp-AixLib-2-gaz4g88b/AixLib/Utilities/KPIs/BaseClasses/PartialAssessmentBase.mo, line 27
Warning: Local "y" conflict with inherited. Should be identical
Warning: Component y(unit = "s"),
  but previously y(unit = << Empty >>).
  The components are not identical.
 
  For element y found at
 
  File: /tmp/tmp-AixLib-2-gaz4g88b/AixLib/Utilities/KPIs/IntegralErrorSingleReference/IntegralTimer.mo, line 6
  Conflict with element from
  File: /tmp/tmp-AixLib-2-gaz4g88b/AixLib/Utilities/KPIs/BaseClasses/PartialIntegratorBase.mo, line 9
 Component context: din16798_1.itgTim
  Component declared as IntegralTimer itgTim in AixLib.Utilities.KPIs.IntegralErrorSingleReference
  File: /tmp/tmp-AixLib-2-gaz4g88b/AixLib/Utilities/KPIs/BaseClasses/PartialAssessmentBase.mo, line 27
The DAE has 702 scalar unknowns and 702 scalar equations.
 
Statistics
 
Original Model
  Number of components: 236
  Variables: 1076
  Parameters: 374 (374 scalars)
  Unknowns: 702 (702 scalars)
  Differentiated variables: 23 scalars
  Equations: 813
  Nontrivial: 738
Translated Model
  Constants: 449 scalars
  Free parameters: 77 scalars
  Parameter depending: 17 scalars
  Continuous time states: 23 scalars
  Time-varying variables: 109 scalars
  Alias variables: 424 scalars
  Number of mixed real/discrete systems of equations: 0
  Sizes of linear systems of equations: { }
  Sizes after manipulation of the linear systems: { }
  Sizes of nonlinear systems of equations: { }
  Sizes after manipulation of the nonlinear systems: { }
  Number of numerical Jacobians: 0
 
Selected continuous time states
Statically selected continuous time states
din16798_1.itgErrDuaBou.itgNeg.errItg.y
din16798_1.itgErrDuaBou.itgPos.errItg.y
din16798_1.itgTim[1].timeItg.y
din16798_1.itgTim[2].timeItg.y
din16798_1.itgTim[3].timeItg.y
fixBou.itgErrDuaBou.itgNeg.errItg.y
fixBou.itgErrDuaBou.itgPos.errItg.y
fixBouAct.itgErrDuaBou.itgNeg.errItg.y
fixBouAct.itgErrDuaBou.itgPos.errItg.y
fixBouRes.itgErrDuaBou.itgNeg.errItg.y
fixBouRes.itgErrDuaBou.itgPos.errItg.y
fixBouTim.itgErrDuaBou.itgNeg.errItg.y
fixBouTim.itgErrDuaBou.itgPos.errItg.y
fixBouTim.itgTim[1].timeItg.y
fixBouTim.itgTim[2].timeItg.y
fixBouTim.itgTim[3].timeItg.y
fixBouTimRes.itgErrDuaBou.itgNeg.errItg.y
fixBouTimRes.itgErrDuaBou.itgPos.errItg.y
fixBouTimRes.itgTim[1].timeItg.y
fixBouTimRes.itgTim[2].timeItg.y
fixBouTimRes.itgTim[3].timeItg.y
flxBou.itgErrDuaBou.itgNeg.errItg.y
flxBou.itgErrDuaBou.itgPos.errItg.y
Finished
Warning: WARNINGS have been issued.
Finished
 = true

Declaring variable: Boolean rScript ;

savelog("AixLib.Utilities.KPIs.Examples.TemperatureKpis.translation.log"); = true


rCheck = checkModel("AixLib.Utilities.KPIs.Examples.Co2Kpis");
Check of AixLib.Utilities.KPIs.Examples.Co2Kpis
Warning: Local "y" conflict with inherited. Should be identical
Warning: Component y(unit = "s"),
  but previously y(unit = << Empty >>).
  The components are not identical.
 
  For element y found at
 
  File: /tmp/tmp-AixLib-3-hub79fqh/AixLib/Utilities/KPIs/IntegralErrorSingleReference/IntegralTimer.mo, line 6
  Conflict with element from
  File: /tmp/tmp-AixLib-3-hub79fqh/AixLib/Utilities/KPIs/BaseClasses/PartialIntegratorBase.mo, line 9
 Component context: fixBou.itgTim
  Component declared as IntegralTimer itgTim in AixLib.Utilities.KPIs.IntegralErrorSingleReference
  File: /tmp/tmp-AixLib-3-hub79fqh/AixLib/Utilities/KPIs/BaseClasses/PartialAssessmentBase.mo, line 27
Warning: Local "y" conflict with inherited. Should be identical
Warning: Component y(unit = "s"),
  but previously y(unit = << Empty >>).
  The components are not identical.
 
  For element y found at
 
  File: /tmp/tmp-AixLib-3-hub79fqh/AixLib/Utilities/KPIs/IntegralErrorSingleReference/IntegralTimer.mo, line 6
  Conflict with element from
  File: /tmp/tmp-AixLib-3-hub79fqh/AixLib/Utilities/KPIs/BaseClasses/PartialIntegratorBase.mo, line 9
 Component context: fixBouAct.itgTim
  Component declared as IntegralTimer itgTim in AixLib.Utilities.KPIs.IntegralErrorSingleReference
  File: /tmp/tmp-AixLib-3-hub79fqh/AixLib/Utilities/KPIs/BaseClasses/PartialAssessmentBase.mo, line 27
Warning: Local "y" conflict with inherited. Should be identical
Warning: Component y(unit = "s"),
  but previously y(unit = << Empty >>).
  The components are not identical.
 
  For element y found at
 
  File: /tmp/tmp-AixLib-3-hub79fqh/AixLib/Utilities/KPIs/IntegralErrorSingleReference/IntegralTimer.mo, line 6
  Conflict with element from
  File: /tmp/tmp-AixLib-3-hub79fqh/AixLib/Utilities/KPIs/BaseClasses/PartialIntegratorBase.mo, line 9
 Component context: fixBouRes.itgTim
  Component declared as IntegralTimer itgTim in AixLib.Utilities.KPIs.IntegralErrorSingleReference
  File: /tmp/tmp-AixLib-3-hub79fqh/AixLib/Utilities/KPIs/BaseClasses/PartialAssessmentBase.mo, line 27
Warning: Local "y" conflict with inherited. Should be identical
Warning: Component y(unit = "s"),
  but previously y(unit = << Empty >>).
  The components are not identical.
 
  For element y found at
 
  File: /tmp/tmp-AixLib-3-hub79fqh/AixLib/Utilities/KPIs/IntegralErrorSingleReference/IntegralTimer.mo, line 6
  Conflict with element from
  File: /tmp/tmp-AixLib-3-hub79fqh/AixLib/Utilities/KPIs/BaseClasses/PartialIntegratorBase.mo, line 9
 Component context: fixBouTim.itgTim
  Component declared as IntegralTimer itgTim in AixLib.Utilities.KPIs.IntegralErrorSingleReference
  File: /tmp/tmp-AixLib-3-hub79fqh/AixLib/Utilities/KPIs/BaseClasses/PartialAssessmentBase.mo, line 27
Warning: Local "y" conflict with inherited. Should be identical
Warning: Component y(unit = "s"),
  but previously y(unit = << Empty >>).
  The components are not identical.
 
  For element y found at
 
  File: /tmp/tmp-AixLib-3-hub79fqh/AixLib/Utilities/KPIs/IntegralErrorSingleReference/IntegralTimer.mo, line 6
  Conflict with element from
  File: /tmp/tmp-AixLib-3-hub79fqh/AixLib/Utilities/KPIs/BaseClasses/PartialIntegratorBase.mo, line 9
 Component context: fixBouTimRes.itgTim
  Component declared as IntegralTimer itgTim in AixLib.Utilities.KPIs.IntegralErrorSingleReference
  File: /tmp/tmp-AixLib-3-hub79fqh/AixLib/Utilities/KPIs/BaseClasses/PartialAssessmentBase.mo, line 27
Warning: Local "y" conflict with inherited. Should be identical
Warning: Component y(unit = "s"),
  but previously y(unit = << Empty >>).
  The components are not identical.
 
  For element y found at
 
  File: /tmp/tmp-AixLib-3-hub79fqh/AixLib/Utilities/KPIs/IntegralErrorSingleReference/IntegralTimer.mo, line 6
  Conflict with element from
  File: /tmp/tmp-AixLib-3-hub79fqh/AixLib/Utilities/KPIs/BaseClasses/PartialIntegratorBase.mo, line 9
 Component context: din16798Tim.fixLimCat1.itgTim
  Component declared as IntegralTimer itgTim in AixLib.Utilities.KPIs.IntegralErrorSingleReference
  File: /tmp/tmp-AixLib-3-hub79fqh/AixLib/Utilities/KPIs/BaseClasses/PartialAssessmentBase.mo, line 27
Warning: Local "y" conflict with inherited. Should be identical
Warning: Component y(unit = "s"),
  but previously y(unit = << Empty >>).
  The components are not identical.
 
  For element y found at
 
  File: /tmp/tmp-AixLib-3-hub79fqh/AixLib/Utilities/KPIs/IntegralErrorSingleReference/IntegralTimer.mo, line 6
  Conflict with element from
  File: /tmp/tmp-AixLib-3-hub79fqh/AixLib/Utilities/KPIs/BaseClasses/PartialIntegratorBase.mo, line 9
 Component context: din16798Tim.fixLimCat2.itgTim
  Component declared as IntegralTimer itgTim in AixLib.Utilities.KPIs.IntegralErrorSingleReference
  File: /tmp/tmp-AixLib-3-hub79fqh/AixLib/Utilities/KPIs/BaseClasses/PartialAssessmentBase.mo, line 27
Warning: Local "y" conflict with inherited. Should be identical
Warning: Component y(unit = "s"),
  but previously y(unit = << Empty >>).
  The components are not identical.
 
  For element y found at
 
  File: /tmp/tmp-AixLib-3-hub79fqh/AixLib/Utilities/KPIs/IntegralErrorSingleReference/IntegralTimer.mo, line 6
  Conflict with element from
  File: /tmp/tmp-AixLib-3-hub79fqh/AixLib/Utilities/KPIs/BaseClasses/PartialIntegratorBase.mo, line 9
 Component context: din16798Tim.fixLimCat3.itgTim
  Component declared as IntegralTimer itgTim in AixLib.Utilities.KPIs.IntegralErrorSingleReference
  File: /tmp/tmp-AixLib-3-hub79fqh/AixLib/Utilities/KPIs/BaseClasses/PartialAssessmentBase.mo, line 27
Warning: Local "y" conflict with inherited. Should be identical
Warning: Component y(unit = "s"),
  but previously y(unit = << Empty >>).
  The components are not identical.
 
  For element y found at
 
  File: /tmp/tmp-AixLib-3-hub79fqh/AixLib/Utilities/KPIs/IntegralErrorSingleReference/IntegralTimer.mo, line 6
  Conflict with element from
  File: /tmp/tmp-AixLib-3-hub79fqh/AixLib/Utilities/KPIs/BaseClasses/PartialIntegratorBase.mo, line 9
 Component context: din16798Tim.fixLimCat4.itgTim
  Component declared as IntegralTimer itgTim in AixLib.Utilities.KPIs.IntegralErrorSingleReference
  File: /tmp/tmp-AixLib-3-hub79fqh/AixLib/Utilities/KPIs/BaseClasses/PartialAssessmentBase.mo, line 27
Warning: Local "y" conflict with inherited. Should be identical
Warning: Component y(unit = "s"),
  but previously y(unit = << Empty >>).
  The components are not identical.
 
  For element y found at
 
  File: /tmp/tmp-AixLib-3-hub79fqh/AixLib/Utilities/KPIs/IntegralErrorSingleReference/IntegralTimer.mo, line 6
  Conflict with element from
  File: /tmp/tmp-AixLib-3-hub79fqh/AixLib/Utilities/KPIs/BaseClasses/PartialIntegratorBase.mo, line 9
 Component context: din16798ActTim.fixLimCat1.itgTim
  Component declared as IntegralTimer itgTim in AixLib.Utilities.KPIs.IntegralErrorSingleReference
  File: /tmp/tmp-AixLib-3-hub79fqh/AixLib/Utilities/KPIs/BaseClasses/PartialAssessmentBase.mo, line 27
Warning: Local "y" conflict with inherited. Should be identical
Warning: Component y(unit = "s"),
  but previously y(unit = << Empty >>).
  The components are not identical.
 
  For element y found at
 
  File: /tmp/tmp-AixLib-3-hub79fqh/AixLib/Utilities/KPIs/IntegralErrorSingleReference/IntegralTimer.mo, line 6
  Conflict with element from
  File: /tmp/tmp-AixLib-3-hub79fqh/AixLib/Utilities/KPIs/BaseClasses/PartialIntegratorBase.mo, line 9
 Component context: din16798ActTim.fixLimCat2.itgTim
  Component declared as IntegralTimer itgTim in AixLib.Utilities.KPIs.IntegralErrorSingleReference
  File: /tmp/tmp-AixLib-3-hub79fqh/AixLib/Utilities/KPIs/BaseClasses/PartialAssessmentBase.mo, line 27
Warning: Local "y" conflict with inherited. Should be identical
Warning: Component y(unit = "s"),
  but previously y(unit = << Empty >>).
  The components are not identical.
 
  For element y found at
 
  File: /tmp/tmp-AixLib-3-hub79fqh/AixLib/Utilities/KPIs/IntegralErrorSingleReference/IntegralTimer.mo, line 6
  Conflict with element from
  File: /tmp/tmp-AixLib-3-hub79fqh/AixLib/Utilities/KPIs/BaseClasses/PartialIntegratorBase.mo, line 9
 Component context: din16798ActTim.fixLimCat3.itgTim
  Component declared as IntegralTimer itgTim in AixLib.Utilities.KPIs.IntegralErrorSingleReference
  File: /tmp/tmp-AixLib-3-hub79fqh/AixLib/Utilities/KPIs/BaseClasses/PartialAssessmentBase.mo, line 27
Warning: Local "y" conflict with inherited. Should be identical
Warning: Component y(unit = "s"),
  but previously y(unit = << Empty >>).
  The components are not identical.
 
  For element y found at
 
  File: /tmp/tmp-AixLib-3-hub79fqh/AixLib/Utilities/KPIs/IntegralErrorSingleReference/IntegralTimer.mo, line 6
  Conflict with element from
  File: /tmp/tmp-AixLib-3-hub79fqh/AixLib/Utilities/KPIs/BaseClasses/PartialIntegratorBase.mo, line 9
 Component context: din16798ActTim.fixLimCat4.itgTim
  Component declared as IntegralTimer itgTim in AixLib.Utilities.KPIs.IntegralErrorSingleReference
  File: /tmp/tmp-AixLib-3-hub79fqh/AixLib/Utilities/KPIs/BaseClasses/PartialAssessmentBase.mo, line 27
-------------------------------------------------
Error: the model is too complex for the current license.
Your license must be upgraded to handle this model.
-------------------------------------------------
Warning: WARNINGS have been issued.
Error: ERRORS have been issued.
Declaring variable: Boolean rCheck ;

Modelica.Utilities.Streams.print("    { \"file\" :  \"AixLib/Resources/Scripts/Dymola/Utilities/KPIs/Examples/Co2Kpis.mos\",", "AixLib.Utilities.KPIs.Examples.Co2Kpis.statistics.log");
Modelica.Utilities.Streams.print("      \"model\" : \"AixLib.Utilities.KPIs.Examples.Co2Kpis\",", "AixLib.Utilities.KPIs.Examples.Co2Kpis.statistics.log");
Modelica.Utilities.Streams.print("      \"check\" : {", "AixLib.Utilities.KPIs.Examples.Co2Kpis.statistics.log");
Modelica.Utilities.Streams.print("        \"command\" : \"checkModel(\\\"AixLib.Utilities.KPIs.Examples.Co2Kpis\\\");\",", "AixLib.Utilities.KPIs.Examples.Co2Kpis.statistics.log");
Modelica.Utilities.Streams.print("        \"result\"  : " + String(rCheck), "AixLib.Utilities.KPIs.Examples.Co2Kpis.statistics.log");
Modelica.Utilities.Streams.print("      },", "AixLib.Utilities.KPIs.Examples.Co2Kpis.statistics.log");


rScript=RunScript("modelica://AixLib/Resources/Scripts/Dymola/Utilities/KPIs/Examples/Co2Kpis.mos");
simulateModel("AixLib.Utilities.KPIs.Examples.Co2Kpis", startTime=0, stopTime=120, outputInterval=1, method="dassl", tolerance=1e-6, resultFile="AixLib.Utilities.KPIs.Examples.Co2Kpis");
Translation of AixLib.Utilities.KPIs.Examples.Co2Kpis
Warning: Local "y" conflict with inherited. Should be identical
Warning: Component y(unit = "s"),
  but previously y(unit = << Empty >>).
  The components are not identical.
 
  For element y found at
 
  File: /tmp/tmp-AixLib-3-hub79fqh/AixLib/Utilities/KPIs/IntegralErrorSingleReference/IntegralTimer.mo, line 6
  Conflict with element from
  File: /tmp/tmp-AixLib-3-hub79fqh/AixLib/Utilities/KPIs/BaseClasses/PartialIntegratorBase.mo, line 9
 Component context: fixBou.itgTim
  Component declared as IntegralTimer itgTim in AixLib.Utilities.KPIs.IntegralErrorSingleReference
  File: /tmp/tmp-AixLib-3-hub79fqh/AixLib/Utilities/KPIs/BaseClasses/PartialAssessmentBase.mo, line 27
Warning: Local "y" conflict with inherited. Should be identical
Warning: Component y(unit = "s"),
  but previously y(unit = << Empty >>).
  The components are not identical.
 
  For element y found at
 
  File: /tmp/tmp-AixLib-3-hub79fqh/AixLib/Utilities/KPIs/IntegralErrorSingleReference/IntegralTimer.mo, line 6
  Conflict with element from
  File: /tmp/tmp-AixLib-3-hub79fqh/AixLib/Utilities/KPIs/BaseClasses/PartialIntegratorBase.mo, line 9
 Component context: fixBouAct.itgTim
  Component declared as IntegralTimer itgTim in AixLib.Utilities.KPIs.IntegralErrorSingleReference
  File: /tmp/tmp-AixLib-3-hub79fqh/AixLib/Utilities/KPIs/BaseClasses/PartialAssessmentBase.mo, line 27
Warning: Local "y" conflict with inherited. Should be identical
Warning: Component y(unit = "s"),
  but previously y(unit = << Empty >>).
  The components are not identical.
 
  For element y found at
 
  File: /tmp/tmp-AixLib-3-hub79fqh/AixLib/Utilities/KPIs/IntegralErrorSingleReference/IntegralTimer.mo, line 6
  Conflict with element from
  File: /tmp/tmp-AixLib-3-hub79fqh/AixLib/Utilities/KPIs/BaseClasses/PartialIntegratorBase.mo, line 9
 Component context: fixBouRes.itgTim
  Component declared as IntegralTimer itgTim in AixLib.Utilities.KPIs.IntegralErrorSingleReference
  File: /tmp/tmp-AixLib-3-hub79fqh/AixLib/Utilities/KPIs/BaseClasses/PartialAssessmentBase.mo, line 27
Warning: Local "y" conflict with inherited. Should be identical
Warning: Component y(unit = "s"),
  but previously y(unit = << Empty >>).
  The components are not identical.
 
  For element y found at
 
  File: /tmp/tmp-AixLib-3-hub79fqh/AixLib/Utilities/KPIs/IntegralErrorSingleReference/IntegralTimer.mo, line 6
  Conflict with element from
  File: /tmp/tmp-AixLib-3-hub79fqh/AixLib/Utilities/KPIs/BaseClasses/PartialIntegratorBase.mo, line 9
 Component context: fixBouTim.itgTim
  Component declared as IntegralTimer itgTim in AixLib.Utilities.KPIs.IntegralErrorSingleReference
  File: /tmp/tmp-AixLib-3-hub79fqh/AixLib/Utilities/KPIs/BaseClasses/PartialAssessmentBase.mo, line 27
Warning: Local "y" conflict with inherited. Should be identical
Warning: Component y(unit = "s"),
  but previously y(unit = << Empty >>).
  The components are not identical.
 
  For element y found at
 
  File: /tmp/tmp-AixLib-3-hub79fqh/AixLib/Utilities/KPIs/IntegralErrorSingleReference/IntegralTimer.mo, line 6
  Conflict with element from
  File: /tmp/tmp-AixLib-3-hub79fqh/AixLib/Utilities/KPIs/BaseClasses/PartialIntegratorBase.mo, line 9
 Component context: fixBouTimRes.itgTim
  Component declared as IntegralTimer itgTim in AixLib.Utilities.KPIs.IntegralErrorSingleReference
  File: /tmp/tmp-AixLib-3-hub79fqh/AixLib/Utilities/KPIs/BaseClasses/PartialAssessmentBase.mo, line 27
Warning: Local "y" conflict with inherited. Should be identical
Warning: Component y(unit = "s"),
  but previously y(unit = << Empty >>).
  The components are not identical.
 
  For element y found at
 
  File: /tmp/tmp-AixLib-3-hub79fqh/AixLib/Utilities/KPIs/IntegralErrorSingleReference/IntegralTimer.mo, line 6
  Conflict with element from
  File: /tmp/tmp-AixLib-3-hub79fqh/AixLib/Utilities/KPIs/BaseClasses/PartialIntegratorBase.mo, line 9
 Component context: din16798Tim.fixLimCat1.itgTim
  Component declared as IntegralTimer itgTim in AixLib.Utilities.KPIs.IntegralErrorSingleReference
  File: /tmp/tmp-AixLib-3-hub79fqh/AixLib/Utilities/KPIs/BaseClasses/PartialAssessmentBase.mo, line 27
Warning: Local "y" conflict with inherited. Should be identical
Warning: Component y(unit = "s"),
  but previously y(unit = << Empty >>).
  The components are not identical.
 
  For element y found at
 
  File: /tmp/tmp-AixLib-3-hub79fqh/AixLib/Utilities/KPIs/IntegralErrorSingleReference/IntegralTimer.mo, line 6
  Conflict with element from
  File: /tmp/tmp-AixLib-3-hub79fqh/AixLib/Utilities/KPIs/BaseClasses/PartialIntegratorBase.mo, line 9
 Component context: din16798Tim.fixLimCat2.itgTim
  Component declared as IntegralTimer itgTim in AixLib.Utilities.KPIs.IntegralErrorSingleReference
  File: /tmp/tmp-AixLib-3-hub79fqh/AixLib/Utilities/KPIs/BaseClasses/PartialAssessmentBase.mo, line 27
Warning: Local "y" conflict with inherited. Should be identical
Warning: Component y(unit = "s"),
  but previously y(unit = << Empty >>).
  The components are not identical.
 
  For element y found at
 
  File: /tmp/tmp-AixLib-3-hub79fqh/AixLib/Utilities/KPIs/IntegralErrorSingleReference/IntegralTimer.mo, line 6
  Conflict with element from
  File: /tmp/tmp-AixLib-3-hub79fqh/AixLib/Utilities/KPIs/BaseClasses/PartialIntegratorBase.mo, line 9
 Component context: din16798Tim.fixLimCat3.itgTim
  Component declared as IntegralTimer itgTim in AixLib.Utilities.KPIs.IntegralErrorSingleReference
  File: /tmp/tmp-AixLib-3-hub79fqh/AixLib/Utilities/KPIs/BaseClasses/PartialAssessmentBase.mo, line 27
Warning: Local "y" conflict with inherited. Should be identical
Warning: Component y(unit = "s"),
  but previously y(unit = << Empty >>).
  The components are not identical.
 
  For element y found at
 
  File: /tmp/tmp-AixLib-3-hub79fqh/AixLib/Utilities/KPIs/IntegralErrorSingleReference/IntegralTimer.mo, line 6
  Conflict with element from
  File: /tmp/tmp-AixLib-3-hub79fqh/AixLib/Utilities/KPIs/BaseClasses/PartialIntegratorBase.mo, line 9
 Component context: din16798Tim.fixLimCat4.itgTim
  Component declared as IntegralTimer itgTim in AixLib.Utilities.KPIs.IntegralErrorSingleReference
  File: /tmp/tmp-AixLib-3-hub79fqh/AixLib/Utilities/KPIs/BaseClasses/PartialAssessmentBase.mo, line 27
Warning: Local "y" conflict with inherited. Should be identical
Warning: Component y(unit = "s"),
  but previously y(unit = << Empty >>).
  The components are not identical.
 
  For element y found at
 
  File: /tmp/tmp-AixLib-3-hub79fqh/AixLib/Utilities/KPIs/IntegralErrorSingleReference/IntegralTimer.mo, line 6
  Conflict with element from
  File: /tmp/tmp-AixLib-3-hub79fqh/AixLib/Utilities/KPIs/BaseClasses/PartialIntegratorBase.mo, line 9
 Component context: din16798ActTim.fixLimCat1.itgTim
  Component declared as IntegralTimer itgTim in AixLib.Utilities.KPIs.IntegralErrorSingleReference
  File: /tmp/tmp-AixLib-3-hub79fqh/AixLib/Utilities/KPIs/BaseClasses/PartialAssessmentBase.mo, line 27
Warning: Local "y" conflict with inherited. Should be identical
Warning: Component y(unit = "s"),
  but previously y(unit = << Empty >>).
  The components are not identical.
 
  For element y found at
 
  File: /tmp/tmp-AixLib-3-hub79fqh/AixLib/Utilities/KPIs/IntegralErrorSingleReference/IntegralTimer.mo, line 6
  Conflict with element from
  File: /tmp/tmp-AixLib-3-hub79fqh/AixLib/Utilities/KPIs/BaseClasses/PartialIntegratorBase.mo, line 9
 Component context: din16798ActTim.fixLimCat2.itgTim
  Component declared as IntegralTimer itgTim in AixLib.Utilities.KPIs.IntegralErrorSingleReference
  File: /tmp/tmp-AixLib-3-hub79fqh/AixLib/Utilities/KPIs/BaseClasses/PartialAssessmentBase.mo, line 27
Warning: Local "y" conflict with inherited. Should be identical
Warning: Component y(unit = "s"),
  but previously y(unit = << Empty >>).
  The components are not identical.
 
  For element y found at
 
  File: /tmp/tmp-AixLib-3-hub79fqh/AixLib/Utilities/KPIs/IntegralErrorSingleReference/IntegralTimer.mo, line 6
  Conflict with element from
  File: /tmp/tmp-AixLib-3-hub79fqh/AixLib/Utilities/KPIs/BaseClasses/PartialIntegratorBase.mo, line 9
 Component context: din16798ActTim.fixLimCat3.itgTim
  Component declared as IntegralTimer itgTim in AixLib.Utilities.KPIs.IntegralErrorSingleReference
  File: /tmp/tmp-AixLib-3-hub79fqh/AixLib/Utilities/KPIs/BaseClasses/PartialAssessmentBase.mo, line 27
Warning: Local "y" conflict with inherited. Should be identical
Warning: Component y(unit = "s"),
  but previously y(unit = << Empty >>).
  The components are not identical.
 
  For element y found at
 
  File: /tmp/tmp-AixLib-3-hub79fqh/AixLib/Utilities/KPIs/IntegralErrorSingleReference/IntegralTimer.mo, line 6
  Conflict with element from
  File: /tmp/tmp-AixLib-3-hub79fqh/AixLib/Utilities/KPIs/BaseClasses/PartialIntegratorBase.mo, line 9
 Component context: din16798ActTim.fixLimCat4.itgTim
  Component declared as IntegralTimer itgTim in AixLib.Utilities.KPIs.IntegralErrorSingleReference
  File: /tmp/tmp-AixLib-3-hub79fqh/AixLib/Utilities/KPIs/BaseClasses/PartialAssessmentBase.mo, line 27
-------------------------------------------------
Error: the model is too complex for the current license.
Your license must be upgraded to handle this model.
-------------------------------------------------
Warning: WARNINGS have been issued.
Error: ERRORS have been issued.
 = false

Instantiation of 
Declaring variable: Boolean rScript ;

savelog("AixLib.Utilities.KPIs.Examples.Co2Kpis.translation.log");