[
  {
    "comparison": {
      "file_name": "AixLib.Systems.HeatPumpSystems.Examples.HeatPumpSystem.mat",
      "funnel_dirs": [
        null,
        null,
        null,
        null,
        null,
        null
      ],
      "success_rate": 0.0,
      "t_err_max": [
        0,
        0,
        0,
        0,
        0,
        0
      ],
      "test_passed": [
        0,
        0,
        0,
        0,
        0,
        0
      ],
      "var_groups": [
        0,
        0,
        0,
        1,
        1,
        2
      ],
      "variables": [
        "heatPumpSystem.heatPump.sigBus.TConInMea",
        "heatPumpSystem.heatPump.sigBus.TConOutMea",
        "heatPumpSystem.hPSystemController.hPControls.heatCurve.TSet",
        "heatPumpSystem.heatPump.innerCycle.QCon",
        "heatPumpSystem.heatPump.innerCycle.Pel",
        "vol.T"
      ],
      "warnings": [
        "Translation, simulation or extracting simulation results failed. IOError while reading /tmp/tmp-AixLib-0-fetko37b/AixLib/AixLib.Systems.HeatPumpSystems.Examples.HeatPumpSystem.mat generated by Systems/HeatPumpSystems/Examples/HeatPumpSystem.mos.\nFile /tmp/tmp-AixLib-0-fetko37b/AixLib/AixLib.Systems.HeatPumpSystems.Examples.HeatPumpSystem.mat does not exist.\n",
        "",
        "",
        "",
        "",
        ""
      ]
    },
    "model": "AixLib.Systems.HeatPumpSystems.Examples.HeatPumpSystem",
    "simulation": {
      "elapsed_time": 0,
      "final_time": 86400,
      "jacobians": 0,
      "start_time": 0,
      "state_events": 0,
      "success": false
    }
  },
  {
    "comparison": {
      "file_name": "AixLib.Systems.ModularAHU.Validation.AHU2_Preheater.mat",
      "funnel_dirs": [
        "funnel_comp/AixLib.Systems.ModularAHU.Validation.AHU2_Preheater.mat_registerModule.registerBus.TAirInMea",
        "funnel_comp/AixLib.Systems.ModularAHU.Validation.AHU2_Preheater.mat_registerModule.registerBus.TAirOutMea",
        "funnel_comp/AixLib.Systems.ModularAHU.Validation.AHU2_Preheater.mat_combiTimeTable.y[6]",
        "funnel_comp/AixLib.Systems.ModularAHU.Validation.AHU2_Preheater.mat_combiTimeTable.y[5]",
        "funnel_comp/AixLib.Systems.ModularAHU.Validation.AHU2_Preheater.mat_combiTimeTable.y[3]",
        "funnel_comp/AixLib.Systems.ModularAHU.Validation.AHU2_Preheater.mat_combiTimeTable.y[4]",
        "funnel_comp/AixLib.Systems.ModularAHU.Validation.AHU2_Preheater.mat_registerModule.registerBus.hydraulicBus.TFwrdOutMea",
        "funnel_comp/AixLib.Systems.ModularAHU.Validation.AHU2_Preheater.mat_registerModule.registerBus.hydraulicBus.TRtrnInMea",
        "funnel_comp/AixLib.Systems.ModularAHU.Validation.AHU2_Preheater.mat_combiTimeTable.y[9]",
        "funnel_comp/AixLib.Systems.ModularAHU.Validation.AHU2_Preheater.mat_combiTimeTable.y[8]",
        "funnel_comp/AixLib.Systems.ModularAHU.Validation.AHU2_Preheater.mat_Simulation_VF_in_m3h.y",
        "funnel_comp/AixLib.Systems.ModularAHU.Validation.AHU2_Preheater.mat_Simulation_VF_out_m3h.y"
      ],
      "success_rate": 1.0,
      "t_err_max": [
        0.0,
        0.0,
        0.0,
        0.0,
        0.0,
        0.0,
        0.0,
        0.0,
        0.0,
        0.0,
        0.0,
        0.0
      ],
      "test_passed": [
        1,
        1,
        1,
        1,
        1,
        1,
        1,
        1,
        1,
        1,
        1,
        1
      ],
      "var_groups": [
        0,
        0,
        0,
        0,
        1,
        1,
        1,
        1,
        2,
        2,
        2,
        2
      ],
      "variables": [
        "registerModule.registerBus.TAirInMea",
        "registerModule.registerBus.TAirOutMea",
        "combiTimeTable.y[6]",
        "combiTimeTable.y[5]",
        "combiTimeTable.y[3]",
        "combiTimeTable.y[4]",
        "registerModule.registerBus.hydraulicBus.TFwrdOutMea",
        "registerModule.registerBus.hydraulicBus.TRtrnInMea",
        "combiTimeTable.y[9]",
        "combiTimeTable.y[8]",
        "Simulation_VF_in_m3h.y",
        "Simulation_VF_out_m3h.y"
      ],
      "warnings": [
        null,
        null,
        null,
        null,
        null,
        null,
        null,
        null,
        null,
        null,
        null,
        null
      ]
    },
    "model": "AixLib.Systems.ModularAHU.Validation.AHU2_Preheater",
    "simulation": {
      "elapsed_time": 1.64,
      "final_time": 7200,
      "jacobians": 4988,
      "start_time": 0,
      "state_events": 10,
      "success": true
    }
  },
  {
    "comparison": {
      "file_name": "AixLib.Systems.HydraulicModules.Example.ThrottlePump.mat",
      "funnel_dirs": [
        "funnel_comp/AixLib.Systems.HydraulicModules.Example.ThrottlePump.mat_hydraulicBus.TFwrdInMea",
        "funnel_comp/AixLib.Systems.HydraulicModules.Example.ThrottlePump.mat_hydraulicBus.TFwrdOutMea",
        "funnel_comp/AixLib.Systems.HydraulicModules.Example.ThrottlePump.mat_hydraulicBus.TRtrnInMea",
        "funnel_comp/AixLib.Systems.HydraulicModules.Example.ThrottlePump.mat_hydraulicBus.TRtrnOutMea",
        "funnel_comp/AixLib.Systems.HydraulicModules.Example.ThrottlePump.mat_hydraulicBus.VFlowInMea",
        "funnel_comp/AixLib.Systems.HydraulicModules.Example.ThrottlePump.mat_hydraulicBus.VFlowOutMea"
      ],
      "success_rate": 1.0,
      "t_err_max": [
        0.0,
        0.0,
        0.0,
        0.0,
        0.0,
        0.0
      ],
      "test_passed": [
        1,
        1,
        1,
        1,
        1,
        1
      ],
      "var_groups": [
        0,
        0,
        0,
        0,
        1,
        1
      ],
      "variables": [
        "hydraulicBus.TFwrdInMea",
        "hydraulicBus.TFwrdOutMea",
        "hydraulicBus.TRtrnInMea",
        "hydraulicBus.TRtrnOutMea",
        "hydraulicBus.VFlowInMea",
        "hydraulicBus.VFlowOutMea"
      ],
      "warnings": [
        null,
        null,
        null,
        null,
        null,
        null
      ]
    },
    "model": "AixLib.Systems.HydraulicModules.Example.ThrottlePump",
    "simulation": {
      "elapsed_time": 0.0331,
      "final_time": 600,
      "jacobians": 46,
      "start_time": 0,
      "state_events": 0,
      "success": true
    }
  },
  {
    "comparison": {
      "file_name": "AixLib.Systems.HydraulicModules.Example.Admix.mat",
      "funnel_dirs": [
        "funnel_comp/AixLib.Systems.HydraulicModules.Example.Admix.mat_hydraulicBus.TFwrdInMea",
        "funnel_comp/AixLib.Systems.HydraulicModules.Example.Admix.mat_hydraulicBus.TFwrdOutMea",
        "funnel_comp/AixLib.Systems.HydraulicModules.Example.Admix.mat_hydraulicBus.TRtrnInMea",
        "funnel_comp/AixLib.Systems.HydraulicModules.Example.Admix.mat_hydraulicBus.TRtrnOutMea",
        "funnel_comp/AixLib.Systems.HydraulicModules.Example.Admix.mat_hydraulicBus.VFlowInMea",
        "funnel_comp/AixLib.Systems.HydraulicModules.Example.Admix.mat_hydraulicBus.VFlowOutMea"
      ],
      "success_rate": 1.0,
      "t_err_max": [
        0.0,
        0.0,
        0.0,
        0.0,
        0.0,
        0.0
      ],
      "test_passed": [
        1,
        1,
        1,
        1,
        1,
        1
      ],
      "var_groups": [
        0,
        0,
        0,
        0,
        1,
        1
      ],
      "variables": [
        "hydraulicBus.TFwrdInMea",
        "hydraulicBus.TFwrdOutMea",
        "hydraulicBus.TRtrnInMea",
        "hydraulicBus.TRtrnOutMea",
        "hydraulicBus.VFlowInMea",
        "hydraulicBus.VFlowOutMea"
      ],
      "warnings": [
        null,
        null,
        null,
        null,
        null,
        null
      ]
    },
    "model": "AixLib.Systems.HydraulicModules.Example.Admix",
    "simulation": {
      "elapsed_time": 0.0215,
      "final_time": 800,
      "jacobians": 56,
      "start_time": 0,
      "state_events": 0,
      "success": true
    }
  },
  {
    "comparison": {
      "file_name": "AixLib.Systems.ModularAHU.Examples.Heater.mat",
      "funnel_dirs": [
        "funnel_comp/AixLib.Systems.ModularAHU.Examples.Heater.mat_ctrBasic.registerBus.TAirInMea",
        "funnel_comp/AixLib.Systems.ModularAHU.Examples.Heater.mat_ctrBasic.registerBus.TAirOutMea",
        "funnel_comp/AixLib.Systems.ModularAHU.Examples.Heater.mat_ctrBasic.registerBus.hydraulicBus.valveSet"
      ],
      "success_rate": 1.0,
      "t_err_max": [
        0.0,
        0.0,
        0.0
      ],
      "test_passed": [
        1,
        1,
        1
      ],
      "var_groups": [
        0,
        0,
        1
      ],
      "variables": [
        "ctrBasic.registerBus.TAirInMea",
        "ctrBasic.registerBus.TAirOutMea",
        "ctrBasic.registerBus.hydraulicBus.valveSet"
      ],
      "warnings": [
        null,
        null,
        null
      ]
    },
    "model": "AixLib.Systems.ModularAHU.Examples.Heater",
    "simulation": {
      "elapsed_time": 0.0331,
      "final_time": 3600,
      "jacobians": 31,
      "start_time": 0,
      "state_events": 0,
      "success": true
    }
  },
  {
    "comparison": {
      "file_name": "AixLib.Systems.HydraulicModules.Example.Pump.mat",
      "funnel_dirs": [
        null,
        null,
        null,
        null,
        null,
        null
      ],
      "success_rate": 0.0,
      "t_err_max": [
        0,
        0,
        0,
        0,
        0,
        0
      ],
      "test_passed": [
        0,
        0,
        0,
        0,
        0,
        0
      ],
      "var_groups": [
        0,
        0,
        0,
        0,
        1,
        1
      ],
      "variables": [
        "hydraulicBus.TFwrdInMea",
        "hydraulicBus.TFwrdOutMea",
        "hydraulicBus.TRtrnInMea",
        "hydraulicBus.TRtrnOutMea",
        "hydraulicBus.VFlowInMea",
        "hydraulicBus.VFlowOutMea"
      ],
      "warnings": [
        "Translation, simulation or extracting simulation results failed. IOError while reading /tmp/tmp-AixLib-1-xgh24_gi/AixLib/AixLib.Systems.HydraulicModules.Example.Pump.mat generated by Systems/HydraulicModules/Examples/Pump.mos.\nFile /tmp/tmp-AixLib-1-xgh24_gi/AixLib/AixLib.Systems.HydraulicModules.Example.Pump.mat does not exist.\n",
        "",
        "",
        "",
        "",
        ""
      ]
    },
    "model": "AixLib.Systems.HydraulicModules.Example.Pump",
    "simulation": {
      "elapsed_time": 0,
      "final_time": 800,
      "jacobians": 0,
      "start_time": 0,
      "state_events": 0,
      "success": false
    }
  },
  {
    "comparison": {
      "file_name": "AixLib.Systems.HydraulicModules.Example.Injection.mat",
      "funnel_dirs": [
        null,
        null,
        null,
        null,
        null,
        null
      ],
      "success_rate": 0.0,
      "t_err_max": [
        0,
        0,
        0,
        0,
        0,
        0
      ],
      "test_passed": [
        0,
        0,
        0,
        0,
        0,
        0
      ],
      "var_groups": [
        0,
        0,
        0,
        0,
        1,
        1
      ],
      "variables": [
        "hydraulicBus.TFwrdInMea",
        "hydraulicBus.TFwrdOutMea",
        "hydraulicBus.TRtrnInMea",
        "hydraulicBus.TRtrnOutMea",
        "hydraulicBus.VFlowInMea",
        "hydraulicBus.VFlowOutMea"
      ],
      "warnings": [
        "Translation, simulation or extracting simulation results failed. IOError while reading /tmp/tmp-AixLib-1-xgh24_gi/AixLib/AixLib.Systems.HydraulicModules.Example.Injection.mat generated by Systems/HydraulicModules/Examples/Injection.mos.\nFile /tmp/tmp-AixLib-1-xgh24_gi/AixLib/AixLib.Systems.HydraulicModules.Example.Injection.mat does not exist.\n",
        "",
        "",
        "",
        "",
        ""
      ]
    },
    "model": "AixLib.Systems.HydraulicModules.Example.Injection",
    "simulation": {
      "elapsed_time": 0,
      "final_time": 800,
      "jacobians": 0,
      "start_time": 0,
      "state_events": 0,
      "success": false
    }
  },
  {
    "comparison": {
      "file_name": "AixLib.Systems.ModularAHU.Validation.AHU2_Cooler.mat",
      "funnel_dirs": [
        "funnel_comp/AixLib.Systems.ModularAHU.Validation.AHU2_Cooler.mat_registerModule.registerBus.TAirInMea",
        "funnel_comp/AixLib.Systems.ModularAHU.Validation.AHU2_Cooler.mat_registerModule.registerBus.TAirOutMea",
        "funnel_comp/AixLib.Systems.ModularAHU.Validation.AHU2_Cooler.mat_combiTimeTable.y[6]",
        "funnel_comp/AixLib.Systems.ModularAHU.Validation.AHU2_Cooler.mat_combiTimeTable.y[5]",
        "funnel_comp/AixLib.Systems.ModularAHU.Validation.AHU2_Cooler.mat_combiTimeTable.y[3]",
        "funnel_comp/AixLib.Systems.ModularAHU.Validation.AHU2_Cooler.mat_combiTimeTable.y[4]",
        "funnel_comp/AixLib.Systems.ModularAHU.Validation.AHU2_Cooler.mat_registerModule.registerBus.hydraulicBus.TFwrdOutMea",
        "funnel_comp/AixLib.Systems.ModularAHU.Validation.AHU2_Cooler.mat_registerModule.registerBus.hydraulicBus.TRtrnInMea",
        "funnel_comp/AixLib.Systems.ModularAHU.Validation.AHU2_Cooler.mat_combiTimeTable.y[9]",
        "funnel_comp/AixLib.Systems.ModularAHU.Validation.AHU2_Cooler.mat_combiTimeTable.y[8]",
        "funnel_comp/AixLib.Systems.ModularAHU.Validation.AHU2_Cooler.mat_Simulation_VF_in_m3h.y",
        "funnel_comp/AixLib.Systems.ModularAHU.Validation.AHU2_Cooler.mat_Simulation_VF_out_m3h.y"
      ],
      "success_rate": 1.0,
      "t_err_max": [
        0.0,
        0.0,
        0.0,
        0.0,
        0.0,
        0.0,
        0.0,
        0.0,
        0.0,
        0.0,
        0.0,
        0.0
      ],
      "test_passed": [
        1,
        1,
        1,
        1,
        1,
        1,
        1,
        1,
        1,
        1,
        1,
        1
      ],
      "var_groups": [
        0,
        0,
        0,
        0,
        1,
        1,
        1,
        1,
        2,
        2,
        2,
        2
      ],
      "variables": [
        "registerModule.registerBus.TAirInMea",
        "registerModule.registerBus.TAirOutMea",
        "combiTimeTable.y[6]",
        "combiTimeTable.y[5]",
        "combiTimeTable.y[3]",
        "combiTimeTable.y[4]",
        "registerModule.registerBus.hydraulicBus.TFwrdOutMea",
        "registerModule.registerBus.hydraulicBus.TRtrnInMea",
        "combiTimeTable.y[9]",
        "combiTimeTable.y[8]",
        "Simulation_VF_in_m3h.y",
        "Simulation_VF_out_m3h.y"
      ],
      "warnings": [
        null,
        null,
        null,
        null,
        null,
        null,
        null,
        null,
        null,
        null,
        null,
        null
      ]
    },
    "model": "AixLib.Systems.ModularAHU.Validation.AHU2_Cooler",
    "simulation": {
      "elapsed_time": 3.03,
      "final_time": 2700,
      "jacobians": 11738,
      "start_time": 0,
      "state_events": 0,
      "success": true
    }
  },
  {
    "comparison": {
      "file_name": "AixLib.Systems.ModularAHU.Examples.DemandControlledAHU.mat",
      "funnel_dirs": [
        null,
        null,
        null,
        null,
        null
      ],
      "success_rate": 0.0,
      "t_err_max": [
        0,
        0,
        0,
        0,
        0
      ],
      "test_passed": [
        0,
        0,
        0,
        0,
        0
      ],
      "var_groups": [
        0,
        0,
        1,
        2,
        3
      ],
      "variables": [
        "genericAHU.genericAHUBus.TSupMea",
        "genericAHU.genericAHUBus.TOdaMea",
        "genericAHU.genericAHUBus.heaterBus.hydraulicBus.valveSet",
        "genericAHU.genericAHUBus.heaterBus.VFlowAirMea",
        "thermalZone.CO2Con"
      ],
      "warnings": [
        "Translation, simulation or extracting simulation results failed. IOError while reading /tmp/tmp-AixLib-2-26poik96/AixLib/AixLib.Systems.ModularAHU.Examples.DemandControlledAHU.mat generated by Systems/ModularAHU/Examples/DemandControlledAHU.mos.\nFile /tmp/tmp-AixLib-2-26poik96/AixLib/AixLib.Systems.ModularAHU.Examples.DemandControlledAHU.mat does not exist.\n",
        "",
        "",
        "",
        ""
      ]
    },
    "model": "AixLib.Systems.ModularAHU.Examples.DemandControlledAHU",
    "simulation": {
      "elapsed_time": 0,
      "final_time": 6566400.0,
      "jacobians": 0,
      "start_time": 5961600.0,
      "state_events": 0,
      "success": false
    }
  },
  {
    "comparison": {
      "file_name": "AixLib.Systems.HydraulicModules.Example.Throttle.mat",
      "funnel_dirs": [
        null,
        null,
        null,
        null,
        null,
        null
      ],
      "success_rate": 0.0,
      "t_err_max": [
        0,
        0,
        0,
        0,
        0,
        0
      ],
      "test_passed": [
        0,
        0,
        0,
        0,
        0,
        0
      ],
      "var_groups": [
        0,
        0,
        0,
        0,
        1,
        1
      ],
      "variables": [
        "hydraulicBus.TFwrdInMea",
        "hydraulicBus.TFwrdOutMea",
        "hydraulicBus.TRtrnInMea",
        "hydraulicBus.TRtrnOutMea",
        "hydraulicBus.VFlowInMea",
        "hydraulicBus.VFlowOutMea"
      ],
      "warnings": [
        "Translation, simulation or extracting simulation results failed. IOError while reading /tmp/tmp-AixLib-2-26poik96/AixLib/AixLib.Systems.HydraulicModules.Example.Throttle.mat generated by Systems/HydraulicModules/Examples/Throttle.mos.\nFile /tmp/tmp-AixLib-2-26poik96/AixLib/AixLib.Systems.HydraulicModules.Example.Throttle.mat does not exist.\n",
        "",
        "",
        "",
        "",
        ""
      ]
    },
    "model": "AixLib.Systems.HydraulicModules.Example.Throttle",
    "simulation": {
      "elapsed_time": 0,
      "final_time": 1000,
      "jacobians": 0,
      "start_time": 0,
      "state_events": 0,
      "success": false
    }
  },
  {
    "comparison": {
      "file_name": "AixLib.Systems.HydraulicModules.Example.Injection2WayValve.mat",
      "funnel_dirs": [
        null,
        null,
        null,
        null,
        null,
        null
      ],
      "success_rate": 0.0,
      "t_err_max": [
        0,
        0,
        0,
        0,
        0,
        0
      ],
      "test_passed": [
        0,
        0,
        0,
        0,
        0,
        0
      ],
      "var_groups": [
        0,
        0,
        0,
        0,
        1,
        1
      ],
      "variables": [
        "hydraulicBus.TFwrdInMea",
        "hydraulicBus.TFwrdOutMea",
        "hydraulicBus.TRtrnInMea",
        "hydraulicBus.TRtrnOutMea",
        "hydraulicBus.VFlowInMea",
        "hydraulicBus.VFlowOutMea"
      ],
      "warnings": [
        "Translation, simulation or extracting simulation results failed. IOError while reading /tmp/tmp-AixLib-3-n8iittnv/AixLib/AixLib.Systems.HydraulicModules.Example.Injection2WayValve.mat generated by Systems/HydraulicModules/Examples/Injection2WayValve.mos.\nFile /tmp/tmp-AixLib-3-n8iittnv/AixLib/AixLib.Systems.HydraulicModules.Example.Injection2WayValve.mat does not exist.\n",
        "",
        "",
        "",
        "",
        ""
      ]
    },
    "model": "AixLib.Systems.HydraulicModules.Example.Injection2WayValve",
    "simulation": {
      "elapsed_time": 0,
      "final_time": 800,
      "jacobians": 0,
      "start_time": 0,
      "state_events": 0,
      "success": false
    }
  },
  {
    "comparison": {
      "file_name": "AixLib.Systems.ModularAHU.Validation.AHU2_Heater.mat",
      "funnel_dirs": [
        "funnel_comp/AixLib.Systems.ModularAHU.Validation.AHU2_Heater.mat_registerModule.registerBus.TAirInMea",
        "funnel_comp/AixLib.Systems.ModularAHU.Validation.AHU2_Heater.mat_registerModule.registerBus.TAirOutMea",
        "funnel_comp/AixLib.Systems.ModularAHU.Validation.AHU2_Heater.mat_combiTimeTable.y[6]",
        "funnel_comp/AixLib.Systems.ModularAHU.Validation.AHU2_Heater.mat_combiTimeTable.y[5]",
        "funnel_comp/AixLib.Systems.ModularAHU.Validation.AHU2_Heater.mat_combiTimeTable.y[3]",
        "funnel_comp/AixLib.Systems.ModularAHU.Validation.AHU2_Heater.mat_combiTimeTable.y[4]",
        "funnel_comp/AixLib.Systems.ModularAHU.Validation.AHU2_Heater.mat_registerModule.registerBus.hydraulicBus.TFwrdOutMea",
        "funnel_comp/AixLib.Systems.ModularAHU.Validation.AHU2_Heater.mat_registerModule.registerBus.hydraulicBus.TRtrnInMea",
        "funnel_comp/AixLib.Systems.ModularAHU.Validation.AHU2_Heater.mat_combiTimeTable.y[9]",
        "funnel_comp/AixLib.Systems.ModularAHU.Validation.AHU2_Heater.mat_combiTimeTable.y[8]",
        "funnel_comp/AixLib.Systems.ModularAHU.Validation.AHU2_Heater.mat_Simulation_VF_in_m3h.y",
        "funnel_comp/AixLib.Systems.ModularAHU.Validation.AHU2_Heater.mat_Simulation_VF_out_m3h.y"
      ],
      "success_rate": 1.0,
      "t_err_max": [
        0.0,
        0.0,
        0.0,
        0.0,
        0.0,
        0.0,
        0.0,
        0.0,
        0.0,
        0.0,
        0.0,
        0.0
      ],
      "test_passed": [
        1,
        1,
        1,
        1,
        1,
        1,
        1,
        1,
        1,
        1,
        1,
        1
      ],
      "var_groups": [
        0,
        0,
        0,
        0,
        1,
        1,
        1,
        1,
        2,
        2,
        2,
        2
      ],
      "variables": [
        "registerModule.registerBus.TAirInMea",
        "registerModule.registerBus.TAirOutMea",
        "combiTimeTable.y[6]",
        "combiTimeTable.y[5]",
        "combiTimeTable.y[3]",
        "combiTimeTable.y[4]",
        "registerModule.registerBus.hydraulicBus.TFwrdOutMea",
        "registerModule.registerBus.hydraulicBus.TRtrnInMea",
        "combiTimeTable.y[9]",
        "combiTimeTable.y[8]",
        "Simulation_VF_in_m3h.y",
        "Simulation_VF_out_m3h.y"
      ],
      "warnings": [
        null,
        null,
        null,
        null,
        null,
        null,
        null,
        null,
        null,
        null,
        null,
        null
      ]
    },
    "model": "AixLib.Systems.ModularAHU.Validation.AHU2_Heater",
    "simulation": {
      "elapsed_time": 1.44,
      "final_time": 4320,
      "jacobians": 4262,
      "start_time": 0,
      "state_events": 0,
      "success": true
    }
  },
  {
    "comparison": {
      "file_name": "AixLib.Systems.ModularAHU.Examples.GenericAHU.mat",
      "funnel_dirs": [
        null,
        null,
        null,
        null,
        null,
        null,
        null
      ],
      "success_rate": 0.0,
      "t_err_max": [
        0,
        0,
        0,
        0,
        0,
        0,
        0
      ],
      "test_passed": [
        0,
        0,
        0,
        0,
        0,
        0,
        0
      ],
      "var_groups": [
        0,
        0,
        0,
        0,
        1,
        1,
        1
      ],
      "variables": [
        "ctrAHUBasic.genericAHUBus.TOdaMea",
        "ctrAHUBasic.genericAHUBus.TSupMea",
        "ctrAHUBasic.genericAHUBus.TEtaMea",
        "ctrAHUBasic.genericAHUBus.TEhaMea",
        "ctrAHUBasic.genericAHUBus.preheaterBus.hydraulicBus.valveMea",
        "ctrAHUBasic.genericAHUBus.coolerBus.hydraulicBus.valveMea",
        "ctrAHUBasic.genericAHUBus.heaterBus.hydraulicBus.valveMea"
      ],
      "warnings": [
        "Translation, simulation or extracting simulation results failed. IOError while reading /tmp/tmp-AixLib-3-n8iittnv/AixLib/AixLib.Systems.ModularAHU.Examples.GenericAHU.mat generated by Systems/ModularAHU/Examples/GenericAHU.mos.\nFile /tmp/tmp-AixLib-3-n8iittnv/AixLib/AixLib.Systems.ModularAHU.Examples.GenericAHU.mat does not exist.\n",
        "",
        "",
        "",
        "",
        "",
        ""
      ]
    },
    "model": "AixLib.Systems.ModularAHU.Examples.GenericAHU",
    "simulation": {
      "elapsed_time": 0,
      "final_time": 7200,
      "jacobians": 0,
      "start_time": 0,
      "state_events": 0,
      "success": false
    }
  }
]
