[
  {
    "comparison": {
      "file_name": "AixLib.ThermalZones.ReducedOrder.Examples.ThermalZone.mat",
      "funnel_dirs": [
        "funnel_comp/AixLib.ThermalZones.ReducedOrder.Examples.ThermalZone.mat_thermalZone.TAir"
      ],
      "success_rate": 1.0,
      "t_err_max": [
        0.0
      ],
      "test_passed": [
        1
      ],
      "var_groups": [
        0
      ],
      "variables": [
        "thermalZone.TAir"
      ],
      "warnings": [
        null
      ]
    },
    "model": "AixLib.ThermalZones.ReducedOrder.Examples.ThermalZone",
    "simulation": {
      "elapsed_time": 11.0347,
      "final_time": 31536000.0,
      "jacobians": 21030,
      "start_time": 0,
      "state_events": 3450,
      "success": true
    }
  },
  {
    "comparison": {
      "file_name": "AixLib.ThermalZones.ReducedOrder.Examples.Multizone.mat",
      "funnel_dirs": [
        "funnel_comp/AixLib.ThermalZones.ReducedOrder.Examples.Multizone.mat_multizone.TAir[1]",
        "funnel_comp/AixLib.ThermalZones.ReducedOrder.Examples.Multizone.mat_multizone.TAir[2]",
        "funnel_comp/AixLib.ThermalZones.ReducedOrder.Examples.Multizone.mat_multizone.TAir[3]",
        "funnel_comp/AixLib.ThermalZones.ReducedOrder.Examples.Multizone.mat_multizone.TAir[4]",
        "funnel_comp/AixLib.ThermalZones.ReducedOrder.Examples.Multizone.mat_multizone.TAir[5]",
        "funnel_comp/AixLib.ThermalZones.ReducedOrder.Examples.Multizone.mat_weaDat.weaBus.TDryBul"
      ],
      "success_rate": 1.0,
      "t_err_max": [
        0.0,
        0.0,
        0.0,
        0.0,
        0.0,
        0.0
      ],
      "test_passed": [
        1,
        1,
        1,
        1,
        1,
        1
      ],
      "var_groups": [
        0,
        0,
        0,
        0,
        0,
        1
      ],
      "variables": [
        "multizone.TAir[1]",
        "multizone.TAir[2]",
        "multizone.TAir[3]",
        "multizone.TAir[4]",
        "multizone.TAir[5]",
        "weaDat.weaBus.TDryBul"
      ],
      "warnings": [
        null,
        null,
        null,
        null,
        null,
        null
      ]
    },
    "model": "AixLib.ThermalZones.ReducedOrder.Examples.Multizone",
    "simulation": {
      "elapsed_time": 2.9274,
      "final_time": 864000,
      "jacobians": 356,
      "start_time": 0,
      "state_events": 113,
      "success": true
    }
  },
  {
    "comparison": {
      "file_name": "AixLib.ThermalZones.ReducedOrder.Examples.MultizoneMoistAirCO2EquippedSwimmingFacility.mat",
      "funnel_dirs": [
        "funnel_comp/AixLib.ThermalZones.ReducedOrder.Examples.MultizoneMoistAirCO2EquippedSwimmingFacility.mat_multizone.TAir[1]",
        "funnel_comp/AixLib.ThermalZones.ReducedOrder.Examples.MultizoneMoistAirCO2EquippedSwimmingFacility.mat_multizone.zone[1].X_w"
      ],
      "success_rate": 1.0,
      "t_err_max": [
        0.0,
        0.0
      ],
      "test_passed": [
        1,
        1
      ],
      "var_groups": [
        0,
        1
      ],
      "variables": [
        "multizone.TAir[1]",
        "multizone.zone[1].X_w"
      ],
      "warnings": [
        null,
        null
      ]
    },
    "model": "AixLib.ThermalZones.ReducedOrder.Examples.MultizoneMoistAirCO2EquippedSwimmingFacility",
    "simulation": {
      "elapsed_time": 208.624,
      "final_time": 31536000.0,
      "jacobians": 43465,
      "start_time": 0,
      "state_events": 7041,
      "success": true
    }
  },
  {
    "comparison": {
      "file_name": "AixLib.ThermalZones.ReducedOrder.Examples.MultizoneEquipped.mat",
      "funnel_dirs": [
        "funnel_comp/AixLib.ThermalZones.ReducedOrder.Examples.MultizoneEquipped.mat_multizone.TAir[1]",
        "funnel_comp/AixLib.ThermalZones.ReducedOrder.Examples.MultizoneEquipped.mat_multizone.TAir[2]",
        "funnel_comp/AixLib.ThermalZones.ReducedOrder.Examples.MultizoneEquipped.mat_multizone.TAir[3]",
        "funnel_comp/AixLib.ThermalZones.ReducedOrder.Examples.MultizoneEquipped.mat_multizone.TAir[4]",
        "funnel_comp/AixLib.ThermalZones.ReducedOrder.Examples.MultizoneEquipped.mat_multizone.TAir[5]",
        "funnel_comp/AixLib.ThermalZones.ReducedOrder.Examples.MultizoneEquipped.mat_multizone.PHeater[1]",
        "funnel_comp/AixLib.ThermalZones.ReducedOrder.Examples.MultizoneEquipped.mat_multizone.PHeater[2]",
        "funnel_comp/AixLib.ThermalZones.ReducedOrder.Examples.MultizoneEquipped.mat_multizone.PHeater[3]",
        "funnel_comp/AixLib.ThermalZones.ReducedOrder.Examples.MultizoneEquipped.mat_multizone.PHeater[4]",
        "funnel_comp/AixLib.ThermalZones.ReducedOrder.Examples.MultizoneEquipped.mat_multizone.PHeater[5]"
      ],
      "success_rate": 1.0,
      "t_err_max": [
        0.0,
        0.0,
        0.0,
        0.0,
        0.0,
        0.0,
        0.0,
        0.0,
        0.0,
        0.0
      ],
      "test_passed": [
        1,
        1,
        1,
        1,
        1,
        1,
        1,
        1,
        1,
        1
      ],
      "var_groups": [
        0,
        0,
        0,
        0,
        0,
        1,
        1,
        1,
        1,
        1
      ],
      "variables": [
        "multizone.TAir[1]",
        "multizone.TAir[2]",
        "multizone.TAir[3]",
        "multizone.TAir[4]",
        "multizone.TAir[5]",
        "multizone.PHeater[1]",
        "multizone.PHeater[2]",
        "multizone.PHeater[3]",
        "multizone.PHeater[4]",
        "multizone.PHeater[5]"
      ],
      "warnings": [
        null,
        null,
        null,
        null,
        null,
        null,
        null,
        null,
        null,
        null
      ]
    },
    "model": "AixLib.ThermalZones.ReducedOrder.Examples.MultizoneEquipped",
    "simulation": {
      "elapsed_time": 5.26563,
      "final_time": 864000,
      "jacobians": 870,
      "start_time": 0,
      "state_events": 324,
      "success": true
    }
  },
  {
    "comparison": {
      "file_name": "AixLib.ThermalZones.ReducedOrder.Examples.ThermalZoneMoistAir.mat",
      "funnel_dirs": [
        "funnel_comp/AixLib.ThermalZones.ReducedOrder.Examples.ThermalZoneMoistAir.mat_thermalZone.TAir",
        "funnel_comp/AixLib.ThermalZones.ReducedOrder.Examples.ThermalZoneMoistAir.mat_thermalZone.X_w"
      ],
      "success_rate": 1.0,
      "t_err_max": [
        0.0,
        0.0
      ],
      "test_passed": [
        1,
        1
      ],
      "var_groups": [
        0,
        1
      ],
      "variables": [
        "thermalZone.TAir",
        "thermalZone.X_w"
      ],
      "warnings": [
        null,
        null
      ]
    },
    "model": "AixLib.ThermalZones.ReducedOrder.Examples.ThermalZoneMoistAir",
    "simulation": {
      "elapsed_time": 11.1106,
      "final_time": 31536000.0,
      "jacobians": 21035,
      "start_time": 0,
      "state_events": 3456,
      "success": true
    }
  },
  {
    "comparison": {
      "file_name": "AixLib.ThermalZones.ReducedOrder.Examples.SimpleRoomFourElementsTraceSubstance.mat",
      "funnel_dirs": [
        "funnel_comp/AixLib.ThermalZones.ReducedOrder.Examples.SimpleRoomFourElementsTraceSubstance.mat_thermalZoneFourElements.TAir",
        "funnel_comp/AixLib.ThermalZones.ReducedOrder.Examples.SimpleRoomFourElementsTraceSubstance.mat_thermalZoneFourElements.volAir.C[1]"
      ],
      "success_rate": 1.0,
      "t_err_max": [
        0.0,
        0.0
      ],
      "test_passed": [
        1,
        1
      ],
      "var_groups": [
        0,
        1
      ],
      "variables": [
        "thermalZoneFourElements.TAir",
        "thermalZoneFourElements.volAir.C[1]"
      ],
      "warnings": [
        null,
        null
      ]
    },
    "model": "AixLib.ThermalZones.ReducedOrder.Examples.SimpleRoomFourElementsTraceSubstance",
    "simulation": {
      "elapsed_time": 0.0908511,
      "final_time": 604800,
      "jacobians": 174,
      "start_time": 0,
      "state_events": 0,
      "success": true
    }
  },
  {
    "comparison": {
      "file_name": "AixLib.ThermalZones.ReducedOrder.Examples.ThermalZoneMoistCO2AirExchange.mat",
      "funnel_dirs": [
        "funnel_comp/AixLib.ThermalZones.ReducedOrder.Examples.ThermalZoneMoistCO2AirExchange.mat_thermalZone.TAir",
        "funnel_comp/AixLib.ThermalZones.ReducedOrder.Examples.ThermalZoneMoistCO2AirExchange.mat_thermalZone.X_w",
        "funnel_comp/AixLib.ThermalZones.ReducedOrder.Examples.ThermalZoneMoistCO2AirExchange.mat_thermalZone.CO2Con"
      ],
      "success_rate": 1.0,
      "t_err_max": [
        0.0,
        0.0,
        0.0
      ],
      "test_passed": [
        1,
        1,
        1
      ],
      "var_groups": [
        0,
        1,
        2
      ],
      "variables": [
        "thermalZone.TAir",
        "thermalZone.X_w",
        "thermalZone.CO2Con"
      ],
      "warnings": [
        null,
        null,
        null
      ]
    },
    "model": "AixLib.ThermalZones.ReducedOrder.Examples.ThermalZoneMoistCO2AirExchange",
    "simulation": {
      "elapsed_time": 13.229,
      "final_time": 31536000.0,
      "jacobians": 21649,
      "start_time": 0,
      "state_events": 3490,
      "success": true
    }
  },
  {
    "comparison": {
      "file_name": "AixLib.ThermalZones.ReducedOrder.Examples.SimpleRoomOneElement.mat",
      "funnel_dirs": [
        "funnel_comp/AixLib.ThermalZones.ReducedOrder.Examples.SimpleRoomOneElement.mat_thermalZoneOneElement.TAir"
      ],
      "success_rate": 1.0,
      "t_err_max": [
        0.0
      ],
      "test_passed": [
        1
      ],
      "var_groups": [
        0
      ],
      "variables": [
        "thermalZoneOneElement.TAir"
      ],
      "warnings": [
        null
      ]
    },
    "model": "AixLib.ThermalZones.ReducedOrder.Examples.SimpleRoomOneElement",
    "simulation": {
      "elapsed_time": 2.33325,
      "final_time": 31536000.0,
      "jacobians": 9181,
      "start_time": 0,
      "state_events": 1,
      "success": true
    }
  },
  {
    "comparison": {
      "file_name": "AixLib.ThermalZones.ReducedOrder.Examples.ComparisonThermalZoneMoistAndDryAir.mat",
      "funnel_dirs": [
        "funnel_comp/AixLib.ThermalZones.ReducedOrder.Examples.ComparisonThermalZoneMoistAndDryAir.mat_thermalZone.TAir",
        "funnel_comp/AixLib.ThermalZones.ReducedOrder.Examples.ComparisonThermalZoneMoistAndDryAir.mat_thermalZoneMoistAir.TAir",
        "funnel_comp/AixLib.ThermalZones.ReducedOrder.Examples.ComparisonThermalZoneMoistAndDryAir.mat_thermalZoneMoistAir.X_w"
      ],
      "success_rate": 1.0,
      "t_err_max": [
        0.0,
        0.0,
        0.0
      ],
      "test_passed": [
        1,
        1,
        1
      ],
      "var_groups": [
        0,
        1,
        2
      ],
      "variables": [
        "thermalZone.TAir",
        "thermalZoneMoistAir.TAir",
        "thermalZoneMoistAir.X_w"
      ],
      "warnings": [
        null,
        null,
        null
      ]
    },
    "model": "AixLib.ThermalZones.ReducedOrder.Examples.ComparisonThermalZoneMoistAndDryAir",
    "simulation": {
      "elapsed_time": 26.7482,
      "final_time": 31536000.0,
      "jacobians": 21025,
      "start_time": 0,
      "state_events": 3446,
      "success": true
    }
  },
  {
    "comparison": {
      "file_name": "AixLib.ThermalZones.ReducedOrder.Examples.SimpleRoomTwoElements.mat",
      "funnel_dirs": [
        "funnel_comp/AixLib.ThermalZones.ReducedOrder.Examples.SimpleRoomTwoElements.mat_thermalZoneTwoElements.TAir"
      ],
      "success_rate": 1.0,
      "t_err_max": [
        0.0
      ],
      "test_passed": [
        1
      ],
      "var_groups": [
        0
      ],
      "variables": [
        "thermalZoneTwoElements.TAir"
      ],
      "warnings": [
        null
      ]
    },
    "model": "AixLib.ThermalZones.ReducedOrder.Examples.SimpleRoomTwoElements",
    "simulation": {
      "elapsed_time": 2.12437,
      "final_time": 31536000.0,
      "jacobians": 9103,
      "start_time": 0,
      "state_events": 1,
      "success": true
    }
  },
  {
    "comparison": {
      "file_name": "AixLib.ThermalZones.ReducedOrder.Examples.ThermalZoneAirExchange.mat",
      "funnel_dirs": [
        "funnel_comp/AixLib.ThermalZones.ReducedOrder.Examples.ThermalZoneAirExchange.mat_thermalZone.TAir"
      ],
      "success_rate": 1.0,
      "t_err_max": [
        0.0
      ],
      "test_passed": [
        1
      ],
      "var_groups": [
        0
      ],
      "variables": [
        "thermalZone.TAir"
      ],
      "warnings": [
        null
      ]
    },
    "model": "AixLib.ThermalZones.ReducedOrder.Examples.ThermalZoneAirExchange",
    "simulation": {
      "elapsed_time": 12.2592,
      "final_time": 31536000.0,
      "jacobians": 21435,
      "start_time": 0,
      "state_events": 3494,
      "success": true
    }
  },
  {
    "comparison": {
      "file_name": "AixLib.ThermalZones.ReducedOrder.Examples.SimpleRoomThreeElements.mat",
      "funnel_dirs": [
        "funnel_comp/AixLib.ThermalZones.ReducedOrder.Examples.SimpleRoomThreeElements.mat_thermalZoneThreeElements.TAir"
      ],
      "success_rate": 1.0,
      "t_err_max": [
        0.0
      ],
      "test_passed": [
        1
      ],
      "var_groups": [
        0
      ],
      "variables": [
        "thermalZoneThreeElements.TAir"
      ],
      "warnings": [
        null
      ]
    },
    "model": "AixLib.ThermalZones.ReducedOrder.Examples.SimpleRoomThreeElements",
    "simulation": {
      "elapsed_time": 3.00602,
      "final_time": 31536000.0,
      "jacobians": 8941,
      "start_time": 0,
      "state_events": 1,
      "success": true
    }
  },
  {
    "comparison": {
      "file_name": "AixLib.ThermalZones.ReducedOrder.Examples.SimpleRoomFourElements.mat",
      "funnel_dirs": [
        "funnel_comp/AixLib.ThermalZones.ReducedOrder.Examples.SimpleRoomFourElements.mat_thermalZoneFourElements.TAir"
      ],
      "success_rate": 1.0,
      "t_err_max": [
        0.0
      ],
      "test_passed": [
        1
      ],
      "var_groups": [
        0
      ],
      "variables": [
        "thermalZoneFourElements.TAir"
      ],
      "warnings": [
        null
      ]
    },
    "model": "AixLib.ThermalZones.ReducedOrder.Examples.SimpleRoomFourElements",
    "simulation": {
      "elapsed_time": 3.26015,
      "final_time": 31536000.0,
      "jacobians": 8907,
      "start_time": 0,
      "state_events": 1,
      "success": true
    }
  },
  {
    "comparison": {
      "file_name": "AixLib.ThermalZones.ReducedOrder.Examples.MultizoneMoistAirCO2Equipped.mat",
      "funnel_dirs": [
        "funnel_comp/AixLib.ThermalZones.ReducedOrder.Examples.MultizoneMoistAirCO2Equipped.mat_multizone.TAir[1]",
        "funnel_comp/AixLib.ThermalZones.ReducedOrder.Examples.MultizoneMoistAirCO2Equipped.mat_multizone.TAir[2]",
        "funnel_comp/AixLib.ThermalZones.ReducedOrder.Examples.MultizoneMoistAirCO2Equipped.mat_multizone.TAir[3]",
        "funnel_comp/AixLib.ThermalZones.ReducedOrder.Examples.MultizoneMoistAirCO2Equipped.mat_multizone.TAir[4]",
        "funnel_comp/AixLib.ThermalZones.ReducedOrder.Examples.MultizoneMoistAirCO2Equipped.mat_multizone.TAir[5]",
        "funnel_comp/AixLib.ThermalZones.ReducedOrder.Examples.MultizoneMoistAirCO2Equipped.mat_multizone.PHeater[1]",
        "funnel_comp/AixLib.ThermalZones.ReducedOrder.Examples.MultizoneMoistAirCO2Equipped.mat_multizone.PHeater[2]",
        "funnel_comp/AixLib.ThermalZones.ReducedOrder.Examples.MultizoneMoistAirCO2Equipped.mat_multizone.PHeater[3]",
        "funnel_comp/AixLib.ThermalZones.ReducedOrder.Examples.MultizoneMoistAirCO2Equipped.mat_multizone.PHeater[4]",
        "funnel_comp/AixLib.ThermalZones.ReducedOrder.Examples.MultizoneMoistAirCO2Equipped.mat_multizone.PHeater[5]"
      ],
      "success_rate": 1.0,
      "t_err_max": [
        0.0,
        0.0,
        0.0,
        0.0,
        0.0,
        0.0,
        0.0,
        0.0,
        0.0,
        0.0
      ],
      "test_passed": [
        1,
        1,
        1,
        1,
        1,
        1,
        1,
        1,
        1,
        1
      ],
      "var_groups": [
        0,
        0,
        0,
        0,
        0,
        1,
        1,
        1,
        1,
        1
      ],
      "variables": [
        "multizone.TAir[1]",
        "multizone.TAir[2]",
        "multizone.TAir[3]",
        "multizone.TAir[4]",
        "multizone.TAir[5]",
        "multizone.PHeater[1]",
        "multizone.PHeater[2]",
        "multizone.PHeater[3]",
        "multizone.PHeater[4]",
        "multizone.PHeater[5]"
      ],
      "warnings": [
        null,
        null,
        null,
        null,
        null,
        null,
        null,
        null,
        null,
        null
      ]
    },
    "model": "AixLib.ThermalZones.ReducedOrder.Examples.MultizoneMoistAirCO2Equipped",
    "simulation": {
      "elapsed_time": 5.00506,
      "final_time": 864000,
      "jacobians": 742,
      "start_time": 0,
      "state_events": 179,
      "success": true
    }
  },
  {
    "comparison": {
      "file_name": "AixLib.ThermalZones.ReducedOrder.Examples.MultizonePartlyCooled.mat",
      "funnel_dirs": [
        "funnel_comp/AixLib.ThermalZones.ReducedOrder.Examples.MultizonePartlyCooled.mat_multizone.TAir[1]",
        "funnel_comp/AixLib.ThermalZones.ReducedOrder.Examples.MultizonePartlyCooled.mat_multizone.TAir[2]",
        "funnel_comp/AixLib.ThermalZones.ReducedOrder.Examples.MultizonePartlyCooled.mat_multizone.TAir[3]",
        "funnel_comp/AixLib.ThermalZones.ReducedOrder.Examples.MultizonePartlyCooled.mat_multizone.TAir[4]",
        "funnel_comp/AixLib.ThermalZones.ReducedOrder.Examples.MultizonePartlyCooled.mat_multizone.TAir[5]",
        "funnel_comp/AixLib.ThermalZones.ReducedOrder.Examples.MultizonePartlyCooled.mat_multizone.PCooler[1]",
        "funnel_comp/AixLib.ThermalZones.ReducedOrder.Examples.MultizonePartlyCooled.mat_multizone.PCooler[2]",
        "funnel_comp/AixLib.ThermalZones.ReducedOrder.Examples.MultizonePartlyCooled.mat_multizone.PCooler[3]",
        "funnel_comp/AixLib.ThermalZones.ReducedOrder.Examples.MultizonePartlyCooled.mat_multizone.PCooler[4]",
        "funnel_comp/AixLib.ThermalZones.ReducedOrder.Examples.MultizonePartlyCooled.mat_multizone.PCooler[5]"
      ],
      "success_rate": 1.0,
      "t_err_max": [
        14688000.0,
        14688000.0,
        14688000.0,
        14688000.0,
        14688000.0,
        14688000.0,
        14688000.0,
        14688000.0,
        14688000.0,
        14688000.0
      ],
      "test_passed": [
        1,
        1,
        1,
        1,
        1,
        1,
        1,
        1,
        1,
        1
      ],
      "var_groups": [
        0,
        0,
        0,
        0,
        0,
        1,
        1,
        1,
        1,
        1
      ],
      "variables": [
        "multizone.TAir[1]",
        "multizone.TAir[2]",
        "multizone.TAir[3]",
        "multizone.TAir[4]",
        "multizone.TAir[5]",
        "multizone.PCooler[1]",
        "multizone.PCooler[2]",
        "multizone.PCooler[3]",
        "multizone.PCooler[4]",
        "multizone.PCooler[5]"
      ],
      "warnings": [
        null,
        null,
        null,
        null,
        null,
        null,
        null,
        null,
        null,
        null
      ]
    },
    "model": "AixLib.ThermalZones.ReducedOrder.Examples.MultizonePartlyCooled",
    "simulation": {
      "elapsed_time": 2.44086,
      "final_time": 15552000.0,
      "jacobians": 386,
      "start_time": 14688000.0,
      "state_events": 104,
      "success": true
    }
  },
  {
    "comparison": {
      "file_name": "AixLib.ThermalZones.ReducedOrder.Examples.MultizoneMoistAirCO2.mat",
      "funnel_dirs": [
        "funnel_comp/AixLib.ThermalZones.ReducedOrder.Examples.MultizoneMoistAirCO2.mat_multizone.TAir[1]",
        "funnel_comp/AixLib.ThermalZones.ReducedOrder.Examples.MultizoneMoistAirCO2.mat_multizone.CO2Con[1]"
      ],
      "success_rate": 1.0,
      "t_err_max": [
        0.0,
        0.0
      ],
      "test_passed": [
        1,
        1
      ],
      "var_groups": [
        0,
        1
      ],
      "variables": [
        "multizone.TAir[1]",
        "multizone.CO2Con[1]"
      ],
      "warnings": [
        null,
        null
      ]
    },
    "model": "AixLib.ThermalZones.ReducedOrder.Examples.MultizoneMoistAirCO2",
    "simulation": {
      "elapsed_time": 77.4123,
      "final_time": 31536000.0,
      "jacobians": 15669,
      "start_time": 0,
      "state_events": 4205,
      "success": true
    }
  },
  {
    "comparison": {
      "file_name": "AixLib.ThermalZones.ReducedOrder.Examples.ThermalZoneMoistAirSwimmingPool.mat",
      "funnel_dirs": [
        "funnel_comp/AixLib.ThermalZones.ReducedOrder.Examples.ThermalZoneMoistAirSwimmingPool.mat_thermalZone.TAir",
        "funnel_comp/AixLib.ThermalZones.ReducedOrder.Examples.ThermalZoneMoistAirSwimmingPool.mat_thermalZone.X_w"
      ],
      "success_rate": 1.0,
      "t_err_max": [
        0.0,
        0.0
      ],
      "test_passed": [
        1,
        1
      ],
      "var_groups": [
        0,
        1
      ],
      "variables": [
        "thermalZone.TAir",
        "thermalZone.X_w"
      ],
      "warnings": [
        null,
        null
      ]
    },
    "model": "AixLib.ThermalZones.ReducedOrder.Examples.ThermalZoneMoistAirSwimmingPool",
    "simulation": {
      "elapsed_time": 62.9074,
      "final_time": 31536000.0,
      "jacobians": 36433,
      "start_time": 0,
      "state_events": 5021,
      "success": true
    }
  }
]
