[
  {
    "comparison": {
      "file_name": "AixLib.Fluid.Movers.DpControlledMovers.Examples.DpConst.mat",
      "funnel_dirs": [
        "funnel_comp/AixLib.Fluid.Movers.DpControlledMovers.Examples.DpConst.mat_dpControlled_dp.mov.dpMachine",
        "funnel_comp/AixLib.Fluid.Movers.DpControlledMovers.Examples.DpConst.mat_dpControlled_dp.mov.m_flow",
        "funnel_comp/AixLib.Fluid.Movers.DpControlledMovers.Examples.DpConst.mat_m_flow_nominal",
        "funnel_comp/AixLib.Fluid.Movers.DpControlledMovers.Examples.DpConst.mat_dpControlled_dp.mov.dpMachine",
        "funnel_comp/AixLib.Fluid.Movers.DpControlledMovers.Examples.DpConst.mat_dp_nominal",
        "funnel_comp/AixLib.Fluid.Movers.DpControlledMovers.Examples.DpConst.mat_val.y_actual",
        "funnel_comp/AixLib.Fluid.Movers.DpControlledMovers.Examples.DpConst.mat_elEnergy"
      ],
      "success_rate": 1.0,
      "t_err_max": [
        0.0,
        0.0,
        0.0,
        0.0,
        0.0,
        0.0,
        0.0
      ],
      "test_passed": [
        1,
        1,
        1,
        1,
        1,
        1,
        1
      ],
      "var_groups": [
        0,
        1,
        1,
        2,
        2,
        3,
        4
      ],
      "variables": [
        "dpControlled_dp.mov.dpMachine",
        "dpControlled_dp.mov.m_flow",
        "m_flow_nominal",
        "dpControlled_dp.mov.dpMachine",
        "dp_nominal",
        "val.y_actual",
        "elEnergy"
      ],
      "warnings": [
        null,
        null,
        null,
        null,
        null,
        null,
        null
      ]
    },
    "model": "AixLib.Fluid.Movers.DpControlledMovers.Examples.DpConst",
    "simulation": {
      "elapsed_time": 0.0201,
      "final_time": 3600,
      "jacobians": 120,
      "start_time": 0,
      "state_events": 0,
      "success": true
    }
  },
  {
    "comparison": {
      "file_name": "AixLib.Fluid.Movers.DpControlledMovers.Examples.DpVar.mat",
      "funnel_dirs": [
        "funnel_comp/AixLib.Fluid.Movers.DpControlledMovers.Examples.DpVar.mat_dpControlled_dp.mov.dpMachine",
        "funnel_comp/AixLib.Fluid.Movers.DpControlledMovers.Examples.DpVar.mat_dpControlled_dp.mov.m_flow",
        "funnel_comp/AixLib.Fluid.Movers.DpControlledMovers.Examples.DpVar.mat_m_flow_nominal",
        "funnel_comp/AixLib.Fluid.Movers.DpControlledMovers.Examples.DpVar.mat_dpControlled_dp.mov.dpMachine",
        "funnel_comp/AixLib.Fluid.Movers.DpControlledMovers.Examples.DpVar.mat_dp_nominal",
        "funnel_comp/AixLib.Fluid.Movers.DpControlledMovers.Examples.DpVar.mat_val.y_actual",
        "funnel_comp/AixLib.Fluid.Movers.DpControlledMovers.Examples.DpVar.mat_elEnergy"
      ],
      "success_rate": 1.0,
      "t_err_max": [
        0.0,
        0.0,
        0.0,
        0.0,
        0.0,
        0.0,
        0.0
      ],
      "test_passed": [
        1,
        1,
        1,
        1,
        1,
        1,
        1
      ],
      "var_groups": [
        0,
        1,
        1,
        2,
        2,
        3,
        4
      ],
      "variables": [
        "dpControlled_dp.mov.dpMachine",
        "dpControlled_dp.mov.m_flow",
        "m_flow_nominal",
        "dpControlled_dp.mov.dpMachine",
        "dp_nominal",
        "val.y_actual",
        "elEnergy"
      ],
      "warnings": [
        null,
        null,
        null,
        null,
        null,
        null,
        null
      ]
    },
    "model": "AixLib.Fluid.Movers.DpControlledMovers.Examples.DpVar",
    "simulation": {
      "elapsed_time": 0.0192,
      "final_time": 3600,
      "jacobians": 122,
      "start_time": 0,
      "state_events": 0,
      "success": true
    }
  }
]
