 = true


rCheck = checkModel("AixLib.Fluid.Movers.DpControlledMovers.Examples.DpConst");
Check of AixLib.Fluid.Movers.DpControlledMovers.Examples.DpConst:
The model has the same number of unknowns and equations: 250
The model could not be deduced to be symbolically well-posed.
The model has
  248+vol.dynBal.nPorts
scalar unknowns and
  237+(if sou.use_Xi_in then 1 else (if sou.use_X_in then 0 else 1))+(if  not   sou.use_p_in then 1 else 0)+2*sou.nPorts+(if  not sou.use_T_in then 1 else 0)+  (if  not dpControlled_dp.mov.vol.steBal.use_mWat_flow then 1 else 0)+(if  not   vol.dynBal.use_mWat_flow then 1 else 0)+3*vol.dynBal.nPorts
scalar equations.
However, exploiting the given numerical settings of parameters gives the same number of unknowns and equations:
  250
Check of AixLib.Fluid.Movers.DpControlledMovers.Examples.DpConst successful.
Declaring variable: Boolean rCheck ;

Modelica.Utilities.Streams.print("    { \"file\" :  \"AixLib/Resources/Scripts/Dymola/Fluid/Movers/DpControlledMovers/Examples/DpConst.mos\",", "AixLib.Fluid.Movers.DpControlledMovers.Examples.DpConst.statistics.log");
Modelica.Utilities.Streams.print("      \"model\" : \"AixLib.Fluid.Movers.DpControlledMovers.Examples.DpConst\",", "AixLib.Fluid.Movers.DpControlledMovers.Examples.DpConst.statistics.log");
Modelica.Utilities.Streams.print("      \"check\" : {", "AixLib.Fluid.Movers.DpControlledMovers.Examples.DpConst.statistics.log");
Modelica.Utilities.Streams.print("        \"command\" : \"checkModel(\\\"AixLib.Fluid.Movers.DpControlledMovers.Examples.DpConst\\\");\",", "AixLib.Fluid.Movers.DpControlledMovers.Examples.DpConst.statistics.log");
Modelica.Utilities.Streams.print("        \"result\"  : " + String(rCheck), "AixLib.Fluid.Movers.DpControlledMovers.Examples.DpConst.statistics.log");
Modelica.Utilities.Streams.print("      },", "AixLib.Fluid.Movers.DpControlledMovers.Examples.DpConst.statistics.log");


rScript=RunScript("modelica://AixLib/Resources/Scripts/Dymola/Fluid/Movers/DpControlledMovers/Examples/DpConst.mos");
simulateModel("AixLib.Fluid.Movers.DpControlledMovers.Examples.DpConst", startTime=0, stopTime=3600, tolerance=1e-6, method="dassl", resultFile="AixLib.Fluid.Movers.DpControlledMovers.Examples.DpConst");
Translation of AixLib.Fluid.Movers.DpControlledMovers.Examples.DpConst:
The DAE has 250 scalar unknowns and 250 scalar equations.
 
Statistics
 
Original Model
  Number of components: 82
  Variables: 814
  Constants: 19 (19 scalars)
  Parameters: 465 (949 scalars)
  Unknowns: 330 (265 scalars)
  Differentiated variables: 7 scalars
  Equations: 284
  Nontrivial: 236
Translated Model
  Constants: 686 scalars
  Free parameters: 51 scalars
  Parameter depending: 271 scalars
  Outputs: 1 scalars
  Continuous time states: 5 scalars
  Time-varying variables: 61 scalars
  Alias variables: 164 scalars
  Number of mixed real/discrete systems of equations: 0
  Sizes of linear systems of equations: { }
  Sizes after manipulation of the linear systems: { }
  Sizes of nonlinear systems of equations: {3, 1}
  Sizes after manipulation of the nonlinear systems: {1, 1}
  Number of numerical Jacobians: 0
  Initialization problem
    Sizes of nonlinear systems of equations: {3, 1, 1}
    Sizes after manipulation of the nonlinear systems: {1, 0, 1}
    Number of numerical Jacobians: 0
 
Selected continuous time states
Statically selected continuous time states
  dpControlled_dp.mov.filter.s[1]
  dpControlled_dp.mov.filter.s[2]
  integrator.y
  val.filter.s[1]
  val.filter.s[2]
 
Finished
 = true



Declaring variable: Boolean rScript ;

savelog("AixLib.Fluid.Movers.DpControlledMovers.Examples.DpConst.translation.log"); = true


rCheck = checkModel("AixLib.Fluid.Movers.DpControlledMovers.Examples.DpVar");
Check of AixLib.Fluid.Movers.DpControlledMovers.Examples.DpVar:
The model has the same number of unknowns and equations: 250
The model could not be deduced to be symbolically well-posed.
The model has
  248+vol.dynBal.nPorts
scalar unknowns and
  237+(if sou.use_Xi_in then 1 else (if sou.use_X_in then 0 else 1))+(if  not   sou.use_p_in then 1 else 0)+2*sou.nPorts+(if  not sou.use_T_in then 1 else 0)+  (if  not dpControlled_dp.mov.vol.steBal.use_mWat_flow then 1 else 0)+(if  not   vol.dynBal.use_mWat_flow then 1 else 0)+3*vol.dynBal.nPorts
scalar equations.
However, exploiting the given numerical settings of parameters gives the same number of unknowns and equations:
  250
Check of AixLib.Fluid.Movers.DpControlledMovers.Examples.DpVar successful.
Declaring variable: Boolean rCheck ;

Modelica.Utilities.Streams.print("    { \"file\" :  \"AixLib/Resources/Scripts/Dymola/Fluid/Movers/DpControlledMovers/Examples/DpVar.mos\",", "AixLib.Fluid.Movers.DpControlledMovers.Examples.DpVar.statistics.log");
Modelica.Utilities.Streams.print("      \"model\" : \"AixLib.Fluid.Movers.DpControlledMovers.Examples.DpVar\",", "AixLib.Fluid.Movers.DpControlledMovers.Examples.DpVar.statistics.log");
Modelica.Utilities.Streams.print("      \"check\" : {", "AixLib.Fluid.Movers.DpControlledMovers.Examples.DpVar.statistics.log");
Modelica.Utilities.Streams.print("        \"command\" : \"checkModel(\\\"AixLib.Fluid.Movers.DpControlledMovers.Examples.DpVar\\\");\",", "AixLib.Fluid.Movers.DpControlledMovers.Examples.DpVar.statistics.log");
Modelica.Utilities.Streams.print("        \"result\"  : " + String(rCheck), "AixLib.Fluid.Movers.DpControlledMovers.Examples.DpVar.statistics.log");
Modelica.Utilities.Streams.print("      },", "AixLib.Fluid.Movers.DpControlledMovers.Examples.DpVar.statistics.log");


rScript=RunScript("modelica://AixLib/Resources/Scripts/Dymola/Fluid/Movers/DpControlledMovers/Examples/DpVar.mos");
simulateModel("AixLib.Fluid.Movers.DpControlledMovers.Examples.DpVar", startTime=0, stopTime=3600, tolerance=1e-6, method="dassl", resultFile="AixLib.Fluid.Movers.DpControlledMovers.Examples.DpVar");
Translation of AixLib.Fluid.Movers.DpControlledMovers.Examples.DpVar:
The DAE has 250 scalar unknowns and 250 scalar equations.
 
Statistics
 
Original Model
  Number of components: 82
  Variables: 814
  Constants: 19 (19 scalars)
  Parameters: 465 (949 scalars)
  Unknowns: 330 (265 scalars)
  Differentiated variables: 7 scalars
  Equations: 284
  Nontrivial: 236
Translated Model
  Constants: 686 scalars
  Free parameters: 51 scalars
  Parameter depending: 271 scalars
  Outputs: 1 scalars
  Continuous time states: 5 scalars
  Time-varying variables: 61 scalars
  Alias variables: 164 scalars
  Number of mixed real/discrete systems of equations: 0
  Sizes of linear systems of equations: { }
  Sizes after manipulation of the linear systems: { }
  Sizes of nonlinear systems of equations: {3, 1}
  Sizes after manipulation of the nonlinear systems: {1, 1}
  Number of numerical Jacobians: 0
  Initialization problem
    Sizes of nonlinear systems of equations: {3, 1, 1}
    Sizes after manipulation of the nonlinear systems: {1, 0, 1}
    Number of numerical Jacobians: 0
 
Selected continuous time states
Statically selected continuous time states
  dpControlled_dp.mov.filter.s[1]
  dpControlled_dp.mov.filter.s[2]
  integrator.y
  val.filter.s[1]
  val.filter.s[2]
 
Finished
 = true



Declaring variable: Boolean rScript ;

savelog("AixLib.Fluid.Movers.DpControlledMovers.Examples.DpVar.translation.log");