[
  {
    "comparison": {
      "file_name": "AixLib.Fluid.FixedResistances.Examples.SimplePipe.mat",
      "funnel_dirs": [
        "funnel_comp/AixLib.Fluid.FixedResistances.Examples.SimplePipe.mat_senTemIn.T",
        "funnel_comp/AixLib.Fluid.FixedResistances.Examples.SimplePipe.mat_senTemOut.T"
      ],
      "success_rate": 1.0,
      "t_err_max": [
        0.0,
        0.0
      ],
      "test_passed": [
        1,
        1
      ],
      "var_groups": [
        0,
        0
      ],
      "variables": [
        "senTemIn.T",
        "senTemOut.T"
      ],
      "warnings": [
        null,
        null
      ]
    },
    "model": "AixLib.Fluid.FixedResistances.Examples.SimplePipe",
    "simulation": {
      "elapsed_time": 0.00524,
      "final_time": 1000,
      "jacobians": 43,
      "start_time": 0,
      "state_events": 0,
      "success": true
    }
  },
  {
    "comparison": {
      "file_name": "AixLib.Fluid.Movers.PumpsPolynomialBased.Examples.PumpSpeedControlled.mat",
      "funnel_dirs": [],
      "success_rate": 0,
      "t_err_max": [],
      "test_passed": [],
      "var_groups": [],
      "variables": [],
      "warnings": []
    },
    "model": "AixLib.Fluid.Movers.PumpsPolynomialBased.Examples.PumpSpeedControlled",
    "simulation": {
      "elapsed_time": 0.0117,
      "final_time": 600,
      "jacobians": 215,
      "start_time": 0,
      "state_events": 3,
      "success": true
    }
  },
  {
    "comparison": {
      "file_name": "AixLib.Fluid.DistrictHeatingCooling.Demands.Examples.OpenLoopVarTSupplyDpFixedTempDifferenceBypass.mat",
      "funnel_dirs": [
        "funnel_comp/AixLib.Fluid.DistrictHeatingCooling.Demands.Examples.OpenLoopVarTSupplyDpFixedTempDifferenceBypass.mat_demand.port_a.m_flow"
      ],
      "success_rate": 1.0,
      "t_err_max": [
        0.0
      ],
      "test_passed": [
        1
      ],
      "var_groups": [
        0
      ],
      "variables": [
        "demand.port_a.m_flow"
      ],
      "warnings": [
        null
      ]
    },
    "model": "AixLib.Fluid.DistrictHeatingCooling.Demands.Examples.OpenLoopVarTSupplyDpFixedTempDifferenceBypass",
    "simulation": {
      "elapsed_time": 0.0259,
      "final_time": 100000,
      "jacobians": 162,
      "start_time": 0,
      "state_events": 0,
      "success": true
    }
  },
  {
    "comparison": {
      "file_name": "AixLib.Fluid.DistrictHeatingCooling.Pipes.Examples.PlugFlowPipeEmbedded.mat",
      "funnel_dirs": [
        "funnel_comp/AixLib.Fluid.DistrictHeatingCooling.Pipes.Examples.PlugFlowPipeEmbedded.mat_senTemIn.T",
        "funnel_comp/AixLib.Fluid.DistrictHeatingCooling.Pipes.Examples.PlugFlowPipeEmbedded.mat_senTemOut.T"
      ],
      "success_rate": 1.0,
      "t_err_max": [
        0.0,
        0.0
      ],
      "test_passed": [
        1,
        1
      ],
      "var_groups": [
        0,
        0
      ],
      "variables": [
        "senTemIn.T",
        "senTemOut.T"
      ],
      "warnings": [
        null,
        null
      ]
    },
    "model": "AixLib.Fluid.DistrictHeatingCooling.Pipes.Examples.PlugFlowPipeEmbedded",
    "simulation": {
      "elapsed_time": 0.00822,
      "final_time": 1000,
      "jacobians": 109,
      "start_time": 0,
      "state_events": 0,
      "success": true
    }
  },
  {
    "comparison": {
      "file_name": "AixLib.Fluid.HeatExchangers.Examples.HeatingRod.mat",
      "funnel_dirs": [
        "funnel_comp/AixLib.Fluid.HeatExchangers.Examples.HeatingRod.mat_TSet.y",
        "funnel_comp/AixLib.Fluid.HeatExchangers.Examples.HeatingRod.mat_TOut.y",
        "funnel_comp/AixLib.Fluid.HeatExchangers.Examples.HeatingRod.mat_TVol.T",
        "funnel_comp/AixLib.Fluid.HeatExchangers.Examples.HeatingRod.mat_THeaOut.T",
        "funnel_comp/AixLib.Fluid.HeatExchangers.Examples.HeatingRod.mat_Pel"
      ],
      "success_rate": 0.8,
      "t_err_max": [
        0.0,
        0.0,
        0.0,
        0.0,
        153792.0
      ],
      "test_passed": [
        1,
        1,
        1,
        1,
        0
      ],
      "var_groups": [
        0,
        0,
        0,
        0,
        1
      ],
      "variables": [
        "TSet.y",
        "TOut.y",
        "TVol.T",
        "THeaOut.T",
        "Pel"
      ],
      "warnings": [
        null,
        null,
        null,
        null,
        "Absolute error = 2.717e+00 at t = 153792.0 for Pel"
      ]
    },
    "model": "AixLib.Fluid.HeatExchangers.Examples.HeatingRod",
    "simulation": {
      "elapsed_time": 0.00954294,
      "final_time": 172800,
      "jacobians": 40,
      "start_time": 0,
      "state_events": 6,
      "success": true
    }
  },
  {
    "comparison": {
      "file_name": "AixLib.Fluid.MassExchangers.MembraneBasedEnthalpyExchangers.Validation.StaticValidation.mat",
      "funnel_dirs": [],
      "success_rate": 0,
      "t_err_max": [],
      "test_passed": [],
      "var_groups": [],
      "variables": [],
      "warnings": []
    },
    "model": "AixLib.Fluid.MassExchangers.MembraneBasedEnthalpyExchangers.Validation.StaticValidation",
    "simulation": {
      "elapsed_time": 6.84,
      "final_time": 29600,
      "jacobians": 1159,
      "start_time": 0,
      "state_events": 0,
      "success": true
    }
  },
  {
    "comparison": {
      "file_name": "AixLib.Fluid.Storage.Examples.StorageSolarCollector.mat",
      "funnel_dirs": [],
      "success_rate": 0,
      "t_err_max": [],
      "test_passed": [],
      "var_groups": [],
      "variables": [],
      "warnings": []
    },
    "model": "AixLib.Fluid.Storage.Examples.StorageSolarCollector",
    "simulation": {
      "elapsed_time": 0.611,
      "final_time": 172800,
      "jacobians": 1246,
      "start_time": 0,
      "state_events": 4,
      "success": true
    }
  },
  {
    "comparison": {
      "file_name": "AixLib.Fluid.Pools.Examples.IndoorSwimmingPoolExternalHeatingSystem.mat",
      "funnel_dirs": [
        "funnel_comp/AixLib.Fluid.Pools.Examples.IndoorSwimmingPoolExternalHeatingSystem.mat_indoorSwimming.TPool",
        "funnel_comp/AixLib.Fluid.Pools.Examples.IndoorSwimmingPoolExternalHeatingSystem.mat_prescribedHeatFlow.Q_flow",
        "funnel_comp/AixLib.Fluid.Pools.Examples.IndoorSwimmingPoolExternalHeatingSystem.mat_indoorSwimming.PPool",
        "funnel_comp/AixLib.Fluid.Pools.Examples.IndoorSwimmingPoolExternalHeatingSystem.mat_indoorSwimming.QEva"
      ],
      "success_rate": 1.0,
      "t_err_max": [
        0.0,
        0.0,
        0.0,
        0.0
      ],
      "test_passed": [
        1,
        1,
        1,
        1
      ],
      "var_groups": [
        0,
        0,
        0,
        0
      ],
      "variables": [
        "indoorSwimming.TPool",
        "prescribedHeatFlow.Q_flow",
        "indoorSwimming.PPool",
        "indoorSwimming.QEva"
      ],
      "warnings": [
        null,
        null,
        null,
        null
      ]
    },
    "model": "AixLib.Fluid.Pools.Examples.IndoorSwimmingPoolExternalHeatingSystem",
    "simulation": {
      "elapsed_time": 0.307193,
      "final_time": 604800,
      "jacobians": 225,
      "start_time": 0,
      "state_events": 9,
      "success": true
    }
  },
  {
    "comparison": {
      "file_name": "AixLib.Fluid.DistrictHeatingCooling.Demands.Examples.OpenLoopHeatPumpCarnot.mat",
      "funnel_dirs": [
        "funnel_comp/AixLib.Fluid.DistrictHeatingCooling.Demands.Examples.OpenLoopHeatPumpCarnot.mat_demand.senT_supply.T",
        "funnel_comp/AixLib.Fluid.DistrictHeatingCooling.Demands.Examples.OpenLoopHeatPumpCarnot.mat_demand.senT_return.T",
        "funnel_comp/AixLib.Fluid.DistrictHeatingCooling.Demands.Examples.OpenLoopHeatPumpCarnot.mat_demand.port_a.m_flow"
      ],
      "success_rate": 1.0,
      "t_err_max": [
        0.0,
        0.0,
        0.0
      ],
      "test_passed": [
        1,
        1,
        1
      ],
      "var_groups": [
        0,
        0,
        1
      ],
      "variables": [
        "demand.senT_supply.T",
        "demand.senT_return.T",
        "demand.port_a.m_flow"
      ],
      "warnings": [
        null,
        null,
        null
      ]
    },
    "model": "AixLib.Fluid.DistrictHeatingCooling.Demands.Examples.OpenLoopHeatPumpCarnot",
    "simulation": {
      "elapsed_time": 0.0217,
      "final_time": 100000,
      "jacobians": 115,
      "start_time": 0,
      "state_events": 0,
      "success": true
    }
  },
  {
    "comparison": {
      "file_name": "AixLib.Fluid.Movers.PumpsPolynomialBased.Examples.PumpSpeedControlledDpV.mat",
      "funnel_dirs": [],
      "success_rate": 0,
      "t_err_max": [],
      "test_passed": [],
      "var_groups": [],
      "variables": [],
      "warnings": []
    },
    "model": "AixLib.Fluid.Movers.PumpsPolynomialBased.Examples.PumpSpeedControlledDpV",
    "simulation": {
      "elapsed_time": 0.0105,
      "final_time": 600,
      "jacobians": 160,
      "start_time": 0,
      "state_events": 3,
      "success": true
    }
  },
  {
    "comparison": {
      "file_name": "AixLib.Fluid.Solar.Thermal.Examples.SolarThermalCollector.mat",
      "funnel_dirs": [
        "funnel_comp/AixLib.Fluid.Solar.Thermal.Examples.SolarThermalCollector.mat_solarThermal.solarThermalEfficiency.Q_flow",
        "funnel_comp/AixLib.Fluid.Solar.Thermal.Examples.SolarThermalCollector.mat_solarThermal.solarThermalEfficiency.T_col",
        "funnel_comp/AixLib.Fluid.Solar.Thermal.Examples.SolarThermalCollector.mat_solarThermal.solarThermalEfficiency.T_air",
        "funnel_comp/AixLib.Fluid.Solar.Thermal.Examples.SolarThermalCollector.mat_solarThermal.senTHot.T"
      ],
      "success_rate": 1.0,
      "t_err_max": [
        0.0,
        0.0,
        0.0,
        0.0
      ],
      "test_passed": [
        1,
        1,
        1,
        1
      ],
      "var_groups": [
        0,
        1,
        1,
        1
      ],
      "variables": [
        "solarThermal.solarThermalEfficiency.Q_flow",
        "solarThermal.solarThermalEfficiency.T_col",
        "solarThermal.solarThermalEfficiency.T_air",
        "solarThermal.senTHot.T"
      ],
      "warnings": [
        null,
        null,
        null,
        null
      ]
    },
    "model": "AixLib.Fluid.Solar.Thermal.Examples.SolarThermalCollector",
    "simulation": {
      "elapsed_time": 0.00536394,
      "final_time": 86400,
      "jacobians": 24,
      "start_time": 0,
      "state_events": 0,
      "success": true
    }
  },
  {
    "comparison": {
      "file_name": "AixLib.Fluid.DistrictHeatingCooling.Pipes.Examples.DHCPipe.mat",
      "funnel_dirs": [
        "funnel_comp/AixLib.Fluid.DistrictHeatingCooling.Pipes.Examples.DHCPipe.mat_senTemIn.T",
        "funnel_comp/AixLib.Fluid.DistrictHeatingCooling.Pipes.Examples.DHCPipe.mat_senTemOut.T",
        "funnel_comp/AixLib.Fluid.DistrictHeatingCooling.Pipes.Examples.DHCPipe.mat_senTemIn1.T",
        "funnel_comp/AixLib.Fluid.DistrictHeatingCooling.Pipes.Examples.DHCPipe.mat_senTemOut1.T",
        "funnel_comp/AixLib.Fluid.DistrictHeatingCooling.Pipes.Examples.DHCPipe.mat_senTemIn2.T",
        "funnel_comp/AixLib.Fluid.DistrictHeatingCooling.Pipes.Examples.DHCPipe.mat_senTemOut2.T",
        "funnel_comp/AixLib.Fluid.DistrictHeatingCooling.Pipes.Examples.DHCPipe.mat_senTemIn3.T",
        "funnel_comp/AixLib.Fluid.DistrictHeatingCooling.Pipes.Examples.DHCPipe.mat_senTemOut3.T"
      ],
      "success_rate": 1.0,
      "t_err_max": [
        0.0,
        0.0,
        0.0,
        0.0,
        0.0,
        0.0,
        0.0,
        0.0
      ],
      "test_passed": [
        1,
        1,
        1,
        1,
        1,
        1,
        1,
        1
      ],
      "var_groups": [
        0,
        0,
        0,
        0,
        0,
        0,
        0,
        0
      ],
      "variables": [
        "senTemIn.T",
        "senTemOut.T",
        "senTemIn1.T",
        "senTemOut1.T",
        "senTemIn2.T",
        "senTemOut2.T",
        "senTemIn3.T",
        "senTemOut3.T"
      ],
      "warnings": [
        null,
        null,
        null,
        null,
        null,
        null,
        null,
        null
      ]
    },
    "model": "AixLib.Fluid.DistrictHeatingCooling.Pipes.Examples.DHCPipe",
    "simulation": {
      "elapsed_time": 0.453,
      "final_time": 3600,
      "jacobians": 6494,
      "start_time": 0,
      "state_events": 178,
      "success": true
    }
  },
  {
    "comparison": {
      "file_name": "AixLib.Fluid.BoilerCHP.Examples.CHPSystemNoControl.mat",
      "funnel_dirs": [
        "funnel_comp/AixLib.Fluid.BoilerCHP.Examples.CHPSystemNoControl.mat_TSet.y",
        "funnel_comp/AixLib.Fluid.BoilerCHP.Examples.CHPSystemNoControl.mat_combinedHeatPower.electricalPower",
        "funnel_comp/AixLib.Fluid.BoilerCHP.Examples.CHPSystemNoControl.mat_combinedHeatPower.thermalPower",
        "funnel_comp/AixLib.Fluid.BoilerCHP.Examples.CHPSystemNoControl.mat_combinedHeatPower.fuelInput"
      ],
      "success_rate": 1.0,
      "t_err_max": [
        0.0,
        0.0,
        0.0,
        0.0
      ],
      "test_passed": [
        1,
        1,
        1,
        1
      ],
      "var_groups": [
        0,
        1,
        1,
        1
      ],
      "variables": [
        "TSet.y",
        "combinedHeatPower.electricalPower",
        "combinedHeatPower.thermalPower",
        "combinedHeatPower.fuelInput"
      ],
      "warnings": [
        null,
        null,
        null,
        null
      ]
    },
    "model": "AixLib.Fluid.BoilerCHP.Examples.CHPSystemNoControl",
    "simulation": {
      "elapsed_time": 0.00479,
      "final_time": 300,
      "jacobians": 75,
      "start_time": 0,
      "state_events": 0,
      "success": true
    }
  },
  {
    "comparison": {
      "file_name": "AixLib.Fluid.Storage.Examples.StorageDetailedExample.mat",
      "funnel_dirs": [
        "funnel_comp/AixLib.Fluid.Storage.Examples.StorageDetailedExample.mat_bufferStorage.heatingCoil1.Therm1[4].Q_flow",
        "funnel_comp/AixLib.Fluid.Storage.Examples.StorageDetailedExample.mat_bufferStorage.layer[4].T",
        "funnel_comp/AixLib.Fluid.Storage.Examples.StorageDetailedExample.mat_bufferStorage.portHC1In.p",
        "funnel_comp/AixLib.Fluid.Storage.Examples.StorageDetailedExample.mat_bufferStorage.portHC1Out.p"
      ],
      "success_rate": 1.0,
      "t_err_max": [
        0.0,
        0.0,
        0.0,
        0.0
      ],
      "test_passed": [
        1,
        1,
        1,
        1
      ],
      "var_groups": [
        0,
        1,
        2,
        2
      ],
      "variables": [
        "bufferStorage.heatingCoil1.Therm1[4].Q_flow",
        "bufferStorage.layer[4].T",
        "bufferStorage.portHC1In.p",
        "bufferStorage.portHC1Out.p"
      ],
      "warnings": [
        null,
        null,
        null,
        null
      ]
    },
    "model": "AixLib.Fluid.Storage.Examples.StorageDetailedExample",
    "simulation": {
      "elapsed_time": 0.0457,
      "final_time": 86400,
      "jacobians": 45,
      "start_time": 0,
      "state_events": 0,
      "success": true
    }
  },
  {
    "comparison": {
      "file_name": "AixLib.Fluid.FixedResistances.Examples.CompareFixedResistances.mat",
      "funnel_dirs": [
        "funnel_comp/AixLib.Fluid.FixedResistances.Examples.CompareFixedResistances.mat_HR.m_flow",
        "funnel_comp/AixLib.Fluid.FixedResistances.Examples.CompareFixedResistances.mat_FRdp.m_flow"
      ],
      "success_rate": 1.0,
      "t_err_max": [
        0.0,
        0.0
      ],
      "test_passed": [
        1,
        1
      ],
      "var_groups": [
        0,
        0
      ],
      "variables": [
        "HR.m_flow",
        "FRdp.m_flow"
      ],
      "warnings": [
        null,
        null
      ]
    },
    "model": "AixLib.Fluid.FixedResistances.Examples.CompareFixedResistances",
    "simulation": {
      "elapsed_time": 0.252,
      "final_time": 3600,
      "jacobians": 41000,
      "start_time": 0,
      "state_events": 1199,
      "success": true
    }
  },
  {
    "comparison": {
      "file_name": "AixLib.Fluid.MassExchangers.MembraneBasedEnthalpyExchangers.Examples.Test_EnthalpyExchanger.mat",
      "funnel_dirs": [
        "funnel_comp/AixLib.Fluid.MassExchangers.MembraneBasedEnthalpyExchangers.Examples.Test_EnthalpyExchanger.mat_senEff.y",
        "funnel_comp/AixLib.Fluid.MassExchangers.MembraneBasedEnthalpyExchangers.Examples.Test_EnthalpyExchanger.mat_latEff.y",
        "funnel_comp/AixLib.Fluid.MassExchangers.MembraneBasedEnthalpyExchangers.Examples.Test_EnthalpyExchanger.mat_senTemColOut.T",
        "funnel_comp/AixLib.Fluid.MassExchangers.MembraneBasedEnthalpyExchangers.Examples.Test_EnthalpyExchanger.mat_senTemHotIn.T",
        "funnel_comp/AixLib.Fluid.MassExchangers.MembraneBasedEnthalpyExchangers.Examples.Test_EnthalpyExchanger.mat_senTemColIn.T",
        "funnel_comp/AixLib.Fluid.MassExchangers.MembraneBasedEnthalpyExchangers.Examples.Test_EnthalpyExchanger.mat_senTemHotOut.T",
        "funnel_comp/AixLib.Fluid.MassExchangers.MembraneBasedEnthalpyExchangers.Examples.Test_EnthalpyExchanger.mat_senMasFraColIn.X",
        "funnel_comp/AixLib.Fluid.MassExchangers.MembraneBasedEnthalpyExchangers.Examples.Test_EnthalpyExchanger.mat_senMasFraHotIn.X",
        "funnel_comp/AixLib.Fluid.MassExchangers.MembraneBasedEnthalpyExchangers.Examples.Test_EnthalpyExchanger.mat_senMasFraColOut.X",
        "funnel_comp/AixLib.Fluid.MassExchangers.MembraneBasedEnthalpyExchangers.Examples.Test_EnthalpyExchanger.mat_senMasFraHotOut.X"
      ],
      "success_rate": 1.0,
      "t_err_max": [
        0.0,
        0.0,
        0.0,
        0.0,
        0.0,
        0.0,
        0.0,
        0.0,
        0.0,
        0.0
      ],
      "test_passed": [
        1,
        1,
        1,
        1,
        1,
        1,
        1,
        1,
        1,
        1
      ],
      "var_groups": [
        0,
        0,
        1,
        1,
        1,
        1,
        2,
        2,
        2,
        2
      ],
      "variables": [
        "senEff.y",
        "latEff.y",
        "senTemColOut.T",
        "senTemHotIn.T",
        "senTemColIn.T",
        "senTemHotOut.T",
        "senMasFraColIn.X",
        "senMasFraHotIn.X",
        "senMasFraColOut.X",
        "senMasFraHotOut.X"
      ],
      "warnings": [
        null,
        null,
        null,
        null,
        null,
        null,
        null,
        null,
        null,
        null
      ]
    },
    "model": "AixLib.Fluid.MassExchangers.MembraneBasedEnthalpyExchangers.Examples.Test_EnthalpyExchanger",
    "simulation": {
      "elapsed_time": 0.285,
      "final_time": 7200,
      "jacobians": 62,
      "start_time": 0,
      "state_events": 0,
      "success": true
    }
  },
  {
    "comparison": {
      "file_name": "AixLib.Fluid.Movers.PumpsPolynomialBased.Examples.PumpHeadControlled.mat",
      "funnel_dirs": [],
      "success_rate": 0,
      "t_err_max": [],
      "test_passed": [],
      "var_groups": [],
      "variables": [],
      "warnings": []
    },
    "model": "AixLib.Fluid.Movers.PumpsPolynomialBased.Examples.PumpHeadControlled",
    "simulation": {
      "elapsed_time": 0.00709,
      "final_time": 600,
      "jacobians": 136,
      "start_time": 0,
      "state_events": 0,
      "success": true
    }
  },
  {
    "comparison": {
      "file_name": "AixLib.Fluid.Movers.DpControlledMovers.Examples.DpConst.mat",
      "funnel_dirs": [],
      "success_rate": 0,
      "t_err_max": [],
      "test_passed": [],
      "var_groups": [],
      "variables": [],
      "warnings": []
    },
    "model": "AixLib.Fluid.Movers.DpControlledMovers.Examples.DpConst",
    "simulation": {
      "elapsed_time": 0.0133,
      "final_time": 3600,
      "jacobians": 154,
      "start_time": 0,
      "state_events": 0,
      "success": true
    }
  },
  {
    "comparison": {
      "file_name": "AixLib.Fluid.BoilerCHP.Examples.CHPSystem.mat",
      "funnel_dirs": [
        "funnel_comp/AixLib.Fluid.BoilerCHP.Examples.CHPSystem.mat_TSet.y",
        "funnel_comp/AixLib.Fluid.BoilerCHP.Examples.CHPSystem.mat_combinedHeatPower.senTHot.T"
      ],
      "success_rate": 1.0,
      "t_err_max": [
        0.0,
        0.0
      ],
      "test_passed": [
        1,
        1
      ],
      "var_groups": [
        0,
        0
      ],
      "variables": [
        "TSet.y",
        "combinedHeatPower.senTHot.T"
      ],
      "warnings": [
        null,
        null
      ]
    },
    "model": "AixLib.Fluid.BoilerCHP.Examples.CHPSystem",
    "simulation": {
      "elapsed_time": 0.0226,
      "final_time": 1200,
      "jacobians": 409,
      "start_time": 0,
      "state_events": 5,
      "success": true
    }
  },
  {
    "comparison": {
      "file_name": "AixLib.Fluid.DistrictHeatingCooling.Demands.Examples.OpenLoopVarTSupplyDp.mat",
      "funnel_dirs": [
        "funnel_comp/AixLib.Fluid.DistrictHeatingCooling.Demands.Examples.OpenLoopVarTSupplyDp.mat_demand.senT_supply.T",
        "funnel_comp/AixLib.Fluid.DistrictHeatingCooling.Demands.Examples.OpenLoopVarTSupplyDp.mat_demand.senT_return.T",
        "funnel_comp/AixLib.Fluid.DistrictHeatingCooling.Demands.Examples.OpenLoopVarTSupplyDp.mat_demand.port_a.m_flow"
      ],
      "success_rate": 1.0,
      "t_err_max": [
        0.0,
        0.0,
        0.0
      ],
      "test_passed": [
        1,
        1,
        1
      ],
      "var_groups": [
        0,
        0,
        1
      ],
      "variables": [
        "demand.senT_supply.T",
        "demand.senT_return.T",
        "demand.port_a.m_flow"
      ],
      "warnings": [
        null,
        null,
        null
      ]
    },
    "model": "AixLib.Fluid.DistrictHeatingCooling.Demands.Examples.OpenLoopVarTSupplyDp",
    "simulation": {
      "elapsed_time": 0.0256,
      "final_time": 100000,
      "jacobians": 126,
      "start_time": 0,
      "state_events": 0,
      "success": true
    }
  },
  {
    "comparison": {
      "file_name": "AixLib.Fluid.HeatPumps.ModularReversible.Examples.TableData3D_OneRoomRadiator.mat",
      "funnel_dirs": [
        "funnel_comp/AixLib.Fluid.HeatPumps.ModularReversible.Examples.TableData3D_OneRoomRadiator.mat_vol.T_start",
        "funnel_comp/AixLib.Fluid.HeatPumps.ModularReversible.Examples.TableData3D_OneRoomRadiator.mat_vol.T",
        "funnel_comp/AixLib.Fluid.HeatPumps.ModularReversible.Examples.TableData3D_OneRoomRadiator.mat_temSup.T",
        "funnel_comp/AixLib.Fluid.HeatPumps.ModularReversible.Examples.TableData3D_OneRoomRadiator.mat_temRet.T",
        "funnel_comp/AixLib.Fluid.HeatPumps.ModularReversible.Examples.TableData3D_OneRoomRadiator.mat_heaPum.refCyc.sigBus.onOffMea"
      ],
      "success_rate": 1.0,
      "t_err_max": [
        0.0,
        0.0,
        0.0,
        0.0,
        0.0
      ],
      "test_passed": [
        1,
        1,
        1,
        1,
        1
      ],
      "var_groups": [
        0,
        0,
        1,
        1,
        2
      ],
      "variables": [
        "vol.T_start",
        "vol.T",
        "temSup.T",
        "temRet.T",
        "heaPum.refCyc.sigBus.onOffMea"
      ],
      "warnings": [
        null,
        null,
        null,
        null,
        null
      ]
    },
    "model": "AixLib.Fluid.HeatPumps.ModularReversible.Examples.TableData3D_OneRoomRadiator",
    "simulation": {
      "elapsed_time": 0.0581999,
      "final_time": 86400,
      "jacobians": 76,
      "start_time": 0,
      "state_events": 21,
      "success": true
    }
  },
  {
    "comparison": {
      "file_name": "AixLib.Fluid.SolarCollectors.PhotovoltaicThermal.Examples.PhotovoltaicThermal.mat",
      "funnel_dirs": [
        "funnel_comp/AixLib.Fluid.SolarCollectors.PhotovoltaicThermal.Examples.PhotovoltaicThermal.mat_pvt.PEle",
        "funnel_comp/AixLib.Fluid.SolarCollectors.PhotovoltaicThermal.Examples.PhotovoltaicThermal.mat_pvt.vol[1].T",
        "funnel_comp/AixLib.Fluid.SolarCollectors.PhotovoltaicThermal.Examples.PhotovoltaicThermal.mat_pvt.vol[2].T",
        "funnel_comp/AixLib.Fluid.SolarCollectors.PhotovoltaicThermal.Examples.PhotovoltaicThermal.mat_pvt.vol[3].T",
        "funnel_comp/AixLib.Fluid.SolarCollectors.PhotovoltaicThermal.Examples.PhotovoltaicThermal.mat_pvt.vol[1].heatPort.Q_flow",
        "funnel_comp/AixLib.Fluid.SolarCollectors.PhotovoltaicThermal.Examples.PhotovoltaicThermal.mat_pvt.vol[2].heatPort.Q_flow",
        "funnel_comp/AixLib.Fluid.SolarCollectors.PhotovoltaicThermal.Examples.PhotovoltaicThermal.mat_pvt.vol[3].heatPort.Q_flow"
      ],
      "success_rate": 1.0,
      "t_err_max": [
        10368000.0,
        10368000.0,
        10368000.0,
        10368000.0,
        10368000.0,
        10368000.0,
        10368000.0
      ],
      "test_passed": [
        1,
        1,
        1,
        1,
        1,
        1,
        1
      ],
      "var_groups": [
        0,
        1,
        1,
        1,
        2,
        2,
        2
      ],
      "variables": [
        "pvt.PEle",
        "pvt.vol[1].T",
        "pvt.vol[2].T",
        "pvt.vol[3].T",
        "pvt.vol[1].heatPort.Q_flow",
        "pvt.vol[2].heatPort.Q_flow",
        "pvt.vol[3].heatPort.Q_flow"
      ],
      "warnings": [
        null,
        null,
        null,
        null,
        null,
        null,
        null
      ]
    },
    "model": "AixLib.Fluid.SolarCollectors.PhotovoltaicThermal.Examples.PhotovoltaicThermal",
    "simulation": {
      "elapsed_time": 0.0176251,
      "final_time": 10540800.0,
      "jacobians": 28,
      "start_time": 10368000.0,
      "state_events": 4,
      "success": true
    }
  },
  {
    "comparison": {
      "file_name": "AixLib.Fluid.Storage.Examples.StorageSimpleExample.mat",
      "funnel_dirs": [],
      "success_rate": 0,
      "t_err_max": [],
      "test_passed": [],
      "var_groups": [],
      "variables": [],
      "warnings": []
    },
    "model": "AixLib.Fluid.Storage.Examples.StorageSimpleExample",
    "simulation": {
      "elapsed_time": 0.142,
      "final_time": 38200,
      "jacobians": 1235,
      "start_time": 0,
      "state_events": 20,
      "success": true
    }
  },
  {
    "comparison": {
      "file_name": "AixLib.Fluid.DistrictHeatingCooling.Pipes.Examples.StaticPipe.mat",
      "funnel_dirs": [
        "funnel_comp/AixLib.Fluid.DistrictHeatingCooling.Pipes.Examples.StaticPipe.mat_senTemIn.T",
        "funnel_comp/AixLib.Fluid.DistrictHeatingCooling.Pipes.Examples.StaticPipe.mat_senTemOut.T"
      ],
      "success_rate": 1.0,
      "t_err_max": [
        0.0,
        0.0
      ],
      "test_passed": [
        1,
        1
      ],
      "var_groups": [
        0,
        0
      ],
      "variables": [
        "senTemIn.T",
        "senTemOut.T"
      ],
      "warnings": [
        null,
        null
      ]
    },
    "model": "AixLib.Fluid.DistrictHeatingCooling.Pipes.Examples.StaticPipe",
    "simulation": {
      "elapsed_time": 0.00305,
      "final_time": 1000,
      "jacobians": 35,
      "start_time": 0,
      "state_events": 0,
      "success": true
    }
  },
  {
    "comparison": {
      "file_name": "AixLib.Fluid.Movers.DpControlledMovers.Examples.DpVar.mat",
      "funnel_dirs": [],
      "success_rate": 0,
      "t_err_max": [],
      "test_passed": [],
      "var_groups": [],
      "variables": [],
      "warnings": []
    },
    "model": "AixLib.Fluid.Movers.DpControlledMovers.Examples.DpVar",
    "simulation": {
      "elapsed_time": 0.0158,
      "final_time": 3600,
      "jacobians": 159,
      "start_time": 0,
      "state_events": 0,
      "success": true
    }
  },
  {
    "comparison": {
      "file_name": "AixLib.Fluid.MassExchangers.MembraneBasedEnthalpyExchangers.Validation.DynamicValidation.mat",
      "funnel_dirs": [],
      "success_rate": 0,
      "t_err_max": [],
      "test_passed": [],
      "var_groups": [],
      "variables": [],
      "warnings": []
    },
    "model": "AixLib.Fluid.MassExchangers.MembraneBasedEnthalpyExchangers.Validation.DynamicValidation",
    "simulation": {
      "elapsed_time": 16.9,
      "final_time": 7200,
      "jacobians": 6116,
      "start_time": 0,
      "state_events": 0,
      "success": true
    }
  },
  {
    "comparison": {
      "file_name": "AixLib.Fluid.HeatPumps.ModularReversible.Examples.VCLibAirToWater_OneRoomRadiator.mat",
      "funnel_dirs": [
        "funnel_comp/AixLib.Fluid.HeatPumps.ModularReversible.Examples.VCLibAirToWater_OneRoomRadiator.mat_vol.T_start",
        "funnel_comp/AixLib.Fluid.HeatPumps.ModularReversible.Examples.VCLibAirToWater_OneRoomRadiator.mat_vol.T",
        "funnel_comp/AixLib.Fluid.HeatPumps.ModularReversible.Examples.VCLibAirToWater_OneRoomRadiator.mat_temSup.T",
        "funnel_comp/AixLib.Fluid.HeatPumps.ModularReversible.Examples.VCLibAirToWater_OneRoomRadiator.mat_temRet.T",
        "funnel_comp/AixLib.Fluid.HeatPumps.ModularReversible.Examples.VCLibAirToWater_OneRoomRadiator.mat_heaPum.refCyc.sigBus.yMea"
      ],
      "success_rate": 1.0,
      "t_err_max": [
        0.0,
        0.0,
        0.0,
        0.0,
        0.0
      ],
      "test_passed": [
        1,
        1,
        1,
        1,
        1
      ],
      "var_groups": [
        0,
        0,
        1,
        1,
        2
      ],
      "variables": [
        "vol.T_start",
        "vol.T",
        "temSup.T",
        "temRet.T",
        "heaPum.refCyc.sigBus.yMea"
      ],
      "warnings": [
        null,
        null,
        null,
        null,
        null
      ]
    },
    "model": "AixLib.Fluid.HeatPumps.ModularReversible.Examples.VCLibAirToWater_OneRoomRadiator",
    "simulation": {
      "elapsed_time": 0.0506489,
      "final_time": 86400,
      "jacobians": 61,
      "start_time": 0,
      "state_events": 4,
      "success": true
    }
  },
  {
    "comparison": {
      "file_name": "AixLib.Fluid.Storage.Examples.StorageBoiler.mat",
      "funnel_dirs": [],
      "success_rate": 0,
      "t_err_max": [],
      "test_passed": [],
      "var_groups": [],
      "variables": [],
      "warnings": []
    },
    "model": "AixLib.Fluid.Storage.Examples.StorageBoiler",
    "simulation": {
      "elapsed_time": 0.076,
      "final_time": 86400,
      "jacobians": 101,
      "start_time": 0,
      "state_events": 0,
      "success": true
    }
  },
  {
    "comparison": {
      "file_name": "AixLib.Fluid.Pools.Examples.IndoorSwimmingPool.mat",
      "funnel_dirs": [
        "funnel_comp/AixLib.Fluid.Pools.Examples.IndoorSwimmingPool.mat_indoorSwimming.TPool",
        "funnel_comp/AixLib.Fluid.Pools.Examples.IndoorSwimmingPool.mat_indoorSwimming.QPool",
        "funnel_comp/AixLib.Fluid.Pools.Examples.IndoorSwimmingPool.mat_indoorSwimming.PPool",
        "funnel_comp/AixLib.Fluid.Pools.Examples.IndoorSwimmingPool.mat_indoorSwimming.QEva"
      ],
      "success_rate": 1.0,
      "t_err_max": [
        0.0,
        0.0,
        0.0,
        0.0
      ],
      "test_passed": [
        1,
        1,
        1,
        1
      ],
      "var_groups": [
        0,
        0,
        0,
        0
      ],
      "variables": [
        "indoorSwimming.TPool",
        "indoorSwimming.QPool",
        "indoorSwimming.PPool",
        "indoorSwimming.QEva"
      ],
      "warnings": [
        null,
        null,
        null,
        null
      ]
    },
    "model": "AixLib.Fluid.Pools.Examples.IndoorSwimmingPool",
    "simulation": {
      "elapsed_time": 0.249122,
      "final_time": 604800,
      "jacobians": 223,
      "start_time": 0,
      "state_events": 9,
      "success": true
    }
  },
  {
    "comparison": {
      "file_name": "AixLib.Fluid.Examples.GeothermalHeatPump.GeothermalHeatPump.mat",
      "funnel_dirs": [
        "funnel_comp/AixLib.Fluid.Examples.GeothermalHeatPump.GeothermalHeatPump.mat_heatPumpPower",
        "funnel_comp/AixLib.Fluid.Examples.GeothermalHeatPump.GeothermalHeatPump.mat_heatStorage.layer[1].T",
        "funnel_comp/AixLib.Fluid.Examples.GeothermalHeatPump.GeothermalHeatPump.mat_heatStorage.layer[5].T",
        "funnel_comp/AixLib.Fluid.Examples.GeothermalHeatPump.GeothermalHeatPump.mat_coldStorage.layer[5].T",
        "funnel_comp/AixLib.Fluid.Examples.GeothermalHeatPump.GeothermalHeatPump.mat_coldStorage.layer[1].T"
      ],
      "success_rate": 0.2,
      "t_err_max": [
        85536.0,
        79488.0,
        79488.0,
        0.0,
        84672.0
      ],
      "test_passed": [
        0,
        0,
        0,
        1,
        0
      ],
      "var_groups": [
        0,
        1,
        1,
        1,
        1
      ],
      "variables": [
        "heatPumpPower",
        "heatStorage.layer[1].T",
        "heatStorage.layer[5].T",
        "coldStorage.layer[5].T",
        "coldStorage.layer[1].T"
      ],
      "warnings": [
        "Absolute error = 3.438e+03 at t = 85536.0 for heatPumpPower",
        "Absolute error = 3.861e-01 at t = 79488.0 for heatStorage.layer[1].T",
        "Absolute error = 1.878e+00 at t = 79488.0 for heatStorage.layer[5].T",
        null,
        "Absolute error = 1.041e+00 at t = 84672.0 for coldStorage.layer[1].T"
      ]
    },
    "model": "AixLib.Fluid.Examples.GeothermalHeatPump.GeothermalHeatPump",
    "simulation": {
      "elapsed_time": 5.29,
      "final_time": 86400,
      "jacobians": 6706,
      "start_time": 0,
      "state_events": 305,
      "success": true
    }
  },
  {
    "comparison": {
      "file_name": "AixLib.Fluid.DistrictHeatingCooling.Pipes.Examples.PlugFlowPipeZeta.mat",
      "funnel_dirs": [
        "funnel_comp/AixLib.Fluid.DistrictHeatingCooling.Pipes.Examples.PlugFlowPipeZeta.mat_senTemIn.T",
        "funnel_comp/AixLib.Fluid.DistrictHeatingCooling.Pipes.Examples.PlugFlowPipeZeta.mat_senTemOut.T"
      ],
      "success_rate": 1.0,
      "t_err_max": [
        0.0,
        0.0
      ],
      "test_passed": [
        1,
        1
      ],
      "var_groups": [
        0,
        0
      ],
      "variables": [
        "senTemIn.T",
        "senTemOut.T"
      ],
      "warnings": [
        null,
        null
      ]
    },
    "model": "AixLib.Fluid.DistrictHeatingCooling.Pipes.Examples.PlugFlowPipeZeta",
    "simulation": {
      "elapsed_time": 0.00491,
      "final_time": 1000,
      "jacobians": 78,
      "start_time": 0,
      "state_events": 0,
      "success": true
    }
  }
]
