[
  {
    "comparison": {
      "file_name": "AixLib.Fluid.FixedResistances.Examples.SimplePipe.mat",
      "funnel_dirs": [
        null,
        null
      ],
      "success_rate": 0.0,
      "t_err_max": [
        0,
        0
      ],
      "test_passed": [
        0,
        0
      ],
      "var_groups": [
        0,
        0
      ],
      "variables": [
        "senTemIn.T",
        "senTemOut.T"
      ],
      "warnings": [
        "Translation, simulation or extracting simulation results failed. IOError while reading /tmp/tmp-AixLib-0-cb2_mtu0/AixLib/AixLib.Fluid.FixedResistances.Examples.SimplePipe.mat generated by Fluid/FixedResistances/Examples/SimplePipe.mos.\nFile /tmp/tmp-AixLib-0-cb2_mtu0/AixLib/AixLib.Fluid.FixedResistances.Examples.SimplePipe.mat does not exist.\n",
        ""
      ]
    },
    "model": "AixLib.Fluid.FixedResistances.Examples.SimplePipe",
    "simulation": {
      "elapsed_time": 0,
      "final_time": 1000,
      "jacobians": 0,
      "start_time": 0,
      "state_events": 0,
      "success": false
    }
  },
  {
    "comparison": {
      "file_name": "AixLib.Fluid.Movers.PumpsPolynomialBased.Examples.PumpHeadControlled.mat",
      "funnel_dirs": [
        "funnel_comp/AixLib.Fluid.Movers.PumpsPolynomialBased.Examples.PumpHeadControlled.mat_rampValvePosition.y",
        "funnel_comp/AixLib.Fluid.Movers.PumpsPolynomialBased.Examples.PumpHeadControlled.mat_pump.pumpBus.dpMea",
        "funnel_comp/AixLib.Fluid.Movers.PumpsPolynomialBased.Examples.PumpHeadControlled.mat_pump.pumpBus.dpSet",
        "funnel_comp/AixLib.Fluid.Movers.PumpsPolynomialBased.Examples.PumpHeadControlled.mat_pump.pumpBus.onSet"
      ],
      "success_rate": 1.0,
      "t_err_max": [
        0.0,
        0.0,
        0.0,
        0.0
      ],
      "test_passed": [
        1,
        1,
        1,
        1
      ],
      "var_groups": [
        0,
        1,
        1,
        2
      ],
      "variables": [
        "rampValvePosition.y",
        "pump.pumpBus.dpMea",
        "pump.pumpBus.dpSet",
        "pump.pumpBus.onSet"
      ],
      "warnings": [
        null,
        null,
        null,
        null
      ]
    },
    "model": "AixLib.Fluid.Movers.PumpsPolynomialBased.Examples.PumpHeadControlled",
    "simulation": {
      "elapsed_time": 0.0102,
      "final_time": 600,
      "jacobians": 108,
      "start_time": 0,
      "state_events": 0,
      "success": true
    }
  },
  {
    "comparison": {
      "file_name": "AixLib.Fluid.Movers.DpControlledMovers.Examples.DpConst.mat",
      "funnel_dirs": [
        "funnel_comp/AixLib.Fluid.Movers.DpControlledMovers.Examples.DpConst.mat_dpControlled_dp.mov.dpMachine",
        "funnel_comp/AixLib.Fluid.Movers.DpControlledMovers.Examples.DpConst.mat_dpControlled_dp.mov.m_flow",
        "funnel_comp/AixLib.Fluid.Movers.DpControlledMovers.Examples.DpConst.mat_m_flow_nominal",
        "funnel_comp/AixLib.Fluid.Movers.DpControlledMovers.Examples.DpConst.mat_dpControlled_dp.mov.dpMachine",
        "funnel_comp/AixLib.Fluid.Movers.DpControlledMovers.Examples.DpConst.mat_dp_nominal",
        "funnel_comp/AixLib.Fluid.Movers.DpControlledMovers.Examples.DpConst.mat_val.y_actual",
        "funnel_comp/AixLib.Fluid.Movers.DpControlledMovers.Examples.DpConst.mat_elEnergy"
      ],
      "success_rate": 1.0,
      "t_err_max": [
        0.0,
        0.0,
        0.0,
        0.0,
        0.0,
        0.0,
        0.0
      ],
      "test_passed": [
        1,
        1,
        1,
        1,
        1,
        1,
        1
      ],
      "var_groups": [
        0,
        1,
        1,
        2,
        2,
        3,
        4
      ],
      "variables": [
        "dpControlled_dp.mov.dpMachine",
        "dpControlled_dp.mov.m_flow",
        "m_flow_nominal",
        "dpControlled_dp.mov.dpMachine",
        "dp_nominal",
        "val.y_actual",
        "elEnergy"
      ],
      "warnings": [
        null,
        null,
        null,
        null,
        null,
        null,
        null
      ]
    },
    "model": "AixLib.Fluid.Movers.DpControlledMovers.Examples.DpConst",
    "simulation": {
      "elapsed_time": 0.0184,
      "final_time": 3600,
      "jacobians": 120,
      "start_time": 0,
      "state_events": 0,
      "success": true
    }
  },
  {
    "comparison": {
      "file_name": "AixLib.Fluid.BoilerCHP.Examples.CHPSystem.mat",
      "funnel_dirs": [
        null,
        null
      ],
      "success_rate": 0.0,
      "t_err_max": [
        0,
        0
      ],
      "test_passed": [
        0,
        0
      ],
      "var_groups": [
        0,
        0
      ],
      "variables": [
        "TSet.y",
        "combinedHeatPower.senTHot.T"
      ],
      "warnings": [
        "Translation, simulation or extracting simulation results failed. IOError while reading /tmp/tmp-AixLib-0-cb2_mtu0/AixLib/AixLib.Fluid.BoilerCHP.Examples.CHPSystem.mat generated by Fluid/BoilerCHP/Examples/CHPSystem.mos.\nFile /tmp/tmp-AixLib-0-cb2_mtu0/AixLib/AixLib.Fluid.BoilerCHP.Examples.CHPSystem.mat does not exist.\n",
        ""
      ]
    },
    "model": "AixLib.Fluid.BoilerCHP.Examples.CHPSystem",
    "simulation": {
      "elapsed_time": 0,
      "final_time": 1200,
      "jacobians": 0,
      "start_time": 0,
      "state_events": 0,
      "success": false
    }
  },
  {
    "comparison": {
      "file_name": "AixLib.Fluid.DistrictHeatingCooling.Demands.Examples.OpenLoopVarTSupplyDp.mat",
      "funnel_dirs": [
        null,
        null,
        null
      ],
      "success_rate": 0.0,
      "t_err_max": [
        0,
        0,
        0
      ],
      "test_passed": [
        0,
        0,
        0
      ],
      "var_groups": [
        0,
        0,
        1
      ],
      "variables": [
        "demand.senT_supply.T",
        "demand.senT_return.T",
        "demand.port_a.m_flow"
      ],
      "warnings": [
        "Translation, simulation or extracting simulation results failed. IOError while reading /tmp/tmp-AixLib-0-cb2_mtu0/AixLib/AixLib.Fluid.DistrictHeatingCooling.Demands.Examples.OpenLoopVarTSupplyDp.mat generated by Fluid/DistrictHeatingCooling/Demands/Examples/OpenLoopVarTSupplyDp.mos.\nFile /tmp/tmp-AixLib-0-cb2_mtu0/AixLib/AixLib.Fluid.DistrictHeatingCooling.Demands.Examples.OpenLoopVarTSupplyDp.mat does not exist.\n",
        "",
        ""
      ]
    },
    "model": "AixLib.Fluid.DistrictHeatingCooling.Demands.Examples.OpenLoopVarTSupplyDp",
    "simulation": {
      "elapsed_time": 0,
      "final_time": 100000,
      "jacobians": 0,
      "start_time": 0,
      "state_events": 0,
      "success": false
    }
  },
  {
    "comparison": {
      "file_name": "AixLib.Fluid.MassExchangers.MembraneBasedEnthalpyExchangers.Examples.Test_EnthalpyExchanger.mat",
      "funnel_dirs": [
        "funnel_comp/AixLib.Fluid.MassExchangers.MembraneBasedEnthalpyExchangers.Examples.Test_EnthalpyExchanger.mat_senEff.y",
        "funnel_comp/AixLib.Fluid.MassExchangers.MembraneBasedEnthalpyExchangers.Examples.Test_EnthalpyExchanger.mat_latEff.y",
        "funnel_comp/AixLib.Fluid.MassExchangers.MembraneBasedEnthalpyExchangers.Examples.Test_EnthalpyExchanger.mat_senTemColOut.T",
        "funnel_comp/AixLib.Fluid.MassExchangers.MembraneBasedEnthalpyExchangers.Examples.Test_EnthalpyExchanger.mat_senTemHotIn.T",
        "funnel_comp/AixLib.Fluid.MassExchangers.MembraneBasedEnthalpyExchangers.Examples.Test_EnthalpyExchanger.mat_senTemColIn.T",
        "funnel_comp/AixLib.Fluid.MassExchangers.MembraneBasedEnthalpyExchangers.Examples.Test_EnthalpyExchanger.mat_senTemHotOut.T",
        "funnel_comp/AixLib.Fluid.MassExchangers.MembraneBasedEnthalpyExchangers.Examples.Test_EnthalpyExchanger.mat_senMasFraColIn.X",
        "funnel_comp/AixLib.Fluid.MassExchangers.MembraneBasedEnthalpyExchangers.Examples.Test_EnthalpyExchanger.mat_senMasFraHotIn.X",
        "funnel_comp/AixLib.Fluid.MassExchangers.MembraneBasedEnthalpyExchangers.Examples.Test_EnthalpyExchanger.mat_senMasFraColOut.X",
        "funnel_comp/AixLib.Fluid.MassExchangers.MembraneBasedEnthalpyExchangers.Examples.Test_EnthalpyExchanger.mat_senMasFraHotOut.X"
      ],
      "success_rate": 1.0,
      "t_err_max": [
        0.0,
        0.0,
        0.0,
        0.0,
        0.0,
        0.0,
        0.0,
        0.0,
        0.0,
        0.0
      ],
      "test_passed": [
        1,
        1,
        1,
        1,
        1,
        1,
        1,
        1,
        1,
        1
      ],
      "var_groups": [
        0,
        0,
        1,
        1,
        1,
        1,
        2,
        2,
        2,
        2
      ],
      "variables": [
        "senEff.y",
        "latEff.y",
        "senTemColOut.T",
        "senTemHotIn.T",
        "senTemColIn.T",
        "senTemHotOut.T",
        "senMasFraColIn.X",
        "senMasFraHotIn.X",
        "senMasFraColOut.X",
        "senMasFraHotOut.X"
      ],
      "warnings": [
        null,
        null,
        null,
        null,
        null,
        null,
        null,
        null,
        null,
        null
      ]
    },
    "model": "AixLib.Fluid.MassExchangers.MembraneBasedEnthalpyExchangers.Examples.Test_EnthalpyExchanger",
    "simulation": {
      "elapsed_time": 0.308,
      "final_time": 7200,
      "jacobians": 62,
      "start_time": 0,
      "state_events": 0,
      "success": true
    }
  },
  {
    "comparison": {
      "file_name": "AixLib.Fluid.Storage.Examples.StorageSimpleExample.mat",
      "funnel_dirs": [
        "funnel_comp/AixLib.Fluid.Storage.Examples.StorageSimpleExample.mat_storageSimple.layer[1].T",
        "funnel_comp/AixLib.Fluid.Storage.Examples.StorageSimpleExample.mat_storageSimple.layer[2].T",
        "funnel_comp/AixLib.Fluid.Storage.Examples.StorageSimpleExample.mat_storageSimple.layer[3].T",
        "funnel_comp/AixLib.Fluid.Storage.Examples.StorageSimpleExample.mat_heatingRod.Pel",
        "funnel_comp/AixLib.Fluid.Storage.Examples.StorageSimpleExample.mat_simpleConsumer.Q_flow"
      ],
      "success_rate": 1.0,
      "t_err_max": [
        0.0,
        0.0,
        0.0,
        0.0,
        0.0
      ],
      "test_passed": [
        1,
        1,
        1,
        1,
        1
      ],
      "var_groups": [
        0,
        0,
        0,
        1,
        2
      ],
      "variables": [
        "storageSimple.layer[1].T",
        "storageSimple.layer[2].T",
        "storageSimple.layer[3].T",
        "heatingRod.Pel",
        "simpleConsumer.Q_flow"
      ],
      "warnings": [
        null,
        null,
        null,
        null,
        null
      ]
    },
    "model": "AixLib.Fluid.Storage.Examples.StorageSimpleExample",
    "simulation": {
      "elapsed_time": 8.85,
      "final_time": 38200,
      "jacobians": 59209,
      "start_time": 0,
      "state_events": 21,
      "success": true
    }
  },
  {
    "comparison": {
      "file_name": "AixLib.Fluid.DistrictHeatingCooling.Pipes.Examples.StaticPipe.mat",
      "funnel_dirs": [
        null,
        null
      ],
      "success_rate": 0.0,
      "t_err_max": [
        0,
        0
      ],
      "test_passed": [
        0,
        0
      ],
      "var_groups": [
        0,
        0
      ],
      "variables": [
        "senTemIn.T",
        "senTemOut.T"
      ],
      "warnings": [
        "Translation, simulation or extracting simulation results failed. IOError while reading /tmp/tmp-AixLib-0-cb2_mtu0/AixLib/AixLib.Fluid.DistrictHeatingCooling.Pipes.Examples.StaticPipe.mat generated by Fluid/DistrictHeatingCooling/Pipes/Examples/StaticPipe.mos.\nFile /tmp/tmp-AixLib-0-cb2_mtu0/AixLib/AixLib.Fluid.DistrictHeatingCooling.Pipes.Examples.StaticPipe.mat does not exist.\n",
        ""
      ]
    },
    "model": "AixLib.Fluid.DistrictHeatingCooling.Pipes.Examples.StaticPipe",
    "simulation": {
      "elapsed_time": 0,
      "final_time": 1000,
      "jacobians": 0,
      "start_time": 0,
      "state_events": 0,
      "success": false
    }
  },
  {
    "comparison": {
      "file_name": "AixLib.Fluid.Movers.DpControlledMovers.Examples.DpVar.mat",
      "funnel_dirs": [
        "funnel_comp/AixLib.Fluid.Movers.DpControlledMovers.Examples.DpVar.mat_dpControlled_dp.mov.dpMachine",
        "funnel_comp/AixLib.Fluid.Movers.DpControlledMovers.Examples.DpVar.mat_dpControlled_dp.mov.m_flow",
        "funnel_comp/AixLib.Fluid.Movers.DpControlledMovers.Examples.DpVar.mat_m_flow_nominal",
        "funnel_comp/AixLib.Fluid.Movers.DpControlledMovers.Examples.DpVar.mat_dpControlled_dp.mov.dpMachine",
        "funnel_comp/AixLib.Fluid.Movers.DpControlledMovers.Examples.DpVar.mat_dp_nominal",
        "funnel_comp/AixLib.Fluid.Movers.DpControlledMovers.Examples.DpVar.mat_val.y_actual",
        "funnel_comp/AixLib.Fluid.Movers.DpControlledMovers.Examples.DpVar.mat_elEnergy"
      ],
      "success_rate": 1.0,
      "t_err_max": [
        0.0,
        0.0,
        0.0,
        0.0,
        0.0,
        0.0,
        0.0
      ],
      "test_passed": [
        1,
        1,
        1,
        1,
        1,
        1,
        1
      ],
      "var_groups": [
        0,
        1,
        1,
        2,
        2,
        3,
        4
      ],
      "variables": [
        "dpControlled_dp.mov.dpMachine",
        "dpControlled_dp.mov.m_flow",
        "m_flow_nominal",
        "dpControlled_dp.mov.dpMachine",
        "dp_nominal",
        "val.y_actual",
        "elEnergy"
      ],
      "warnings": [
        null,
        null,
        null,
        null,
        null,
        null,
        null
      ]
    },
    "model": "AixLib.Fluid.Movers.DpControlledMovers.Examples.DpVar",
    "simulation": {
      "elapsed_time": 0.0224,
      "final_time": 3600,
      "jacobians": 122,
      "start_time": 0,
      "state_events": 0,
      "success": true
    }
  },
  {
    "comparison": {
      "file_name": "AixLib.Fluid.Storage.Examples.StorageBoiler.mat",
      "funnel_dirs": [
        "funnel_comp/AixLib.Fluid.Storage.Examples.StorageBoiler.mat_bufferStorage.layer[10].T",
        "funnel_comp/AixLib.Fluid.Storage.Examples.StorageBoiler.mat_bufferStorage.layer[5].T",
        "funnel_comp/AixLib.Fluid.Storage.Examples.StorageBoiler.mat_bufferStorage.layer[1].T",
        "funnel_comp/AixLib.Fluid.Storage.Examples.StorageBoiler.mat_hea.Q_flow"
      ],
      "success_rate": 1.0,
      "t_err_max": [
        0.0,
        0.0,
        0.0,
        0.0
      ],
      "test_passed": [
        1,
        1,
        1,
        1
      ],
      "var_groups": [
        0,
        0,
        0,
        1
      ],
      "variables": [
        "bufferStorage.layer[10].T",
        "bufferStorage.layer[5].T",
        "bufferStorage.layer[1].T",
        "hea.Q_flow"
      ],
      "warnings": [
        null,
        null,
        null,
        null
      ]
    },
    "model": "AixLib.Fluid.Storage.Examples.StorageBoiler",
    "simulation": {
      "elapsed_time": 0.12,
      "final_time": 86400,
      "jacobians": 101,
      "start_time": 0,
      "state_events": 0,
      "success": true
    }
  },
  {
    "comparison": {
      "file_name": "AixLib.Fluid.FixedResistances.Examples.CompareFixedResistances.mat",
      "funnel_dirs": [
        "funnel_comp/AixLib.Fluid.FixedResistances.Examples.CompareFixedResistances.mat_HR.m_flow",
        "funnel_comp/AixLib.Fluid.FixedResistances.Examples.CompareFixedResistances.mat_FRdp.m_flow"
      ],
      "success_rate": 1.0,
      "t_err_max": [
        0.0,
        0.0
      ],
      "test_passed": [
        1,
        1
      ],
      "var_groups": [
        0,
        0
      ],
      "variables": [
        "HR.m_flow",
        "FRdp.m_flow"
      ],
      "warnings": [
        null,
        null
      ]
    },
    "model": "AixLib.Fluid.FixedResistances.Examples.CompareFixedResistances",
    "simulation": {
      "elapsed_time": 0.368,
      "final_time": 3600,
      "jacobians": 41000,
      "start_time": 0,
      "state_events": 1199,
      "success": true
    }
  },
  {
    "comparison": {
      "file_name": "AixLib.Fluid.HeatPumps.Examples.HeatPump.mat",
      "funnel_dirs": [
        null,
        null,
        null,
        null,
        null,
        null,
        null
      ],
      "success_rate": 0.0,
      "t_err_max": [
        0,
        0,
        0,
        0,
        0,
        0,
        0
      ],
      "test_passed": [
        0,
        0,
        0,
        0,
        0,
        0,
        0
      ],
      "var_groups": [
        0,
        0,
        0,
        0,
        1,
        1,
        1
      ],
      "variables": [
        "heatPump.sigBus.TConInMea",
        "heatPump.sigBus.TEvaInMea",
        "heatPump.sigBus.TConOutMea",
        "heatPump.sigBus.TEvaOutMea",
        "heatPump.innerCycle.QEva",
        "heatPump.innerCycle.QCon",
        "heatPump.innerCycle.Pel"
      ],
      "warnings": [
        "Translation, simulation or extracting simulation results failed. IOError while reading /tmp/tmp-AixLib-1-jw6rx5mx/AixLib/AixLib.Fluid.HeatPumps.Examples.HeatPump.mat generated by Fluid/HeatPumps/Examples/HeatPump.mos.\nFile /tmp/tmp-AixLib-1-jw6rx5mx/AixLib/AixLib.Fluid.HeatPumps.Examples.HeatPump.mat does not exist.\n",
        "",
        "",
        "",
        "",
        "",
        ""
      ]
    },
    "model": "AixLib.Fluid.HeatPumps.Examples.HeatPump",
    "simulation": {
      "elapsed_time": 0,
      "final_time": 3600,
      "jacobians": 0,
      "start_time": 0,
      "state_events": 0,
      "success": false
    }
  },
  {
    "comparison": {
      "file_name": "AixLib.Fluid.Pools.Examples.IndoorSwimmingPool.mat",
      "funnel_dirs": [
        "funnel_comp/AixLib.Fluid.Pools.Examples.IndoorSwimmingPool.mat_indoorSwimming.TPool",
        "funnel_comp/AixLib.Fluid.Pools.Examples.IndoorSwimmingPool.mat_indoorSwimming.QPool",
        "funnel_comp/AixLib.Fluid.Pools.Examples.IndoorSwimmingPool.mat_indoorSwimming.PPool",
        "funnel_comp/AixLib.Fluid.Pools.Examples.IndoorSwimmingPool.mat_indoorSwimming.QEva"
      ],
      "success_rate": 1.0,
      "t_err_max": [
        0.0,
        0.0,
        0.0,
        0.0
      ],
      "test_passed": [
        1,
        1,
        1,
        1
      ],
      "var_groups": [
        0,
        0,
        0,
        0
      ],
      "variables": [
        "indoorSwimming.TPool",
        "indoorSwimming.QPool",
        "indoorSwimming.PPool",
        "indoorSwimming.QEva"
      ],
      "warnings": [
        null,
        null,
        null,
        null
      ]
    },
    "model": "AixLib.Fluid.Pools.Examples.IndoorSwimmingPool",
    "simulation": {
      "elapsed_time": 0.246713,
      "final_time": 604800,
      "jacobians": 97,
      "start_time": 0,
      "state_events": 9,
      "success": true
    }
  },
  {
    "comparison": {
      "file_name": "AixLib.Fluid.Examples.GeothermalHeatPump.GeothermalHeatPump.mat",
      "funnel_dirs": [
        null,
        null,
        null,
        null,
        null
      ],
      "success_rate": 0.0,
      "t_err_max": [
        0,
        0,
        0,
        0,
        0
      ],
      "test_passed": [
        0,
        0,
        0,
        0,
        0
      ],
      "var_groups": [
        0,
        1,
        1,
        1,
        1
      ],
      "variables": [
        "heatPumpPower",
        "heatStorage.layer[1].T",
        "heatStorage.layer[5].T",
        "coldStorage.layer[5].T",
        "coldStorage.layer[1].T"
      ],
      "warnings": [
        "Translation, simulation or extracting simulation results failed. IOError while reading /tmp/tmp-AixLib-1-jw6rx5mx/AixLib/AixLib.Fluid.Examples.GeothermalHeatPump.GeothermalHeatPump.mat generated by Fluid/Examples/GeothermalHeatPump.mos.\nFile /tmp/tmp-AixLib-1-jw6rx5mx/AixLib/AixLib.Fluid.Examples.GeothermalHeatPump.GeothermalHeatPump.mat does not exist.\n",
        "",
        "",
        "",
        ""
      ]
    },
    "model": "AixLib.Fluid.Examples.GeothermalHeatPump.GeothermalHeatPump",
    "simulation": {
      "elapsed_time": 0,
      "final_time": 86400,
      "jacobians": 0,
      "start_time": 0,
      "state_events": 0,
      "success": false
    }
  },
  {
    "comparison": {
      "file_name": "AixLib.Fluid.DistrictHeatingCooling.Pipes.Examples.PlugFlowPipeZeta.mat",
      "funnel_dirs": [
        null,
        null
      ],
      "success_rate": 0.0,
      "t_err_max": [
        0,
        0
      ],
      "test_passed": [
        0,
        0
      ],
      "var_groups": [
        0,
        0
      ],
      "variables": [
        "senTemIn.T",
        "senTemOut.T"
      ],
      "warnings": [
        "Translation, simulation or extracting simulation results failed. IOError while reading /tmp/tmp-AixLib-1-jw6rx5mx/AixLib/AixLib.Fluid.DistrictHeatingCooling.Pipes.Examples.PlugFlowPipeZeta.mat generated by Fluid/DistrictHeatingCooling/Pipes/Examples/PlugFlowPipeZeta.mos.\nFile /tmp/tmp-AixLib-1-jw6rx5mx/AixLib/AixLib.Fluid.DistrictHeatingCooling.Pipes.Examples.PlugFlowPipeZeta.mat does not exist.\n",
        ""
      ]
    },
    "model": "AixLib.Fluid.DistrictHeatingCooling.Pipes.Examples.PlugFlowPipeZeta",
    "simulation": {
      "elapsed_time": 0,
      "final_time": 1000,
      "jacobians": 0,
      "start_time": 0,
      "state_events": 0,
      "success": false
    }
  },
  {
    "comparison": {
      "file_name": "AixLib.Fluid.Movers.PumpsPolynomialBased.Examples.PumpSpeedControlled.mat",
      "funnel_dirs": [
        "funnel_comp/AixLib.Fluid.Movers.PumpsPolynomialBased.Examples.PumpSpeedControlled.mat_rampValvePosition.y",
        "funnel_comp/AixLib.Fluid.Movers.PumpsPolynomialBased.Examples.PumpSpeedControlled.mat_pumpBus.rpmMea",
        "funnel_comp/AixLib.Fluid.Movers.PumpsPolynomialBased.Examples.PumpSpeedControlled.mat_pumpBus.rpmSet",
        "funnel_comp/AixLib.Fluid.Movers.PumpsPolynomialBased.Examples.PumpSpeedControlled.mat_pumpBus.onSet"
      ],
      "success_rate": 1.0,
      "t_err_max": [
        0.0,
        0.0,
        0.0,
        0.0
      ],
      "test_passed": [
        1,
        1,
        1,
        1
      ],
      "var_groups": [
        0,
        1,
        1,
        2
      ],
      "variables": [
        "rampValvePosition.y",
        "pumpBus.rpmMea",
        "pumpBus.rpmSet",
        "pumpBus.onSet"
      ],
      "warnings": [
        null,
        null,
        null,
        null
      ]
    },
    "model": "AixLib.Fluid.Movers.PumpsPolynomialBased.Examples.PumpSpeedControlled",
    "simulation": {
      "elapsed_time": 0.0638,
      "final_time": 600,
      "jacobians": 170,
      "start_time": 0,
      "state_events": 3,
      "success": true
    }
  },
  {
    "comparison": {
      "file_name": "AixLib.Fluid.DistrictHeatingCooling.Demands.Examples.OpenLoopVarTSupplyDpFixedTempDifferenceBypass.mat",
      "funnel_dirs": [
        null
      ],
      "success_rate": 0.0,
      "t_err_max": [
        0
      ],
      "test_passed": [
        0
      ],
      "var_groups": [
        0
      ],
      "variables": [
        "demand.port_a.m_flow"
      ],
      "warnings": [
        "Translation, simulation or extracting simulation results failed. IOError while reading /tmp/tmp-AixLib-2-9tdd1y7x/AixLib/AixLib.Fluid.DistrictHeatingCooling.Demands.Examples.OpenLoopVarTSupplyDpFixedTempDifferenceBypass.mat generated by Fluid/DistrictHeatingCooling/Demands/Examples/OpenLoopVarTSupplyDpFixedTempDifferenceBypass.mos.\nFile /tmp/tmp-AixLib-2-9tdd1y7x/AixLib/AixLib.Fluid.DistrictHeatingCooling.Demands.Examples.OpenLoopVarTSupplyDpFixedTempDifferenceBypass.mat does not exist.\n"
      ]
    },
    "model": "AixLib.Fluid.DistrictHeatingCooling.Demands.Examples.OpenLoopVarTSupplyDpFixedTempDifferenceBypass",
    "simulation": {
      "elapsed_time": 0,
      "final_time": 100000,
      "jacobians": 0,
      "start_time": 0,
      "state_events": 0,
      "success": false
    }
  },
  {
    "comparison": {
      "file_name": "AixLib.Fluid.DistrictHeatingCooling.Pipes.Examples.PlugFlowPipeEmbedded.mat",
      "funnel_dirs": [
        null,
        null
      ],
      "success_rate": 0.0,
      "t_err_max": [
        0,
        0
      ],
      "test_passed": [
        0,
        0
      ],
      "var_groups": [
        0,
        0
      ],
      "variables": [
        "senTemIn.T",
        "senTemOut.T"
      ],
      "warnings": [
        "Translation, simulation or extracting simulation results failed. IOError while reading /tmp/tmp-AixLib-2-9tdd1y7x/AixLib/AixLib.Fluid.DistrictHeatingCooling.Pipes.Examples.PlugFlowPipeEmbedded.mat generated by Fluid/DistrictHeatingCooling/Pipes/Examples/PlugFlowPipeEmbedded.mos.\nFile /tmp/tmp-AixLib-2-9tdd1y7x/AixLib/AixLib.Fluid.DistrictHeatingCooling.Pipes.Examples.PlugFlowPipeEmbedded.mat does not exist.\n",
        ""
      ]
    },
    "model": "AixLib.Fluid.DistrictHeatingCooling.Pipes.Examples.PlugFlowPipeEmbedded",
    "simulation": {
      "elapsed_time": 0,
      "final_time": 1000,
      "jacobians": 0,
      "start_time": 0,
      "state_events": 0,
      "success": false
    }
  },
  {
    "comparison": {
      "file_name": "AixLib.Fluid.MassExchangers.MembraneBasedEnthalpyExchangers.Validation.DynamicValidation.mat",
      "funnel_dirs": [
        null,
        null,
        null,
        null,
        null,
        null
      ],
      "success_rate": 0.0,
      "t_err_max": [
        0,
        0,
        0,
        0,
        0,
        0
      ],
      "test_passed": [
        0,
        0,
        0,
        0,
        0,
        0
      ],
      "var_groups": [
        0,
        0,
        1,
        1,
        2,
        2
      ],
      "variables": [
        "m3hOda.y",
        "V_flow_exp.showNumber",
        "senTemSup.T",
        "T_Sup_exp.showNumber",
        "toDryAirSup.XiDry",
        "X_Sup_exp.showNumber"
      ],
      "warnings": [
        "Translation, simulation or extracting simulation results failed. IOError while reading /tmp/tmp-AixLib-2-9tdd1y7x/AixLib/AixLib.Fluid.MassExchangers.MembraneBasedEnthalpyExchangers.Validation.DynamicValidation.mat generated by Fluid/MassExchangers/MembraneBasedEnthalpyExchangers/Validation/DynamicValidation.mos.\nFile /tmp/tmp-AixLib-2-9tdd1y7x/AixLib/AixLib.Fluid.MassExchangers.MembraneBasedEnthalpyExchangers.Validation.DynamicValidation.mat does not exist.\n",
        "",
        "",
        "",
        "",
        ""
      ]
    },
    "model": "AixLib.Fluid.MassExchangers.MembraneBasedEnthalpyExchangers.Validation.DynamicValidation",
    "simulation": {
      "elapsed_time": 0,
      "final_time": 7200,
      "jacobians": 0,
      "start_time": 0,
      "state_events": 0,
      "success": false
    }
  },
  {
    "comparison": {
      "file_name": "AixLib.Fluid.HeatExchangers.Examples.HeatingRod.mat",
      "funnel_dirs": [
        null,
        null,
        null,
        null,
        null
      ],
      "success_rate": 0.0,
      "t_err_max": [
        0,
        0,
        0,
        0,
        0
      ],
      "test_passed": [
        0,
        0,
        0,
        0,
        0
      ],
      "var_groups": [
        0,
        0,
        0,
        0,
        1
      ],
      "variables": [
        "TSet.y",
        "TOut.y",
        "TVol.T",
        "THeaOut.T",
        "Pel"
      ],
      "warnings": [
        "Translation, simulation or extracting simulation results failed. IOError while reading /tmp/tmp-AixLib-2-9tdd1y7x/AixLib/AixLib.Fluid.HeatExchangers.Examples.HeatingRod.mat generated by Fluid/HeatExchangers/Examples/HeatingRod.mos.\nFile /tmp/tmp-AixLib-2-9tdd1y7x/AixLib/AixLib.Fluid.HeatExchangers.Examples.HeatingRod.mat does not exist.\n",
        "",
        "",
        "",
        ""
      ]
    },
    "model": "AixLib.Fluid.HeatExchangers.Examples.HeatingRod",
    "simulation": {
      "elapsed_time": 0,
      "final_time": 172800,
      "jacobians": 0,
      "start_time": 0,
      "state_events": 0,
      "success": false
    }
  },
  {
    "comparison": {
      "file_name": "AixLib.Fluid.Storage.Examples.StorageSolarCollector.mat",
      "funnel_dirs": [
        "funnel_comp/AixLib.Fluid.Storage.Examples.StorageSolarCollector.mat_bufferStorage.layer[10].T",
        "funnel_comp/AixLib.Fluid.Storage.Examples.StorageSolarCollector.mat_bufferStorage.layer[5].T",
        "funnel_comp/AixLib.Fluid.Storage.Examples.StorageSolarCollector.mat_bufferStorage.layer[1].T",
        "funnel_comp/AixLib.Fluid.Storage.Examples.StorageSolarCollector.mat_temperatureSensor.T",
        "funnel_comp/AixLib.Fluid.Storage.Examples.StorageSolarCollector.mat_solarThermal.Irradiation",
        "funnel_comp/AixLib.Fluid.Storage.Examples.StorageSolarCollector.mat_solarThermal.heater.Q_flow"
      ],
      "success_rate": 1.0,
      "t_err_max": [
        0.0,
        0.0,
        0.0,
        0.0,
        0.0,
        0.0
      ],
      "test_passed": [
        1,
        1,
        1,
        1,
        1,
        1
      ],
      "var_groups": [
        0,
        0,
        0,
        1,
        2,
        2
      ],
      "variables": [
        "bufferStorage.layer[10].T",
        "bufferStorage.layer[5].T",
        "bufferStorage.layer[1].T",
        "temperatureSensor.T",
        "solarThermal.Irradiation",
        "solarThermal.heater.Q_flow"
      ],
      "warnings": [
        null,
        null,
        null,
        null,
        null,
        null
      ]
    },
    "model": "AixLib.Fluid.Storage.Examples.StorageSolarCollector",
    "simulation": {
      "elapsed_time": 0.743,
      "final_time": 172800,
      "jacobians": 1201,
      "start_time": 0,
      "state_events": 3,
      "success": true
    }
  },
  {
    "comparison": {
      "file_name": "AixLib.Fluid.Pools.Examples.IndoorSwimmingPoolExternalHeatingSystem.mat",
      "funnel_dirs": [
        "funnel_comp/AixLib.Fluid.Pools.Examples.IndoorSwimmingPoolExternalHeatingSystem.mat_indoorSwimming.TPool",
        "funnel_comp/AixLib.Fluid.Pools.Examples.IndoorSwimmingPoolExternalHeatingSystem.mat_prescribedHeatFlow.Q_flow",
        "funnel_comp/AixLib.Fluid.Pools.Examples.IndoorSwimmingPoolExternalHeatingSystem.mat_indoorSwimming.PPool",
        "funnel_comp/AixLib.Fluid.Pools.Examples.IndoorSwimmingPoolExternalHeatingSystem.mat_indoorSwimming.QEva"
      ],
      "success_rate": 1.0,
      "t_err_max": [
        0.0,
        0.0,
        0.0,
        0.0
      ],
      "test_passed": [
        1,
        1,
        1,
        1
      ],
      "var_groups": [
        0,
        0,
        0,
        0
      ],
      "variables": [
        "indoorSwimming.TPool",
        "prescribedHeatFlow.Q_flow",
        "indoorSwimming.PPool",
        "indoorSwimming.QEva"
      ],
      "warnings": [
        null,
        null,
        null,
        null
      ]
    },
    "model": "AixLib.Fluid.Pools.Examples.IndoorSwimmingPoolExternalHeatingSystem",
    "simulation": {
      "elapsed_time": 0.302014,
      "final_time": 604800,
      "jacobians": 97,
      "start_time": 0,
      "state_events": 9,
      "success": true
    }
  },
  {
    "comparison": {
      "file_name": "AixLib.Fluid.DistrictHeatingCooling.Demands.Examples.OpenLoopHeatPumpCarnot.mat",
      "funnel_dirs": [
        null,
        null,
        null
      ],
      "success_rate": 0.0,
      "t_err_max": [
        0,
        0,
        0
      ],
      "test_passed": [
        0,
        0,
        0
      ],
      "var_groups": [
        0,
        0,
        1
      ],
      "variables": [
        "demand.senT_supply.T",
        "demand.senT_return.T",
        "demand.port_a.m_flow"
      ],
      "warnings": [
        "Translation, simulation or extracting simulation results failed. IOError while reading /tmp/tmp-AixLib-3-n0hqys4b/AixLib/AixLib.Fluid.DistrictHeatingCooling.Demands.Examples.OpenLoopHeatPumpCarnot.mat generated by Fluid/DistrictHeatingCooling/Demands/Examples/OpenLoopHeatPumpCarnot.mos.\nFile /tmp/tmp-AixLib-3-n0hqys4b/AixLib/AixLib.Fluid.DistrictHeatingCooling.Demands.Examples.OpenLoopHeatPumpCarnot.mat does not exist.\n",
        "",
        ""
      ]
    },
    "model": "AixLib.Fluid.DistrictHeatingCooling.Demands.Examples.OpenLoopHeatPumpCarnot",
    "simulation": {
      "elapsed_time": 0,
      "final_time": 100000,
      "jacobians": 0,
      "start_time": 0,
      "state_events": 0,
      "success": false
    }
  },
  {
    "comparison": {
      "file_name": "AixLib.Fluid.Chillers.Examples.Chiller.mat",
      "funnel_dirs": [
        null,
        null,
        null,
        null,
        null,
        null,
        null
      ],
      "success_rate": 0.0,
      "t_err_max": [
        0,
        0,
        0,
        0,
        0,
        0,
        0
      ],
      "test_passed": [
        0,
        0,
        0,
        0,
        0,
        0,
        0
      ],
      "var_groups": [
        0,
        0,
        0,
        0,
        1,
        1,
        1
      ],
      "variables": [
        "chiller.sigBus.TConInMea",
        "chiller.sigBus.TEvaInMea",
        "chiller.sigBus.TConOutMea",
        "chiller.sigBus.TEvaOutMea",
        "chiller.innerCycle.QEva",
        "chiller.innerCycle.QCon",
        "chiller.innerCycle.Pel"
      ],
      "warnings": [
        "Translation, simulation or extracting simulation results failed. IOError while reading /tmp/tmp-AixLib-3-n0hqys4b/AixLib/AixLib.Fluid.Chillers.Examples.Chiller.mat generated by Fluid/Chillers/Examples/Chiller.mos.\nFile /tmp/tmp-AixLib-3-n0hqys4b/AixLib/AixLib.Fluid.Chillers.Examples.Chiller.mat does not exist.\n",
        "",
        "",
        "",
        "",
        "",
        ""
      ]
    },
    "model": "AixLib.Fluid.Chillers.Examples.Chiller",
    "simulation": {
      "elapsed_time": 0,
      "final_time": 3600,
      "jacobians": 0,
      "start_time": 0,
      "state_events": 0,
      "success": false
    }
  },
  {
    "comparison": {
      "file_name": "AixLib.Fluid.Movers.PumpsPolynomialBased.Examples.PumpSpeedControlledDpV.mat",
      "funnel_dirs": [
        "funnel_comp/AixLib.Fluid.Movers.PumpsPolynomialBased.Examples.PumpSpeedControlledDpV.mat_rampValvePosition.y",
        "funnel_comp/AixLib.Fluid.Movers.PumpsPolynomialBased.Examples.PumpSpeedControlledDpV.mat_pump.pumpBus.rpmMea",
        "funnel_comp/AixLib.Fluid.Movers.PumpsPolynomialBased.Examples.PumpSpeedControlledDpV.mat_pump.pumpBus.rpmSet",
        "funnel_comp/AixLib.Fluid.Movers.PumpsPolynomialBased.Examples.PumpSpeedControlledDpV.mat_pump.pumpBus.onSet"
      ],
      "success_rate": 1.0,
      "t_err_max": [
        0.0,
        0.0,
        0.0,
        0.0
      ],
      "test_passed": [
        1,
        1,
        1,
        1
      ],
      "var_groups": [
        0,
        1,
        1,
        2
      ],
      "variables": [
        "rampValvePosition.y",
        "pump.pumpBus.rpmMea",
        "pump.pumpBus.rpmSet",
        "pump.pumpBus.onSet"
      ],
      "warnings": [
        null,
        null,
        null,
        null
      ]
    },
    "model": "AixLib.Fluid.Movers.PumpsPolynomialBased.Examples.PumpSpeedControlledDpV",
    "simulation": {
      "elapsed_time": 0.0124,
      "final_time": 600,
      "jacobians": 134,
      "start_time": 0,
      "state_events": 3,
      "success": true
    }
  },
  {
    "comparison": {
      "file_name": "AixLib.Fluid.DistrictHeatingCooling.Pipes.Examples.DHCPipe.mat",
      "funnel_dirs": [
        null,
        null,
        null,
        null,
        null,
        null,
        null,
        null
      ],
      "success_rate": 0.0,
      "t_err_max": [
        0,
        0,
        0,
        0,
        0,
        0,
        0,
        0
      ],
      "test_passed": [
        0,
        0,
        0,
        0,
        0,
        0,
        0,
        0
      ],
      "var_groups": [
        0,
        0,
        0,
        0,
        0,
        0,
        0,
        0
      ],
      "variables": [
        "senTemIn.T",
        "senTemOut.T",
        "senTemIn1.T",
        "senTemOut1.T",
        "senTemIn2.T",
        "senTemOut2.T",
        "senTemIn3.T",
        "senTemOut3.T"
      ],
      "warnings": [
        "Translation, simulation or extracting simulation results failed. IOError while reading /tmp/tmp-AixLib-3-n0hqys4b/AixLib/AixLib.Fluid.DistrictHeatingCooling.Pipes.Examples.DHCPipe.mat generated by Fluid/DistrictHeatingCooling/Pipes/Examples/DHCPipe.mos.\nFile /tmp/tmp-AixLib-3-n0hqys4b/AixLib/AixLib.Fluid.DistrictHeatingCooling.Pipes.Examples.DHCPipe.mat does not exist.\n",
        "",
        "",
        "",
        "",
        "",
        "",
        ""
      ]
    },
    "model": "AixLib.Fluid.DistrictHeatingCooling.Pipes.Examples.DHCPipe",
    "simulation": {
      "elapsed_time": 0,
      "final_time": 3600,
      "jacobians": 0,
      "start_time": 0,
      "state_events": 0,
      "success": false
    }
  },
  {
    "comparison": {
      "file_name": "AixLib.Fluid.BoilerCHP.Examples.CHPSystemNoControl.mat",
      "funnel_dirs": [
        null,
        null,
        null,
        null
      ],
      "success_rate": 0.0,
      "t_err_max": [
        0,
        0,
        0,
        0
      ],
      "test_passed": [
        0,
        0,
        0,
        0
      ],
      "var_groups": [
        0,
        1,
        1,
        1
      ],
      "variables": [
        "TSet.y",
        "combinedHeatPower.electricalPower",
        "combinedHeatPower.thermalPower",
        "combinedHeatPower.fuelInput"
      ],
      "warnings": [
        "Translation, simulation or extracting simulation results failed. IOError while reading /tmp/tmp-AixLib-3-n0hqys4b/AixLib/AixLib.Fluid.BoilerCHP.Examples.CHPSystemNoControl.mat generated by Fluid/BoilerCHP/Examples/CHPSystemNoControl.mos.\nFile /tmp/tmp-AixLib-3-n0hqys4b/AixLib/AixLib.Fluid.BoilerCHP.Examples.CHPSystemNoControl.mat does not exist.\n",
        "",
        "",
        ""
      ]
    },
    "model": "AixLib.Fluid.BoilerCHP.Examples.CHPSystemNoControl",
    "simulation": {
      "elapsed_time": 0,
      "final_time": 300,
      "jacobians": 0,
      "start_time": 0,
      "state_events": 0,
      "success": false
    }
  },
  {
    "comparison": {
      "file_name": "AixLib.Fluid.MassExchangers.MembraneBasedEnthalpyExchangers.Validation.StaticValidation.mat",
      "funnel_dirs": [
        "funnel_comp/AixLib.Fluid.MassExchangers.MembraneBasedEnthalpyExchangers.Validation.StaticValidation.mat_m3hOda.y",
        "funnel_comp/AixLib.Fluid.MassExchangers.MembraneBasedEnthalpyExchangers.Validation.StaticValidation.mat_V_flow_exp.showNumber",
        "funnel_comp/AixLib.Fluid.MassExchangers.MembraneBasedEnthalpyExchangers.Validation.StaticValidation.mat_senTemSup.T",
        "funnel_comp/AixLib.Fluid.MassExchangers.MembraneBasedEnthalpyExchangers.Validation.StaticValidation.mat_T_Sup_exp.showNumber",
        "funnel_comp/AixLib.Fluid.MassExchangers.MembraneBasedEnthalpyExchangers.Validation.StaticValidation.mat_toDryAirSup.XiDry",
        "funnel_comp/AixLib.Fluid.MassExchangers.MembraneBasedEnthalpyExchangers.Validation.StaticValidation.mat_X_Sup_exp.showNumber"
      ],
      "success_rate": 1.0,
      "t_err_max": [
        0.0,
        0.0,
        0.0,
        0.0,
        0.0,
        0.0
      ],
      "test_passed": [
        1,
        1,
        1,
        1,
        1,
        1
      ],
      "var_groups": [
        0,
        0,
        1,
        1,
        2,
        2
      ],
      "variables": [
        "m3hOda.y",
        "V_flow_exp.showNumber",
        "senTemSup.T",
        "T_Sup_exp.showNumber",
        "toDryAirSup.XiDry",
        "X_Sup_exp.showNumber"
      ],
      "warnings": [
        null,
        null,
        null,
        null,
        null,
        null
      ]
    },
    "model": "AixLib.Fluid.MassExchangers.MembraneBasedEnthalpyExchangers.Validation.StaticValidation",
    "simulation": {
      "elapsed_time": 8.51,
      "final_time": 29600,
      "jacobians": 1180,
      "start_time": 0,
      "state_events": 0,
      "success": true
    }
  },
  {
    "comparison": {
      "file_name": "AixLib.Fluid.Storage.Examples.StorageDetailedExample.mat",
      "funnel_dirs": [
        "funnel_comp/AixLib.Fluid.Storage.Examples.StorageDetailedExample.mat_bufferStorage.heatingCoil1.Therm1[4].Q_flow",
        "funnel_comp/AixLib.Fluid.Storage.Examples.StorageDetailedExample.mat_bufferStorage.layer[4].T",
        "funnel_comp/AixLib.Fluid.Storage.Examples.StorageDetailedExample.mat_bufferStorage.portHC1In.p",
        "funnel_comp/AixLib.Fluid.Storage.Examples.StorageDetailedExample.mat_bufferStorage.portHC1Out.p"
      ],
      "success_rate": 1.0,
      "t_err_max": [
        0.0,
        0.0,
        0.0,
        0.0
      ],
      "test_passed": [
        1,
        1,
        1,
        1
      ],
      "var_groups": [
        0,
        1,
        2,
        2
      ],
      "variables": [
        "bufferStorage.heatingCoil1.Therm1[4].Q_flow",
        "bufferStorage.layer[4].T",
        "bufferStorage.portHC1In.p",
        "bufferStorage.portHC1Out.p"
      ],
      "warnings": [
        null,
        null,
        null,
        null
      ]
    },
    "model": "AixLib.Fluid.Storage.Examples.StorageDetailedExample",
    "simulation": {
      "elapsed_time": 0.0576,
      "final_time": 86400,
      "jacobians": 45,
      "start_time": 0,
      "state_events": 0,
      "success": true
    }
  }
]
