[
  {
    "comparison": {
      "file_name": "AixLib.Systems.ModularAHU.Examples.Heater.mat",
      "funnel_dirs": [],
      "success_rate": 0,
      "t_err_max": [],
      "test_passed": [],
      "var_groups": [],
      "variables": [],
      "warnings": []
    },
    "model": "AixLib.Systems.ModularAHU.Examples.Heater",
    "simulation": {
      "elapsed_time": 0.0265,
      "final_time": 3600,
      "jacobians": 31,
      "start_time": 0,
      "state_events": 0,
      "success": true
    }
  },
  {
    "comparison": {
      "file_name": "AixLib.Systems.ModularAHU.Examples.DemandControlledAHU.mat",
      "funnel_dirs": [],
      "success_rate": 0,
      "t_err_max": [],
      "test_passed": [],
      "var_groups": [],
      "variables": [],
      "warnings": []
    },
    "model": "AixLib.Systems.ModularAHU.Examples.DemandControlledAHU",
    "simulation": {
      "elapsed_time": 48.4,
      "final_time": 6566400.0,
      "jacobians": 23927,
      "start_time": 5961600.0,
      "state_events": 51,
      "success": true
    }
  },
  {
    "comparison": {
      "file_name": "AixLib.Systems.ModularAHU.Examples.GenericAHU.mat",
      "funnel_dirs": [
        "funnel_comp/AixLib.Systems.ModularAHU.Examples.GenericAHU.mat_ctrAHUBasic.genericAHUBus.TOdaMea",
        "funnel_comp/AixLib.Systems.ModularAHU.Examples.GenericAHU.mat_ctrAHUBasic.genericAHUBus.TSupMea",
        "funnel_comp/AixLib.Systems.ModularAHU.Examples.GenericAHU.mat_ctrAHUBasic.genericAHUBus.TEtaMea",
        "funnel_comp/AixLib.Systems.ModularAHU.Examples.GenericAHU.mat_ctrAHUBasic.genericAHUBus.TEhaMea",
        "funnel_comp/AixLib.Systems.ModularAHU.Examples.GenericAHU.mat_ctrAHUBasic.genericAHUBus.preheaterBus.hydraulicBus.valveMea",
        "funnel_comp/AixLib.Systems.ModularAHU.Examples.GenericAHU.mat_ctrAHUBasic.genericAHUBus.coolerBus.hydraulicBus.valveMea",
        "funnel_comp/AixLib.Systems.ModularAHU.Examples.GenericAHU.mat_ctrAHUBasic.genericAHUBus.heaterBus.hydraulicBus.valveMea"
      ],
      "success_rate": 1.0,
      "t_err_max": [
        0.0,
        0.0,
        0.0,
        0.0,
        0.0,
        0.0,
        0.0
      ],
      "test_passed": [
        1,
        1,
        1,
        1,
        1,
        1,
        1
      ],
      "var_groups": [
        0,
        0,
        0,
        0,
        1,
        1,
        1
      ],
      "variables": [
        "ctrAHUBasic.genericAHUBus.TOdaMea",
        "ctrAHUBasic.genericAHUBus.TSupMea",
        "ctrAHUBasic.genericAHUBus.TEtaMea",
        "ctrAHUBasic.genericAHUBus.TEhaMea",
        "ctrAHUBasic.genericAHUBus.preheaterBus.hydraulicBus.valveMea",
        "ctrAHUBasic.genericAHUBus.coolerBus.hydraulicBus.valveMea",
        "ctrAHUBasic.genericAHUBus.heaterBus.hydraulicBus.valveMea"
      ],
      "warnings": [
        null,
        null,
        null,
        null,
        null,
        null,
        null
      ]
    },
    "model": "AixLib.Systems.ModularAHU.Examples.GenericAHU",
    "simulation": {
      "elapsed_time": 0.137,
      "final_time": 7200,
      "jacobians": 43,
      "start_time": 0,
      "state_events": 0,
      "success": true
    }
  }
]
