[
  {
    "comparison": {
      "file_name": "AixLib.Systems.ModularAHU.Validation.AHU2_Preheater.mat",
      "funnel_dirs": [
        "funnel_comp/AixLib.Systems.ModularAHU.Validation.AHU2_Preheater.mat_registerModule.registerBus.TAirInMea",
        "funnel_comp/AixLib.Systems.ModularAHU.Validation.AHU2_Preheater.mat_registerModule.registerBus.TAirOutMea",
        "funnel_comp/AixLib.Systems.ModularAHU.Validation.AHU2_Preheater.mat_combiTimeTable.y[6]",
        "funnel_comp/AixLib.Systems.ModularAHU.Validation.AHU2_Preheater.mat_combiTimeTable.y[5]",
        "funnel_comp/AixLib.Systems.ModularAHU.Validation.AHU2_Preheater.mat_combiTimeTable.y[3]",
        "funnel_comp/AixLib.Systems.ModularAHU.Validation.AHU2_Preheater.mat_combiTimeTable.y[4]",
        "funnel_comp/AixLib.Systems.ModularAHU.Validation.AHU2_Preheater.mat_registerModule.registerBus.hydraulicBus.TFwrdOutMea",
        "funnel_comp/AixLib.Systems.ModularAHU.Validation.AHU2_Preheater.mat_registerModule.registerBus.hydraulicBus.TRtrnInMea",
        "funnel_comp/AixLib.Systems.ModularAHU.Validation.AHU2_Preheater.mat_combiTimeTable.y[9]",
        "funnel_comp/AixLib.Systems.ModularAHU.Validation.AHU2_Preheater.mat_combiTimeTable.y[8]",
        "funnel_comp/AixLib.Systems.ModularAHU.Validation.AHU2_Preheater.mat_Simulation_VF_in_m3h.y",
        "funnel_comp/AixLib.Systems.ModularAHU.Validation.AHU2_Preheater.mat_Simulation_VF_out_m3h.y"
      ],
      "success_rate": 0.5833333333333334,
      "t_err_max": [
        0.0,
        216.0,
        0.0,
        0.0,
        0.0,
        0.0,
        144.0,
        3816.0,
        0.0,
        0.0,
        144.0,
        144.0
      ],
      "test_passed": [
        1,
        0,
        1,
        1,
        1,
        1,
        0,
        0,
        1,
        1,
        0,
        0
      ],
      "var_groups": [
        0,
        0,
        0,
        0,
        1,
        1,
        1,
        1,
        2,
        2,
        2,
        2
      ],
      "variables": [
        "registerModule.registerBus.TAirInMea",
        "registerModule.registerBus.TAirOutMea",
        "combiTimeTable.y[6]",
        "combiTimeTable.y[5]",
        "combiTimeTable.y[3]",
        "combiTimeTable.y[4]",
        "registerModule.registerBus.hydraulicBus.TFwrdOutMea",
        "registerModule.registerBus.hydraulicBus.TRtrnInMea",
        "combiTimeTable.y[9]",
        "combiTimeTable.y[8]",
        "Simulation_VF_in_m3h.y",
        "Simulation_VF_out_m3h.y"
      ],
      "warnings": [
        null,
        "Absolute error = 1.553e+00 at t = 216.0 for registerModule.registerBus.TAirOutMea",
        null,
        null,
        null,
        null,
        "Absolute error = 6.597e+00 at t = 144.0 for registerModule.registerBus.hydraulicBus.TFwrdOutMea",
        "Absolute error = 4.747e+00 at t = 3816.0 for registerModule.registerBus.hydraulicBus.TRtrnInMea",
        null,
        null,
        "Absolute error = 8.404e-01 at t = 144.0 for Simulation_VF_in_m3h.y",
        "Absolute error = 2.683e-01 at t = 144.0 for Simulation_VF_out_m3h.y"
      ]
    },
    "model": "AixLib.Systems.ModularAHU.Validation.AHU2_Preheater",
    "simulation": {
      "elapsed_time": 1.31,
      "final_time": 7200,
      "jacobians": 5019,
      "start_time": 0,
      "state_events": 11,
      "success": true
    }
  },
  {
    "comparison": {
      "file_name": "AixLib.Systems.HydraulicModules.Examples.Admix.mat",
      "funnel_dirs": [
        "funnel_comp/AixLib.Systems.HydraulicModules.Examples.Admix.mat_hydraulicBus.TFwrdInMea",
        "funnel_comp/AixLib.Systems.HydraulicModules.Examples.Admix.mat_hydraulicBus.TFwrdOutMea",
        "funnel_comp/AixLib.Systems.HydraulicModules.Examples.Admix.mat_hydraulicBus.TRtrnInMea",
        "funnel_comp/AixLib.Systems.HydraulicModules.Examples.Admix.mat_hydraulicBus.TRtrnOutMea",
        "funnel_comp/AixLib.Systems.HydraulicModules.Examples.Admix.mat_hydraulicBus.VFlowInMea",
        "funnel_comp/AixLib.Systems.HydraulicModules.Examples.Admix.mat_hydraulicBus.VFlowOutMea"
      ],
      "success_rate": 1.0,
      "t_err_max": [
        0.0,
        0.0,
        0.0,
        0.0,
        0.0,
        0.0
      ],
      "test_passed": [
        1,
        1,
        1,
        1,
        1,
        1
      ],
      "var_groups": [
        0,
        0,
        0,
        0,
        1,
        1
      ],
      "variables": [
        "hydraulicBus.TFwrdInMea",
        "hydraulicBus.TFwrdOutMea",
        "hydraulicBus.TRtrnInMea",
        "hydraulicBus.TRtrnOutMea",
        "hydraulicBus.VFlowInMea",
        "hydraulicBus.VFlowOutMea"
      ],
      "warnings": [
        null,
        null,
        null,
        null,
        null,
        null
      ]
    },
    "model": "AixLib.Systems.HydraulicModules.Examples.Admix",
    "simulation": {
      "elapsed_time": 0.0163,
      "final_time": 800,
      "jacobians": 73,
      "start_time": 0,
      "state_events": 0,
      "success": true
    }
  },
  {
    "comparison": {
      "file_name": "AixLib.Systems.HydraulicModules.Examples.ThrottlePump.mat",
      "funnel_dirs": [
        "funnel_comp/AixLib.Systems.HydraulicModules.Examples.ThrottlePump.mat_hydraulicBus.TFwrdInMea",
        "funnel_comp/AixLib.Systems.HydraulicModules.Examples.ThrottlePump.mat_hydraulicBus.TFwrdOutMea",
        "funnel_comp/AixLib.Systems.HydraulicModules.Examples.ThrottlePump.mat_hydraulicBus.TRtrnInMea",
        "funnel_comp/AixLib.Systems.HydraulicModules.Examples.ThrottlePump.mat_hydraulicBus.TRtrnOutMea",
        "funnel_comp/AixLib.Systems.HydraulicModules.Examples.ThrottlePump.mat_hydraulicBus.VFlowInMea",
        "funnel_comp/AixLib.Systems.HydraulicModules.Examples.ThrottlePump.mat_hydraulicBus.VFlowOutMea"
      ],
      "success_rate": 1.0,
      "t_err_max": [
        0.0,
        0.0,
        0.0,
        0.0,
        0.0,
        0.0
      ],
      "test_passed": [
        1,
        1,
        1,
        1,
        1,
        1
      ],
      "var_groups": [
        0,
        0,
        0,
        0,
        1,
        1
      ],
      "variables": [
        "hydraulicBus.TFwrdInMea",
        "hydraulicBus.TFwrdOutMea",
        "hydraulicBus.TRtrnInMea",
        "hydraulicBus.TRtrnOutMea",
        "hydraulicBus.VFlowInMea",
        "hydraulicBus.VFlowOutMea"
      ],
      "warnings": [
        null,
        null,
        null,
        null,
        null,
        null
      ]
    },
    "model": "AixLib.Systems.HydraulicModules.Examples.ThrottlePump",
    "simulation": {
      "elapsed_time": 0.013,
      "final_time": 600,
      "jacobians": 61,
      "start_time": 0,
      "state_events": 0,
      "success": true
    }
  },
  {
    "comparison": {
      "file_name": "AixLib.Systems.ModularAHU.Examples.Heater.mat",
      "funnel_dirs": [
        "funnel_comp/AixLib.Systems.ModularAHU.Examples.Heater.mat_ctrBasic.registerBus.TAirInMea",
        "funnel_comp/AixLib.Systems.ModularAHU.Examples.Heater.mat_ctrBasic.registerBus.TAirOutMea",
        "funnel_comp/AixLib.Systems.ModularAHU.Examples.Heater.mat_ctrBasic.registerBus.hydraulicBus.valveSet"
      ],
      "success_rate": 1.0,
      "t_err_max": [
        0.0,
        0.0,
        0.0
      ],
      "test_passed": [
        1,
        1,
        1
      ],
      "var_groups": [
        0,
        0,
        1
      ],
      "variables": [
        "ctrBasic.registerBus.TAirInMea",
        "ctrBasic.registerBus.TAirOutMea",
        "ctrBasic.registerBus.hydraulicBus.valveSet"
      ],
      "warnings": [
        null,
        null,
        null
      ]
    },
    "model": "AixLib.Systems.ModularAHU.Examples.Heater",
    "simulation": {
      "elapsed_time": 0.025,
      "final_time": 3600,
      "jacobians": 56,
      "start_time": 0,
      "state_events": 0,
      "success": true
    }
  },
  {
    "comparison": {
      "file_name": "AixLib.Systems.HydraulicModules.Examples.Injection.mat",
      "funnel_dirs": [
        "funnel_comp/AixLib.Systems.HydraulicModules.Examples.Injection.mat_hydraulicBus.TFwrdInMea",
        "funnel_comp/AixLib.Systems.HydraulicModules.Examples.Injection.mat_hydraulicBus.TFwrdOutMea",
        "funnel_comp/AixLib.Systems.HydraulicModules.Examples.Injection.mat_hydraulicBus.TRtrnInMea",
        "funnel_comp/AixLib.Systems.HydraulicModules.Examples.Injection.mat_hydraulicBus.TRtrnOutMea",
        "funnel_comp/AixLib.Systems.HydraulicModules.Examples.Injection.mat_hydraulicBus.VFlowInMea",
        "funnel_comp/AixLib.Systems.HydraulicModules.Examples.Injection.mat_hydraulicBus.VFlowOutMea"
      ],
      "success_rate": 1.0,
      "t_err_max": [
        0.0,
        0.0,
        0.0,
        0.0,
        0.0,
        0.0
      ],
      "test_passed": [
        1,
        1,
        1,
        1,
        1,
        1
      ],
      "var_groups": [
        0,
        0,
        0,
        0,
        1,
        1
      ],
      "variables": [
        "hydraulicBus.TFwrdInMea",
        "hydraulicBus.TFwrdOutMea",
        "hydraulicBus.TRtrnInMea",
        "hydraulicBus.TRtrnOutMea",
        "hydraulicBus.VFlowInMea",
        "hydraulicBus.VFlowOutMea"
      ],
      "warnings": [
        null,
        null,
        null,
        null,
        null,
        null
      ]
    },
    "model": "AixLib.Systems.HydraulicModules.Examples.Injection",
    "simulation": {
      "elapsed_time": 0.0343,
      "final_time": 800,
      "jacobians": 70,
      "start_time": 0,
      "state_events": 0,
      "success": true
    }
  },
  {
    "comparison": {
      "file_name": "AixLib.Systems.HydraulicModules.Examples.Pump.mat",
      "funnel_dirs": [
        "funnel_comp/AixLib.Systems.HydraulicModules.Examples.Pump.mat_hydraulicBus.TFwrdInMea",
        "funnel_comp/AixLib.Systems.HydraulicModules.Examples.Pump.mat_hydraulicBus.TFwrdOutMea",
        "funnel_comp/AixLib.Systems.HydraulicModules.Examples.Pump.mat_hydraulicBus.TRtrnInMea",
        "funnel_comp/AixLib.Systems.HydraulicModules.Examples.Pump.mat_hydraulicBus.TRtrnOutMea",
        "funnel_comp/AixLib.Systems.HydraulicModules.Examples.Pump.mat_hydraulicBus.VFlowInMea",
        "funnel_comp/AixLib.Systems.HydraulicModules.Examples.Pump.mat_hydraulicBus.VFlowOutMea"
      ],
      "success_rate": 1.0,
      "t_err_max": [
        0.0,
        0.0,
        0.0,
        0.0,
        0.0,
        0.0
      ],
      "test_passed": [
        1,
        1,
        1,
        1,
        1,
        1
      ],
      "var_groups": [
        0,
        0,
        0,
        0,
        1,
        1
      ],
      "variables": [
        "hydraulicBus.TFwrdInMea",
        "hydraulicBus.TFwrdOutMea",
        "hydraulicBus.TRtrnInMea",
        "hydraulicBus.TRtrnOutMea",
        "hydraulicBus.VFlowInMea",
        "hydraulicBus.VFlowOutMea"
      ],
      "warnings": [
        null,
        null,
        null,
        null,
        null,
        null
      ]
    },
    "model": "AixLib.Systems.HydraulicModules.Examples.Pump",
    "simulation": {
      "elapsed_time": 0.0179,
      "final_time": 800,
      "jacobians": 74,
      "start_time": 0,
      "state_events": 1,
      "success": true
    }
  },
  {
    "comparison": {
      "file_name": "AixLib.Systems.ModularAHU.Validation.AHU2_Cooler.mat",
      "funnel_dirs": [
        "funnel_comp/AixLib.Systems.ModularAHU.Validation.AHU2_Cooler.mat_registerModule.registerBus.TAirInMea",
        "funnel_comp/AixLib.Systems.ModularAHU.Validation.AHU2_Cooler.mat_registerModule.registerBus.TAirOutMea",
        "funnel_comp/AixLib.Systems.ModularAHU.Validation.AHU2_Cooler.mat_combiTimeTable.y[6]",
        "funnel_comp/AixLib.Systems.ModularAHU.Validation.AHU2_Cooler.mat_combiTimeTable.y[5]",
        "funnel_comp/AixLib.Systems.ModularAHU.Validation.AHU2_Cooler.mat_combiTimeTable.y[3]",
        "funnel_comp/AixLib.Systems.ModularAHU.Validation.AHU2_Cooler.mat_combiTimeTable.y[4]",
        "funnel_comp/AixLib.Systems.ModularAHU.Validation.AHU2_Cooler.mat_registerModule.registerBus.hydraulicBus.TFwrdOutMea",
        "funnel_comp/AixLib.Systems.ModularAHU.Validation.AHU2_Cooler.mat_registerModule.registerBus.hydraulicBus.TRtrnInMea",
        "funnel_comp/AixLib.Systems.ModularAHU.Validation.AHU2_Cooler.mat_combiTimeTable.y[9]",
        "funnel_comp/AixLib.Systems.ModularAHU.Validation.AHU2_Cooler.mat_combiTimeTable.y[8]",
        "funnel_comp/AixLib.Systems.ModularAHU.Validation.AHU2_Cooler.mat_Simulation_VF_in_m3h.y",
        "funnel_comp/AixLib.Systems.ModularAHU.Validation.AHU2_Cooler.mat_Simulation_VF_out_m3h.y"
      ],
      "success_rate": 0.9166666666666666,
      "t_err_max": [
        0.0,
        0.0,
        0.0,
        0.0,
        0.0,
        0.0,
        0.0,
        0.0,
        0.0,
        0.0,
        1458.0,
        0.0
      ],
      "test_passed": [
        1,
        1,
        1,
        1,
        1,
        1,
        1,
        1,
        1,
        1,
        0,
        1
      ],
      "var_groups": [
        0,
        0,
        0,
        0,
        1,
        1,
        1,
        1,
        2,
        2,
        2,
        2
      ],
      "variables": [
        "registerModule.registerBus.TAirInMea",
        "registerModule.registerBus.TAirOutMea",
        "combiTimeTable.y[6]",
        "combiTimeTable.y[5]",
        "combiTimeTable.y[3]",
        "combiTimeTable.y[4]",
        "registerModule.registerBus.hydraulicBus.TFwrdOutMea",
        "registerModule.registerBus.hydraulicBus.TRtrnInMea",
        "combiTimeTable.y[9]",
        "combiTimeTable.y[8]",
        "Simulation_VF_in_m3h.y",
        "Simulation_VF_out_m3h.y"
      ],
      "warnings": [
        null,
        null,
        null,
        null,
        null,
        null,
        null,
        null,
        null,
        null,
        "Absolute error = 1.052e-03 at t = 1458.0 for Simulation_VF_in_m3h.y",
        null
      ]
    },
    "model": "AixLib.Systems.ModularAHU.Validation.AHU2_Cooler",
    "simulation": {
      "elapsed_time": 2.35,
      "final_time": 2700,
      "jacobians": 11739,
      "start_time": 0,
      "state_events": 0,
      "success": true
    }
  },
  {
    "comparison": {
      "file_name": "AixLib.Systems.ModularAHU.Examples.DemandControlledAHU.mat",
      "funnel_dirs": [
        "funnel_comp/AixLib.Systems.ModularAHU.Examples.DemandControlledAHU.mat_genericAHU.genericAHUBus.TSupMea",
        "funnel_comp/AixLib.Systems.ModularAHU.Examples.DemandControlledAHU.mat_genericAHU.genericAHUBus.TOdaMea",
        "funnel_comp/AixLib.Systems.ModularAHU.Examples.DemandControlledAHU.mat_genericAHU.genericAHUBus.heaterBus.hydraulicBus.valveSet",
        "funnel_comp/AixLib.Systems.ModularAHU.Examples.DemandControlledAHU.mat_genericAHU.genericAHUBus.heaterBus.VFlowAirMea",
        "funnel_comp/AixLib.Systems.ModularAHU.Examples.DemandControlledAHU.mat_thermalZone.CO2Con"
      ],
      "success_rate": 1.0,
      "t_err_max": [
        5961600.0,
        5961600.0,
        5961600.0,
        5961600.0,
        5961600.0
      ],
      "test_passed": [
        1,
        1,
        1,
        1,
        1
      ],
      "var_groups": [
        0,
        0,
        1,
        2,
        3
      ],
      "variables": [
        "genericAHU.genericAHUBus.TSupMea",
        "genericAHU.genericAHUBus.TOdaMea",
        "genericAHU.genericAHUBus.heaterBus.hydraulicBus.valveSet",
        "genericAHU.genericAHUBus.heaterBus.VFlowAirMea",
        "thermalZone.CO2Con"
      ],
      "warnings": [
        null,
        null,
        null,
        null,
        null
      ]
    },
    "model": "AixLib.Systems.ModularAHU.Examples.DemandControlledAHU",
    "simulation": {
      "elapsed_time": 45.2,
      "final_time": 6566400.0,
      "jacobians": 25798,
      "start_time": 5961600.0,
      "state_events": 51,
      "success": true
    }
  },
  {
    "comparison": {
      "file_name": "AixLib.Systems.HydraulicModules.Examples.Throttle.mat",
      "funnel_dirs": [
        "funnel_comp/AixLib.Systems.HydraulicModules.Examples.Throttle.mat_hydraulicBus.TFwrdInMea",
        "funnel_comp/AixLib.Systems.HydraulicModules.Examples.Throttle.mat_hydraulicBus.TFwrdOutMea",
        "funnel_comp/AixLib.Systems.HydraulicModules.Examples.Throttle.mat_hydraulicBus.TRtrnInMea",
        "funnel_comp/AixLib.Systems.HydraulicModules.Examples.Throttle.mat_hydraulicBus.TRtrnOutMea",
        "funnel_comp/AixLib.Systems.HydraulicModules.Examples.Throttle.mat_hydraulicBus.VFlowInMea",
        "funnel_comp/AixLib.Systems.HydraulicModules.Examples.Throttle.mat_hydraulicBus.VFlowOutMea"
      ],
      "success_rate": 1.0,
      "t_err_max": [
        0.0,
        0.0,
        0.0,
        0.0,
        0.0,
        0.0
      ],
      "test_passed": [
        1,
        1,
        1,
        1,
        1,
        1
      ],
      "var_groups": [
        0,
        0,
        0,
        0,
        1,
        1
      ],
      "variables": [
        "hydraulicBus.TFwrdInMea",
        "hydraulicBus.TFwrdOutMea",
        "hydraulicBus.TRtrnInMea",
        "hydraulicBus.TRtrnOutMea",
        "hydraulicBus.VFlowInMea",
        "hydraulicBus.VFlowOutMea"
      ],
      "warnings": [
        null,
        null,
        null,
        null,
        null,
        null
      ]
    },
    "model": "AixLib.Systems.HydraulicModules.Examples.Throttle",
    "simulation": {
      "elapsed_time": 0.00821,
      "final_time": 1000,
      "jacobians": 43,
      "start_time": 0,
      "state_events": 0,
      "success": true
    }
  },
  {
    "comparison": {
      "file_name": "AixLib.Systems.HydraulicModules.Examples.Injection2WayValve.mat",
      "funnel_dirs": [
        "funnel_comp/AixLib.Systems.HydraulicModules.Examples.Injection2WayValve.mat_hydraulicBus.TFwrdInMea",
        "funnel_comp/AixLib.Systems.HydraulicModules.Examples.Injection2WayValve.mat_hydraulicBus.TFwrdOutMea",
        "funnel_comp/AixLib.Systems.HydraulicModules.Examples.Injection2WayValve.mat_hydraulicBus.TRtrnInMea",
        "funnel_comp/AixLib.Systems.HydraulicModules.Examples.Injection2WayValve.mat_hydraulicBus.TRtrnOutMea",
        "funnel_comp/AixLib.Systems.HydraulicModules.Examples.Injection2WayValve.mat_hydraulicBus.VFlowInMea",
        "funnel_comp/AixLib.Systems.HydraulicModules.Examples.Injection2WayValve.mat_hydraulicBus.VFlowOutMea"
      ],
      "success_rate": 1.0,
      "t_err_max": [
        0.0,
        0.0,
        0.0,
        0.0,
        0.0,
        0.0
      ],
      "test_passed": [
        1,
        1,
        1,
        1,
        1,
        1
      ],
      "var_groups": [
        0,
        0,
        0,
        0,
        1,
        1
      ],
      "variables": [
        "hydraulicBus.TFwrdInMea",
        "hydraulicBus.TFwrdOutMea",
        "hydraulicBus.TRtrnInMea",
        "hydraulicBus.TRtrnOutMea",
        "hydraulicBus.VFlowInMea",
        "hydraulicBus.VFlowOutMea"
      ],
      "warnings": [
        null,
        null,
        null,
        null,
        null,
        null
      ]
    },
    "model": "AixLib.Systems.HydraulicModules.Examples.Injection2WayValve",
    "simulation": {
      "elapsed_time": 0.0177,
      "final_time": 800,
      "jacobians": 66,
      "start_time": 0,
      "state_events": 0,
      "success": true
    }
  },
  {
    "comparison": {
      "file_name": "AixLib.Systems.ModularAHU.Validation.AHU2_Heater.mat",
      "funnel_dirs": [
        "funnel_comp/AixLib.Systems.ModularAHU.Validation.AHU2_Heater.mat_registerModule.registerBus.TAirInMea",
        "funnel_comp/AixLib.Systems.ModularAHU.Validation.AHU2_Heater.mat_registerModule.registerBus.TAirOutMea",
        "funnel_comp/AixLib.Systems.ModularAHU.Validation.AHU2_Heater.mat_combiTimeTable.y[6]",
        "funnel_comp/AixLib.Systems.ModularAHU.Validation.AHU2_Heater.mat_combiTimeTable.y[5]",
        "funnel_comp/AixLib.Systems.ModularAHU.Validation.AHU2_Heater.mat_combiTimeTable.y[3]",
        "funnel_comp/AixLib.Systems.ModularAHU.Validation.AHU2_Heater.mat_combiTimeTable.y[4]",
        "funnel_comp/AixLib.Systems.ModularAHU.Validation.AHU2_Heater.mat_registerModule.registerBus.hydraulicBus.TFwrdOutMea",
        "funnel_comp/AixLib.Systems.ModularAHU.Validation.AHU2_Heater.mat_registerModule.registerBus.hydraulicBus.TRtrnInMea",
        "funnel_comp/AixLib.Systems.ModularAHU.Validation.AHU2_Heater.mat_combiTimeTable.y[9]",
        "funnel_comp/AixLib.Systems.ModularAHU.Validation.AHU2_Heater.mat_combiTimeTable.y[8]",
        "funnel_comp/AixLib.Systems.ModularAHU.Validation.AHU2_Heater.mat_Simulation_VF_in_m3h.y",
        "funnel_comp/AixLib.Systems.ModularAHU.Validation.AHU2_Heater.mat_Simulation_VF_out_m3h.y"
      ],
      "success_rate": 0.5833333333333334,
      "t_err_max": [
        0.0,
        3758.4,
        0.0,
        0.0,
        0.0,
        0.0,
        3672.0,
        3715.2,
        0.0,
        0.0,
        3628.8,
        3672.0
      ],
      "test_passed": [
        1,
        0,
        1,
        1,
        1,
        1,
        0,
        0,
        1,
        1,
        0,
        0
      ],
      "var_groups": [
        0,
        0,
        0,
        0,
        1,
        1,
        1,
        1,
        2,
        2,
        2,
        2
      ],
      "variables": [
        "registerModule.registerBus.TAirInMea",
        "registerModule.registerBus.TAirOutMea",
        "combiTimeTable.y[6]",
        "combiTimeTable.y[5]",
        "combiTimeTable.y[3]",
        "combiTimeTable.y[4]",
        "registerModule.registerBus.hydraulicBus.TFwrdOutMea",
        "registerModule.registerBus.hydraulicBus.TRtrnInMea",
        "combiTimeTable.y[9]",
        "combiTimeTable.y[8]",
        "Simulation_VF_in_m3h.y",
        "Simulation_VF_out_m3h.y"
      ],
      "warnings": [
        null,
        "Absolute error = 5.759e-01 at t = 3758.4 for registerModule.registerBus.TAirOutMea",
        null,
        null,
        null,
        null,
        "Absolute error = 4.250e+00 at t = 3672.0 for registerModule.registerBus.hydraulicBus.TFwrdOutMea",
        "Absolute error = 2.894e+00 at t = 3715.2 for registerModule.registerBus.hydraulicBus.TRtrnInMea",
        null,
        null,
        "Absolute error = 1.341e-01 at t = 3628.8 for Simulation_VF_in_m3h.y",
        "Absolute error = 2.148e-02 at t = 3672.0 for Simulation_VF_out_m3h.y"
      ]
    },
    "model": "AixLib.Systems.ModularAHU.Validation.AHU2_Heater",
    "simulation": {
      "elapsed_time": 1.01,
      "final_time": 4320,
      "jacobians": 4262,
      "start_time": 0,
      "state_events": 0,
      "success": true
    }
  },
  {
    "comparison": {
      "file_name": "AixLib.Systems.ModularAHU.Examples.GenericAHU.mat",
      "funnel_dirs": [
        "funnel_comp/AixLib.Systems.ModularAHU.Examples.GenericAHU.mat_ctrAHUBasic.genericAHUBus.TOdaMea",
        "funnel_comp/AixLib.Systems.ModularAHU.Examples.GenericAHU.mat_ctrAHUBasic.genericAHUBus.TSupMea",
        "funnel_comp/AixLib.Systems.ModularAHU.Examples.GenericAHU.mat_ctrAHUBasic.genericAHUBus.TEtaMea",
        "funnel_comp/AixLib.Systems.ModularAHU.Examples.GenericAHU.mat_ctrAHUBasic.genericAHUBus.TEhaMea",
        "funnel_comp/AixLib.Systems.ModularAHU.Examples.GenericAHU.mat_ctrAHUBasic.genericAHUBus.preheaterBus.hydraulicBus.valveMea",
        "funnel_comp/AixLib.Systems.ModularAHU.Examples.GenericAHU.mat_ctrAHUBasic.genericAHUBus.coolerBus.hydraulicBus.valveMea",
        "funnel_comp/AixLib.Systems.ModularAHU.Examples.GenericAHU.mat_ctrAHUBasic.genericAHUBus.heaterBus.hydraulicBus.valveMea"
      ],
      "success_rate": 1.0,
      "t_err_max": [
        0.0,
        0.0,
        0.0,
        0.0,
        0.0,
        0.0,
        0.0
      ],
      "test_passed": [
        1,
        1,
        1,
        1,
        1,
        1,
        1
      ],
      "var_groups": [
        0,
        0,
        0,
        0,
        1,
        1,
        1
      ],
      "variables": [
        "ctrAHUBasic.genericAHUBus.TOdaMea",
        "ctrAHUBasic.genericAHUBus.TSupMea",
        "ctrAHUBasic.genericAHUBus.TEtaMea",
        "ctrAHUBasic.genericAHUBus.TEhaMea",
        "ctrAHUBasic.genericAHUBus.preheaterBus.hydraulicBus.valveMea",
        "ctrAHUBasic.genericAHUBus.coolerBus.hydraulicBus.valveMea",
        "ctrAHUBasic.genericAHUBus.heaterBus.hydraulicBus.valveMea"
      ],
      "warnings": [
        null,
        null,
        null,
        null,
        null,
        null,
        null
      ]
    },
    "model": "AixLib.Systems.ModularAHU.Examples.GenericAHU",
    "simulation": {
      "elapsed_time": 0.176,
      "final_time": 7200,
      "jacobians": 93,
      "start_time": 0,
      "state_events": 0,
      "success": true
    }
  }
]
