[
  {
    "comparison": {
      "file_name": "AixLib.Airflow.WindowVentilation.Examples.VentilationFlowRateSimpleOpening.mat",
      "funnel_dirs": [
        "funnel_comp/AixLib.Airflow.WindowVentilation.Examples.VentilationFlowRateSimpleOpening.mat_TRoomSet.y",
        "funnel_comp/AixLib.Airflow.WindowVentilation.Examples.VentilationFlowRateSimpleOpening.mat_TAmbSet.y",
        "funnel_comp/AixLib.Airflow.WindowVentilation.Examples.VentilationFlowRateSimpleOpening.mat_winSpe10Set.y",
        "funnel_comp/AixLib.Airflow.WindowVentilation.Examples.VentilationFlowRateSimpleOpening.mat_winDirSet.y",
        "funnel_comp/AixLib.Airflow.WindowVentilation.Examples.VentilationFlowRateSimpleOpening.mat_warrenParkins.V_flow",
        "funnel_comp/AixLib.Airflow.WindowVentilation.Examples.VentilationFlowRateSimpleOpening.mat_gidsPhaff.V_flow",
        "funnel_comp/AixLib.Airflow.WindowVentilation.Examples.VentilationFlowRateSimpleOpening.mat_larsenHeiselberg.V_flow",
        "funnel_comp/AixLib.Airflow.WindowVentilation.Examples.VentilationFlowRateSimpleOpening.mat_caciolo.V_flow",
        "funnel_comp/AixLib.Airflow.WindowVentilation.Examples.VentilationFlowRateSimpleOpening.mat_tang.V_flow",
        "funnel_comp/AixLib.Airflow.WindowVentilation.Examples.VentilationFlowRateSimpleOpening.mat_vdi2078_1.V_flow",
        "funnel_comp/AixLib.Airflow.WindowVentilation.Examples.VentilationFlowRateSimpleOpening.mat_vdi2078_2.V_flow",
        "funnel_comp/AixLib.Airflow.WindowVentilation.Examples.VentilationFlowRateSimpleOpening.mat_vdi2078_3.V_flow",
        "funnel_comp/AixLib.Airflow.WindowVentilation.Examples.VentilationFlowRateSimpleOpening.mat_din16798_1.V_flow",
        "funnel_comp/AixLib.Airflow.WindowVentilation.Examples.VentilationFlowRateSimpleOpening.mat_din4108_1.V_flow",
        "funnel_comp/AixLib.Airflow.WindowVentilation.Examples.VentilationFlowRateSimpleOpening.mat_ashrae.V_flow"
      ],
      "success_rate": 1.0,
      "t_err_max": [
        0.0,
        0.0,
        0.0,
        0.0,
        0.0,
        0.0,
        0.0,
        0.0,
        0.0,
        0.0,
        0.0,
        0.0,
        0.0,
        0.0,
        0.0
      ],
      "test_passed": [
        1,
        1,
        1,
        1,
        1,
        1,
        1,
        1,
        1,
        1,
        1,
        1,
        1,
        1,
        1
      ],
      "var_groups": [
        0,
        0,
        1,
        2,
        3,
        3,
        3,
        3,
        3,
        4,
        4,
        4,
        4,
        4,
        5
      ],
      "variables": [
        "TRoomSet.y",
        "TAmbSet.y",
        "winSpe10Set.y",
        "winDirSet.y",
        "warrenParkins.V_flow",
        "gidsPhaff.V_flow",
        "larsenHeiselberg.V_flow",
        "caciolo.V_flow",
        "tang.V_flow",
        "vdi2078_1.V_flow",
        "vdi2078_2.V_flow",
        "vdi2078_3.V_flow",
        "din16798_1.V_flow",
        "din4108_1.V_flow",
        "ashrae.V_flow"
      ],
      "warnings": [
        null,
        null,
        null,
        null,
        null,
        null,
        null,
        null,
        null,
        null,
        null,
        null,
        null,
        null,
        null
      ]
    },
    "model": "AixLib.Airflow.WindowVentilation.Examples.VentilationFlowRateSimpleOpening",
    "simulation": {
      "elapsed_time": 0.102,
      "final_time": 180,
      "jacobians": 4022,
      "start_time": 0,
      "state_events": 307,
      "success": true
    }
  },
  {
    "comparison": {
      "file_name": "AixLib.Airflow.WindowVentilation.Examples.VentilationFlowRateSashOpening.mat",
      "funnel_dirs": [
        "funnel_comp/AixLib.Airflow.WindowVentilation.Examples.VentilationFlowRateSashOpening.mat_TRoomSet.y",
        "funnel_comp/AixLib.Airflow.WindowVentilation.Examples.VentilationFlowRateSashOpening.mat_TAmbSet.y",
        "funnel_comp/AixLib.Airflow.WindowVentilation.Examples.VentilationFlowRateSashOpening.mat_winSpe10Set.y",
        "funnel_comp/AixLib.Airflow.WindowVentilation.Examples.VentilationFlowRateSashOpening.mat_winDirSet.y",
        "funnel_comp/AixLib.Airflow.WindowVentilation.Examples.VentilationFlowRateSashOpening.mat_warrenParkins.V_flow",
        "funnel_comp/AixLib.Airflow.WindowVentilation.Examples.VentilationFlowRateSashOpening.mat_gidsPhaff.V_flow",
        "funnel_comp/AixLib.Airflow.WindowVentilation.Examples.VentilationFlowRateSashOpening.mat_larsenHeiselberg.V_flow",
        "funnel_comp/AixLib.Airflow.WindowVentilation.Examples.VentilationFlowRateSashOpening.mat_caciolo.V_flow",
        "funnel_comp/AixLib.Airflow.WindowVentilation.Examples.VentilationFlowRateSashOpening.mat_tang.V_flow",
        "funnel_comp/AixLib.Airflow.WindowVentilation.Examples.VentilationFlowRateSashOpening.mat_maas.V_flow",
        "funnel_comp/AixLib.Airflow.WindowVentilation.Examples.VentilationFlowRateSashOpening.mat_hall.V_flow",
        "funnel_comp/AixLib.Airflow.WindowVentilation.Examples.VentilationFlowRateSashOpening.mat_jiang.V_flow",
        "funnel_comp/AixLib.Airflow.WindowVentilation.Examples.VentilationFlowRateSashOpening.mat_din16798_1.V_flow",
        "funnel_comp/AixLib.Airflow.WindowVentilation.Examples.VentilationFlowRateSashOpening.mat_din4108_1.V_flow",
        "funnel_comp/AixLib.Airflow.WindowVentilation.Examples.VentilationFlowRateSashOpening.mat_din16798_1.V_flow",
        "funnel_comp/AixLib.Airflow.WindowVentilation.Examples.VentilationFlowRateSashOpening.mat_vdi2078_2.V_flow",
        "funnel_comp/AixLib.Airflow.WindowVentilation.Examples.VentilationFlowRateSashOpening.mat_vdi2078_3.V_flow",
        "funnel_comp/AixLib.Airflow.WindowVentilation.Examples.VentilationFlowRateSashOpening.mat_ashrae.V_flow"
      ],
      "success_rate": 1.0,
      "t_err_max": [
        0.0,
        0.0,
        0.0,
        0.0,
        0.0,
        0.0,
        0.0,
        0.0,
        0.0,
        0.0,
        0.0,
        0.0,
        0.0,
        0.0,
        0.0,
        0.0,
        0.0,
        0.0
      ],
      "test_passed": [
        1,
        1,
        1,
        1,
        1,
        1,
        1,
        1,
        1,
        1,
        1,
        1,
        1,
        1,
        1,
        1,
        1,
        1
      ],
      "var_groups": [
        0,
        0,
        1,
        2,
        3,
        3,
        3,
        3,
        3,
        4,
        4,
        4,
        4,
        4,
        5,
        5,
        5,
        6
      ],
      "variables": [
        "TRoomSet.y",
        "TAmbSet.y",
        "winSpe10Set.y",
        "winDirSet.y",
        "warrenParkins.V_flow",
        "gidsPhaff.V_flow",
        "larsenHeiselberg.V_flow",
        "caciolo.V_flow",
        "tang.V_flow",
        "maas.V_flow",
        "hall.V_flow",
        "jiang.V_flow",
        "din16798_1.V_flow",
        "din4108_1.V_flow",
        "din16798_1.V_flow",
        "vdi2078_2.V_flow",
        "vdi2078_3.V_flow",
        "ashrae.V_flow"
      ],
      "warnings": [
        null,
        null,
        null,
        null,
        null,
        null,
        null,
        null,
        null,
        null,
        null,
        null,
        null,
        null,
        null,
        null,
        null,
        null
      ]
    },
    "model": "AixLib.Airflow.WindowVentilation.Examples.VentilationFlowRateSashOpening",
    "simulation": {
      "elapsed_time": 0.227,
      "final_time": 180,
      "jacobians": 4332,
      "start_time": 0,
      "state_events": 333,
      "success": true
    }
  },
  {
    "comparison": {
      "file_name": "AixLib.Airflow.WindowVentilation.Examples.OpeningArea.mat",
      "funnel_dirs": [
        "funnel_comp/AixLib.Airflow.WindowVentilation.Examples.OpeningArea.mat_opnSimp.A",
        "funnel_comp/AixLib.Airflow.WindowVentilation.Examples.OpeningArea.mat_opnSimpVDI2078.A",
        "funnel_comp/AixLib.Airflow.WindowVentilation.Examples.OpeningArea.mat_opnSasSdHunInGeo.A",
        "funnel_comp/AixLib.Airflow.WindowVentilation.Examples.OpeningArea.mat_opnSasSdHunInPrj.A",
        "funnel_comp/AixLib.Airflow.WindowVentilation.Examples.OpeningArea.mat_opnSasSdHunInEqv.A",
        "funnel_comp/AixLib.Airflow.WindowVentilation.Examples.OpeningArea.mat_opnSasSdHunInEff.A",
        "funnel_comp/AixLib.Airflow.WindowVentilation.Examples.OpeningArea.mat_opnSasSdHunOutGeo.A",
        "funnel_comp/AixLib.Airflow.WindowVentilation.Examples.OpeningArea.mat_opnSasBtmHunInGeo.A",
        "funnel_comp/AixLib.Airflow.WindowVentilation.Examples.OpeningArea.mat_opnSasBtmHunInPrj.A",
        "funnel_comp/AixLib.Airflow.WindowVentilation.Examples.OpeningArea.mat_opnSasBtmHunInEqv.A",
        "funnel_comp/AixLib.Airflow.WindowVentilation.Examples.OpeningArea.mat_opnSasBtmHunInEff.A",
        "funnel_comp/AixLib.Airflow.WindowVentilation.Examples.OpeningArea.mat_opnSasTopHunOutPrj.A",
        "funnel_comp/AixLib.Airflow.WindowVentilation.Examples.OpeningArea.mat_opnSasPivVerGeo.A",
        "funnel_comp/AixLib.Airflow.WindowVentilation.Examples.OpeningArea.mat_opnSasPivVerPrj.A",
        "funnel_comp/AixLib.Airflow.WindowVentilation.Examples.OpeningArea.mat_opnSasPivVerEqv.A",
        "funnel_comp/AixLib.Airflow.WindowVentilation.Examples.OpeningArea.mat_opnSasPivVerEff.A",
        "funnel_comp/AixLib.Airflow.WindowVentilation.Examples.OpeningArea.mat_opnSasPivHorGeo.A",
        "funnel_comp/AixLib.Airflow.WindowVentilation.Examples.OpeningArea.mat_opnSasPivHorPrj.A",
        "funnel_comp/AixLib.Airflow.WindowVentilation.Examples.OpeningArea.mat_opnSasPivHorEqv.A",
        "funnel_comp/AixLib.Airflow.WindowVentilation.Examples.OpeningArea.mat_opnSasPivHorEff.A",
        "funnel_comp/AixLib.Airflow.WindowVentilation.Examples.OpeningArea.mat_opnSasSldVerGeo.A",
        "funnel_comp/AixLib.Airflow.WindowVentilation.Examples.OpeningArea.mat_opnSasSldHorGeo.A",
        "funnel_comp/AixLib.Airflow.WindowVentilation.Examples.OpeningArea.mat_opnSasPivHorEffPre.A",
        "funnel_comp/AixLib.Airflow.WindowVentilation.Examples.OpeningArea.mat_opnSasAngBtmHunInGeo.A",
        "funnel_comp/AixLib.Airflow.WindowVentilation.Examples.OpeningArea.mat_opnSasBtmHunInDIN16798.A",
        "funnel_comp/AixLib.Airflow.WindowVentilation.Examples.OpeningArea.mat_opnSasSdHunInDIN4108.A",
        "funnel_comp/AixLib.Airflow.WindowVentilation.Examples.OpeningArea.mat_opnSasBtmHunInDIN4108.A",
        "funnel_comp/AixLib.Airflow.WindowVentilation.Examples.OpeningArea.mat_opnSasPivHorDIN4108.A",
        "funnel_comp/AixLib.Airflow.WindowVentilation.Examples.OpeningArea.mat_opnSasBtmHunInHall.A",
        "funnel_comp/AixLib.Airflow.WindowVentilation.Examples.OpeningArea.mat_opnSasBtmHunInVDI2078.A"
      ],
      "success_rate": 1.0,
      "t_err_max": [
        0.0,
        0.0,
        0.0,
        0.0,
        0.0,
        0.0,
        0.0,
        0.0,
        0.0,
        0.0,
        0.0,
        0.0,
        0.0,
        0.0,
        0.0,
        0.0,
        0.0,
        0.0,
        0.0,
        0.0,
        0.0,
        0.0,
        0.0,
        0.0,
        0.0,
        0.0,
        0.0,
        0.0,
        0.0,
        0.0
      ],
      "test_passed": [
        1,
        1,
        1,
        1,
        1,
        1,
        1,
        1,
        1,
        1,
        1,
        1,
        1,
        1,
        1,
        1,
        1,
        1,
        1,
        1,
        1,
        1,
        1,
        1,
        1,
        1,
        1,
        1,
        1,
        1
      ],
      "var_groups": [
        0,
        0,
        1,
        1,
        1,
        1,
        1,
        2,
        2,
        2,
        2,
        2,
        3,
        3,
        3,
        3,
        4,
        4,
        4,
        4,
        5,
        6,
        7,
        8,
        9,
        10,
        10,
        10,
        11,
        12
      ],
      "variables": [
        "opnSimp.A",
        "opnSimpVDI2078.A",
        "opnSasSdHunInGeo.A",
        "opnSasSdHunInPrj.A",
        "opnSasSdHunInEqv.A",
        "opnSasSdHunInEff.A",
        "opnSasSdHunOutGeo.A",
        "opnSasBtmHunInGeo.A",
        "opnSasBtmHunInPrj.A",
        "opnSasBtmHunInEqv.A",
        "opnSasBtmHunInEff.A",
        "opnSasTopHunOutPrj.A",
        "opnSasPivVerGeo.A",
        "opnSasPivVerPrj.A",
        "opnSasPivVerEqv.A",
        "opnSasPivVerEff.A",
        "opnSasPivHorGeo.A",
        "opnSasPivHorPrj.A",
        "opnSasPivHorEqv.A",
        "opnSasPivHorEff.A",
        "opnSasSldVerGeo.A",
        "opnSasSldHorGeo.A",
        "opnSasPivHorEffPre.A",
        "opnSasAngBtmHunInGeo.A",
        "opnSasBtmHunInDIN16798.A",
        "opnSasSdHunInDIN4108.A",
        "opnSasBtmHunInDIN4108.A",
        "opnSasPivHorDIN4108.A",
        "opnSasBtmHunInHall.A",
        "opnSasBtmHunInVDI2078.A"
      ],
      "warnings": [
        null,
        null,
        null,
        null,
        null,
        null,
        null,
        null,
        null,
        null,
        null,
        null,
        null,
        null,
        null,
        null,
        null,
        null,
        null,
        null,
        null,
        null,
        null,
        null,
        null,
        null,
        null,
        null,
        null,
        null
      ]
    },
    "model": "AixLib.Airflow.WindowVentilation.Examples.OpeningArea",
    "simulation": {
      "elapsed_time": 0.00301,
      "final_time": 60,
      "jacobians": 64,
      "start_time": 0,
      "state_events": 3,
      "success": true
    }
  },
  {
    "comparison": {
      "file_name": "AixLib.Airflow.AirHandlingUnit.Examples.AHU.mat",
      "funnel_dirs": [
        "funnel_comp/AixLib.Airflow.AirHandlingUnit.Examples.AHU.mat_ahu.allCond",
        "funnel_comp/AixLib.Airflow.AirHandlingUnit.Examples.AHU.mat_ahu.startState.active",
        "funnel_comp/AixLib.Airflow.AirHandlingUnit.Examples.AHU.mat_ahu.deHuHRS_true.active",
        "funnel_comp/AixLib.Airflow.AirHandlingUnit.Examples.AHU.mat_ahu.deHuHRS_false.active",
        "funnel_comp/AixLib.Airflow.AirHandlingUnit.Examples.AHU.mat_ahu.onlyHeatingHRS_true.active",
        "funnel_comp/AixLib.Airflow.AirHandlingUnit.Examples.AHU.mat_ahu.onlyHeatingHRS_false.active",
        "funnel_comp/AixLib.Airflow.AirHandlingUnit.Examples.AHU.mat_ahu.onlyCoolingHRS_true.active",
        "funnel_comp/AixLib.Airflow.AirHandlingUnit.Examples.AHU.mat_ahu.onlyCoolingHRS_false.active",
        "funnel_comp/AixLib.Airflow.AirHandlingUnit.Examples.AHU.mat_ahu.huPreHHRS_true.active",
        "funnel_comp/AixLib.Airflow.AirHandlingUnit.Examples.AHU.mat_ahu.huPreHHRS_false.active",
        "funnel_comp/AixLib.Airflow.AirHandlingUnit.Examples.AHU.mat_ahu.huCHRS_true.active",
        "funnel_comp/AixLib.Airflow.AirHandlingUnit.Examples.AHU.mat_ahu.huCHRS_false.active",
        "funnel_comp/AixLib.Airflow.AirHandlingUnit.Examples.AHU.mat_ahu.QflowC",
        "funnel_comp/AixLib.Airflow.AirHandlingUnit.Examples.AHU.mat_ahu.QflowH",
        "funnel_comp/AixLib.Airflow.AirHandlingUnit.Examples.AHU.mat_ahu.X_oda",
        "funnel_comp/AixLib.Airflow.AirHandlingUnit.Examples.AHU.mat_ahu.X_supMin",
        "funnel_comp/AixLib.Airflow.AirHandlingUnit.Examples.AHU.mat_ahu.X_supMax",
        "funnel_comp/AixLib.Airflow.AirHandlingUnit.Examples.AHU.mat_ahu.T_6",
        "funnel_comp/AixLib.Airflow.AirHandlingUnit.Examples.AHU.mat_ahu.T_oda",
        "funnel_comp/AixLib.Airflow.AirHandlingUnit.Examples.AHU.mat_ahu.T_supplyAirOut"
      ],
      "success_rate": 1.0,
      "t_err_max": [
        0.0,
        0.0,
        0.0,
        0.0,
        0.0,
        0.0,
        0.0,
        0.0,
        0.0,
        0.0,
        0.0,
        0.0,
        0.0,
        0.0,
        0.0,
        0.0,
        0.0,
        0.0,
        0.0,
        0.0
      ],
      "test_passed": [
        1,
        1,
        1,
        1,
        1,
        1,
        1,
        1,
        1,
        1,
        1,
        1,
        1,
        1,
        1,
        1,
        1,
        1,
        1,
        1
      ],
      "var_groups": [
        0,
        1,
        1,
        1,
        1,
        1,
        2,
        2,
        2,
        2,
        2,
        2,
        3,
        3,
        4,
        4,
        4,
        5,
        5,
        5
      ],
      "variables": [
        "ahu.allCond",
        "ahu.startState.active",
        "ahu.deHuHRS_true.active",
        "ahu.deHuHRS_false.active",
        "ahu.onlyHeatingHRS_true.active",
        "ahu.onlyHeatingHRS_false.active",
        "ahu.onlyCoolingHRS_true.active",
        "ahu.onlyCoolingHRS_false.active",
        "ahu.huPreHHRS_true.active",
        "ahu.huPreHHRS_false.active",
        "ahu.huCHRS_true.active",
        "ahu.huCHRS_false.active",
        "ahu.QflowC",
        "ahu.QflowH",
        "ahu.X_oda",
        "ahu.X_supMin",
        "ahu.X_supMax",
        "ahu.T_6",
        "ahu.T_oda",
        "ahu.T_supplyAirOut"
      ],
      "warnings": [
        null,
        null,
        null,
        null,
        null,
        null,
        null,
        null,
        null,
        null,
        null,
        null,
        null,
        null,
        null,
        null,
        null,
        null,
        null,
        null
      ]
    },
    "model": "AixLib.Airflow.AirHandlingUnit.Examples.AHU",
    "simulation": {
      "elapsed_time": 0.134,
      "final_time": 86400,
      "jacobians": 0,
      "start_time": 0,
      "state_events": 0,
      "success": true
    }
  }
]
