[
  {
    "comparison": {
      "file_name": "AixLib.ThermalZones.HighOrder.Validation.ASHRAE140.Case900FF.mat",
      "funnel_dirs": [
        "funnel_comp/AixLib.ThermalZones.HighOrder.Validation.ASHRAE140.Case900FF.mat_checkResultsAccordingToASHRAEHeatingOrTempMax.lowerLimit",
        "funnel_comp/AixLib.ThermalZones.HighOrder.Validation.ASHRAE140.Case900FF.mat_FreeFloatRoomTemperature",
        "funnel_comp/AixLib.ThermalZones.HighOrder.Validation.ASHRAE140.Case900FF.mat_checkResultsAccordingToASHRAEHeatingOrTempMax.upperLimit",
        "funnel_comp/AixLib.ThermalZones.HighOrder.Validation.ASHRAE140.Case900FF.mat_checkResultsAccordingToASHRAECoolingOrTempMin.lowerLimit",
        "funnel_comp/AixLib.ThermalZones.HighOrder.Validation.ASHRAE140.Case900FF.mat_FreeFloatRoomTemperature",
        "funnel_comp/AixLib.ThermalZones.HighOrder.Validation.ASHRAE140.Case900FF.mat_checkResultsAccordingToASHRAECoolingOrTempMin.upperLimit",
        "funnel_comp/AixLib.ThermalZones.HighOrder.Validation.ASHRAE140.Case900FF.mat_checkResultsAccordingToASHRAEHeatingOrTempMax.satisfied",
        "funnel_comp/AixLib.ThermalZones.HighOrder.Validation.ASHRAE140.Case900FF.mat_checkResultsAccordingToASHRAECoolingOrTempMin.satisfied",
        "funnel_comp/AixLib.ThermalZones.HighOrder.Validation.ASHRAE140.Case900FF.mat_Room.thermRoom.T",
        "funnel_comp/AixLib.ThermalZones.HighOrder.Validation.ASHRAE140.Case900FF.mat_Room.starRoom.T",
        "funnel_comp/AixLib.ThermalZones.HighOrder.Validation.ASHRAE140.Case900FF.mat_TransmittedSolarRadiation_room"
      ],
      "success_rate": 1.0,
      "t_err_max": [
        0.0,
        0.0,
        0.0,
        0.0,
        0.0,
        0.0,
        0.0,
        0.0,
        0.0,
        0.0,
        0.0
      ],
      "test_passed": [
        1,
        1,
        1,
        1,
        1,
        1,
        1,
        1,
        1,
        1,
        1
      ],
      "var_groups": [
        0,
        0,
        0,
        1,
        1,
        1,
        2,
        2,
        3,
        3,
        4
      ],
      "variables": [
        "checkResultsAccordingToASHRAEHeatingOrTempMax.lowerLimit",
        "FreeFloatRoomTemperature",
        "checkResultsAccordingToASHRAEHeatingOrTempMax.upperLimit",
        "checkResultsAccordingToASHRAECoolingOrTempMin.lowerLimit",
        "FreeFloatRoomTemperature",
        "checkResultsAccordingToASHRAECoolingOrTempMin.upperLimit",
        "checkResultsAccordingToASHRAEHeatingOrTempMax.satisfied",
        "checkResultsAccordingToASHRAECoolingOrTempMin.satisfied",
        "Room.thermRoom.T",
        "Room.starRoom.T",
        "TransmittedSolarRadiation_room"
      ],
      "warnings": [
        null,
        null,
        null,
        null,
        null,
        null,
        null,
        null,
        null,
        null,
        null
      ]
    },
    "model": "AixLib.ThermalZones.HighOrder.Validation.ASHRAE140.Case900FF",
    "simulation": {
      "elapsed_time": 39.9,
      "final_time": 31539600.0,
      "jacobians": 123384,
      "start_time": 0,
      "state_events": 366,
      "success": true
    }
  },
  {
    "comparison": {
      "file_name": "AixLib.ThermalZones.HighOrder.Validation.ASHRAE140.Case600FF.mat",
      "funnel_dirs": [
        "funnel_comp/AixLib.ThermalZones.HighOrder.Validation.ASHRAE140.Case600FF.mat_checkResultsAccordingToASHRAEHeatingOrTempMax.lowerLimit",
        "funnel_comp/AixLib.ThermalZones.HighOrder.Validation.ASHRAE140.Case600FF.mat_FreeFloatRoomTemperature",
        "funnel_comp/AixLib.ThermalZones.HighOrder.Validation.ASHRAE140.Case600FF.mat_checkResultsAccordingToASHRAEHeatingOrTempMax.upperLimit",
        "funnel_comp/AixLib.ThermalZones.HighOrder.Validation.ASHRAE140.Case600FF.mat_checkResultsAccordingToASHRAECoolingOrTempMin.lowerLimit",
        "funnel_comp/AixLib.ThermalZones.HighOrder.Validation.ASHRAE140.Case600FF.mat_FreeFloatRoomTemperature",
        "funnel_comp/AixLib.ThermalZones.HighOrder.Validation.ASHRAE140.Case600FF.mat_checkResultsAccordingToASHRAECoolingOrTempMin.upperLimit",
        "funnel_comp/AixLib.ThermalZones.HighOrder.Validation.ASHRAE140.Case600FF.mat_checkResultsAccordingToASHRAEHeatingOrTempMax.satisfied",
        "funnel_comp/AixLib.ThermalZones.HighOrder.Validation.ASHRAE140.Case600FF.mat_checkResultsAccordingToASHRAECoolingOrTempMin.satisfied",
        "funnel_comp/AixLib.ThermalZones.HighOrder.Validation.ASHRAE140.Case600FF.mat_Room.thermRoom.T",
        "funnel_comp/AixLib.ThermalZones.HighOrder.Validation.ASHRAE140.Case600FF.mat_Room.starRoom.T",
        "funnel_comp/AixLib.ThermalZones.HighOrder.Validation.ASHRAE140.Case600FF.mat_TransmittedSolarRadiation_room"
      ],
      "success_rate": 1.0,
      "t_err_max": [
        0.0,
        0.0,
        0.0,
        0.0,
        0.0,
        0.0,
        0.0,
        0.0,
        0.0,
        0.0,
        0.0
      ],
      "test_passed": [
        1,
        1,
        1,
        1,
        1,
        1,
        1,
        1,
        1,
        1,
        1
      ],
      "var_groups": [
        0,
        0,
        0,
        1,
        1,
        1,
        2,
        2,
        3,
        3,
        4
      ],
      "variables": [
        "checkResultsAccordingToASHRAEHeatingOrTempMax.lowerLimit",
        "FreeFloatRoomTemperature",
        "checkResultsAccordingToASHRAEHeatingOrTempMax.upperLimit",
        "checkResultsAccordingToASHRAECoolingOrTempMin.lowerLimit",
        "FreeFloatRoomTemperature",
        "checkResultsAccordingToASHRAECoolingOrTempMin.upperLimit",
        "checkResultsAccordingToASHRAEHeatingOrTempMax.satisfied",
        "checkResultsAccordingToASHRAECoolingOrTempMin.satisfied",
        "Room.thermRoom.T",
        "Room.starRoom.T",
        "TransmittedSolarRadiation_room"
      ],
      "warnings": [
        null,
        null,
        null,
        null,
        null,
        null,
        null,
        null,
        null,
        null,
        null
      ]
    },
    "model": "AixLib.ThermalZones.HighOrder.Validation.ASHRAE140.Case600FF",
    "simulation": {
      "elapsed_time": 43,
      "final_time": 31539600.0,
      "jacobians": 143416,
      "start_time": 0,
      "state_events": 366,
      "success": true
    }
  },
  {
    "comparison": {
      "file_name": "AixLib.ThermalZones.HighOrder.Validation.ASHRAE140.Case240.mat",
      "funnel_dirs": [
        null,
        null,
        null,
        null,
        null,
        null,
        null,
        null,
        null,
        null,
        null
      ],
      "success_rate": 0.0,
      "t_err_max": [
        0,
        0,
        0,
        0,
        0,
        0,
        0,
        0,
        0,
        0,
        0
      ],
      "test_passed": [
        0,
        0,
        0,
        0,
        0,
        0,
        0,
        0,
        0,
        0,
        0
      ],
      "var_groups": [
        0,
        0,
        0,
        1,
        1,
        1,
        2,
        2,
        3,
        3,
        4
      ],
      "variables": [
        "checkResultsAccordingToASHRAEHeatingOrTempMax.lowerLimit",
        "AnnualHeatingLoad",
        "checkResultsAccordingToASHRAEHeatingOrTempMax.upperLimit",
        "checkResultsAccordingToASHRAECoolingOrTempMin.lowerLimit",
        "AnnualCoolingLoad",
        "checkResultsAccordingToASHRAECoolingOrTempMin.upperLimit",
        "checkResultsAccordingToASHRAEHeatingOrTempMax.satisfied",
        "checkResultsAccordingToASHRAECoolingOrTempMin.satisfied",
        "Room.thermRoom.T",
        "Room.starRoom.T",
        "TransmittedSolarRadiation_room"
      ],
      "warnings": [
        "Translation, simulation or extracting simulation results failed. IOError while reading /tmp/tmp-AixLib-0-3ybkma5w/AixLib/AixLib.ThermalZones.HighOrder.Validation.ASHRAE140.Case240.mat generated by ThermalZones/HighOrder/Validation/ASHRAE140/Case240.mos.\nFile /tmp/tmp-AixLib-0-3ybkma5w/AixLib/AixLib.ThermalZones.HighOrder.Validation.ASHRAE140.Case240.mat does not exist.\n",
        "",
        "",
        "",
        "",
        "",
        "",
        "",
        "",
        "",
        ""
      ]
    },
    "model": "AixLib.ThermalZones.HighOrder.Validation.ASHRAE140.Case240",
    "simulation": {
      "elapsed_time": 0,
      "final_time": 31539600.0,
      "jacobians": 0,
      "start_time": 0,
      "state_events": 0,
      "success": false
    }
  },
  {
    "comparison": {
      "file_name": "AixLib.ThermalZones.ReducedOrder.Examples.ThermalZoneAirExchange.mat",
      "funnel_dirs": [
        "funnel_comp/AixLib.ThermalZones.ReducedOrder.Examples.ThermalZoneAirExchange.mat_thermalZone.TAir"
      ],
      "success_rate": 1.0,
      "t_err_max": [
        0.0
      ],
      "test_passed": [
        1
      ],
      "var_groups": [
        0
      ],
      "variables": [
        "thermalZone.TAir"
      ],
      "warnings": [
        null
      ]
    },
    "model": "AixLib.ThermalZones.ReducedOrder.Examples.ThermalZoneAirExchange",
    "simulation": {
      "elapsed_time": 8.33919,
      "final_time": 31536000.0,
      "jacobians": 20799,
      "start_time": 0,
      "state_events": 2972,
      "success": true
    }
  },
  {
    "comparison": {
      "file_name": "AixLib.ThermalZones.HighOrder.Validation.ASHRAE140.Case650FF.mat",
      "funnel_dirs": [
        "funnel_comp/AixLib.ThermalZones.HighOrder.Validation.ASHRAE140.Case650FF.mat_checkResultsAccordingToASHRAEHeatingOrTempMax.lowerLimit",
        "funnel_comp/AixLib.ThermalZones.HighOrder.Validation.ASHRAE140.Case650FF.mat_FreeFloatRoomTemperature",
        "funnel_comp/AixLib.ThermalZones.HighOrder.Validation.ASHRAE140.Case650FF.mat_checkResultsAccordingToASHRAEHeatingOrTempMax.upperLimit",
        "funnel_comp/AixLib.ThermalZones.HighOrder.Validation.ASHRAE140.Case650FF.mat_checkResultsAccordingToASHRAECoolingOrTempMin.lowerLimit",
        "funnel_comp/AixLib.ThermalZones.HighOrder.Validation.ASHRAE140.Case650FF.mat_FreeFloatRoomTemperature",
        "funnel_comp/AixLib.ThermalZones.HighOrder.Validation.ASHRAE140.Case650FF.mat_checkResultsAccordingToASHRAECoolingOrTempMin.upperLimit",
        "funnel_comp/AixLib.ThermalZones.HighOrder.Validation.ASHRAE140.Case650FF.mat_checkResultsAccordingToASHRAEHeatingOrTempMax.satisfied",
        "funnel_comp/AixLib.ThermalZones.HighOrder.Validation.ASHRAE140.Case650FF.mat_checkResultsAccordingToASHRAECoolingOrTempMin.satisfied",
        "funnel_comp/AixLib.ThermalZones.HighOrder.Validation.ASHRAE140.Case650FF.mat_Room.thermRoom.T",
        "funnel_comp/AixLib.ThermalZones.HighOrder.Validation.ASHRAE140.Case650FF.mat_Room.starRoom.T",
        "funnel_comp/AixLib.ThermalZones.HighOrder.Validation.ASHRAE140.Case650FF.mat_TransmittedSolarRadiation_room"
      ],
      "success_rate": 1.0,
      "t_err_max": [
        0.0,
        0.0,
        0.0,
        0.0,
        0.0,
        0.0,
        0.0,
        0.0,
        0.0,
        0.0,
        0.0
      ],
      "test_passed": [
        1,
        1,
        1,
        1,
        1,
        1,
        1,
        1,
        1,
        1,
        1
      ],
      "var_groups": [
        0,
        0,
        0,
        1,
        1,
        1,
        2,
        2,
        3,
        3,
        4
      ],
      "variables": [
        "checkResultsAccordingToASHRAEHeatingOrTempMax.lowerLimit",
        "FreeFloatRoomTemperature",
        "checkResultsAccordingToASHRAEHeatingOrTempMax.upperLimit",
        "checkResultsAccordingToASHRAECoolingOrTempMin.lowerLimit",
        "FreeFloatRoomTemperature",
        "checkResultsAccordingToASHRAECoolingOrTempMin.upperLimit",
        "checkResultsAccordingToASHRAEHeatingOrTempMax.satisfied",
        "checkResultsAccordingToASHRAECoolingOrTempMin.satisfied",
        "Room.thermRoom.T",
        "Room.starRoom.T",
        "TransmittedSolarRadiation_room"
      ],
      "warnings": [
        null,
        null,
        null,
        null,
        null,
        null,
        null,
        null,
        null,
        null,
        null
      ]
    },
    "model": "AixLib.ThermalZones.HighOrder.Validation.ASHRAE140.Case650FF",
    "simulation": {
      "elapsed_time": 44.5,
      "final_time": 31539600.0,
      "jacobians": 140230,
      "start_time": 0,
      "state_events": 366,
      "success": true
    }
  },
  {
    "comparison": {
      "file_name": "AixLib.ThermalZones.ReducedOrder.Examples.MultizoneMoistAirCO2EquippedSwimmingFacility.mat",
      "funnel_dirs": [
        "funnel_comp/AixLib.ThermalZones.ReducedOrder.Examples.MultizoneMoistAirCO2EquippedSwimmingFacility.mat_multizone.TAir[1]",
        "funnel_comp/AixLib.ThermalZones.ReducedOrder.Examples.MultizoneMoistAirCO2EquippedSwimmingFacility.mat_multizone.zone[1].X_w"
      ],
      "success_rate": 1.0,
      "t_err_max": [
        0.0,
        0.0
      ],
      "test_passed": [
        1,
        1
      ],
      "var_groups": [
        0,
        1
      ],
      "variables": [
        "multizone.TAir[1]",
        "multizone.zone[1].X_w"
      ],
      "warnings": [
        null,
        null
      ]
    },
    "model": "AixLib.ThermalZones.ReducedOrder.Examples.MultizoneMoistAirCO2EquippedSwimmingFacility",
    "simulation": {
      "elapsed_time": 141.185,
      "final_time": 31536000.0,
      "jacobians": 29967,
      "start_time": 0,
      "state_events": 6201,
      "success": true
    }
  },
  {
    "comparison": {
      "file_name": "AixLib.ThermalZones.HighOrder.Validation.ASHRAE140.Case220.mat",
      "funnel_dirs": [
        null,
        null,
        null,
        null,
        null,
        null,
        null,
        null,
        null,
        null,
        null
      ],
      "success_rate": 0.0,
      "t_err_max": [
        0,
        0,
        0,
        0,
        0,
        0,
        0,
        0,
        0,
        0,
        0
      ],
      "test_passed": [
        0,
        0,
        0,
        0,
        0,
        0,
        0,
        0,
        0,
        0,
        0
      ],
      "var_groups": [
        0,
        0,
        0,
        1,
        1,
        1,
        2,
        2,
        3,
        3,
        4
      ],
      "variables": [
        "checkResultsAccordingToASHRAEHeatingOrTempMax.lowerLimit",
        "AnnualHeatingLoad",
        "checkResultsAccordingToASHRAEHeatingOrTempMax.upperLimit",
        "checkResultsAccordingToASHRAECoolingOrTempMin.lowerLimit",
        "AnnualCoolingLoad",
        "checkResultsAccordingToASHRAECoolingOrTempMin.upperLimit",
        "checkResultsAccordingToASHRAEHeatingOrTempMax.satisfied",
        "checkResultsAccordingToASHRAECoolingOrTempMin.satisfied",
        "Room.thermRoom.T",
        "Room.starRoom.T",
        "TransmittedSolarRadiation_room"
      ],
      "warnings": [
        "Translation, simulation or extracting simulation results failed. IOError while reading /tmp/tmp-AixLib-0-3ybkma5w/AixLib/AixLib.ThermalZones.HighOrder.Validation.ASHRAE140.Case220.mat generated by ThermalZones/HighOrder/Validation/ASHRAE140/Case220.mos.\nFile /tmp/tmp-AixLib-0-3ybkma5w/AixLib/AixLib.ThermalZones.HighOrder.Validation.ASHRAE140.Case220.mat does not exist.\n",
        "",
        "",
        "",
        "",
        "",
        "",
        "",
        "",
        "",
        ""
      ]
    },
    "model": "AixLib.ThermalZones.HighOrder.Validation.ASHRAE140.Case220",
    "simulation": {
      "elapsed_time": 0,
      "final_time": 31539600.0,
      "jacobians": 0,
      "start_time": 0,
      "state_events": 0,
      "success": false
    }
  },
  {
    "comparison": {
      "file_name": "AixLib.ThermalZones.HighOrder.Examples.OFDHeatLoad.mat",
      "funnel_dirs": [
        null,
        null,
        null,
        null,
        null,
        null,
        null,
        null,
        null,
        null
      ],
      "success_rate": 0.0,
      "t_err_max": [
        0,
        0,
        0,
        0,
        0,
        0,
        0,
        0,
        0,
        0
      ],
      "test_passed": [
        0,
        0,
        0,
        0,
        0,
        0,
        0,
        0,
        0,
        0
      ],
      "var_groups": [
        0,
        1,
        1,
        1,
        1,
        1,
        1,
        1,
        1,
        1
      ],
      "variables": [
        "totalHeatLoad",
        "roomHeatLoads[1]",
        "roomHeatLoads[2]",
        "roomHeatLoads[3]",
        "roomHeatLoads[4]",
        "roomHeatLoads[5]",
        "roomHeatLoads[6]",
        "roomHeatLoads[7]",
        "roomHeatLoads[8]",
        "roomHeatLoads[9]"
      ],
      "warnings": [
        "Translation, simulation or extracting simulation results failed. IOError while reading /tmp/tmp-AixLib-0-3ybkma5w/AixLib/AixLib.ThermalZones.HighOrder.Examples.OFDHeatLoad.mat generated by ThermalZones/HighOrder/Examples/OFDHeatLoad.mos.\nFile /tmp/tmp-AixLib-0-3ybkma5w/AixLib/AixLib.ThermalZones.HighOrder.Examples.OFDHeatLoad.mat does not exist.\n",
        "",
        "",
        "",
        "",
        "",
        "",
        "",
        "",
        ""
      ]
    },
    "model": "AixLib.ThermalZones.HighOrder.Examples.OFDHeatLoad",
    "simulation": {
      "elapsed_time": 0,
      "final_time": 25920000.0,
      "jacobians": 0,
      "start_time": 0,
      "state_events": 0,
      "success": false
    }
  },
  {
    "comparison": {
      "file_name": "AixLib.ThermalZones.ReducedOrder.Examples.ThermalZoneMoistAirSwimmingPool.mat",
      "funnel_dirs": [
        "funnel_comp/AixLib.ThermalZones.ReducedOrder.Examples.ThermalZoneMoistAirSwimmingPool.mat_thermalZone.TAir",
        "funnel_comp/AixLib.ThermalZones.ReducedOrder.Examples.ThermalZoneMoistAirSwimmingPool.mat_thermalZone.X_w"
      ],
      "success_rate": 1.0,
      "t_err_max": [
        0.0,
        0.0
      ],
      "test_passed": [
        1,
        1
      ],
      "var_groups": [
        0,
        1
      ],
      "variables": [
        "thermalZone.TAir",
        "thermalZone.X_w"
      ],
      "warnings": [
        null,
        null
      ]
    },
    "model": "AixLib.ThermalZones.ReducedOrder.Examples.ThermalZoneMoistAirSwimmingPool",
    "simulation": {
      "elapsed_time": 48.8973,
      "final_time": 31536000.0,
      "jacobians": 25953,
      "start_time": 0,
      "state_events": 3931,
      "success": true
    }
  },
  {
    "comparison": {
      "file_name": "AixLib.ThermalZones.HighOrder.Validation.ASHRAE140.Case250.mat",
      "funnel_dirs": [
        null,
        null,
        null,
        null,
        null,
        null,
        null,
        null,
        null,
        null,
        null
      ],
      "success_rate": 0.0,
      "t_err_max": [
        0,
        0,
        0,
        0,
        0,
        0,
        0,
        0,
        0,
        0,
        0
      ],
      "test_passed": [
        0,
        0,
        0,
        0,
        0,
        0,
        0,
        0,
        0,
        0,
        0
      ],
      "var_groups": [
        0,
        0,
        0,
        1,
        1,
        1,
        2,
        2,
        3,
        3,
        4
      ],
      "variables": [
        "checkResultsAccordingToASHRAEHeatingOrTempMax.lowerLimit",
        "AnnualHeatingLoad",
        "checkResultsAccordingToASHRAEHeatingOrTempMax.upperLimit",
        "checkResultsAccordingToASHRAECoolingOrTempMin.lowerLimit",
        "AnnualCoolingLoad",
        "checkResultsAccordingToASHRAECoolingOrTempMin.upperLimit",
        "checkResultsAccordingToASHRAEHeatingOrTempMax.satisfied",
        "checkResultsAccordingToASHRAECoolingOrTempMin.satisfied",
        "Room.thermRoom.T",
        "Room.starRoom.T",
        "TransmittedSolarRadiation_room"
      ],
      "warnings": [
        "Translation, simulation or extracting simulation results failed. IOError while reading /tmp/tmp-AixLib-0-3ybkma5w/AixLib/AixLib.ThermalZones.HighOrder.Validation.ASHRAE140.Case250.mat generated by ThermalZones/HighOrder/Validation/ASHRAE140/Case250.mos.\nFile /tmp/tmp-AixLib-0-3ybkma5w/AixLib/AixLib.ThermalZones.HighOrder.Validation.ASHRAE140.Case250.mat does not exist.\n",
        "",
        "",
        "",
        "",
        "",
        "",
        "",
        "",
        "",
        ""
      ]
    },
    "model": "AixLib.ThermalZones.HighOrder.Validation.ASHRAE140.Case250",
    "simulation": {
      "elapsed_time": 0,
      "final_time": 31539600.0,
      "jacobians": 0,
      "start_time": 0,
      "state_events": 0,
      "success": false
    }
  },
  {
    "comparison": {
      "file_name": "AixLib.ThermalZones.HighOrder.Validation.ASHRAE140.Case300.mat",
      "funnel_dirs": [
        null,
        null,
        null,
        null,
        null,
        null,
        null,
        null,
        null,
        null,
        null
      ],
      "success_rate": 0.0,
      "t_err_max": [
        0,
        0,
        0,
        0,
        0,
        0,
        0,
        0,
        0,
        0,
        0
      ],
      "test_passed": [
        0,
        0,
        0,
        0,
        0,
        0,
        0,
        0,
        0,
        0,
        0
      ],
      "var_groups": [
        0,
        0,
        0,
        1,
        1,
        1,
        2,
        2,
        3,
        3,
        4
      ],
      "variables": [
        "checkResultsAccordingToASHRAEHeatingOrTempMax.lowerLimit",
        "AnnualHeatingLoad",
        "checkResultsAccordingToASHRAEHeatingOrTempMax.upperLimit",
        "checkResultsAccordingToASHRAECoolingOrTempMin.lowerLimit",
        "AnnualCoolingLoad",
        "checkResultsAccordingToASHRAECoolingOrTempMin.upperLimit",
        "checkResultsAccordingToASHRAEHeatingOrTempMax.satisfied",
        "checkResultsAccordingToASHRAECoolingOrTempMin.satisfied",
        "Room.thermRoom.T",
        "Room.starRoom.T",
        "TransmittedSolarRadiation_room"
      ],
      "warnings": [
        "Translation, simulation or extracting simulation results failed. IOError while reading /tmp/tmp-AixLib-0-3ybkma5w/AixLib/AixLib.ThermalZones.HighOrder.Validation.ASHRAE140.Case300.mat generated by ThermalZones/HighOrder/Validation/ASHRAE140/Case300.mos.\nFile /tmp/tmp-AixLib-0-3ybkma5w/AixLib/AixLib.ThermalZones.HighOrder.Validation.ASHRAE140.Case300.mat does not exist.\n",
        "",
        "",
        "",
        "",
        "",
        "",
        "",
        "",
        "",
        ""
      ]
    },
    "model": "AixLib.ThermalZones.HighOrder.Validation.ASHRAE140.Case300",
    "simulation": {
      "elapsed_time": 0,
      "final_time": 31539600.0,
      "jacobians": 0,
      "start_time": 0,
      "state_events": 0,
      "success": false
    }
  },
  {
    "comparison": {
      "file_name": "AixLib.ThermalZones.HighOrder.Validation.ASHRAE140.Case400.mat",
      "funnel_dirs": [
        null,
        null,
        null,
        null,
        null,
        null,
        null,
        null,
        null,
        null,
        null
      ],
      "success_rate": 0.0,
      "t_err_max": [
        0,
        0,
        0,
        0,
        0,
        0,
        0,
        0,
        0,
        0,
        0
      ],
      "test_passed": [
        0,
        0,
        0,
        0,
        0,
        0,
        0,
        0,
        0,
        0,
        0
      ],
      "var_groups": [
        0,
        0,
        0,
        1,
        1,
        1,
        2,
        2,
        3,
        3,
        4
      ],
      "variables": [
        "checkResultsAccordingToASHRAEHeatingOrTempMax.lowerLimit",
        "AnnualHeatingLoad",
        "checkResultsAccordingToASHRAEHeatingOrTempMax.upperLimit",
        "checkResultsAccordingToASHRAECoolingOrTempMin.lowerLimit",
        "AnnualCoolingLoad",
        "checkResultsAccordingToASHRAECoolingOrTempMin.upperLimit",
        "checkResultsAccordingToASHRAEHeatingOrTempMax.satisfied",
        "checkResultsAccordingToASHRAECoolingOrTempMin.satisfied",
        "Room.thermRoom.T",
        "Room.starRoom.T",
        "TransmittedSolarRadiation_room"
      ],
      "warnings": [
        "Translation, simulation or extracting simulation results failed. IOError while reading /tmp/tmp-AixLib-0-3ybkma5w/AixLib/AixLib.ThermalZones.HighOrder.Validation.ASHRAE140.Case400.mat generated by ThermalZones/HighOrder/Validation/ASHRAE140/Case400.mos.\nFile /tmp/tmp-AixLib-0-3ybkma5w/AixLib/AixLib.ThermalZones.HighOrder.Validation.ASHRAE140.Case400.mat does not exist.\n",
        "",
        "",
        "",
        "",
        "",
        "",
        "",
        "",
        "",
        ""
      ]
    },
    "model": "AixLib.ThermalZones.HighOrder.Validation.ASHRAE140.Case400",
    "simulation": {
      "elapsed_time": 0,
      "final_time": 31539600.0,
      "jacobians": 0,
      "start_time": 0,
      "state_events": 0,
      "success": false
    }
  },
  {
    "comparison": {
      "file_name": "AixLib.ThermalZones.HighOrder.Validation.ASHRAE140.Case430.mat",
      "funnel_dirs": [
        null,
        null,
        null,
        null,
        null,
        null,
        null,
        null,
        null,
        null,
        null
      ],
      "success_rate": 0.0,
      "t_err_max": [
        0,
        0,
        0,
        0,
        0,
        0,
        0,
        0,
        0,
        0,
        0
      ],
      "test_passed": [
        0,
        0,
        0,
        0,
        0,
        0,
        0,
        0,
        0,
        0,
        0
      ],
      "var_groups": [
        0,
        0,
        0,
        1,
        1,
        1,
        2,
        2,
        3,
        3,
        4
      ],
      "variables": [
        "checkResultsAccordingToASHRAEHeatingOrTempMax.lowerLimit",
        "AnnualHeatingLoad",
        "checkResultsAccordingToASHRAEHeatingOrTempMax.upperLimit",
        "checkResultsAccordingToASHRAECoolingOrTempMin.lowerLimit",
        "AnnualCoolingLoad",
        "checkResultsAccordingToASHRAECoolingOrTempMin.upperLimit",
        "checkResultsAccordingToASHRAEHeatingOrTempMax.satisfied",
        "checkResultsAccordingToASHRAECoolingOrTempMin.satisfied",
        "Room.thermRoom.T",
        "Room.starRoom.T",
        "TransmittedSolarRadiation_room"
      ],
      "warnings": [
        "Translation, simulation or extracting simulation results failed. IOError while reading /tmp/tmp-AixLib-1-79wgawvi/AixLib/AixLib.ThermalZones.HighOrder.Validation.ASHRAE140.Case430.mat generated by ThermalZones/HighOrder/Validation/ASHRAE140/Case430.mos.\nFile /tmp/tmp-AixLib-1-79wgawvi/AixLib/AixLib.ThermalZones.HighOrder.Validation.ASHRAE140.Case430.mat does not exist.\n",
        "",
        "",
        "",
        "",
        "",
        "",
        "",
        "",
        "",
        ""
      ]
    },
    "model": "AixLib.ThermalZones.HighOrder.Validation.ASHRAE140.Case430",
    "simulation": {
      "elapsed_time": 0,
      "final_time": 31539600.0,
      "jacobians": 0,
      "start_time": 0,
      "state_events": 0,
      "success": false
    }
  },
  {
    "comparison": {
      "file_name": "AixLib.ThermalZones.HighOrder.Validation.ASHRAE140.Case395.mat",
      "funnel_dirs": [
        null,
        null,
        null,
        null,
        null,
        null,
        null,
        null,
        null,
        null,
        null
      ],
      "success_rate": 0.0,
      "t_err_max": [
        0,
        0,
        0,
        0,
        0,
        0,
        0,
        0,
        0,
        0,
        0
      ],
      "test_passed": [
        0,
        0,
        0,
        0,
        0,
        0,
        0,
        0,
        0,
        0,
        0
      ],
      "var_groups": [
        0,
        0,
        0,
        1,
        1,
        1,
        2,
        2,
        3,
        3,
        4
      ],
      "variables": [
        "checkResultsAccordingToASHRAEHeatingOrTempMax.lowerLimit",
        "AnnualHeatingLoad",
        "checkResultsAccordingToASHRAEHeatingOrTempMax.upperLimit",
        "checkResultsAccordingToASHRAECoolingOrTempMin.lowerLimit",
        "AnnualCoolingLoad",
        "checkResultsAccordingToASHRAECoolingOrTempMin.upperLimit",
        "checkResultsAccordingToASHRAEHeatingOrTempMax.satisfied",
        "checkResultsAccordingToASHRAECoolingOrTempMin.satisfied",
        "Room.thermRoom.T",
        "Room.starRoom.T",
        "TransmittedSolarRadiation_room"
      ],
      "warnings": [
        "Translation, simulation or extracting simulation results failed. IOError while reading /tmp/tmp-AixLib-1-79wgawvi/AixLib/AixLib.ThermalZones.HighOrder.Validation.ASHRAE140.Case395.mat generated by ThermalZones/HighOrder/Validation/ASHRAE140/Case395.mos.\nFile /tmp/tmp-AixLib-1-79wgawvi/AixLib/AixLib.ThermalZones.HighOrder.Validation.ASHRAE140.Case395.mat does not exist.\n",
        "",
        "",
        "",
        "",
        "",
        "",
        "",
        "",
        "",
        ""
      ]
    },
    "model": "AixLib.ThermalZones.HighOrder.Validation.ASHRAE140.Case395",
    "simulation": {
      "elapsed_time": 0,
      "final_time": 31539600.0,
      "jacobians": 0,
      "start_time": 0,
      "state_events": 0,
      "success": false
    }
  },
  {
    "comparison": {
      "file_name": "AixLib.ThermalZones.HighOrder.Validation.ASHRAE140.Case810.mat",
      "funnel_dirs": [
        null,
        null,
        null,
        null,
        null,
        null,
        null,
        null,
        null,
        null,
        null
      ],
      "success_rate": 0.0,
      "t_err_max": [
        0,
        0,
        0,
        0,
        0,
        0,
        0,
        0,
        0,
        0,
        0
      ],
      "test_passed": [
        0,
        0,
        0,
        0,
        0,
        0,
        0,
        0,
        0,
        0,
        0
      ],
      "var_groups": [
        0,
        0,
        0,
        1,
        1,
        1,
        2,
        2,
        3,
        3,
        4
      ],
      "variables": [
        "checkResultsAccordingToASHRAEHeatingOrTempMax.lowerLimit",
        "AnnualHeatingLoad",
        "checkResultsAccordingToASHRAEHeatingOrTempMax.upperLimit",
        "checkResultsAccordingToASHRAECoolingOrTempMin.lowerLimit",
        "AnnualCoolingLoad",
        "checkResultsAccordingToASHRAECoolingOrTempMin.upperLimit",
        "checkResultsAccordingToASHRAEHeatingOrTempMax.satisfied",
        "checkResultsAccordingToASHRAECoolingOrTempMin.satisfied",
        "Room.thermRoom.T",
        "Room.starRoom.T",
        "TransmittedSolarRadiation_room"
      ],
      "warnings": [
        "Translation, simulation or extracting simulation results failed. IOError while reading /tmp/tmp-AixLib-1-79wgawvi/AixLib/AixLib.ThermalZones.HighOrder.Validation.ASHRAE140.Case810.mat generated by ThermalZones/HighOrder/Validation/ASHRAE140/Case810.mos.\nFile /tmp/tmp-AixLib-1-79wgawvi/AixLib/AixLib.ThermalZones.HighOrder.Validation.ASHRAE140.Case810.mat does not exist.\n",
        "",
        "",
        "",
        "",
        "",
        "",
        "",
        "",
        "",
        ""
      ]
    },
    "model": "AixLib.ThermalZones.HighOrder.Validation.ASHRAE140.Case810",
    "simulation": {
      "elapsed_time": 0,
      "final_time": 31539600.0,
      "jacobians": 0,
      "start_time": 0,
      "state_events": 0,
      "success": false
    }
  },
  {
    "comparison": {
      "file_name": "AixLib.ThermalZones.ReducedOrder.Examples.ThermalZone.mat",
      "funnel_dirs": [
        "funnel_comp/AixLib.ThermalZones.ReducedOrder.Examples.ThermalZone.mat_thermalZone.TAir"
      ],
      "success_rate": 1.0,
      "t_err_max": [
        0.0
      ],
      "test_passed": [
        1
      ],
      "var_groups": [
        0
      ],
      "variables": [
        "thermalZone.TAir"
      ],
      "warnings": [
        null
      ]
    },
    "model": "AixLib.ThermalZones.ReducedOrder.Examples.ThermalZone",
    "simulation": {
      "elapsed_time": 7.62628,
      "final_time": 31536000.0,
      "jacobians": 20407,
      "start_time": 0,
      "state_events": 2938,
      "success": true
    }
  },
  {
    "comparison": {
      "file_name": "AixLib.ThermalZones.HighOrder.Validation.ASHRAE140.Case940.mat",
      "funnel_dirs": [
        "funnel_comp/AixLib.ThermalZones.HighOrder.Validation.ASHRAE140.Case940.mat_checkResultsAccordingToASHRAEHeatingOrTempMax.lowerLimit",
        "funnel_comp/AixLib.ThermalZones.HighOrder.Validation.ASHRAE140.Case940.mat_AnnualHeatingLoad",
        "funnel_comp/AixLib.ThermalZones.HighOrder.Validation.ASHRAE140.Case940.mat_checkResultsAccordingToASHRAEHeatingOrTempMax.upperLimit",
        "funnel_comp/AixLib.ThermalZones.HighOrder.Validation.ASHRAE140.Case940.mat_checkResultsAccordingToASHRAECoolingOrTempMin.lowerLimit",
        "funnel_comp/AixLib.ThermalZones.HighOrder.Validation.ASHRAE140.Case940.mat_AnnualCoolingLoad",
        "funnel_comp/AixLib.ThermalZones.HighOrder.Validation.ASHRAE140.Case940.mat_checkResultsAccordingToASHRAECoolingOrTempMin.upperLimit",
        "funnel_comp/AixLib.ThermalZones.HighOrder.Validation.ASHRAE140.Case940.mat_checkResultsAccordingToASHRAEHeatingOrTempMax.satisfied",
        "funnel_comp/AixLib.ThermalZones.HighOrder.Validation.ASHRAE140.Case940.mat_checkResultsAccordingToASHRAECoolingOrTempMin.satisfied",
        "funnel_comp/AixLib.ThermalZones.HighOrder.Validation.ASHRAE140.Case940.mat_Room.thermRoom.T",
        "funnel_comp/AixLib.ThermalZones.HighOrder.Validation.ASHRAE140.Case940.mat_Room.starRoom.T",
        "funnel_comp/AixLib.ThermalZones.HighOrder.Validation.ASHRAE140.Case940.mat_TransmittedSolarRadiation_room"
      ],
      "success_rate": 1.0,
      "t_err_max": [
        0.0,
        0.0,
        0.0,
        0.0,
        0.0,
        0.0,
        0.0,
        0.0,
        0.0,
        0.0,
        0.0
      ],
      "test_passed": [
        1,
        1,
        1,
        1,
        1,
        1,
        1,
        1,
        1,
        1,
        1
      ],
      "var_groups": [
        0,
        0,
        0,
        1,
        1,
        1,
        2,
        2,
        3,
        3,
        4
      ],
      "variables": [
        "checkResultsAccordingToASHRAEHeatingOrTempMax.lowerLimit",
        "AnnualHeatingLoad",
        "checkResultsAccordingToASHRAEHeatingOrTempMax.upperLimit",
        "checkResultsAccordingToASHRAECoolingOrTempMin.lowerLimit",
        "AnnualCoolingLoad",
        "checkResultsAccordingToASHRAECoolingOrTempMin.upperLimit",
        "checkResultsAccordingToASHRAEHeatingOrTempMax.satisfied",
        "checkResultsAccordingToASHRAECoolingOrTempMin.satisfied",
        "Room.thermRoom.T",
        "Room.starRoom.T",
        "TransmittedSolarRadiation_room"
      ],
      "warnings": [
        null,
        null,
        null,
        null,
        null,
        null,
        null,
        null,
        null,
        null,
        null
      ]
    },
    "model": "AixLib.ThermalZones.HighOrder.Validation.ASHRAE140.Case940",
    "simulation": {
      "elapsed_time": 91.9,
      "final_time": 31539600.0,
      "jacobians": 216767,
      "start_time": 0,
      "state_events": 1462,
      "success": true
    }
  },
  {
    "comparison": {
      "file_name": "AixLib.ThermalZones.HighOrder.Validation.EmpiricalValidation.TwinHouseN2.mat",
      "funnel_dirs": [
        "funnel_comp/AixLib.ThermalZones.HighOrder.Validation.EmpiricalValidation.TwinHouseN2.mat_meanMeasuredTemp",
        "funnel_comp/AixLib.ThermalZones.HighOrder.Validation.EmpiricalValidation.TwinHouseN2.mat_roomTemp"
      ],
      "success_rate": 1.0,
      "t_err_max": [
        0.0,
        0.0
      ],
      "test_passed": [
        1,
        1
      ],
      "var_groups": [
        0,
        0
      ],
      "variables": [
        "meanMeasuredTemp",
        "roomTemp"
      ],
      "warnings": [
        null,
        null
      ]
    },
    "model": "AixLib.ThermalZones.HighOrder.Validation.EmpiricalValidation.TwinHouseN2",
    "simulation": {
      "elapsed_time": 101,
      "final_time": 3546000.0,
      "jacobians": 51738,
      "start_time": 0,
      "state_events": 74,
      "success": true
    }
  },
  {
    "comparison": {
      "file_name": "AixLib.ThermalZones.HighOrder.Validation.ASHRAE140.Case950.mat",
      "funnel_dirs": [
        "funnel_comp/AixLib.ThermalZones.HighOrder.Validation.ASHRAE140.Case950.mat_checkResultsAccordingToASHRAECoolingOrTempMin.lowerLimit",
        "funnel_comp/AixLib.ThermalZones.HighOrder.Validation.ASHRAE140.Case950.mat_AnnualCoolingLoad",
        "funnel_comp/AixLib.ThermalZones.HighOrder.Validation.ASHRAE140.Case950.mat_checkResultsAccordingToASHRAECoolingOrTempMin.upperLimit",
        "funnel_comp/AixLib.ThermalZones.HighOrder.Validation.ASHRAE140.Case950.mat_checkResultsAccordingToASHRAECoolingOrTempMin.satisfied",
        "funnel_comp/AixLib.ThermalZones.HighOrder.Validation.ASHRAE140.Case950.mat_Room.thermRoom.T",
        "funnel_comp/AixLib.ThermalZones.HighOrder.Validation.ASHRAE140.Case950.mat_Room.starRoom.T",
        "funnel_comp/AixLib.ThermalZones.HighOrder.Validation.ASHRAE140.Case950.mat_TransmittedSolarRadiation_room"
      ],
      "success_rate": 1.0,
      "t_err_max": [
        0.0,
        0.0,
        0.0,
        0.0,
        0.0,
        0.0,
        0.0
      ],
      "test_passed": [
        1,
        1,
        1,
        1,
        1,
        1,
        1
      ],
      "var_groups": [
        0,
        0,
        0,
        1,
        2,
        2,
        3
      ],
      "variables": [
        "checkResultsAccordingToASHRAECoolingOrTempMin.lowerLimit",
        "AnnualCoolingLoad",
        "checkResultsAccordingToASHRAECoolingOrTempMin.upperLimit",
        "checkResultsAccordingToASHRAECoolingOrTempMin.satisfied",
        "Room.thermRoom.T",
        "Room.starRoom.T",
        "TransmittedSolarRadiation_room"
      ],
      "warnings": [
        null,
        null,
        null,
        null,
        null,
        null,
        null
      ]
    },
    "model": "AixLib.ThermalZones.HighOrder.Validation.ASHRAE140.Case950",
    "simulation": {
      "elapsed_time": 57.9,
      "final_time": 31539600.0,
      "jacobians": 157948,
      "start_time": 0,
      "state_events": 684,
      "success": true
    }
  },
  {
    "comparison": {
      "file_name": "AixLib.ThermalZones.HighOrder.Validation.ASHRAE140.Case410.mat",
      "funnel_dirs": [
        null,
        null,
        null,
        null,
        null,
        null,
        null,
        null,
        null,
        null,
        null
      ],
      "success_rate": 0.0,
      "t_err_max": [
        0,
        0,
        0,
        0,
        0,
        0,
        0,
        0,
        0,
        0,
        0
      ],
      "test_passed": [
        0,
        0,
        0,
        0,
        0,
        0,
        0,
        0,
        0,
        0,
        0
      ],
      "var_groups": [
        0,
        0,
        0,
        1,
        1,
        1,
        2,
        2,
        3,
        3,
        4
      ],
      "variables": [
        "checkResultsAccordingToASHRAEHeatingOrTempMax.lowerLimit",
        "AnnualHeatingLoad",
        "checkResultsAccordingToASHRAEHeatingOrTempMax.upperLimit",
        "checkResultsAccordingToASHRAECoolingOrTempMin.lowerLimit",
        "AnnualCoolingLoad",
        "checkResultsAccordingToASHRAECoolingOrTempMin.upperLimit",
        "checkResultsAccordingToASHRAEHeatingOrTempMax.satisfied",
        "checkResultsAccordingToASHRAECoolingOrTempMin.satisfied",
        "Room.thermRoom.T",
        "Room.starRoom.T",
        "TransmittedSolarRadiation_room"
      ],
      "warnings": [
        "Translation, simulation or extracting simulation results failed. IOError while reading /tmp/tmp-AixLib-1-79wgawvi/AixLib/AixLib.ThermalZones.HighOrder.Validation.ASHRAE140.Case410.mat generated by ThermalZones/HighOrder/Validation/ASHRAE140/Case410.mos.\nFile /tmp/tmp-AixLib-1-79wgawvi/AixLib/AixLib.ThermalZones.HighOrder.Validation.ASHRAE140.Case410.mat does not exist.\n",
        "",
        "",
        "",
        "",
        "",
        "",
        "",
        "",
        "",
        ""
      ]
    },
    "model": "AixLib.ThermalZones.HighOrder.Validation.ASHRAE140.Case410",
    "simulation": {
      "elapsed_time": 0,
      "final_time": 31539600.0,
      "jacobians": 0,
      "start_time": 0,
      "state_events": 0,
      "success": false
    }
  },
  {
    "comparison": {
      "file_name": "AixLib.ThermalZones.HighOrder.Validation.ASHRAE140.Case210.mat",
      "funnel_dirs": [
        null,
        null,
        null,
        null,
        null,
        null,
        null,
        null,
        null,
        null,
        null
      ],
      "success_rate": 0.0,
      "t_err_max": [
        0,
        0,
        0,
        0,
        0,
        0,
        0,
        0,
        0,
        0,
        0
      ],
      "test_passed": [
        0,
        0,
        0,
        0,
        0,
        0,
        0,
        0,
        0,
        0,
        0
      ],
      "var_groups": [
        0,
        0,
        0,
        1,
        1,
        1,
        2,
        2,
        3,
        3,
        4
      ],
      "variables": [
        "checkResultsAccordingToASHRAEHeatingOrTempMax.lowerLimit",
        "AnnualHeatingLoad",
        "checkResultsAccordingToASHRAEHeatingOrTempMax.upperLimit",
        "checkResultsAccordingToASHRAECoolingOrTempMin.lowerLimit",
        "AnnualCoolingLoad",
        "checkResultsAccordingToASHRAECoolingOrTempMin.upperLimit",
        "checkResultsAccordingToASHRAEHeatingOrTempMax.satisfied",
        "checkResultsAccordingToASHRAECoolingOrTempMin.satisfied",
        "Room.thermRoom.T",
        "Room.starRoom.T",
        "TransmittedSolarRadiation_room"
      ],
      "warnings": [
        "Translation, simulation or extracting simulation results failed. IOError while reading /tmp/tmp-AixLib-1-79wgawvi/AixLib/AixLib.ThermalZones.HighOrder.Validation.ASHRAE140.Case210.mat generated by ThermalZones/HighOrder/Validation/ASHRAE140/Case210.mos.\nFile /tmp/tmp-AixLib-1-79wgawvi/AixLib/AixLib.ThermalZones.HighOrder.Validation.ASHRAE140.Case210.mat does not exist.\n",
        "",
        "",
        "",
        "",
        "",
        "",
        "",
        "",
        "",
        ""
      ]
    },
    "model": "AixLib.ThermalZones.HighOrder.Validation.ASHRAE140.Case210",
    "simulation": {
      "elapsed_time": 0,
      "final_time": 31539600.0,
      "jacobians": 0,
      "start_time": 0,
      "state_events": 0,
      "success": false
    }
  },
  {
    "comparison": {
      "file_name": "AixLib.ThermalZones.ReducedOrder.Examples.MultizoneMoistAirCO2.mat",
      "funnel_dirs": [
        "funnel_comp/AixLib.ThermalZones.ReducedOrder.Examples.MultizoneMoistAirCO2.mat_multizone.TAir[1]",
        "funnel_comp/AixLib.ThermalZones.ReducedOrder.Examples.MultizoneMoistAirCO2.mat_multizone.CO2Con[1]"
      ],
      "success_rate": 1.0,
      "t_err_max": [
        0.0,
        0.0
      ],
      "test_passed": [
        1,
        1
      ],
      "var_groups": [
        0,
        1
      ],
      "variables": [
        "multizone.TAir[1]",
        "multizone.CO2Con[1]"
      ],
      "warnings": [
        null,
        null
      ]
    },
    "model": "AixLib.ThermalZones.ReducedOrder.Examples.MultizoneMoistAirCO2",
    "simulation": {
      "elapsed_time": 36.8643,
      "final_time": 31536000.0,
      "jacobians": 11749,
      "start_time": 0,
      "state_events": 2984,
      "success": true
    }
  },
  {
    "comparison": {
      "file_name": "AixLib.ThermalZones.HighOrder.Examples.ASHREA140.CompareDynamicAndStaticSolarFrac_Case270.mat",
      "funnel_dirs": [
        null,
        null,
        null,
        null,
        null,
        null,
        null,
        null,
        null,
        null,
        null,
        null,
        null,
        null,
        null,
        null
      ],
      "success_rate": 0.0,
      "t_err_max": [
        0,
        0,
        0,
        0,
        0,
        0,
        0,
        0,
        0,
        0,
        0,
        0,
        0,
        0,
        0,
        0
      ],
      "test_passed": [
        0,
        0,
        0,
        0,
        0,
        0,
        0,
        0,
        0,
        0,
        0,
        0,
        0,
        0,
        0,
        0
      ],
      "var_groups": [
        0,
        0,
        1,
        1,
        2,
        2,
        3,
        3,
        4,
        4,
        4,
        4,
        4,
        4,
        4,
        4
      ],
      "variables": [
        "Room.solarRadInRoom.solar_frac_flo[1]",
        "Room_dyn.solarRadInRoom.solar_frac_flo[1]",
        "Room.solarRadInRoom.solar_frac_cei[1]",
        "Room_dyn.solarRadInRoom.solar_frac_cei[1]",
        "Room.solarRadInRoom.solar_frac_win_abs[1]",
        "Room_dyn.solarRadInRoom.solar_frac_win_abs[1]",
        "Room.solarRadInRoom.solar_frac_win_lost[1]",
        "Room_dyn.solarRadInRoom.solar_frac_win_lost[1]",
        "Room.solarRadInRoom.solar_frac_wall[1]",
        "Room_dyn.solarRadInRoom.solar_frac_wall[1]",
        "Room.solarRadInRoom.solar_frac_wall[2]",
        "Room_dyn.solarRadInRoom.solar_frac_wall[2]",
        "Room.solarRadInRoom.solar_frac_wall[3]",
        "Room_dyn.solarRadInRoom.solar_frac_wall[3]",
        "Room.solarRadInRoom.solar_frac_wall[4]",
        "Room_dyn.solarRadInRoom.solar_frac_wall[4]"
      ],
      "warnings": [
        "Translation, simulation or extracting simulation results failed. IOError while reading /tmp/tmp-AixLib-1-79wgawvi/AixLib/AixLib.ThermalZones.HighOrder.Examples.ASHREA140.CompareDynamicAndStaticSolarFrac_Case270.mat generated by ThermalZones/HighOrder/Examples/ASHREA140/CompareDynamicAndStaticSolarFrac_Case270.mos.\nFile /tmp/tmp-AixLib-1-79wgawvi/AixLib/AixLib.ThermalZones.HighOrder.Examples.ASHREA140.CompareDynamicAndStaticSolarFrac_Case270.mat does not exist.\n",
        "",
        "",
        "",
        "",
        "",
        "",
        "",
        "",
        "",
        "",
        "",
        "",
        "",
        "",
        ""
      ]
    },
    "model": "AixLib.ThermalZones.HighOrder.Examples.ASHREA140.CompareDynamicAndStaticSolarFrac_Case270",
    "simulation": {
      "elapsed_time": 0,
      "final_time": 86400,
      "jacobians": 0,
      "start_time": 0,
      "state_events": 0,
      "success": false
    }
  },
  {
    "comparison": {
      "file_name": "AixLib.ThermalZones.ReducedOrder.Examples.ComparisonThermalZoneMoistAndDryAir.mat",
      "funnel_dirs": [
        "funnel_comp/AixLib.ThermalZones.ReducedOrder.Examples.ComparisonThermalZoneMoistAndDryAir.mat_thermalZone.TAir",
        "funnel_comp/AixLib.ThermalZones.ReducedOrder.Examples.ComparisonThermalZoneMoistAndDryAir.mat_thermalZoneMoistAir.TAir",
        "funnel_comp/AixLib.ThermalZones.ReducedOrder.Examples.ComparisonThermalZoneMoistAndDryAir.mat_thermalZoneMoistAir.X_w"
      ],
      "success_rate": 1.0,
      "t_err_max": [
        0.0,
        0.0,
        0.0
      ],
      "test_passed": [
        1,
        1,
        1
      ],
      "var_groups": [
        0,
        1,
        2
      ],
      "variables": [
        "thermalZone.TAir",
        "thermalZoneMoistAir.TAir",
        "thermalZoneMoistAir.X_w"
      ],
      "warnings": [
        null,
        null,
        null
      ]
    },
    "model": "AixLib.ThermalZones.ReducedOrder.Examples.ComparisonThermalZoneMoistAndDryAir",
    "simulation": {
      "elapsed_time": 14.3756,
      "final_time": 31536000.0,
      "jacobians": 20410,
      "start_time": 0,
      "state_events": 2934,
      "success": true
    }
  },
  {
    "comparison": {
      "file_name": "AixLib.ThermalZones.ReducedOrder.Examples.MultizoneMoistAirCO2Equipped.mat",
      "funnel_dirs": [
        "funnel_comp/AixLib.ThermalZones.ReducedOrder.Examples.MultizoneMoistAirCO2Equipped.mat_multizone.TAir[1]",
        "funnel_comp/AixLib.ThermalZones.ReducedOrder.Examples.MultizoneMoistAirCO2Equipped.mat_multizone.TAir[2]",
        "funnel_comp/AixLib.ThermalZones.ReducedOrder.Examples.MultizoneMoistAirCO2Equipped.mat_multizone.TAir[3]",
        "funnel_comp/AixLib.ThermalZones.ReducedOrder.Examples.MultizoneMoistAirCO2Equipped.mat_multizone.TAir[4]",
        "funnel_comp/AixLib.ThermalZones.ReducedOrder.Examples.MultizoneMoistAirCO2Equipped.mat_multizone.TAir[5]",
        "funnel_comp/AixLib.ThermalZones.ReducedOrder.Examples.MultizoneMoistAirCO2Equipped.mat_multizone.PHeater[1]",
        "funnel_comp/AixLib.ThermalZones.ReducedOrder.Examples.MultizoneMoistAirCO2Equipped.mat_multizone.PHeater[2]",
        "funnel_comp/AixLib.ThermalZones.ReducedOrder.Examples.MultizoneMoistAirCO2Equipped.mat_multizone.PHeater[3]",
        "funnel_comp/AixLib.ThermalZones.ReducedOrder.Examples.MultizoneMoistAirCO2Equipped.mat_multizone.PHeater[4]",
        "funnel_comp/AixLib.ThermalZones.ReducedOrder.Examples.MultizoneMoistAirCO2Equipped.mat_multizone.PHeater[5]"
      ],
      "success_rate": 1.0,
      "t_err_max": [
        0.0,
        0.0,
        0.0,
        0.0,
        0.0,
        0.0,
        0.0,
        0.0,
        0.0,
        0.0
      ],
      "test_passed": [
        1,
        1,
        1,
        1,
        1,
        1,
        1,
        1,
        1,
        1
      ],
      "var_groups": [
        0,
        0,
        0,
        0,
        0,
        1,
        1,
        1,
        1,
        1
      ],
      "variables": [
        "multizone.TAir[1]",
        "multizone.TAir[2]",
        "multizone.TAir[3]",
        "multizone.TAir[4]",
        "multizone.TAir[5]",
        "multizone.PHeater[1]",
        "multizone.PHeater[2]",
        "multizone.PHeater[3]",
        "multizone.PHeater[4]",
        "multizone.PHeater[5]"
      ],
      "warnings": [
        null,
        null,
        null,
        null,
        null,
        null,
        null,
        null,
        null,
        null
      ]
    },
    "model": "AixLib.ThermalZones.ReducedOrder.Examples.MultizoneMoistAirCO2Equipped",
    "simulation": {
      "elapsed_time": 3.59766,
      "final_time": 864000,
      "jacobians": 787,
      "start_time": 0,
      "state_events": 131,
      "success": true
    }
  },
  {
    "comparison": {
      "file_name": "AixLib.ThermalZones.HighOrder.Validation.ASHRAE140.Case920.mat",
      "funnel_dirs": [
        "funnel_comp/AixLib.ThermalZones.HighOrder.Validation.ASHRAE140.Case920.mat_checkResultsAccordingToASHRAEHeatingOrTempMax.lowerLimit",
        "funnel_comp/AixLib.ThermalZones.HighOrder.Validation.ASHRAE140.Case920.mat_AnnualHeatingLoad",
        "funnel_comp/AixLib.ThermalZones.HighOrder.Validation.ASHRAE140.Case920.mat_checkResultsAccordingToASHRAEHeatingOrTempMax.upperLimit",
        "funnel_comp/AixLib.ThermalZones.HighOrder.Validation.ASHRAE140.Case920.mat_checkResultsAccordingToASHRAECoolingOrTempMin.lowerLimit",
        "funnel_comp/AixLib.ThermalZones.HighOrder.Validation.ASHRAE140.Case920.mat_AnnualCoolingLoad",
        "funnel_comp/AixLib.ThermalZones.HighOrder.Validation.ASHRAE140.Case920.mat_checkResultsAccordingToASHRAECoolingOrTempMin.upperLimit",
        "funnel_comp/AixLib.ThermalZones.HighOrder.Validation.ASHRAE140.Case920.mat_checkResultsAccordingToASHRAEHeatingOrTempMax.satisfied",
        "funnel_comp/AixLib.ThermalZones.HighOrder.Validation.ASHRAE140.Case920.mat_checkResultsAccordingToASHRAECoolingOrTempMin.satisfied",
        "funnel_comp/AixLib.ThermalZones.HighOrder.Validation.ASHRAE140.Case920.mat_Room.thermRoom.T",
        "funnel_comp/AixLib.ThermalZones.HighOrder.Validation.ASHRAE140.Case920.mat_Room.starRoom.T",
        "funnel_comp/AixLib.ThermalZones.HighOrder.Validation.ASHRAE140.Case920.mat_TransmittedSolarRadiation_room"
      ],
      "success_rate": 1.0,
      "t_err_max": [
        0.0,
        0.0,
        0.0,
        0.0,
        0.0,
        0.0,
        0.0,
        0.0,
        0.0,
        0.0,
        0.0
      ],
      "test_passed": [
        1,
        1,
        1,
        1,
        1,
        1,
        1,
        1,
        1,
        1,
        1
      ],
      "var_groups": [
        0,
        0,
        0,
        1,
        1,
        1,
        2,
        2,
        3,
        3,
        4
      ],
      "variables": [
        "checkResultsAccordingToASHRAEHeatingOrTempMax.lowerLimit",
        "AnnualHeatingLoad",
        "checkResultsAccordingToASHRAEHeatingOrTempMax.upperLimit",
        "checkResultsAccordingToASHRAECoolingOrTempMin.lowerLimit",
        "AnnualCoolingLoad",
        "checkResultsAccordingToASHRAECoolingOrTempMin.upperLimit",
        "checkResultsAccordingToASHRAEHeatingOrTempMax.satisfied",
        "checkResultsAccordingToASHRAECoolingOrTempMin.satisfied",
        "Room.thermRoom.T",
        "Room.starRoom.T",
        "TransmittedSolarRadiation_room"
      ],
      "warnings": [
        null,
        null,
        null,
        null,
        null,
        null,
        null,
        null,
        null,
        null,
        null
      ]
    },
    "model": "AixLib.ThermalZones.HighOrder.Validation.ASHRAE140.Case920",
    "simulation": {
      "elapsed_time": 195,
      "final_time": 31539600.0,
      "jacobians": 227056,
      "start_time": 0,
      "state_events": 949,
      "success": true
    }
  },
  {
    "comparison": {
      "file_name": "AixLib.ThermalZones.HighOrder.Validation.ASHRAE140.Case800.mat",
      "funnel_dirs": [
        null,
        null,
        null,
        null,
        null,
        null,
        null,
        null,
        null,
        null,
        null
      ],
      "success_rate": 0.0,
      "t_err_max": [
        0,
        0,
        0,
        0,
        0,
        0,
        0,
        0,
        0,
        0,
        0
      ],
      "test_passed": [
        0,
        0,
        0,
        0,
        0,
        0,
        0,
        0,
        0,
        0,
        0
      ],
      "var_groups": [
        0,
        0,
        0,
        1,
        1,
        1,
        2,
        2,
        3,
        3,
        4
      ],
      "variables": [
        "checkResultsAccordingToASHRAEHeatingOrTempMax.lowerLimit",
        "AnnualHeatingLoad",
        "checkResultsAccordingToASHRAEHeatingOrTempMax.upperLimit",
        "checkResultsAccordingToASHRAECoolingOrTempMin.lowerLimit",
        "AnnualCoolingLoad",
        "checkResultsAccordingToASHRAECoolingOrTempMin.upperLimit",
        "checkResultsAccordingToASHRAEHeatingOrTempMax.satisfied",
        "checkResultsAccordingToASHRAECoolingOrTempMin.satisfied",
        "Room.thermRoom.T",
        "Room.starRoom.T",
        "TransmittedSolarRadiation_room"
      ],
      "warnings": [
        "Translation, simulation or extracting simulation results failed. IOError while reading /tmp/tmp-AixLib-2-ib5f99xl/AixLib/AixLib.ThermalZones.HighOrder.Validation.ASHRAE140.Case800.mat generated by ThermalZones/HighOrder/Validation/ASHRAE140/Case800.mos.\nFile /tmp/tmp-AixLib-2-ib5f99xl/AixLib/AixLib.ThermalZones.HighOrder.Validation.ASHRAE140.Case800.mat does not exist.\n",
        "",
        "",
        "",
        "",
        "",
        "",
        "",
        "",
        "",
        ""
      ]
    },
    "model": "AixLib.ThermalZones.HighOrder.Validation.ASHRAE140.Case800",
    "simulation": {
      "elapsed_time": 0,
      "final_time": 31539600.0,
      "jacobians": 0,
      "start_time": 0,
      "state_events": 0,
      "success": false
    }
  },
  {
    "comparison": {
      "file_name": "AixLib.ThermalZones.HighOrder.Validation.ASHRAE140.Case320.mat",
      "funnel_dirs": [
        null,
        null,
        null,
        null,
        null,
        null,
        null,
        null,
        null,
        null,
        null
      ],
      "success_rate": 0.0,
      "t_err_max": [
        0,
        0,
        0,
        0,
        0,
        0,
        0,
        0,
        0,
        0,
        0
      ],
      "test_passed": [
        0,
        0,
        0,
        0,
        0,
        0,
        0,
        0,
        0,
        0,
        0
      ],
      "var_groups": [
        0,
        0,
        0,
        1,
        1,
        1,
        2,
        2,
        3,
        3,
        4
      ],
      "variables": [
        "checkResultsAccordingToASHRAEHeatingOrTempMax.lowerLimit",
        "AnnualHeatingLoad",
        "checkResultsAccordingToASHRAEHeatingOrTempMax.upperLimit",
        "checkResultsAccordingToASHRAECoolingOrTempMin.lowerLimit",
        "AnnualCoolingLoad",
        "checkResultsAccordingToASHRAECoolingOrTempMin.upperLimit",
        "checkResultsAccordingToASHRAEHeatingOrTempMax.satisfied",
        "checkResultsAccordingToASHRAECoolingOrTempMin.satisfied",
        "Room.thermRoom.T",
        "Room.starRoom.T",
        "TransmittedSolarRadiation_room"
      ],
      "warnings": [
        "Translation, simulation or extracting simulation results failed. IOError while reading /tmp/tmp-AixLib-2-ib5f99xl/AixLib/AixLib.ThermalZones.HighOrder.Validation.ASHRAE140.Case320.mat generated by ThermalZones/HighOrder/Validation/ASHRAE140/Case320.mos.\nFile /tmp/tmp-AixLib-2-ib5f99xl/AixLib/AixLib.ThermalZones.HighOrder.Validation.ASHRAE140.Case320.mat does not exist.\n",
        "",
        "",
        "",
        "",
        "",
        "",
        "",
        "",
        "",
        ""
      ]
    },
    "model": "AixLib.ThermalZones.HighOrder.Validation.ASHRAE140.Case320",
    "simulation": {
      "elapsed_time": 0,
      "final_time": 31539600.0,
      "jacobians": 0,
      "start_time": 0,
      "state_events": 0,
      "success": false
    }
  },
  {
    "comparison": {
      "file_name": "AixLib.ThermalZones.HighOrder.Validation.ASHRAE140.Case280.mat",
      "funnel_dirs": [
        null,
        null,
        null,
        null,
        null,
        null,
        null,
        null,
        null,
        null,
        null
      ],
      "success_rate": 0.0,
      "t_err_max": [
        0,
        0,
        0,
        0,
        0,
        0,
        0,
        0,
        0,
        0,
        0
      ],
      "test_passed": [
        0,
        0,
        0,
        0,
        0,
        0,
        0,
        0,
        0,
        0,
        0
      ],
      "var_groups": [
        0,
        0,
        0,
        1,
        1,
        1,
        2,
        2,
        3,
        3,
        4
      ],
      "variables": [
        "checkResultsAccordingToASHRAEHeatingOrTempMax.lowerLimit",
        "AnnualHeatingLoad",
        "checkResultsAccordingToASHRAEHeatingOrTempMax.upperLimit",
        "checkResultsAccordingToASHRAECoolingOrTempMin.lowerLimit",
        "AnnualCoolingLoad",
        "checkResultsAccordingToASHRAECoolingOrTempMin.upperLimit",
        "checkResultsAccordingToASHRAEHeatingOrTempMax.satisfied",
        "checkResultsAccordingToASHRAECoolingOrTempMin.satisfied",
        "Room.thermRoom.T",
        "Room.starRoom.T",
        "TransmittedSolarRadiation_room"
      ],
      "warnings": [
        "Translation, simulation or extracting simulation results failed. IOError while reading /tmp/tmp-AixLib-2-ib5f99xl/AixLib/AixLib.ThermalZones.HighOrder.Validation.ASHRAE140.Case280.mat generated by ThermalZones/HighOrder/Validation/ASHRAE140/Case280.mos.\nFile /tmp/tmp-AixLib-2-ib5f99xl/AixLib/AixLib.ThermalZones.HighOrder.Validation.ASHRAE140.Case280.mat does not exist.\n",
        "",
        "",
        "",
        "",
        "",
        "",
        "",
        "",
        "",
        ""
      ]
    },
    "model": "AixLib.ThermalZones.HighOrder.Validation.ASHRAE140.Case280",
    "simulation": {
      "elapsed_time": 0,
      "final_time": 31539600.0,
      "jacobians": 0,
      "start_time": 0,
      "state_events": 0,
      "success": false
    }
  },
  {
    "comparison": {
      "file_name": "AixLib.ThermalZones.HighOrder.Validation.ASHRAE140.Case600.mat",
      "funnel_dirs": [
        null,
        null,
        null,
        null,
        null,
        null,
        null,
        null,
        null,
        null,
        null
      ],
      "success_rate": 0.0,
      "t_err_max": [
        0,
        0,
        0,
        0,
        0,
        0,
        0,
        0,
        0,
        0,
        0
      ],
      "test_passed": [
        0,
        0,
        0,
        0,
        0,
        0,
        0,
        0,
        0,
        0,
        0
      ],
      "var_groups": [
        0,
        0,
        0,
        1,
        1,
        1,
        2,
        2,
        3,
        3,
        4
      ],
      "variables": [
        "checkResultsAccordingToASHRAEHeatingOrTempMax.lowerLimit",
        "AnnualHeatingLoad",
        "checkResultsAccordingToASHRAEHeatingOrTempMax.upperLimit",
        "checkResultsAccordingToASHRAECoolingOrTempMin.lowerLimit",
        "AnnualCoolingLoad",
        "checkResultsAccordingToASHRAECoolingOrTempMin.upperLimit",
        "checkResultsAccordingToASHRAEHeatingOrTempMax.satisfied",
        "checkResultsAccordingToASHRAECoolingOrTempMin.satisfied",
        "Room.thermRoom.T",
        "Room.starRoom.T",
        "TransmittedSolarRadiation_room"
      ],
      "warnings": [
        "Translation, simulation or extracting simulation results failed. IOError while reading /tmp/tmp-AixLib-2-ib5f99xl/AixLib/AixLib.ThermalZones.HighOrder.Validation.ASHRAE140.Case600.mat generated by ThermalZones/HighOrder/Validation/ASHRAE140/Case600.mos.\nFile /tmp/tmp-AixLib-2-ib5f99xl/AixLib/AixLib.ThermalZones.HighOrder.Validation.ASHRAE140.Case600.mat does not exist.\n",
        "",
        "",
        "",
        "",
        "",
        "",
        "",
        "",
        "",
        ""
      ]
    },
    "model": "AixLib.ThermalZones.HighOrder.Validation.ASHRAE140.Case600",
    "simulation": {
      "elapsed_time": 0,
      "final_time": 31539600.0,
      "jacobians": 0,
      "start_time": 0,
      "state_events": 0,
      "success": false
    }
  },
  {
    "comparison": {
      "file_name": "AixLib.ThermalZones.ReducedOrder.Examples.Multizone.mat",
      "funnel_dirs": [
        "funnel_comp/AixLib.ThermalZones.ReducedOrder.Examples.Multizone.mat_multizone.TAir[1]",
        "funnel_comp/AixLib.ThermalZones.ReducedOrder.Examples.Multizone.mat_multizone.TAir[2]",
        "funnel_comp/AixLib.ThermalZones.ReducedOrder.Examples.Multizone.mat_multizone.TAir[3]",
        "funnel_comp/AixLib.ThermalZones.ReducedOrder.Examples.Multizone.mat_multizone.TAir[4]",
        "funnel_comp/AixLib.ThermalZones.ReducedOrder.Examples.Multizone.mat_multizone.TAir[5]",
        "funnel_comp/AixLib.ThermalZones.ReducedOrder.Examples.Multizone.mat_weaDat.weaBus.TDryBul"
      ],
      "success_rate": 1.0,
      "t_err_max": [
        0.0,
        0.0,
        0.0,
        0.0,
        0.0,
        0.0
      ],
      "test_passed": [
        1,
        1,
        1,
        1,
        1,
        1
      ],
      "var_groups": [
        0,
        0,
        0,
        0,
        0,
        1
      ],
      "variables": [
        "multizone.TAir[1]",
        "multizone.TAir[2]",
        "multizone.TAir[3]",
        "multizone.TAir[4]",
        "multizone.TAir[5]",
        "weaDat.weaBus.TDryBul"
      ],
      "warnings": [
        null,
        null,
        null,
        null,
        null,
        null
      ]
    },
    "model": "AixLib.ThermalZones.ReducedOrder.Examples.Multizone",
    "simulation": {
      "elapsed_time": 0.882074,
      "final_time": 864000,
      "jacobians": 325,
      "start_time": 0,
      "state_events": 83,
      "success": true
    }
  },
  {
    "comparison": {
      "file_name": "AixLib.ThermalZones.ReducedOrder.Examples.MultizoneEquipped.mat",
      "funnel_dirs": [
        "funnel_comp/AixLib.ThermalZones.ReducedOrder.Examples.MultizoneEquipped.mat_multizone.TAir[1]",
        "funnel_comp/AixLib.ThermalZones.ReducedOrder.Examples.MultizoneEquipped.mat_multizone.TAir[2]",
        "funnel_comp/AixLib.ThermalZones.ReducedOrder.Examples.MultizoneEquipped.mat_multizone.TAir[3]",
        "funnel_comp/AixLib.ThermalZones.ReducedOrder.Examples.MultizoneEquipped.mat_multizone.TAir[4]",
        "funnel_comp/AixLib.ThermalZones.ReducedOrder.Examples.MultizoneEquipped.mat_multizone.TAir[5]",
        "funnel_comp/AixLib.ThermalZones.ReducedOrder.Examples.MultizoneEquipped.mat_multizone.PHeater[1]",
        "funnel_comp/AixLib.ThermalZones.ReducedOrder.Examples.MultizoneEquipped.mat_multizone.PHeater[2]",
        "funnel_comp/AixLib.ThermalZones.ReducedOrder.Examples.MultizoneEquipped.mat_multizone.PHeater[3]",
        "funnel_comp/AixLib.ThermalZones.ReducedOrder.Examples.MultizoneEquipped.mat_multizone.PHeater[4]",
        "funnel_comp/AixLib.ThermalZones.ReducedOrder.Examples.MultizoneEquipped.mat_multizone.PHeater[5]"
      ],
      "success_rate": 1.0,
      "t_err_max": [
        0.0,
        0.0,
        0.0,
        0.0,
        0.0,
        0.0,
        0.0,
        0.0,
        0.0,
        0.0
      ],
      "test_passed": [
        1,
        1,
        1,
        1,
        1,
        1,
        1,
        1,
        1,
        1
      ],
      "var_groups": [
        0,
        0,
        0,
        0,
        0,
        1,
        1,
        1,
        1,
        1
      ],
      "variables": [
        "multizone.TAir[1]",
        "multizone.TAir[2]",
        "multizone.TAir[3]",
        "multizone.TAir[4]",
        "multizone.TAir[5]",
        "multizone.PHeater[1]",
        "multizone.PHeater[2]",
        "multizone.PHeater[3]",
        "multizone.PHeater[4]",
        "multizone.PHeater[5]"
      ],
      "warnings": [
        null,
        null,
        null,
        null,
        null,
        null,
        null,
        null,
        null,
        null
      ]
    },
    "model": "AixLib.ThermalZones.ReducedOrder.Examples.MultizoneEquipped",
    "simulation": {
      "elapsed_time": 3.30536,
      "final_time": 864000,
      "jacobians": 797,
      "start_time": 0,
      "state_events": 131,
      "success": true
    }
  },
  {
    "comparison": {
      "file_name": "AixLib.ThermalZones.HighOrder.Validation.ASHRAE140.Case620.mat",
      "funnel_dirs": [
        null,
        null,
        null,
        null,
        null,
        null,
        null,
        null,
        null,
        null,
        null
      ],
      "success_rate": 0.0,
      "t_err_max": [
        0,
        0,
        0,
        0,
        0,
        0,
        0,
        0,
        0,
        0,
        0
      ],
      "test_passed": [
        0,
        0,
        0,
        0,
        0,
        0,
        0,
        0,
        0,
        0,
        0
      ],
      "var_groups": [
        0,
        0,
        0,
        1,
        1,
        1,
        2,
        2,
        3,
        3,
        4
      ],
      "variables": [
        "checkResultsAccordingToASHRAEHeatingOrTempMax.lowerLimit",
        "AnnualHeatingLoad",
        "checkResultsAccordingToASHRAEHeatingOrTempMax.upperLimit",
        "checkResultsAccordingToASHRAECoolingOrTempMin.lowerLimit",
        "AnnualCoolingLoad",
        "checkResultsAccordingToASHRAECoolingOrTempMin.upperLimit",
        "checkResultsAccordingToASHRAEHeatingOrTempMax.satisfied",
        "checkResultsAccordingToASHRAECoolingOrTempMin.satisfied",
        "Room.thermRoom.T",
        "Room.starRoom.T",
        "TransmittedSolarRadiation_room"
      ],
      "warnings": [
        "Translation, simulation or extracting simulation results failed. IOError while reading /tmp/tmp-AixLib-2-ib5f99xl/AixLib/AixLib.ThermalZones.HighOrder.Validation.ASHRAE140.Case620.mat generated by ThermalZones/HighOrder/Validation/ASHRAE140/Case620.mos.\nFile /tmp/tmp-AixLib-2-ib5f99xl/AixLib/AixLib.ThermalZones.HighOrder.Validation.ASHRAE140.Case620.mat does not exist.\n",
        "",
        "",
        "",
        "",
        "",
        "",
        "",
        "",
        "",
        ""
      ]
    },
    "model": "AixLib.ThermalZones.HighOrder.Validation.ASHRAE140.Case620",
    "simulation": {
      "elapsed_time": 0,
      "final_time": 31539600.0,
      "jacobians": 0,
      "start_time": 0,
      "state_events": 0,
      "success": false
    }
  },
  {
    "comparison": {
      "file_name": "AixLib.ThermalZones.HighOrder.Validation.ASHRAE140.Case270.mat",
      "funnel_dirs": [
        null,
        null,
        null,
        null,
        null,
        null,
        null,
        null,
        null,
        null,
        null
      ],
      "success_rate": 0.0,
      "t_err_max": [
        0,
        0,
        0,
        0,
        0,
        0,
        0,
        0,
        0,
        0,
        0
      ],
      "test_passed": [
        0,
        0,
        0,
        0,
        0,
        0,
        0,
        0,
        0,
        0,
        0
      ],
      "var_groups": [
        0,
        0,
        0,
        1,
        1,
        1,
        2,
        2,
        3,
        3,
        4
      ],
      "variables": [
        "checkResultsAccordingToASHRAEHeatingOrTempMax.lowerLimit",
        "AnnualHeatingLoad",
        "checkResultsAccordingToASHRAEHeatingOrTempMax.upperLimit",
        "checkResultsAccordingToASHRAECoolingOrTempMin.lowerLimit",
        "AnnualCoolingLoad",
        "checkResultsAccordingToASHRAECoolingOrTempMin.upperLimit",
        "checkResultsAccordingToASHRAEHeatingOrTempMax.satisfied",
        "checkResultsAccordingToASHRAECoolingOrTempMin.satisfied",
        "Room.thermRoom.T",
        "Room.starRoom.T",
        "TransmittedSolarRadiation_room"
      ],
      "warnings": [
        "Translation, simulation or extracting simulation results failed. IOError while reading /tmp/tmp-AixLib-2-ib5f99xl/AixLib/AixLib.ThermalZones.HighOrder.Validation.ASHRAE140.Case270.mat generated by ThermalZones/HighOrder/Validation/ASHRAE140/Case270.mos.\nFile /tmp/tmp-AixLib-2-ib5f99xl/AixLib/AixLib.ThermalZones.HighOrder.Validation.ASHRAE140.Case270.mat does not exist.\n",
        "",
        "",
        "",
        "",
        "",
        "",
        "",
        "",
        "",
        ""
      ]
    },
    "model": "AixLib.ThermalZones.HighOrder.Validation.ASHRAE140.Case270",
    "simulation": {
      "elapsed_time": 0,
      "final_time": 31539600.0,
      "jacobians": 0,
      "start_time": 0,
      "state_events": 0,
      "success": false
    }
  },
  {
    "comparison": {
      "file_name": "AixLib.ThermalZones.HighOrder.Validation.EmpiricalValidation.Warehouse.mat",
      "funnel_dirs": [
        "funnel_comp/AixLib.ThermalZones.HighOrder.Validation.EmpiricalValidation.Warehouse.mat_meanMeasuredTemp",
        "funnel_comp/AixLib.ThermalZones.HighOrder.Validation.EmpiricalValidation.Warehouse.mat_roomTemp",
        "funnel_comp/AixLib.ThermalZones.HighOrder.Validation.EmpiricalValidation.Warehouse.mat_coolingPower",
        "funnel_comp/AixLib.ThermalZones.HighOrder.Validation.EmpiricalValidation.Warehouse.mat_heatingPower"
      ],
      "success_rate": 1.0,
      "t_err_max": [
        0.0,
        0.0,
        0.0,
        0.0
      ],
      "test_passed": [
        1,
        1,
        1,
        1
      ],
      "var_groups": [
        0,
        0,
        1,
        2
      ],
      "variables": [
        "meanMeasuredTemp",
        "roomTemp",
        "coolingPower",
        "heatingPower"
      ],
      "warnings": [
        null,
        null,
        null,
        null
      ]
    },
    "model": "AixLib.ThermalZones.HighOrder.Validation.EmpiricalValidation.Warehouse",
    "simulation": {
      "elapsed_time": 15.8,
      "final_time": 31536000.0,
      "jacobians": 95719,
      "start_time": 0,
      "state_events": 365,
      "success": true
    }
  },
  {
    "comparison": {
      "file_name": "AixLib.ThermalZones.HighOrder.Validation.ASHRAE140.Case440.mat",
      "funnel_dirs": [
        null,
        null,
        null,
        null,
        null,
        null,
        null,
        null,
        null,
        null,
        null
      ],
      "success_rate": 0.0,
      "t_err_max": [
        0,
        0,
        0,
        0,
        0,
        0,
        0,
        0,
        0,
        0,
        0
      ],
      "test_passed": [
        0,
        0,
        0,
        0,
        0,
        0,
        0,
        0,
        0,
        0,
        0
      ],
      "var_groups": [
        0,
        0,
        0,
        1,
        1,
        1,
        2,
        2,
        3,
        3,
        4
      ],
      "variables": [
        "checkResultsAccordingToASHRAEHeatingOrTempMax.lowerLimit",
        "AnnualHeatingLoad",
        "checkResultsAccordingToASHRAEHeatingOrTempMax.upperLimit",
        "checkResultsAccordingToASHRAECoolingOrTempMin.lowerLimit",
        "AnnualCoolingLoad",
        "checkResultsAccordingToASHRAECoolingOrTempMin.upperLimit",
        "checkResultsAccordingToASHRAEHeatingOrTempMax.satisfied",
        "checkResultsAccordingToASHRAECoolingOrTempMin.satisfied",
        "Room.thermRoom.T",
        "Room.starRoom.T",
        "TransmittedSolarRadiation_room"
      ],
      "warnings": [
        "Translation, simulation or extracting simulation results failed. IOError while reading /tmp/tmp-AixLib-3-anh5zsev/AixLib/AixLib.ThermalZones.HighOrder.Validation.ASHRAE140.Case440.mat generated by ThermalZones/HighOrder/Validation/ASHRAE140/Case440.mos.\nFile /tmp/tmp-AixLib-3-anh5zsev/AixLib/AixLib.ThermalZones.HighOrder.Validation.ASHRAE140.Case440.mat does not exist.\n",
        "",
        "",
        "",
        "",
        "",
        "",
        "",
        "",
        "",
        ""
      ]
    },
    "model": "AixLib.ThermalZones.HighOrder.Validation.ASHRAE140.Case440",
    "simulation": {
      "elapsed_time": 0,
      "final_time": 31539600.0,
      "jacobians": 0,
      "start_time": 0,
      "state_events": 0,
      "success": false
    }
  },
  {
    "comparison": {
      "file_name": "AixLib.ThermalZones.HighOrder.Validation.ASHRAE140.Case950FF.mat",
      "funnel_dirs": [
        "funnel_comp/AixLib.ThermalZones.HighOrder.Validation.ASHRAE140.Case950FF.mat_checkResultsAccordingToASHRAEHeatingOrTempMax.lowerLimit",
        "funnel_comp/AixLib.ThermalZones.HighOrder.Validation.ASHRAE140.Case950FF.mat_FreeFloatRoomTemperature",
        "funnel_comp/AixLib.ThermalZones.HighOrder.Validation.ASHRAE140.Case950FF.mat_checkResultsAccordingToASHRAEHeatingOrTempMax.upperLimit",
        "funnel_comp/AixLib.ThermalZones.HighOrder.Validation.ASHRAE140.Case950FF.mat_checkResultsAccordingToASHRAECoolingOrTempMin.lowerLimit",
        "funnel_comp/AixLib.ThermalZones.HighOrder.Validation.ASHRAE140.Case950FF.mat_FreeFloatRoomTemperature",
        "funnel_comp/AixLib.ThermalZones.HighOrder.Validation.ASHRAE140.Case950FF.mat_checkResultsAccordingToASHRAECoolingOrTempMin.upperLimit",
        "funnel_comp/AixLib.ThermalZones.HighOrder.Validation.ASHRAE140.Case950FF.mat_checkResultsAccordingToASHRAEHeatingOrTempMax.satisfied",
        "funnel_comp/AixLib.ThermalZones.HighOrder.Validation.ASHRAE140.Case950FF.mat_checkResultsAccordingToASHRAECoolingOrTempMin.satisfied",
        "funnel_comp/AixLib.ThermalZones.HighOrder.Validation.ASHRAE140.Case950FF.mat_Room.thermRoom.T",
        "funnel_comp/AixLib.ThermalZones.HighOrder.Validation.ASHRAE140.Case950FF.mat_Room.starRoom.T",
        "funnel_comp/AixLib.ThermalZones.HighOrder.Validation.ASHRAE140.Case950FF.mat_TransmittedSolarRadiation_room"
      ],
      "success_rate": 1.0,
      "t_err_max": [
        0.0,
        0.0,
        0.0,
        0.0,
        0.0,
        0.0,
        0.0,
        0.0,
        0.0,
        0.0,
        0.0
      ],
      "test_passed": [
        1,
        1,
        1,
        1,
        1,
        1,
        1,
        1,
        1,
        1,
        1
      ],
      "var_groups": [
        0,
        0,
        0,
        1,
        1,
        1,
        2,
        2,
        3,
        3,
        4
      ],
      "variables": [
        "checkResultsAccordingToASHRAEHeatingOrTempMax.lowerLimit",
        "FreeFloatRoomTemperature",
        "checkResultsAccordingToASHRAEHeatingOrTempMax.upperLimit",
        "checkResultsAccordingToASHRAECoolingOrTempMin.lowerLimit",
        "FreeFloatRoomTemperature",
        "checkResultsAccordingToASHRAECoolingOrTempMin.upperLimit",
        "checkResultsAccordingToASHRAEHeatingOrTempMax.satisfied",
        "checkResultsAccordingToASHRAECoolingOrTempMin.satisfied",
        "Room.thermRoom.T",
        "Room.starRoom.T",
        "TransmittedSolarRadiation_room"
      ],
      "warnings": [
        null,
        null,
        null,
        null,
        null,
        null,
        null,
        null,
        null,
        null,
        null
      ]
    },
    "model": "AixLib.ThermalZones.HighOrder.Validation.ASHRAE140.Case950FF",
    "simulation": {
      "elapsed_time": 42.1,
      "final_time": 31539600.0,
      "jacobians": 124948,
      "start_time": 0,
      "state_events": 366,
      "success": true
    }
  },
  {
    "comparison": {
      "file_name": "AixLib.ThermalZones.ReducedOrder.Examples.MultizonePartlyCooled.mat",
      "funnel_dirs": [
        "funnel_comp/AixLib.ThermalZones.ReducedOrder.Examples.MultizonePartlyCooled.mat_multizone.TAir[1]",
        "funnel_comp/AixLib.ThermalZones.ReducedOrder.Examples.MultizonePartlyCooled.mat_multizone.TAir[2]",
        "funnel_comp/AixLib.ThermalZones.ReducedOrder.Examples.MultizonePartlyCooled.mat_multizone.TAir[3]",
        "funnel_comp/AixLib.ThermalZones.ReducedOrder.Examples.MultizonePartlyCooled.mat_multizone.TAir[4]",
        "funnel_comp/AixLib.ThermalZones.ReducedOrder.Examples.MultizonePartlyCooled.mat_multizone.TAir[5]",
        "funnel_comp/AixLib.ThermalZones.ReducedOrder.Examples.MultizonePartlyCooled.mat_multizone.PCooler[1]",
        "funnel_comp/AixLib.ThermalZones.ReducedOrder.Examples.MultizonePartlyCooled.mat_multizone.PCooler[2]",
        "funnel_comp/AixLib.ThermalZones.ReducedOrder.Examples.MultizonePartlyCooled.mat_multizone.PCooler[3]",
        "funnel_comp/AixLib.ThermalZones.ReducedOrder.Examples.MultizonePartlyCooled.mat_multizone.PCooler[4]",
        "funnel_comp/AixLib.ThermalZones.ReducedOrder.Examples.MultizonePartlyCooled.mat_multizone.PCooler[5]"
      ],
      "success_rate": 1.0,
      "t_err_max": [
        14688000.0,
        14688000.0,
        14688000.0,
        14688000.0,
        14688000.0,
        14688000.0,
        14688000.0,
        14688000.0,
        14688000.0,
        14688000.0
      ],
      "test_passed": [
        1,
        1,
        1,
        1,
        1,
        1,
        1,
        1,
        1,
        1
      ],
      "var_groups": [
        0,
        0,
        0,
        0,
        0,
        1,
        1,
        1,
        1,
        1
      ],
      "variables": [
        "multizone.TAir[1]",
        "multizone.TAir[2]",
        "multizone.TAir[3]",
        "multizone.TAir[4]",
        "multizone.TAir[5]",
        "multizone.PCooler[1]",
        "multizone.PCooler[2]",
        "multizone.PCooler[3]",
        "multizone.PCooler[4]",
        "multizone.PCooler[5]"
      ],
      "warnings": [
        null,
        null,
        null,
        null,
        null,
        null,
        null,
        null,
        null,
        null
      ]
    },
    "model": "AixLib.ThermalZones.ReducedOrder.Examples.MultizonePartlyCooled",
    "simulation": {
      "elapsed_time": 1.18461,
      "final_time": 15552000.0,
      "jacobians": 312,
      "start_time": 14688000.0,
      "state_events": 70,
      "success": true
    }
  },
  {
    "comparison": {
      "file_name": "AixLib.ThermalZones.ReducedOrder.Examples.ThermalZoneMoistCO2AirExchange.mat",
      "funnel_dirs": [
        "funnel_comp/AixLib.ThermalZones.ReducedOrder.Examples.ThermalZoneMoistCO2AirExchange.mat_thermalZone.TAir",
        "funnel_comp/AixLib.ThermalZones.ReducedOrder.Examples.ThermalZoneMoistCO2AirExchange.mat_thermalZone.X_w",
        "funnel_comp/AixLib.ThermalZones.ReducedOrder.Examples.ThermalZoneMoistCO2AirExchange.mat_thermalZone.CO2Con"
      ],
      "success_rate": 1.0,
      "t_err_max": [
        0.0,
        0.0,
        0.0
      ],
      "test_passed": [
        1,
        1,
        1
      ],
      "var_groups": [
        0,
        1,
        2
      ],
      "variables": [
        "thermalZone.TAir",
        "thermalZone.X_w",
        "thermalZone.CO2Con"
      ],
      "warnings": [
        null,
        null,
        null
      ]
    },
    "model": "AixLib.ThermalZones.ReducedOrder.Examples.ThermalZoneMoistCO2AirExchange",
    "simulation": {
      "elapsed_time": 10.8653,
      "final_time": 31536000.0,
      "jacobians": 20815,
      "start_time": 0,
      "state_events": 2980,
      "success": true
    }
  },
  {
    "comparison": {
      "file_name": "AixLib.ThermalZones.HighOrder.Validation.ASHRAE140.Case230.mat",
      "funnel_dirs": [
        null,
        null,
        null,
        null,
        null,
        null,
        null,
        null,
        null,
        null,
        null
      ],
      "success_rate": 0.0,
      "t_err_max": [
        0,
        0,
        0,
        0,
        0,
        0,
        0,
        0,
        0,
        0,
        0
      ],
      "test_passed": [
        0,
        0,
        0,
        0,
        0,
        0,
        0,
        0,
        0,
        0,
        0
      ],
      "var_groups": [
        0,
        0,
        0,
        1,
        1,
        1,
        2,
        2,
        3,
        3,
        4
      ],
      "variables": [
        "checkResultsAccordingToASHRAEHeatingOrTempMax.lowerLimit",
        "AnnualHeatingLoad",
        "checkResultsAccordingToASHRAEHeatingOrTempMax.upperLimit",
        "checkResultsAccordingToASHRAECoolingOrTempMin.lowerLimit",
        "AnnualCoolingLoad",
        "checkResultsAccordingToASHRAECoolingOrTempMin.upperLimit",
        "checkResultsAccordingToASHRAEHeatingOrTempMax.satisfied",
        "checkResultsAccordingToASHRAECoolingOrTempMin.satisfied",
        "Room.thermRoom.T",
        "Room.starRoom.T",
        "TransmittedSolarRadiation_room"
      ],
      "warnings": [
        "Translation, simulation or extracting simulation results failed. IOError while reading /tmp/tmp-AixLib-3-anh5zsev/AixLib/AixLib.ThermalZones.HighOrder.Validation.ASHRAE140.Case230.mat generated by ThermalZones/HighOrder/Validation/ASHRAE140/Case230.mos.\nFile /tmp/tmp-AixLib-3-anh5zsev/AixLib/AixLib.ThermalZones.HighOrder.Validation.ASHRAE140.Case230.mat does not exist.\n",
        "",
        "",
        "",
        "",
        "",
        "",
        "",
        "",
        "",
        ""
      ]
    },
    "model": "AixLib.ThermalZones.HighOrder.Validation.ASHRAE140.Case230",
    "simulation": {
      "elapsed_time": 0,
      "final_time": 31539600.0,
      "jacobians": 0,
      "start_time": 0,
      "state_events": 0,
      "success": false
    }
  },
  {
    "comparison": {
      "file_name": "AixLib.ThermalZones.HighOrder.Validation.ASHRAE140.Case900.mat",
      "funnel_dirs": [
        "funnel_comp/AixLib.ThermalZones.HighOrder.Validation.ASHRAE140.Case900.mat_checkResultsAccordingToASHRAEHeatingOrTempMax.lowerLimit",
        "funnel_comp/AixLib.ThermalZones.HighOrder.Validation.ASHRAE140.Case900.mat_AnnualHeatingLoad",
        "funnel_comp/AixLib.ThermalZones.HighOrder.Validation.ASHRAE140.Case900.mat_checkResultsAccordingToASHRAEHeatingOrTempMax.upperLimit",
        "funnel_comp/AixLib.ThermalZones.HighOrder.Validation.ASHRAE140.Case900.mat_checkResultsAccordingToASHRAECoolingOrTempMin.lowerLimit",
        "funnel_comp/AixLib.ThermalZones.HighOrder.Validation.ASHRAE140.Case900.mat_AnnualCoolingLoad",
        "funnel_comp/AixLib.ThermalZones.HighOrder.Validation.ASHRAE140.Case900.mat_checkResultsAccordingToASHRAECoolingOrTempMin.upperLimit",
        "funnel_comp/AixLib.ThermalZones.HighOrder.Validation.ASHRAE140.Case900.mat_checkResultsAccordingToASHRAEHeatingOrTempMax.satisfied",
        "funnel_comp/AixLib.ThermalZones.HighOrder.Validation.ASHRAE140.Case900.mat_checkResultsAccordingToASHRAECoolingOrTempMin.satisfied",
        "funnel_comp/AixLib.ThermalZones.HighOrder.Validation.ASHRAE140.Case900.mat_Room.thermRoom.T",
        "funnel_comp/AixLib.ThermalZones.HighOrder.Validation.ASHRAE140.Case900.mat_Room.starRoom.T",
        "funnel_comp/AixLib.ThermalZones.HighOrder.Validation.ASHRAE140.Case900.mat_TransmittedSolarRadiation_room"
      ],
      "success_rate": 1.0,
      "t_err_max": [
        0.0,
        0.0,
        0.0,
        0.0,
        0.0,
        0.0,
        0.0,
        0.0,
        0.0,
        0.0,
        0.0
      ],
      "test_passed": [
        1,
        1,
        1,
        1,
        1,
        1,
        1,
        1,
        1,
        1,
        1
      ],
      "var_groups": [
        0,
        0,
        0,
        1,
        1,
        1,
        2,
        2,
        3,
        3,
        4
      ],
      "variables": [
        "checkResultsAccordingToASHRAEHeatingOrTempMax.lowerLimit",
        "AnnualHeatingLoad",
        "checkResultsAccordingToASHRAEHeatingOrTempMax.upperLimit",
        "checkResultsAccordingToASHRAECoolingOrTempMin.lowerLimit",
        "AnnualCoolingLoad",
        "checkResultsAccordingToASHRAECoolingOrTempMin.upperLimit",
        "checkResultsAccordingToASHRAEHeatingOrTempMax.satisfied",
        "checkResultsAccordingToASHRAECoolingOrTempMin.satisfied",
        "Room.thermRoom.T",
        "Room.starRoom.T",
        "TransmittedSolarRadiation_room"
      ],
      "warnings": [
        null,
        null,
        null,
        null,
        null,
        null,
        null,
        null,
        null,
        null,
        null
      ]
    },
    "model": "AixLib.ThermalZones.HighOrder.Validation.ASHRAE140.Case900",
    "simulation": {
      "elapsed_time": 85.2,
      "final_time": 31539600.0,
      "jacobians": 205135,
      "start_time": 0,
      "state_events": 1215,
      "success": true
    }
  },
  {
    "comparison": {
      "file_name": "AixLib.ThermalZones.HighOrder.Validation.ASHRAE140.Case650.mat",
      "funnel_dirs": [
        null,
        null,
        null,
        null,
        null,
        null,
        null
      ],
      "success_rate": 0.0,
      "t_err_max": [
        0,
        0,
        0,
        0,
        0,
        0,
        0
      ],
      "test_passed": [
        0,
        0,
        0,
        0,
        0,
        0,
        0
      ],
      "var_groups": [
        0,
        0,
        0,
        1,
        2,
        2,
        3
      ],
      "variables": [
        "checkResultsAccordingToASHRAECoolingOrTempMin.lowerLimit",
        "AnnualCoolingLoad",
        "checkResultsAccordingToASHRAECoolingOrTempMin.upperLimit",
        "checkResultsAccordingToASHRAECoolingOrTempMin.satisfied",
        "Room.thermRoom.T",
        "Room.starRoom.T",
        "TransmittedSolarRadiation_room"
      ],
      "warnings": [
        "Translation, simulation or extracting simulation results failed. IOError while reading /tmp/tmp-AixLib-3-anh5zsev/AixLib/AixLib.ThermalZones.HighOrder.Validation.ASHRAE140.Case650.mat generated by ThermalZones/HighOrder/Validation/ASHRAE140/Case650.mos.\nFile /tmp/tmp-AixLib-3-anh5zsev/AixLib/AixLib.ThermalZones.HighOrder.Validation.ASHRAE140.Case650.mat does not exist.\n",
        "",
        "",
        "",
        "",
        "",
        ""
      ]
    },
    "model": "AixLib.ThermalZones.HighOrder.Validation.ASHRAE140.Case650",
    "simulation": {
      "elapsed_time": 0,
      "final_time": 31539600.0,
      "jacobians": 0,
      "start_time": 0,
      "state_events": 0,
      "success": false
    }
  },
  {
    "comparison": {
      "file_name": "AixLib.ThermalZones.HighOrder.Validation.ASHRAE140.Case420.mat",
      "funnel_dirs": [
        null,
        null,
        null,
        null,
        null,
        null,
        null,
        null,
        null,
        null,
        null
      ],
      "success_rate": 0.0,
      "t_err_max": [
        0,
        0,
        0,
        0,
        0,
        0,
        0,
        0,
        0,
        0,
        0
      ],
      "test_passed": [
        0,
        0,
        0,
        0,
        0,
        0,
        0,
        0,
        0,
        0,
        0
      ],
      "var_groups": [
        0,
        0,
        0,
        1,
        1,
        1,
        2,
        2,
        3,
        3,
        4
      ],
      "variables": [
        "checkResultsAccordingToASHRAEHeatingOrTempMax.lowerLimit",
        "AnnualHeatingLoad",
        "checkResultsAccordingToASHRAEHeatingOrTempMax.upperLimit",
        "checkResultsAccordingToASHRAECoolingOrTempMin.lowerLimit",
        "AnnualCoolingLoad",
        "checkResultsAccordingToASHRAECoolingOrTempMin.upperLimit",
        "checkResultsAccordingToASHRAEHeatingOrTempMax.satisfied",
        "checkResultsAccordingToASHRAECoolingOrTempMin.satisfied",
        "Room.thermRoom.T",
        "Room.starRoom.T",
        "TransmittedSolarRadiation_room"
      ],
      "warnings": [
        "Translation, simulation or extracting simulation results failed. IOError while reading /tmp/tmp-AixLib-3-anh5zsev/AixLib/AixLib.ThermalZones.HighOrder.Validation.ASHRAE140.Case420.mat generated by ThermalZones/HighOrder/Validation/ASHRAE140/Case420.mos.\nFile /tmp/tmp-AixLib-3-anh5zsev/AixLib/AixLib.ThermalZones.HighOrder.Validation.ASHRAE140.Case420.mat does not exist.\n",
        "",
        "",
        "",
        "",
        "",
        "",
        "",
        "",
        "",
        ""
      ]
    },
    "model": "AixLib.ThermalZones.HighOrder.Validation.ASHRAE140.Case420",
    "simulation": {
      "elapsed_time": 0,
      "final_time": 31539600.0,
      "jacobians": 0,
      "start_time": 0,
      "state_events": 0,
      "success": false
    }
  },
  {
    "comparison": {
      "file_name": "AixLib.ThermalZones.ReducedOrder.Examples.ThermalZoneMoistAir.mat",
      "funnel_dirs": [
        "funnel_comp/AixLib.ThermalZones.ReducedOrder.Examples.ThermalZoneMoistAir.mat_thermalZone.TAir",
        "funnel_comp/AixLib.ThermalZones.ReducedOrder.Examples.ThermalZoneMoistAir.mat_thermalZone.X_w"
      ],
      "success_rate": 1.0,
      "t_err_max": [
        0.0,
        0.0
      ],
      "test_passed": [
        1,
        1
      ],
      "var_groups": [
        0,
        1
      ],
      "variables": [
        "thermalZone.TAir",
        "thermalZone.X_w"
      ],
      "warnings": [
        null,
        null
      ]
    },
    "model": "AixLib.ThermalZones.ReducedOrder.Examples.ThermalZoneMoistAir",
    "simulation": {
      "elapsed_time": 8.66378,
      "final_time": 31536000.0,
      "jacobians": 20421,
      "start_time": 0,
      "state_events": 2938,
      "success": true
    }
  },
  {
    "comparison": {
      "file_name": "AixLib.ThermalZones.HighOrder.Examples.RoomGFOw2_DayNightMode.mat",
      "funnel_dirs": [
        null,
        null,
        null,
        null
      ],
      "success_rate": 0.0,
      "t_err_max": [
        0,
        0,
        0,
        0
      ],
      "test_passed": [
        0,
        0,
        0,
        0
      ],
      "var_groups": [
        0,
        1,
        1,
        2
      ],
      "variables": [
        "TRoom",
        "Q_flowToRoomConv",
        "Q_flowToRoomRad",
        "m_flowHC"
      ],
      "warnings": [
        "Translation, simulation or extracting simulation results failed. IOError while reading /tmp/tmp-AixLib-3-anh5zsev/AixLib/AixLib.ThermalZones.HighOrder.Examples.RoomGFOw2_DayNightMode.mat generated by ThermalZones/HighOrder/Examples/RoomGFOw2_DayNightMode.mos.\nFile /tmp/tmp-AixLib-3-anh5zsev/AixLib/AixLib.ThermalZones.HighOrder.Examples.RoomGFOw2_DayNightMode.mat does not exist.\n",
        "",
        "",
        ""
      ]
    },
    "model": "AixLib.ThermalZones.HighOrder.Examples.RoomGFOw2_DayNightMode",
    "simulation": {
      "elapsed_time": 0,
      "final_time": 86400,
      "jacobians": 0,
      "start_time": 0,
      "state_events": 0,
      "success": false
    }
  },
  {
    "comparison": {
      "file_name": "AixLib.ThermalZones.HighOrder.Validation.ASHRAE140.Case640.mat",
      "funnel_dirs": [
        null,
        null,
        null,
        null,
        null,
        null,
        null,
        null,
        null,
        null,
        null
      ],
      "success_rate": 0.0,
      "t_err_max": [
        0,
        0,
        0,
        0,
        0,
        0,
        0,
        0,
        0,
        0,
        0
      ],
      "test_passed": [
        0,
        0,
        0,
        0,
        0,
        0,
        0,
        0,
        0,
        0,
        0
      ],
      "var_groups": [
        0,
        0,
        0,
        1,
        1,
        1,
        2,
        2,
        3,
        3,
        4
      ],
      "variables": [
        "checkResultsAccordingToASHRAEHeatingOrTempMax.lowerLimit",
        "AnnualHeatingLoad",
        "checkResultsAccordingToASHRAEHeatingOrTempMax.upperLimit",
        "checkResultsAccordingToASHRAECoolingOrTempMin.lowerLimit",
        "AnnualCoolingLoad",
        "checkResultsAccordingToASHRAECoolingOrTempMin.upperLimit",
        "checkResultsAccordingToASHRAEHeatingOrTempMax.satisfied",
        "checkResultsAccordingToASHRAECoolingOrTempMin.satisfied",
        "Room.thermRoom.T",
        "Room.starRoom.T",
        "TransmittedSolarRadiation_room"
      ],
      "warnings": [
        "Translation, simulation or extracting simulation results failed. IOError while reading /tmp/tmp-AixLib-3-anh5zsev/AixLib/AixLib.ThermalZones.HighOrder.Validation.ASHRAE140.Case640.mat generated by ThermalZones/HighOrder/Validation/ASHRAE140/Case640.mos.\nFile /tmp/tmp-AixLib-3-anh5zsev/AixLib/AixLib.ThermalZones.HighOrder.Validation.ASHRAE140.Case640.mat does not exist.\n",
        "",
        "",
        "",
        "",
        "",
        "",
        "",
        "",
        "",
        ""
      ]
    },
    "model": "AixLib.ThermalZones.HighOrder.Validation.ASHRAE140.Case640",
    "simulation": {
      "elapsed_time": 0,
      "final_time": 31539600.0,
      "jacobians": 0,
      "start_time": 0,
      "state_events": 0,
      "success": false
    }
  }
]
