[
  {
    "comparison": {
      "file_name": "AixLib.Controls.Continuous.Examples.SignalRanker.mat",
      "funnel_dirs": [
        "funnel_comp/AixLib.Controls.Continuous.Examples.SignalRanker.mat_sigRan.u[1]",
        "funnel_comp/AixLib.Controls.Continuous.Examples.SignalRanker.mat_sigRan.u[2]",
        "funnel_comp/AixLib.Controls.Continuous.Examples.SignalRanker.mat_sigRan.u[3]",
        "funnel_comp/AixLib.Controls.Continuous.Examples.SignalRanker.mat_sigRan.y[1]",
        "funnel_comp/AixLib.Controls.Continuous.Examples.SignalRanker.mat_sigRan.y[2]",
        "funnel_comp/AixLib.Controls.Continuous.Examples.SignalRanker.mat_sigRan.y[3]"
      ],
      "success_rate": 1.0,
      "t_err_max": [
        0.0,
        0.0,
        0.0,
        0.0,
        0.0,
        0.0
      ],
      "test_passed": [
        1,
        1,
        1,
        1,
        1,
        1
      ],
      "var_groups": [
        0,
        0,
        0,
        1,
        1,
        1
      ],
      "variables": [
        "sigRan.u[1]",
        "sigRan.u[2]",
        "sigRan.u[3]",
        "sigRan.y[1]",
        "sigRan.y[2]",
        "sigRan.y[3]"
      ],
      "warnings": [
        null,
        null,
        null,
        null,
        null,
        null
      ]
    },
    "model": "AixLib.Controls.Continuous.Examples.SignalRanker",
    "simulation": {
      "elapsed_time": 0.00240302,
      "final_time": 1,
      "jacobians": 9,
      "start_time": 0,
      "state_events": 3,
      "success": true
    }
  }
]
