 = true


rCheck = checkModel("AixLib.Controls.SetPoints.Validation.OccupancyScheduleNegativeStartTime");
Check of AixLib.Controls.SetPoints.Validation.OccupancyScheduleNegativeStartTime:
The model has the same number of unknowns and equations: 18
Check of AixLib.Controls.SetPoints.Validation.OccupancyScheduleNegativeStartTime successful.
Declaring variable: Boolean rCheck ;

Modelica.Utilities.Streams.print("    { \"file\" :  \"AixLib/Resources/Scripts/Dymola/Controls/SetPoints/Validation/OccupancyScheduleNegativeStartTime.mos\",", "AixLib.Controls.SetPoints.Validation.OccupancyScheduleNegativeStartTime.statistics.log");
Modelica.Utilities.Streams.print("      \"model\" : \"AixLib.Controls.SetPoints.Validation.OccupancyScheduleNegativeStartTime\",", "AixLib.Controls.SetPoints.Validation.OccupancyScheduleNegativeStartTime.statistics.log");
Modelica.Utilities.Streams.print("      \"check\" : {", "AixLib.Controls.SetPoints.Validation.OccupancyScheduleNegativeStartTime.statistics.log");
Modelica.Utilities.Streams.print("        \"command\" : \"checkModel(\\\"AixLib.Controls.SetPoints.Validation.OccupancyScheduleNegativeStartTime\\\");\",", "AixLib.Controls.SetPoints.Validation.OccupancyScheduleNegativeStartTime.statistics.log");
Modelica.Utilities.Streams.print("        \"result\"  : " + String(rCheck), "AixLib.Controls.SetPoints.Validation.OccupancyScheduleNegativeStartTime.statistics.log");
Modelica.Utilities.Streams.print("      },", "AixLib.Controls.SetPoints.Validation.OccupancyScheduleNegativeStartTime.statistics.log");


rScript=RunScript("modelica://AixLib/Resources/Scripts/Dymola/Controls/SetPoints/Validation/OccupancyScheduleNegativeStartTime.mos");
simulateModel("AixLib.Controls.SetPoints.Validation.OccupancyScheduleNegativeStartTime", startTime=-112320, stopTime=207360, method="Cvode", tolerance=1e-06, resultFile="AixLib.Controls.SetPoints.Validation.OccupancyScheduleNegativeStartTime");
Translation of AixLib.Controls.SetPoints.Validation.OccupancyScheduleNegativeStartTime:
The DAE has 18 scalar unknowns and 18 scalar equations.
 
Statistics
 
Original Model
  Number of components: 4
  Variables: 30
  Parameters: 12 (17 scalars)
  Unknowns: 18 (18 scalars)
  Equations: 9
  Nontrivial: 9
Translated Model
  Constants: 3 scalars
  Free parameters: 14 scalars
  Time-varying variables: 18 scalars
  Number of mixed real/discrete systems of equations: 0
  Sizes of linear systems of equations: { }
  Sizes after manipulation of the linear systems: { }
  Sizes of nonlinear systems of equations: { }
  Sizes after manipulation of the nonlinear systems: { }
  Number of numerical Jacobians: 0
 
Selected continuous time states
Finished
 = true

Declaring variable: Boolean rScript ;

savelog("AixLib.Controls.SetPoints.Validation.OccupancyScheduleNegativeStartTime.translation.log");