 = true


rCheck = checkModel("AixLib.Electrical.PVSystem.Validation.ValidationPVSystem");
Check of AixLib.Electrical.PVSystem.Validation.ValidationPVSystem
Warning: The quantity of pVSystem.weaBus.TDryBul is "ThermodynamicTemperature" and the quantity of pVSystem.cellTemperature.T_a is "Temp_C".
In connect(pVSystem.weaBus.TDryBul, pVSystem.cellTemperature.T_a);
Found in class AixLib.Electrical.PVSystem.PVSystem, /tmp/tmp-AixLib-0-ztpj5s_5/AixLib/Electrical/PVSystem/PVSystem.mo at line 132, and used in component pVSystem.
Variable pVSystem.weaBus.TDryBul was declared in class Modelica.Units.SI, /tmp/tmp-AixLib-0-ztpj5s_5/AixLib/BoundaryConditions/WeatherData/Bus.mo at line 5, and used in component pVSystem.weaBus.
Variable pVSystem.cellTemperature.T_a was declared in class Modelica.Blocks.Interfaces, /tmp/tmp-AixLib-0-ztpj5s_5/AixLib/Electrical/PVSystem/BaseClasses/PartialCellTemperature.mo at line 21, and used in component pVSystem.cellTemperature.PartialCellTemperature.
Warning: Incompatible units.
Warning: Incompatible units in
  pVSystem.cellTemperature.radTil*exp((-2.98)-0.0471*pVSystem.cellTemperature.winVel)  +pVSystem.cellTemperature.T_a
The part
  pVSystem.cellTemperature.radTil*exp((-2.98)-0.0471*pVSystem.cellTemperature.winVel)
has unit kg/s3
The part
  pVSystem.cellTemperature.T_a
has unit K
Warning: The unit issue reported appeared in the equation
  pVSystem.cellTemperature.T_c = (if noEvent(pVSystem.cellTemperature.radTil >=   _GlobalScope.Modelica.Constants.eps) then pVSystem.cellTemperature.radTil*exp(  (-2.98)-0.0471*pVSystem.cellTemperature.winVel)+pVSystem.cellTemperature.T_a+  pVSystem.cellTemperature.radTil/1000*1 else pVSystem.cellTemperature.T_a);
Found in class AixLib.Electrical.PVSystem.BaseClasses.CellTemperatureMountingCloseToGround, /tmp/tmp-AixLib-0-ztpj5s_5/AixLib/Electrical/PVSystem/BaseClasses/CellTemperatureMountingCloseToGround.mo at line 13, and used in component pVSystem.cellTemperature.
The model has the same number of unknowns and equations: 106
The model has the same number of unknowns and equations:
  102+max([size(NISTdata.columns, 1); size(NISTdata.offset, 1)])
Check of AixLib.Electrical.PVSystem.Validation.ValidationPVSystem successful.
Warning: WARNINGS have been issued.
Declaring variable: Boolean rCheck ;

Modelica.Utilities.Streams.print("    { \"file\" :  \"AixLib/Resources/Scripts/Dymola/Electrical/Validation/ValidationPVSystem.mos\",", "AixLib.Electrical.PVSystem.Validation.ValidationPVSystem.statistics.log");
Modelica.Utilities.Streams.print("      \"model\" : \"AixLib.Electrical.PVSystem.Validation.ValidationPVSystem\",", "AixLib.Electrical.PVSystem.Validation.ValidationPVSystem.statistics.log");
Modelica.Utilities.Streams.print("      \"check\" : {", "AixLib.Electrical.PVSystem.Validation.ValidationPVSystem.statistics.log");
Modelica.Utilities.Streams.print("        \"command\" : \"checkModel(\\\"AixLib.Electrical.PVSystem.Validation.ValidationPVSystem\\\");\",", "AixLib.Electrical.PVSystem.Validation.ValidationPVSystem.statistics.log");
Modelica.Utilities.Streams.print("        \"result\"  : " + String(rCheck), "AixLib.Electrical.PVSystem.Validation.ValidationPVSystem.statistics.log");
Modelica.Utilities.Streams.print("      },", "AixLib.Electrical.PVSystem.Validation.ValidationPVSystem.statistics.log");


rScript=RunScript("modelica://AixLib/Resources/Scripts/Dymola/Electrical/Validation/ValidationPVSystem.mos");
simulateModel("AixLib.Electrical.PVSystem.Validation.ValidationPVSystem", startTime=28684800, stopTime=28771200, tolerance=1e-06, method="dassl", resultFile="AixLib.Electrical.PVSystem.Validation.ValidationPVSystem");
Translation of AixLib.Electrical.PVSystem.Validation.ValidationPVSystem
Warning: The quantity of pVSystem.weaBus.TDryBul is "ThermodynamicTemperature" and the quantity of pVSystem.cellTemperature.T_a is "Temp_C".
In connect(pVSystem.weaBus.TDryBul, pVSystem.cellTemperature.T_a);
Found in class AixLib.Electrical.PVSystem.PVSystem, /tmp/tmp-AixLib-0-ztpj5s_5/AixLib/Electrical/PVSystem/PVSystem.mo at line 132, and used in component pVSystem.
Variable pVSystem.weaBus.TDryBul was declared in class Modelica.Units.SI, /tmp/tmp-AixLib-0-ztpj5s_5/AixLib/BoundaryConditions/WeatherData/Bus.mo at line 5, and used in component pVSystem.weaBus.
Variable pVSystem.cellTemperature.T_a was declared in class Modelica.Blocks.Interfaces, /tmp/tmp-AixLib-0-ztpj5s_5/AixLib/Electrical/PVSystem/BaseClasses/PartialCellTemperature.mo at line 21, and used in component pVSystem.cellTemperature.PartialCellTemperature.
Warning: Incompatible units.
Warning: Incompatible units in
  pVSystem.cellTemperature.radTil*exp((-2.98)-0.0471*pVSystem.cellTemperature.winVel)  +pVSystem.cellTemperature.T_a
The part
  pVSystem.cellTemperature.radTil*exp((-2.98)-0.0471*pVSystem.cellTemperature.winVel)
has unit kg/s3
The part
  pVSystem.cellTemperature.T_a
has unit K
Warning: The unit issue reported appeared in the equation
  pVSystem.cellTemperature.T_c = (if noEvent(pVSystem.cellTemperature.radTil >=   1E-15) then pVSystem.cellTemperature.radTil*exp((-2.98)-0.0471*  pVSystem.cellTemperature.winVel)+pVSystem.cellTemperature.T_a+pVSystem.cellTemperature.radTil  /1000*1 else pVSystem.cellTemperature.T_a);
Found in class AixLib.Electrical.PVSystem.BaseClasses.CellTemperatureMountingCloseToGround, /tmp/tmp-AixLib-0-ztpj5s_5/AixLib/Electrical/PVSystem/BaseClasses/CellTemperatureMountingCloseToGround.mo at line 13, and used in component pVSystem.cellTemperature.
The DAE has 106 scalar unknowns and 106 scalar equations.
 
Statistics
 
Original Model
  Number of components: 20
  Variables: 292
  Constants: 6 (6 scalars)
  Parameters: 141 (146 scalars)
  Unknowns: 145 (106 scalars)
  Equations: 102
  Nontrivial: 92
Translated Model
  Constants: 16 scalars
  Free parameters: 47 scalars
  Parameter depending: 105 scalars
  Outputs: 5 scalars
  Time-varying variables: 55 scalars
  Alias variables: 35 scalars
  Number of mixed real/discrete systems of equations: 0
  Sizes of linear systems of equations: { }
  Sizes after manipulation of the linear systems: { }
  Sizes of nonlinear systems of equations: { }
  Sizes after manipulation of the nonlinear systems: { }
  Number of numerical Jacobians: 0
 
Selected continuous time states
Finished
Warning: WARNINGS have been issued.
Finished
 = true

Declaring variable: Boolean rScript ;

savelog("AixLib.Electrical.PVSystem.Validation.ValidationPVSystem.translation.log"); = true


rCheck = checkModel("AixLib.Electrical.PVSystem.Examples.ExamplePVSystem");
Check of AixLib.Electrical.PVSystem.Examples.ExamplePVSystem
Warning: The quantity of pVSystem.weaBus.TDryBul is "ThermodynamicTemperature" and the quantity of pVSystem.cellTemperature.T_a is "Temp_C".
In connect(pVSystem.weaBus.TDryBul, pVSystem.cellTemperature.T_a);
Found in class AixLib.Electrical.PVSystem.PVSystem, /tmp/tmp-AixLib-1-4829tu_a/AixLib/Electrical/PVSystem/PVSystem.mo at line 132, and used in component pVSystem.
Variable pVSystem.weaBus.TDryBul was declared in class Modelica.Units.SI, /tmp/tmp-AixLib-1-4829tu_a/AixLib/BoundaryConditions/WeatherData/Bus.mo at line 5, and used in component pVSystem.weaBus.
Variable pVSystem.cellTemperature.T_a was declared in class Modelica.Blocks.Interfaces, /tmp/tmp-AixLib-1-4829tu_a/AixLib/Electrical/PVSystem/BaseClasses/PartialCellTemperature.mo at line 21, and used in component pVSystem.cellTemperature.PartialCellTemperature.
Warning: Incompatible units.
Warning: Incompatible units in
  pVSystem.cellTemperature.radTil*exp((-2.98)-0.0471*pVSystem.cellTemperature.winVel)  +pVSystem.cellTemperature.T_a
The part
  pVSystem.cellTemperature.radTil*exp((-2.98)-0.0471*pVSystem.cellTemperature.winVel)
has unit kg/s3
The part
  pVSystem.cellTemperature.T_a
has unit K
Warning: The unit issue reported appeared in the equation
  pVSystem.cellTemperature.T_c = (if noEvent(pVSystem.cellTemperature.radTil >=   _GlobalScope.Modelica.Constants.eps) then pVSystem.cellTemperature.radTil*exp(  (-2.98)-0.0471*pVSystem.cellTemperature.winVel)+pVSystem.cellTemperature.T_a+  pVSystem.cellTemperature.radTil/1000*1 else pVSystem.cellTemperature.T_a);
Found in class AixLib.Electrical.PVSystem.BaseClasses.CellTemperatureMountingCloseToGround, /tmp/tmp-AixLib-1-4829tu_a/AixLib/Electrical/PVSystem/BaseClasses/CellTemperatureMountingCloseToGround.mo at line 13, and used in component pVSystem.cellTemperature.
The model has the same number of unknowns and equations: 294
The model could not be deduced to be symbolically well-posed.
The model has
  294
scalar unknowns and
  290+(if weaDat.pAtmSou == AixLib.BoundaryConditions.Types.DataSource.Parameter   then 1 else 0)+(if weaDat.TDewPoiSou == AixLib.BoundaryConditions.Types.DataSource.  Parameter then 1 else 0)+(if weaDat.TDryBulSou == AixLib.BoundaryConditions.Types.DataSource.  Parameter then 1 else 0)+(if weaDat.TBlaSkySou == AixLib.BoundaryConditions.Types.DataSource.  Parameter then 1 else 0)+(if weaDat.relHumSou == AixLib.BoundaryConditions.Types.DataSource.  Parameter then 1 else 0)+(if weaDat.opaSkyCovSou == AixLib.BoundaryConditions.Types.DataSource.  Parameter then 1 else 0)+(if weaDat.ceiHeiSou == AixLib.BoundaryConditions.Types.DataSource.  Parameter then 1 else 0)+(if weaDat.totSkyCovSou == AixLib.BoundaryConditions.Types.DataSource.  Parameter then 1 else 0)+(if weaDat.winSpeSou == AixLib.BoundaryConditions.Types.DataSource.  Parameter then 1 else 0)+(if weaDat.winDirSou == AixLib.BoundaryConditions.Types.DataSource.  Parameter then 1 else 0)+(if weaDat.HInfHorSou == AixLib.BoundaryConditions.Types.DataSource.  Parameter then 1 else 0)+(if weaDat.HSou == AixLib.BoundaryConditions.Types.RadiationDataSource.  Input_HDirNor_HDifHor then 2 else 1)+(if weaDat.HSou == AixLib.BoundaryConditions.Types.RadiationDataSource.  Input_HDirNor_HGloHor then 2 else 1)+(if weaDat.HSou == AixLib.BoundaryConditions.Types.RadiationDataSource.  Input_HGloHor_HDifHor then 2 else 1)
scalar equations.
However, exploiting the given numerical settings of parameters gives the same number of unknowns and equations:
  294
Check of AixLib.Electrical.PVSystem.Examples.ExamplePVSystem successful.
Warning: WARNINGS have been issued.
Declaring variable: Boolean rCheck ;

Modelica.Utilities.Streams.print("    { \"file\" :  \"AixLib/Resources/Scripts/Dymola/Electrical/Examples/ExamplePVSystem.mos\",", "AixLib.Electrical.PVSystem.Examples.ExamplePVSystem.statistics.log");
Modelica.Utilities.Streams.print("      \"model\" : \"AixLib.Electrical.PVSystem.Examples.ExamplePVSystem\",", "AixLib.Electrical.PVSystem.Examples.ExamplePVSystem.statistics.log");
Modelica.Utilities.Streams.print("      \"check\" : {", "AixLib.Electrical.PVSystem.Examples.ExamplePVSystem.statistics.log");
Modelica.Utilities.Streams.print("        \"command\" : \"checkModel(\\\"AixLib.Electrical.PVSystem.Examples.ExamplePVSystem\\\");\",", "AixLib.Electrical.PVSystem.Examples.ExamplePVSystem.statistics.log");
Modelica.Utilities.Streams.print("        \"result\"  : " + String(rCheck), "AixLib.Electrical.PVSystem.Examples.ExamplePVSystem.statistics.log");
Modelica.Utilities.Streams.print("      },", "AixLib.Electrical.PVSystem.Examples.ExamplePVSystem.statistics.log");


rScript=RunScript("modelica://AixLib/Resources/Scripts/Dymola/Electrical/Examples/ExamplePVSystem.mos");
simulateModel("AixLib.Electrical.PVSystem.Examples.ExamplePVSystem", stopTime=31536000, method="dassl", tolerance=1e-06, resultFile="AixLib.Electrical.PVSystem.Examples.ExamplePVSystem");
Translation of AixLib.Electrical.PVSystem.Examples.ExamplePVSystem
Warning: The quantity of pVSystem.weaBus.TDryBul is "ThermodynamicTemperature" and the quantity of pVSystem.cellTemperature.T_a is "Temp_C".
In connect(pVSystem.weaBus.TDryBul, pVSystem.cellTemperature.T_a);
Found in class AixLib.Electrical.PVSystem.PVSystem, /tmp/tmp-AixLib-1-4829tu_a/AixLib/Electrical/PVSystem/PVSystem.mo at line 132, and used in component pVSystem.
Variable pVSystem.weaBus.TDryBul was declared in class Modelica.Units.SI, /tmp/tmp-AixLib-1-4829tu_a/AixLib/BoundaryConditions/WeatherData/Bus.mo at line 5, and used in component pVSystem.weaBus.
Variable pVSystem.cellTemperature.T_a was declared in class Modelica.Blocks.Interfaces, /tmp/tmp-AixLib-1-4829tu_a/AixLib/Electrical/PVSystem/BaseClasses/PartialCellTemperature.mo at line 21, and used in component pVSystem.cellTemperature.PartialCellTemperature.
Warning: Incompatible units.
Warning: Incompatible units in
  pVSystem.cellTemperature.radTil*exp((-2.98)-0.0471*pVSystem.cellTemperature.winVel)  +pVSystem.cellTemperature.T_a
The part
  pVSystem.cellTemperature.radTil*exp((-2.98)-0.0471*pVSystem.cellTemperature.winVel)
has unit kg/s3
The part
  pVSystem.cellTemperature.T_a
has unit K
Warning: The unit issue reported appeared in the equation
  pVSystem.cellTemperature.T_c = (if noEvent(pVSystem.cellTemperature.radTil >=   1E-15) then pVSystem.cellTemperature.radTil*exp((-2.98)-0.0471*  pVSystem.cellTemperature.winVel)+pVSystem.cellTemperature.T_a+pVSystem.cellTemperature.radTil  /1000*1 else pVSystem.cellTemperature.T_a);
Found in class AixLib.Electrical.PVSystem.BaseClasses.CellTemperatureMountingCloseToGround, /tmp/tmp-AixLib-1-4829tu_a/AixLib/Electrical/PVSystem/BaseClasses/CellTemperatureMountingCloseToGround.mo at line 13, and used in component pVSystem.cellTemperature.
The DAE has 294 scalar unknowns and 294 scalar equations.
 
Statistics
 
Original Model
  Number of components: 67
  Variables: 530
  Constants: 24 (24 scalars)
  Parameters: 239 (265 scalars)
  Unknowns: 267 (294 scalars)
  Equations: 288
  Nontrivial: 262
Translated Model
  Constants: 132 scalars
  Free parameters: 64 scalars
  Parameter depending: 126 scalars
  Outputs: 1 scalars
  Time-varying variables: 116 scalars
  Alias variables: 145 scalars
  Number of mixed real/discrete systems of equations: 0
  Sizes of linear systems of equations: { }
  Sizes after manipulation of the linear systems: { }
  Sizes of nonlinear systems of equations: {3}
  Sizes after manipulation of the nonlinear systems: {1}
  Number of numerical Jacobians: 0
 
Selected continuous time states
Finished
Warning: WARNINGS have been issued.
Finished
 = true

Declaring variable: Boolean rScript ;

savelog("AixLib.Electrical.PVSystem.Examples.ExamplePVSystem.translation.log");