[
  {
    "comparison": {
      "file_name": "AixLib.Utilities.Math.Examples.MovingAverage.mat",
      "funnel_dirs": [
        "funnel_comp/AixLib.Utilities.Math.Examples.MovingAverage.mat_movingAverage.u",
        "funnel_comp/AixLib.Utilities.Math.Examples.MovingAverage.mat_movingAverage.y"
      ],
      "success_rate": 1.0,
      "t_err_max": [
        0.0,
        0.0
      ],
      "test_passed": [
        1,
        1
      ],
      "var_groups": [
        0,
        0
      ],
      "variables": [
        "movingAverage.u",
        "movingAverage.y"
      ],
      "warnings": [
        null,
        null
      ]
    },
    "model": "AixLib.Utilities.Math.Examples.MovingAverage",
    "simulation": {
      "elapsed_time": 0.00291014,
      "final_time": 50,
      "jacobians": 10,
      "start_time": 0,
      "state_events": 4,
      "success": true
    }
  },
  {
    "comparison": {
      "file_name": "AixLib.Utilities.KPIs.Examples.IntegralErrorSingleReference.mat",
      "funnel_dirs": [
        "funnel_comp/AixLib.Utilities.KPIs.Examples.IntegralErrorSingleReference.mat_pul.y",
        "funnel_comp/AixLib.Utilities.KPIs.Examples.IntegralErrorSingleReference.mat_conZeroRef.y",
        "funnel_comp/AixLib.Utilities.KPIs.Examples.IntegralErrorSingleReference.mat_booSteItgAct.y",
        "funnel_comp/AixLib.Utilities.KPIs.Examples.IntegralErrorSingleReference.mat_booSteItgRes.y",
        "funnel_comp/AixLib.Utilities.KPIs.Examples.IntegralErrorSingleReference.mat_iae.y",
        "funnel_comp/AixLib.Utilities.KPIs.Examples.IntegralErrorSingleReference.mat_iaeAct.y",
        "funnel_comp/AixLib.Utilities.KPIs.Examples.IntegralErrorSingleReference.mat_iaeActRes.y",
        "funnel_comp/AixLib.Utilities.KPIs.Examples.IntegralErrorSingleReference.mat_ise.y",
        "funnel_comp/AixLib.Utilities.KPIs.Examples.IntegralErrorSingleReference.mat_itgTim.y",
        "funnel_comp/AixLib.Utilities.KPIs.Examples.IntegralErrorSingleReference.mat_itgTimRes.y",
        "funnel_comp/AixLib.Utilities.KPIs.Examples.IntegralErrorSingleReference.mat_itgErrPos.y",
        "funnel_comp/AixLib.Utilities.KPIs.Examples.IntegralErrorSingleReference.mat_itgErrNeg.y",
        "funnel_comp/AixLib.Utilities.KPIs.Examples.IntegralErrorSingleReference.mat_itgErrPosAct.y",
        "funnel_comp/AixLib.Utilities.KPIs.Examples.IntegralErrorSingleReference.mat_itgErrPosActRes.y"
      ],
      "success_rate": 1.0,
      "t_err_max": [
        0.0,
        0.0,
        0.0,
        0.0,
        0.0,
        0.0,
        0.0,
        0.0,
        0.0,
        0.0,
        0.0,
        0.0,
        0.0,
        0.0
      ],
      "test_passed": [
        1,
        1,
        1,
        1,
        1,
        1,
        1,
        1,
        1,
        1,
        1,
        1,
        1,
        1
      ],
      "var_groups": [
        0,
        0,
        1,
        1,
        2,
        2,
        2,
        2,
        3,
        3,
        4,
        4,
        4,
        4
      ],
      "variables": [
        "pul.y",
        "conZeroRef.y",
        "booSteItgAct.y",
        "booSteItgRes.y",
        "iae.y",
        "iaeAct.y",
        "iaeActRes.y",
        "ise.y",
        "itgTim.y",
        "itgTimRes.y",
        "itgErrPos.y",
        "itgErrNeg.y",
        "itgErrPosAct.y",
        "itgErrPosActRes.y"
      ],
      "warnings": [
        null,
        null,
        null,
        null,
        null,
        null,
        null,
        null,
        null,
        null,
        null,
        null,
        null,
        null
      ]
    },
    "model": "AixLib.Utilities.KPIs.Examples.IntegralErrorSingleReference",
    "simulation": {
      "elapsed_time": 0.00162,
      "final_time": 10,
      "jacobians": 183,
      "start_time": 0,
      "state_events": 2,
      "success": true
    }
  },
  {
    "comparison": {
      "file_name": "AixLib.Utilities.KPIs.Examples.EnergyKpis.mat",
      "funnel_dirs": [
        "funnel_comp/AixLib.Utilities.KPIs.Examples.EnergyKpis.mat_pulQ_flow.y",
        "funnel_comp/AixLib.Utilities.KPIs.Examples.EnergyKpis.mat_thmMtr.QHea",
        "funnel_comp/AixLib.Utilities.KPIs.Examples.EnergyKpis.mat_thmMtr.QCoo",
        "funnel_comp/AixLib.Utilities.KPIs.Examples.EnergyKpis.mat_thmMtrTim.QHea",
        "funnel_comp/AixLib.Utilities.KPIs.Examples.EnergyKpis.mat_thmMtrTim.QCoo",
        "funnel_comp/AixLib.Utilities.KPIs.Examples.EnergyKpis.mat_thmMtrTim.timeHea",
        "funnel_comp/AixLib.Utilities.KPIs.Examples.EnergyKpis.mat_thmMtrTim.timeCoo",
        "funnel_comp/AixLib.Utilities.KPIs.Examples.EnergyKpis.mat_pulP.y",
        "funnel_comp/AixLib.Utilities.KPIs.Examples.EnergyKpis.mat_eleMtr.E",
        "funnel_comp/AixLib.Utilities.KPIs.Examples.EnergyKpis.mat_eleMtrTim.E",
        "funnel_comp/AixLib.Utilities.KPIs.Examples.EnergyKpis.mat_eleMtrTim.timeAct"
      ],
      "success_rate": 1.0,
      "t_err_max": [
        0.0,
        0.0,
        0.0,
        0.0,
        0.0,
        0.0,
        0.0,
        0.0,
        0.0,
        0.0,
        0.0
      ],
      "test_passed": [
        1,
        1,
        1,
        1,
        1,
        1,
        1,
        1,
        1,
        1,
        1
      ],
      "var_groups": [
        0,
        1,
        1,
        1,
        1,
        2,
        2,
        3,
        4,
        4,
        5
      ],
      "variables": [
        "pulQ_flow.y",
        "thmMtr.QHea",
        "thmMtr.QCoo",
        "thmMtrTim.QHea",
        "thmMtrTim.QCoo",
        "thmMtrTim.timeHea",
        "thmMtrTim.timeCoo",
        "pulP.y",
        "eleMtr.E",
        "eleMtrTim.E",
        "eleMtrTim.timeAct"
      ],
      "warnings": [
        null,
        null,
        null,
        null,
        null,
        null,
        null,
        null,
        null,
        null,
        null
      ]
    },
    "model": "AixLib.Utilities.KPIs.Examples.EnergyKpis",
    "simulation": {
      "elapsed_time": 0.00151,
      "final_time": 10,
      "jacobians": 165,
      "start_time": 0,
      "state_events": 3,
      "success": true
    }
  },
  {
    "comparison": {
      "file_name": "AixLib.Utilities.Sensors.Examples.ExergyMeters.mat",
      "funnel_dirs": [
        "funnel_comp/AixLib.Utilities.Sensors.Examples.ExergyMeters.mat_calcExergyDestructionLoss_1.y",
        "funnel_comp/AixLib.Utilities.Sensors.Examples.ExergyMeters.mat_calcExergyDestructionLoss_2.y"
      ],
      "success_rate": 0.0,
      "t_err_max": [
        72.0,
        72.0
      ],
      "test_passed": [
        0,
        0
      ],
      "var_groups": [
        0,
        0
      ],
      "variables": [
        "calcExergyDestructionLoss_1.y",
        "calcExergyDestructionLoss_2.y"
      ],
      "warnings": [
        "Absolute error = 1.148e+01 at t = 72.0 for calcExergyDestructionLoss_1.y",
        "Absolute error = 1.146e+01 at t = 72.0 for calcExergyDestructionLoss_2.y"
      ]
    },
    "model": "AixLib.Utilities.Sensors.Examples.ExergyMeters",
    "simulation": {
      "elapsed_time": 0.0874,
      "final_time": 7200,
      "jacobians": 41,
      "start_time": 0,
      "state_events": 0,
      "success": true
    }
  },
  {
    "comparison": {
      "file_name": "AixLib.Utilities.KPIs.Examples.TemperatureKpis.mat",
      "funnel_dirs": [
        "funnel_comp/AixLib.Utilities.KPIs.Examples.TemperatureKpis.mat_traT.y",
        "funnel_comp/AixLib.Utilities.KPIs.Examples.TemperatureKpis.mat_fixBou.TCom",
        "funnel_comp/AixLib.Utilities.KPIs.Examples.TemperatureKpis.mat_fixBou.conTUppBou.k",
        "funnel_comp/AixLib.Utilities.KPIs.Examples.TemperatureKpis.mat_fixBou.conTLowBou.k",
        "funnel_comp/AixLib.Utilities.KPIs.Examples.TemperatureKpis.mat_booPulAct.y",
        "funnel_comp/AixLib.Utilities.KPIs.Examples.TemperatureKpis.mat_fixBou.totDegSecOutBou",
        "funnel_comp/AixLib.Utilities.KPIs.Examples.TemperatureKpis.mat_fixBouAct.totDegSecOutBou",
        "funnel_comp/AixLib.Utilities.KPIs.Examples.TemperatureKpis.mat_fixBouRes.totDegSecOutBou",
        "funnel_comp/AixLib.Utilities.KPIs.Examples.TemperatureKpis.mat_fixBouTim.totTimeOutBou",
        "funnel_comp/AixLib.Utilities.KPIs.Examples.TemperatureKpis.mat_fixBouTimRes.totTimeOutBou",
        "funnel_comp/AixLib.Utilities.KPIs.Examples.TemperatureKpis.mat_flxBou.T",
        "funnel_comp/AixLib.Utilities.KPIs.Examples.TemperatureKpis.mat_flxBou.uppBou",
        "funnel_comp/AixLib.Utilities.KPIs.Examples.TemperatureKpis.mat_flxBou.lowBou",
        "funnel_comp/AixLib.Utilities.KPIs.Examples.TemperatureKpis.mat_flxBou.degSecOutUppBou",
        "funnel_comp/AixLib.Utilities.KPIs.Examples.TemperatureKpis.mat_flxBou.degSecOutLowBou",
        "funnel_comp/AixLib.Utilities.KPIs.Examples.TemperatureKpis.mat_flxBou.totDegSecOutBou",
        "funnel_comp/AixLib.Utilities.KPIs.Examples.TemperatureKpis.mat_din16798_1.T",
        "funnel_comp/AixLib.Utilities.KPIs.Examples.TemperatureKpis.mat_din16798_1.comT.TComUppBou",
        "funnel_comp/AixLib.Utilities.KPIs.Examples.TemperatureKpis.mat_din16798_1.comT.TComLowBou",
        "funnel_comp/AixLib.Utilities.KPIs.Examples.TemperatureKpis.mat_din16798_1.TAmb",
        "funnel_comp/AixLib.Utilities.KPIs.Examples.TemperatureKpis.mat_din16798_1.degSecOutUppBou",
        "funnel_comp/AixLib.Utilities.KPIs.Examples.TemperatureKpis.mat_din16798_1.degSecOutLowBou",
        "funnel_comp/AixLib.Utilities.KPIs.Examples.TemperatureKpis.mat_din16798_1.totDegSecOutBou"
      ],
      "success_rate": 1.0,
      "t_err_max": [
        0.0,
        0.0,
        0.0,
        0.0,
        0.0,
        0.0,
        0.0,
        0.0,
        0.0,
        0.0,
        0.0,
        0.0,
        0.0,
        0.0,
        0.0,
        0.0,
        0.0,
        0.0,
        0.0,
        0.0,
        0.0,
        0.0,
        0.0
      ],
      "test_passed": [
        1,
        1,
        1,
        1,
        1,
        1,
        1,
        1,
        1,
        1,
        1,
        1,
        1,
        1,
        1,
        1,
        1,
        1,
        1,
        1,
        1,
        1,
        1
      ],
      "var_groups": [
        0,
        0,
        0,
        0,
        1,
        2,
        2,
        2,
        3,
        3,
        4,
        4,
        4,
        5,
        5,
        5,
        6,
        6,
        6,
        7,
        8,
        8,
        8
      ],
      "variables": [
        "traT.y",
        "fixBou.TCom",
        "fixBou.conTUppBou.k",
        "fixBou.conTLowBou.k",
        "booPulAct.y",
        "fixBou.totDegSecOutBou",
        "fixBouAct.totDegSecOutBou",
        "fixBouRes.totDegSecOutBou",
        "fixBouTim.totTimeOutBou",
        "fixBouTimRes.totTimeOutBou",
        "flxBou.T",
        "flxBou.uppBou",
        "flxBou.lowBou",
        "flxBou.degSecOutUppBou",
        "flxBou.degSecOutLowBou",
        "flxBou.totDegSecOutBou",
        "din16798_1.T",
        "din16798_1.comT.TComUppBou",
        "din16798_1.comT.TComLowBou",
        "din16798_1.TAmb",
        "din16798_1.degSecOutUppBou",
        "din16798_1.degSecOutLowBou",
        "din16798_1.totDegSecOutBou"
      ],
      "warnings": [
        null,
        null,
        null,
        null,
        null,
        null,
        null,
        null,
        null,
        null,
        null,
        null,
        null,
        null,
        null,
        null,
        null,
        null,
        null,
        null,
        null,
        null,
        null
      ]
    },
    "model": "AixLib.Utilities.KPIs.Examples.TemperatureKpis",
    "simulation": {
      "elapsed_time": 0.00692,
      "final_time": 120,
      "jacobians": 416,
      "start_time": 0,
      "state_events": 11,
      "success": true
    }
  },
  {
    "comparison": {
      "file_name": "AixLib.Utilities.KPIs.Examples.IntegralErrorDualReference.mat",
      "funnel_dirs": [
        "funnel_comp/AixLib.Utilities.KPIs.Examples.IntegralErrorDualReference.mat_pul.y",
        "funnel_comp/AixLib.Utilities.KPIs.Examples.IntegralErrorDualReference.mat_ramUppBou.y",
        "funnel_comp/AixLib.Utilities.KPIs.Examples.IntegralErrorDualReference.mat_ramLowBou.y",
        "funnel_comp/AixLib.Utilities.KPIs.Examples.IntegralErrorDualReference.mat_booSteItgAct.y",
        "funnel_comp/AixLib.Utilities.KPIs.Examples.IntegralErrorDualReference.mat_booSteItgRes.y",
        "funnel_comp/AixLib.Utilities.KPIs.Examples.IntegralErrorDualReference.mat_ied.y",
        "funnel_comp/AixLib.Utilities.KPIs.Examples.IntegralErrorDualReference.mat_ied.yPos",
        "funnel_comp/AixLib.Utilities.KPIs.Examples.IntegralErrorDualReference.mat_ied.yNeg",
        "funnel_comp/AixLib.Utilities.KPIs.Examples.IntegralErrorDualReference.mat_iedAct.y",
        "funnel_comp/AixLib.Utilities.KPIs.Examples.IntegralErrorDualReference.mat_iedAct.yPos",
        "funnel_comp/AixLib.Utilities.KPIs.Examples.IntegralErrorDualReference.mat_iedAct.yNeg",
        "funnel_comp/AixLib.Utilities.KPIs.Examples.IntegralErrorDualReference.mat_iedActRes.y",
        "funnel_comp/AixLib.Utilities.KPIs.Examples.IntegralErrorDualReference.mat_iedActRes.yPos",
        "funnel_comp/AixLib.Utilities.KPIs.Examples.IntegralErrorDualReference.mat_iedActRes.yNeg"
      ],
      "success_rate": 1.0,
      "t_err_max": [
        0.0,
        0.0,
        0.0,
        0.0,
        0.0,
        0.0,
        0.0,
        0.0,
        0.0,
        0.0,
        0.0,
        0.0,
        0.0,
        0.0
      ],
      "test_passed": [
        1,
        1,
        1,
        1,
        1,
        1,
        1,
        1,
        1,
        1,
        1,
        1,
        1,
        1
      ],
      "var_groups": [
        0,
        0,
        0,
        1,
        1,
        2,
        2,
        2,
        3,
        3,
        3,
        4,
        4,
        4
      ],
      "variables": [
        "pul.y",
        "ramUppBou.y",
        "ramLowBou.y",
        "booSteItgAct.y",
        "booSteItgRes.y",
        "ied.y",
        "ied.yPos",
        "ied.yNeg",
        "iedAct.y",
        "iedAct.yPos",
        "iedAct.yNeg",
        "iedActRes.y",
        "iedActRes.yPos",
        "iedActRes.yNeg"
      ],
      "warnings": [
        null,
        null,
        null,
        null,
        null,
        null,
        null,
        null,
        null,
        null,
        null,
        null,
        null,
        null
      ]
    },
    "model": "AixLib.Utilities.KPIs.Examples.IntegralErrorDualReference",
    "simulation": {
      "elapsed_time": 0.00174,
      "final_time": 10,
      "jacobians": 192,
      "start_time": 0,
      "state_events": 3,
      "success": true
    }
  },
  {
    "comparison": {
      "file_name": "AixLib.Utilities.KPIs.Examples.Co2Kpis.mat",
      "funnel_dirs": [
        "funnel_comp/AixLib.Utilities.KPIs.Examples.Co2Kpis.mat_traCo2Con.y",
        "funnel_comp/AixLib.Utilities.KPIs.Examples.Co2Kpis.mat_booPulAct.y",
        "funnel_comp/AixLib.Utilities.KPIs.Examples.Co2Kpis.mat_fixBou.ppmSecOutBou",
        "funnel_comp/AixLib.Utilities.KPIs.Examples.Co2Kpis.mat_fixBouAct.ppmSecOutBou",
        "funnel_comp/AixLib.Utilities.KPIs.Examples.Co2Kpis.mat_fixBouRes.ppmSecOutBou",
        "funnel_comp/AixLib.Utilities.KPIs.Examples.Co2Kpis.mat_fixBouTim.totTimeOutBou",
        "funnel_comp/AixLib.Utilities.KPIs.Examples.Co2Kpis.mat_fixBouTimRes.totTimeOutBou",
        "funnel_comp/AixLib.Utilities.KPIs.Examples.Co2Kpis.mat_din16798Tim.totTimeOutBouCat1",
        "funnel_comp/AixLib.Utilities.KPIs.Examples.Co2Kpis.mat_din16798Tim.totTimeOutBouCat2",
        "funnel_comp/AixLib.Utilities.KPIs.Examples.Co2Kpis.mat_din16798Tim.totTimeOutBouCat3",
        "funnel_comp/AixLib.Utilities.KPIs.Examples.Co2Kpis.mat_din16798Tim.totTimeOutBouCat4",
        "funnel_comp/AixLib.Utilities.KPIs.Examples.Co2Kpis.mat_din16798ActTim.totTimeOutBouCat1",
        "funnel_comp/AixLib.Utilities.KPIs.Examples.Co2Kpis.mat_din16798ActTim.totTimeOutBouCat2",
        "funnel_comp/AixLib.Utilities.KPIs.Examples.Co2Kpis.mat_din16798ActTim.totTimeOutBouCat3",
        "funnel_comp/AixLib.Utilities.KPIs.Examples.Co2Kpis.mat_din16798ActTim.totTimeOutBouCat4"
      ],
      "success_rate": 1.0,
      "t_err_max": [
        0.0,
        0.0,
        0.0,
        0.0,
        0.0,
        0.0,
        0.0,
        0.0,
        0.0,
        0.0,
        0.0,
        0.0,
        0.0,
        0.0,
        0.0
      ],
      "test_passed": [
        1,
        1,
        1,
        1,
        1,
        1,
        1,
        1,
        1,
        1,
        1,
        1,
        1,
        1,
        1
      ],
      "var_groups": [
        0,
        1,
        2,
        2,
        2,
        3,
        3,
        4,
        4,
        4,
        4,
        5,
        5,
        5,
        5
      ],
      "variables": [
        "traCo2Con.y",
        "booPulAct.y",
        "fixBou.ppmSecOutBou",
        "fixBouAct.ppmSecOutBou",
        "fixBouRes.ppmSecOutBou",
        "fixBouTim.totTimeOutBou",
        "fixBouTimRes.totTimeOutBou",
        "din16798Tim.totTimeOutBouCat1",
        "din16798Tim.totTimeOutBouCat2",
        "din16798Tim.totTimeOutBouCat3",
        "din16798Tim.totTimeOutBouCat4",
        "din16798ActTim.totTimeOutBouCat1",
        "din16798ActTim.totTimeOutBouCat2",
        "din16798ActTim.totTimeOutBouCat3",
        "din16798ActTim.totTimeOutBouCat4"
      ],
      "warnings": [
        null,
        null,
        null,
        null,
        null,
        null,
        null,
        null,
        null,
        null,
        null,
        null,
        null,
        null,
        null
      ]
    },
    "model": "AixLib.Utilities.KPIs.Examples.Co2Kpis",
    "simulation": {
      "elapsed_time": 0.00852,
      "final_time": 120,
      "jacobians": 447,
      "start_time": 0,
      "state_events": 20,
      "success": true
    }
  }
]
