[
  {
    "comparison": {
      "file_name": "AixLib.ThermalZones.HighOrder.Validation.ASHRAE140.Case900FF.mat",
      "funnel_dirs": [],
      "success_rate": 0,
      "t_err_max": [],
      "test_passed": [],
      "var_groups": [],
      "variables": [],
      "warnings": []
    },
    "model": "AixLib.ThermalZones.HighOrder.Validation.ASHRAE140.Case900FF",
    "simulation": {
      "elapsed_time": 1.01,
      "final_time": 864000,
      "jacobians": 3369,
      "start_time": 0,
      "state_events": 10,
      "success": true
    }
  },
  {
    "comparison": {
      "file_name": "AixLib.ThermalZones.HighOrder.Validation.ASHRAE140.Case600FF.mat",
      "funnel_dirs": [],
      "success_rate": 0,
      "t_err_max": [],
      "test_passed": [],
      "var_groups": [],
      "variables": [],
      "warnings": []
    },
    "model": "AixLib.ThermalZones.HighOrder.Validation.ASHRAE140.Case600FF",
    "simulation": {
      "elapsed_time": 1.16,
      "final_time": 864000,
      "jacobians": 4144,
      "start_time": 0,
      "state_events": 10,
      "success": true
    }
  },
  {
    "comparison": {
      "file_name": "AixLib.ThermalZones.ISO13790.Validation.BESTEST.Case600.mat",
      "funnel_dirs": [
        "funnel_comp/AixLib.ThermalZones.ISO13790.Validation.BESTEST.Case600.mat_EHea.y",
        "funnel_comp/AixLib.ThermalZones.ISO13790.Validation.BESTEST.Case600.mat_ECoo.y"
      ],
      "success_rate": 1.0,
      "t_err_max": [
        0.0,
        0.0
      ],
      "test_passed": [
        1,
        1
      ],
      "var_groups": [
        0,
        0
      ],
      "variables": [
        "EHea.y",
        "ECoo.y"
      ],
      "warnings": [
        null,
        null
      ]
    },
    "model": "AixLib.ThermalZones.ISO13790.Validation.BESTEST.Case600",
    "simulation": {
      "elapsed_time": 5.66,
      "final_time": 31536000.0,
      "jacobians": 37604,
      "start_time": 0,
      "state_events": 1,
      "success": true
    }
  },
  {
    "comparison": {
      "file_name": "AixLib.ThermalZones.HighOrder.Validation.ASHRAE140.Case240.mat",
      "funnel_dirs": [],
      "success_rate": 0,
      "t_err_max": [],
      "test_passed": [],
      "var_groups": [],
      "variables": [],
      "warnings": []
    },
    "model": "AixLib.ThermalZones.HighOrder.Validation.ASHRAE140.Case240",
    "simulation": {
      "elapsed_time": 2.57,
      "final_time": 864000,
      "jacobians": 5787,
      "start_time": 0,
      "state_events": 10,
      "success": true
    }
  },
  {
    "comparison": {
      "file_name": "AixLib.ThermalZones.ReducedOrder.Examples.ThermalZoneMoistCO2AirExchange.mat",
      "funnel_dirs": [
        "funnel_comp/AixLib.ThermalZones.ReducedOrder.Examples.ThermalZoneMoistCO2AirExchange.mat_thermalZone.TAir",
        "funnel_comp/AixLib.ThermalZones.ReducedOrder.Examples.ThermalZoneMoistCO2AirExchange.mat_thermalZone.X_w",
        "funnel_comp/AixLib.ThermalZones.ReducedOrder.Examples.ThermalZoneMoistCO2AirExchange.mat_thermalZone.CO2Con"
      ],
      "success_rate": 1.0,
      "t_err_max": [
        0.0,
        0.0,
        0.0
      ],
      "test_passed": [
        1,
        1,
        1
      ],
      "var_groups": [
        0,
        1,
        2
      ],
      "variables": [
        "thermalZone.TAir",
        "thermalZone.X_w",
        "thermalZone.CO2Con"
      ],
      "warnings": [
        null,
        null,
        null
      ]
    },
    "model": "AixLib.ThermalZones.ReducedOrder.Examples.ThermalZoneMoistCO2AirExchange",
    "simulation": {
      "elapsed_time": 10.4755,
      "final_time": 31536000.0,
      "jacobians": 20815,
      "start_time": 0,
      "state_events": 2980,
      "success": true
    }
  },
  {
    "comparison": {
      "file_name": "AixLib.ThermalZones.HighOrder.Validation.ASHRAE140.Case650FF.mat",
      "funnel_dirs": [],
      "success_rate": 0,
      "t_err_max": [],
      "test_passed": [],
      "var_groups": [],
      "variables": [],
      "warnings": []
    },
    "model": "AixLib.ThermalZones.HighOrder.Validation.ASHRAE140.Case650FF",
    "simulation": {
      "elapsed_time": 1.44,
      "final_time": 864000,
      "jacobians": 4008,
      "start_time": 0,
      "state_events": 10,
      "success": true
    }
  },
  {
    "comparison": {
      "file_name": "AixLib.ThermalZones.ReducedOrder.Examples.MultizoneMoistAirCO2EquippedSwimmingFacility.mat",
      "funnel_dirs": [
        "funnel_comp/AixLib.ThermalZones.ReducedOrder.Examples.MultizoneMoistAirCO2EquippedSwimmingFacility.mat_multizone.TAir[1]",
        "funnel_comp/AixLib.ThermalZones.ReducedOrder.Examples.MultizoneMoistAirCO2EquippedSwimmingFacility.mat_multizone.zone[1].X_w"
      ],
      "success_rate": 1.0,
      "t_err_max": [
        0.0,
        0.0
      ],
      "test_passed": [
        1,
        1
      ],
      "var_groups": [
        0,
        1
      ],
      "variables": [
        "multizone.TAir[1]",
        "multizone.zone[1].X_w"
      ],
      "warnings": [
        null,
        null
      ]
    },
    "model": "AixLib.ThermalZones.ReducedOrder.Examples.MultizoneMoistAirCO2EquippedSwimmingFacility",
    "simulation": {
      "elapsed_time": 6.81955,
      "final_time": 864000,
      "jacobians": 1603,
      "start_time": 0,
      "state_events": 474,
      "success": true
    }
  },
  {
    "comparison": {
      "file_name": "AixLib.ThermalZones.HighOrder.Validation.ASHRAE140.Case220.mat",
      "funnel_dirs": [],
      "success_rate": 0,
      "t_err_max": [],
      "test_passed": [],
      "var_groups": [],
      "variables": [],
      "warnings": []
    },
    "model": "AixLib.ThermalZones.HighOrder.Validation.ASHRAE140.Case220",
    "simulation": {
      "elapsed_time": 2.37,
      "final_time": 864000,
      "jacobians": 5561,
      "start_time": 0,
      "state_events": 10,
      "success": true
    }
  },
  {
    "comparison": {
      "file_name": "AixLib.ThermalZones.HighOrder.Examples.OFDHeatLoad.mat",
      "funnel_dirs": [],
      "success_rate": 0,
      "t_err_max": [],
      "test_passed": [],
      "var_groups": [],
      "variables": [],
      "warnings": []
    },
    "model": "AixLib.ThermalZones.HighOrder.Examples.OFDHeatLoad",
    "simulation": {
      "elapsed_time": 0.905,
      "final_time": 25920000.0,
      "jacobians": 27,
      "start_time": 0,
      "state_events": 0,
      "success": true
    }
  },
  {
    "comparison": {
      "file_name": "AixLib.ThermalZones.HighOrder.Validation.ASHRAE140.Case250.mat",
      "funnel_dirs": [],
      "success_rate": 0,
      "t_err_max": [],
      "test_passed": [],
      "var_groups": [],
      "variables": [],
      "warnings": []
    },
    "model": "AixLib.ThermalZones.HighOrder.Validation.ASHRAE140.Case250",
    "simulation": {
      "elapsed_time": 2.87,
      "final_time": 864000,
      "jacobians": 6435,
      "start_time": 0,
      "state_events": 10,
      "success": true
    }
  },
  {
    "comparison": {
      "file_name": "AixLib.ThermalZones.ReducedOrder.Examples.ThermalZoneMoistAir.mat",
      "funnel_dirs": [
        "funnel_comp/AixLib.ThermalZones.ReducedOrder.Examples.ThermalZoneMoistAir.mat_thermalZone.TAir",
        "funnel_comp/AixLib.ThermalZones.ReducedOrder.Examples.ThermalZoneMoistAir.mat_thermalZone.X_w"
      ],
      "success_rate": 1.0,
      "t_err_max": [
        0.0,
        0.0
      ],
      "test_passed": [
        1,
        1
      ],
      "var_groups": [
        0,
        1
      ],
      "variables": [
        "thermalZone.TAir",
        "thermalZone.X_w"
      ],
      "warnings": [
        null,
        null
      ]
    },
    "model": "AixLib.ThermalZones.ReducedOrder.Examples.ThermalZoneMoistAir",
    "simulation": {
      "elapsed_time": 7.83491,
      "final_time": 31536000.0,
      "jacobians": 20421,
      "start_time": 0,
      "state_events": 2938,
      "success": true
    }
  },
  {
    "comparison": {
      "file_name": "AixLib.ThermalZones.HighOrder.Validation.ASHRAE140.Case300.mat",
      "funnel_dirs": [],
      "success_rate": 0,
      "t_err_max": [],
      "test_passed": [],
      "var_groups": [],
      "variables": [],
      "warnings": []
    },
    "model": "AixLib.ThermalZones.HighOrder.Validation.ASHRAE140.Case300",
    "simulation": {
      "elapsed_time": 11.3,
      "final_time": 864000,
      "jacobians": 9905,
      "start_time": 0,
      "state_events": 10,
      "success": true
    }
  },
  {
    "comparison": {
      "file_name": "AixLib.ThermalZones.HighOrder.Validation.ASHRAE140.Case400.mat",
      "funnel_dirs": [],
      "success_rate": 0,
      "t_err_max": [],
      "test_passed": [],
      "var_groups": [],
      "variables": [],
      "warnings": []
    },
    "model": "AixLib.ThermalZones.HighOrder.Validation.ASHRAE140.Case400",
    "simulation": {
      "elapsed_time": 2.45,
      "final_time": 864000,
      "jacobians": 5195,
      "start_time": 0,
      "state_events": 10,
      "success": true
    }
  },
  {
    "comparison": {
      "file_name": "AixLib.ThermalZones.ReducedOrder.Examples.MultizoneInterzonalsFixedHeater.mat",
      "funnel_dirs": [
        "funnel_comp/AixLib.ThermalZones.ReducedOrder.Examples.MultizoneInterzonalsFixedHeater.mat_multizone.TAir[1]",
        "funnel_comp/AixLib.ThermalZones.ReducedOrder.Examples.MultizoneInterzonalsFixedHeater.mat_multizone.TAir[2]",
        "funnel_comp/AixLib.ThermalZones.ReducedOrder.Examples.MultizoneInterzonalsFixedHeater.mat_multizone.TAir[3]"
      ],
      "success_rate": 1.0,
      "t_err_max": [
        2797200.0,
        2797200.0,
        2797200.0
      ],
      "test_passed": [
        1,
        1,
        1
      ],
      "var_groups": [
        0,
        0,
        0
      ],
      "variables": [
        "multizone.TAir[1]",
        "multizone.TAir[2]",
        "multizone.TAir[3]"
      ],
      "warnings": [
        null,
        null,
        null
      ]
    },
    "model": "AixLib.ThermalZones.ReducedOrder.Examples.MultizoneInterzonalsFixedHeater",
    "simulation": {
      "elapsed_time": 43.3614,
      "final_time": 3301200.0,
      "jacobians": 50425,
      "start_time": 2797200.0,
      "state_events": 14,
      "success": true
    }
  },
  {
    "comparison": {
      "file_name": "AixLib.ThermalZones.HighOrder.Validation.ASHRAE140.Case430.mat",
      "funnel_dirs": [],
      "success_rate": 0,
      "t_err_max": [],
      "test_passed": [],
      "var_groups": [],
      "variables": [],
      "warnings": []
    },
    "model": "AixLib.ThermalZones.HighOrder.Validation.ASHRAE140.Case430",
    "simulation": {
      "elapsed_time": 3.07,
      "final_time": 864000,
      "jacobians": 6510,
      "start_time": 0,
      "state_events": 10,
      "success": true
    }
  },
  {
    "comparison": {
      "file_name": "AixLib.ThermalZones.ISO13790.Validation.BESTEST.Case600FF.mat",
      "funnel_dirs": [
        "funnel_comp/AixLib.ThermalZones.ISO13790.Validation.BESTEST.Case600FF.mat_zon5R1C.TAir"
      ],
      "success_rate": 1.0,
      "t_err_max": [
        0.0
      ],
      "test_passed": [
        1
      ],
      "var_groups": [
        0
      ],
      "variables": [
        "zon5R1C.TAir"
      ],
      "warnings": [
        null
      ]
    },
    "model": "AixLib.ThermalZones.ISO13790.Validation.BESTEST.Case600FF",
    "simulation": {
      "elapsed_time": 2.18,
      "final_time": 31536000.0,
      "jacobians": 15645,
      "start_time": 0,
      "state_events": 1,
      "success": true
    }
  },
  {
    "comparison": {
      "file_name": "AixLib.ThermalZones.HighOrder.Validation.ASHRAE140.Case395.mat",
      "funnel_dirs": [],
      "success_rate": 0,
      "t_err_max": [],
      "test_passed": [],
      "var_groups": [],
      "variables": [],
      "warnings": []
    },
    "model": "AixLib.ThermalZones.HighOrder.Validation.ASHRAE140.Case395",
    "simulation": {
      "elapsed_time": 1.02,
      "final_time": 864000,
      "jacobians": 2761,
      "start_time": 0,
      "state_events": 10,
      "success": true
    }
  },
  {
    "comparison": {
      "file_name": "AixLib.ThermalZones.ReducedOrder.Examples.ThermalZoneAirExchange.mat",
      "funnel_dirs": [
        "funnel_comp/AixLib.ThermalZones.ReducedOrder.Examples.ThermalZoneAirExchange.mat_thermalZone.TAir"
      ],
      "success_rate": 1.0,
      "t_err_max": [
        0.0
      ],
      "test_passed": [
        1
      ],
      "var_groups": [
        0
      ],
      "variables": [
        "thermalZone.TAir"
      ],
      "warnings": [
        null
      ]
    },
    "model": "AixLib.ThermalZones.ReducedOrder.Examples.ThermalZoneAirExchange",
    "simulation": {
      "elapsed_time": 8.13619,
      "final_time": 31536000.0,
      "jacobians": 20799,
      "start_time": 0,
      "state_events": 2972,
      "success": true
    }
  },
  {
    "comparison": {
      "file_name": "AixLib.ThermalZones.HighOrder.Validation.ASHRAE140.Case810.mat",
      "funnel_dirs": [],
      "success_rate": 0,
      "t_err_max": [],
      "test_passed": [],
      "var_groups": [],
      "variables": [],
      "warnings": []
    },
    "model": "AixLib.ThermalZones.HighOrder.Validation.ASHRAE140.Case810",
    "simulation": {
      "elapsed_time": 4.86,
      "final_time": 864000,
      "jacobians": 8346,
      "start_time": 0,
      "state_events": 10,
      "success": true
    }
  },
  {
    "comparison": {
      "file_name": "AixLib.ThermalZones.HighOrder.Validation.ASHRAE140.Case940.mat",
      "funnel_dirs": [],
      "success_rate": 0,
      "t_err_max": [],
      "test_passed": [],
      "var_groups": [],
      "variables": [],
      "warnings": []
    },
    "model": "AixLib.ThermalZones.HighOrder.Validation.ASHRAE140.Case940",
    "simulation": {
      "elapsed_time": 4.82,
      "final_time": 864000,
      "jacobians": 8365,
      "start_time": 0,
      "state_events": 10,
      "success": true
    }
  },
  {
    "comparison": {
      "file_name": "AixLib.ThermalZones.HighOrder.Validation.EmpiricalValidation.TwinHouseN2.mat",
      "funnel_dirs": [],
      "success_rate": 0,
      "t_err_max": [],
      "test_passed": [],
      "var_groups": [],
      "variables": [],
      "warnings": []
    },
    "model": "AixLib.ThermalZones.HighOrder.Validation.EmpiricalValidation.TwinHouseN2",
    "simulation": {
      "elapsed_time": 84,
      "final_time": 3546000.0,
      "jacobians": 51738,
      "start_time": 0,
      "state_events": 74,
      "success": true
    }
  },
  {
    "comparison": {
      "file_name": "AixLib.ThermalZones.HighOrder.Validation.ASHRAE140.Case950.mat",
      "funnel_dirs": [],
      "success_rate": 0,
      "t_err_max": [],
      "test_passed": [],
      "var_groups": [],
      "variables": [],
      "warnings": []
    },
    "model": "AixLib.ThermalZones.HighOrder.Validation.ASHRAE140.Case950",
    "simulation": {
      "elapsed_time": 1.26,
      "final_time": 864000,
      "jacobians": 3921,
      "start_time": 0,
      "state_events": 10,
      "success": true
    }
  },
  {
    "comparison": {
      "file_name": "AixLib.ThermalZones.HighOrder.Validation.ASHRAE140.Case410.mat",
      "funnel_dirs": [],
      "success_rate": 0,
      "t_err_max": [],
      "test_passed": [],
      "var_groups": [],
      "variables": [],
      "warnings": []
    },
    "model": "AixLib.ThermalZones.HighOrder.Validation.ASHRAE140.Case410",
    "simulation": {
      "elapsed_time": 2.69,
      "final_time": 864000,
      "jacobians": 5796,
      "start_time": 0,
      "state_events": 10,
      "success": true
    }
  },
  {
    "comparison": {
      "file_name": "AixLib.ThermalZones.HighOrder.Validation.ASHRAE140.Case210.mat",
      "funnel_dirs": [],
      "success_rate": 0,
      "t_err_max": [],
      "test_passed": [],
      "var_groups": [],
      "variables": [],
      "warnings": []
    },
    "model": "AixLib.ThermalZones.HighOrder.Validation.ASHRAE140.Case210",
    "simulation": {
      "elapsed_time": 2.53,
      "final_time": 864000,
      "jacobians": 5547,
      "start_time": 0,
      "state_events": 10,
      "success": true
    }
  },
  {
    "comparison": {
      "file_name": "AixLib.ThermalZones.ReducedOrder.Examples.ThermalZoneMoistAirSwimmingPool.mat",
      "funnel_dirs": [
        "funnel_comp/AixLib.ThermalZones.ReducedOrder.Examples.ThermalZoneMoistAirSwimmingPool.mat_thermalZone.TAir",
        "funnel_comp/AixLib.ThermalZones.ReducedOrder.Examples.ThermalZoneMoistAirSwimmingPool.mat_thermalZone.X_w"
      ],
      "success_rate": 1.0,
      "t_err_max": [
        0.0,
        0.0
      ],
      "test_passed": [
        1,
        1
      ],
      "var_groups": [
        0,
        1
      ],
      "variables": [
        "thermalZone.TAir",
        "thermalZone.X_w"
      ],
      "warnings": [
        null,
        null
      ]
    },
    "model": "AixLib.ThermalZones.ReducedOrder.Examples.ThermalZoneMoistAirSwimmingPool",
    "simulation": {
      "elapsed_time": 55.9926,
      "final_time": 31536000.0,
      "jacobians": 40616,
      "start_time": 0,
      "state_events": 3206,
      "success": true
    }
  },
  {
    "comparison": {
      "file_name": "AixLib.ThermalZones.HighOrder.Examples.ASHREA140.CompareDynamicAndStaticSolarFrac_Case270.mat",
      "funnel_dirs": [],
      "success_rate": 0,
      "t_err_max": [],
      "test_passed": [],
      "var_groups": [],
      "variables": [],
      "warnings": []
    },
    "model": "AixLib.ThermalZones.HighOrder.Examples.ASHREA140.CompareDynamicAndStaticSolarFrac_Case270",
    "simulation": {
      "elapsed_time": 1.69,
      "final_time": 86400,
      "jacobians": 1491,
      "start_time": 0,
      "state_events": 1,
      "success": true
    }
  },
  {
    "comparison": {
      "file_name": "AixLib.ThermalZones.HighOrder.Validation.ASHRAE140.Case920.mat",
      "funnel_dirs": [],
      "success_rate": 0,
      "t_err_max": [],
      "test_passed": [],
      "var_groups": [],
      "variables": [],
      "warnings": []
    },
    "model": "AixLib.ThermalZones.HighOrder.Validation.ASHRAE140.Case920",
    "simulation": {
      "elapsed_time": 9.16,
      "final_time": 864000,
      "jacobians": 8710,
      "start_time": 0,
      "state_events": 10,
      "success": true
    }
  },
  {
    "comparison": {
      "file_name": "AixLib.ThermalZones.ISO13790.Validation.BESTEST.Case900FF.mat",
      "funnel_dirs": [
        "funnel_comp/AixLib.ThermalZones.ISO13790.Validation.BESTEST.Case900FF.mat_zon5R1C.TAir"
      ],
      "success_rate": 1.0,
      "t_err_max": [
        0.0
      ],
      "test_passed": [
        1
      ],
      "var_groups": [
        0
      ],
      "variables": [
        "zon5R1C.TAir"
      ],
      "warnings": [
        null
      ]
    },
    "model": "AixLib.ThermalZones.ISO13790.Validation.BESTEST.Case900FF",
    "simulation": {
      "elapsed_time": 1.33,
      "final_time": 31536000.0,
      "jacobians": 8295,
      "start_time": 0,
      "state_events": 1,
      "success": true
    }
  },
  {
    "comparison": {
      "file_name": "AixLib.ThermalZones.HighOrder.Validation.ASHRAE140.Case800.mat",
      "funnel_dirs": [],
      "success_rate": 0,
      "t_err_max": [],
      "test_passed": [],
      "var_groups": [],
      "variables": [],
      "warnings": []
    },
    "model": "AixLib.ThermalZones.HighOrder.Validation.ASHRAE140.Case800",
    "simulation": {
      "elapsed_time": 3.07,
      "final_time": 864000,
      "jacobians": 6530,
      "start_time": 0,
      "state_events": 10,
      "success": true
    }
  },
  {
    "comparison": {
      "file_name": "AixLib.ThermalZones.HighOrder.Validation.ASHRAE140.Case320.mat",
      "funnel_dirs": [],
      "success_rate": 0,
      "t_err_max": [],
      "test_passed": [],
      "var_groups": [],
      "variables": [],
      "warnings": []
    },
    "model": "AixLib.ThermalZones.HighOrder.Validation.ASHRAE140.Case320",
    "simulation": {
      "elapsed_time": 5.74,
      "final_time": 864000,
      "jacobians": 9300,
      "start_time": 0,
      "state_events": 10,
      "success": true
    }
  },
  {
    "comparison": {
      "file_name": "AixLib.ThermalZones.HighOrder.Validation.ASHRAE140.Case280.mat",
      "funnel_dirs": [],
      "success_rate": 0,
      "t_err_max": [],
      "test_passed": [],
      "var_groups": [],
      "variables": [],
      "warnings": []
    },
    "model": "AixLib.ThermalZones.HighOrder.Validation.ASHRAE140.Case280",
    "simulation": {
      "elapsed_time": 5.24,
      "final_time": 864000,
      "jacobians": 9161,
      "start_time": 0,
      "state_events": 10,
      "success": true
    }
  },
  {
    "comparison": {
      "file_name": "AixLib.ThermalZones.ReducedOrder.Examples.ThermalZone.mat",
      "funnel_dirs": [
        "funnel_comp/AixLib.ThermalZones.ReducedOrder.Examples.ThermalZone.mat_thermalZone.TAir"
      ],
      "success_rate": 1.0,
      "t_err_max": [
        0.0
      ],
      "test_passed": [
        1
      ],
      "var_groups": [
        0
      ],
      "variables": [
        "thermalZone.TAir"
      ],
      "warnings": [
        null
      ]
    },
    "model": "AixLib.ThermalZones.ReducedOrder.Examples.ThermalZone",
    "simulation": {
      "elapsed_time": 7.18784,
      "final_time": 31536000.0,
      "jacobians": 20407,
      "start_time": 0,
      "state_events": 2938,
      "success": true
    }
  },
  {
    "comparison": {
      "file_name": "AixLib.ThermalZones.HighOrder.Validation.ASHRAE140.Case600.mat",
      "funnel_dirs": [],
      "success_rate": 0,
      "t_err_max": [],
      "test_passed": [],
      "var_groups": [],
      "variables": [],
      "warnings": []
    },
    "model": "AixLib.ThermalZones.HighOrder.Validation.ASHRAE140.Case600",
    "simulation": {
      "elapsed_time": 5.43,
      "final_time": 864000,
      "jacobians": 9110,
      "start_time": 0,
      "state_events": 10,
      "success": true
    }
  },
  {
    "comparison": {
      "file_name": "AixLib.ThermalZones.ReducedOrder.Examples.MultizoneEquipped.mat",
      "funnel_dirs": [
        "funnel_comp/AixLib.ThermalZones.ReducedOrder.Examples.MultizoneEquipped.mat_multizone.TAir[1]",
        "funnel_comp/AixLib.ThermalZones.ReducedOrder.Examples.MultizoneEquipped.mat_multizone.TAir[2]",
        "funnel_comp/AixLib.ThermalZones.ReducedOrder.Examples.MultizoneEquipped.mat_multizone.TAir[3]",
        "funnel_comp/AixLib.ThermalZones.ReducedOrder.Examples.MultizoneEquipped.mat_multizone.TAir[4]",
        "funnel_comp/AixLib.ThermalZones.ReducedOrder.Examples.MultizoneEquipped.mat_multizone.TAir[5]",
        "funnel_comp/AixLib.ThermalZones.ReducedOrder.Examples.MultizoneEquipped.mat_multizone.PHeater[1]",
        "funnel_comp/AixLib.ThermalZones.ReducedOrder.Examples.MultizoneEquipped.mat_multizone.PHeater[2]",
        "funnel_comp/AixLib.ThermalZones.ReducedOrder.Examples.MultizoneEquipped.mat_multizone.PHeater[3]",
        "funnel_comp/AixLib.ThermalZones.ReducedOrder.Examples.MultizoneEquipped.mat_multizone.PHeater[4]",
        "funnel_comp/AixLib.ThermalZones.ReducedOrder.Examples.MultizoneEquipped.mat_multizone.PHeater[5]"
      ],
      "success_rate": 0.5,
      "t_err_max": [
        0.0,
        0.0,
        0.0,
        0.0,
        0.0,
        138240.0,
        138240.0,
        138240.0,
        138240.0,
        138240.0
      ],
      "test_passed": [
        1,
        1,
        1,
        1,
        1,
        0,
        0,
        0,
        0,
        0
      ],
      "var_groups": [
        0,
        0,
        0,
        0,
        0,
        1,
        1,
        1,
        1,
        1
      ],
      "variables": [
        "multizone.TAir[1]",
        "multizone.TAir[2]",
        "multizone.TAir[3]",
        "multizone.TAir[4]",
        "multizone.TAir[5]",
        "multizone.PHeater[1]",
        "multizone.PHeater[2]",
        "multizone.PHeater[3]",
        "multizone.PHeater[4]",
        "multizone.PHeater[5]"
      ],
      "warnings": [
        null,
        null,
        null,
        null,
        null,
        "Absolute error = 1.105e+03 at t = 138240.0 for multizone.PHeater[1]",
        "Absolute error = 8.681e+02 at t = 138240.0 for multizone.PHeater[2]",
        "Absolute error = 8.681e+02 at t = 138240.0 for multizone.PHeater[3]",
        "Absolute error = 8.681e+02 at t = 138240.0 for multizone.PHeater[4]",
        "Absolute error = 8.681e+02 at t = 138240.0 for multizone.PHeater[5]"
      ]
    },
    "model": "AixLib.ThermalZones.ReducedOrder.Examples.MultizoneEquipped",
    "simulation": {
      "elapsed_time": 4.27215,
      "final_time": 864000,
      "jacobians": 902,
      "start_time": 0,
      "state_events": 412,
      "success": true
    }
  },
  {
    "comparison": {
      "file_name": "AixLib.ThermalZones.ReducedOrder.Examples.MultizoneMoistAirCO2.mat",
      "funnel_dirs": [
        "funnel_comp/AixLib.ThermalZones.ReducedOrder.Examples.MultizoneMoistAirCO2.mat_multizone.TAir[1]",
        "funnel_comp/AixLib.ThermalZones.ReducedOrder.Examples.MultizoneMoistAirCO2.mat_multizone.CO2Con[1]"
      ],
      "success_rate": 1.0,
      "t_err_max": [
        0.0,
        0.0
      ],
      "test_passed": [
        1,
        1
      ],
      "var_groups": [
        0,
        1
      ],
      "variables": [
        "multizone.TAir[1]",
        "multizone.CO2Con[1]"
      ],
      "warnings": [
        null,
        null
      ]
    },
    "model": "AixLib.ThermalZones.ReducedOrder.Examples.MultizoneMoistAirCO2",
    "simulation": {
      "elapsed_time": 29.1747,
      "final_time": 31536000.0,
      "jacobians": 11741,
      "start_time": 0,
      "state_events": 2978,
      "success": true
    }
  },
  {
    "comparison": {
      "file_name": "AixLib.ThermalZones.HighOrder.Validation.ASHRAE140.Case620.mat",
      "funnel_dirs": [],
      "success_rate": 0,
      "t_err_max": [],
      "test_passed": [],
      "var_groups": [],
      "variables": [],
      "warnings": []
    },
    "model": "AixLib.ThermalZones.HighOrder.Validation.ASHRAE140.Case620",
    "simulation": {
      "elapsed_time": 7.84,
      "final_time": 864000,
      "jacobians": 7884,
      "start_time": 0,
      "state_events": 10,
      "success": true
    }
  },
  {
    "comparison": {
      "file_name": "AixLib.ThermalZones.HighOrder.Validation.ASHRAE140.Case270.mat",
      "funnel_dirs": [],
      "success_rate": 0,
      "t_err_max": [],
      "test_passed": [],
      "var_groups": [],
      "variables": [],
      "warnings": []
    },
    "model": "AixLib.ThermalZones.HighOrder.Validation.ASHRAE140.Case270",
    "simulation": {
      "elapsed_time": 5.5,
      "final_time": 864000,
      "jacobians": 9171,
      "start_time": 0,
      "state_events": 10,
      "success": true
    }
  },
  {
    "comparison": {
      "file_name": "AixLib.ThermalZones.HighOrder.Validation.EmpiricalValidation.Warehouse.mat",
      "funnel_dirs": [],
      "success_rate": 0,
      "t_err_max": [],
      "test_passed": [],
      "var_groups": [],
      "variables": [],
      "warnings": []
    },
    "model": "AixLib.ThermalZones.HighOrder.Validation.EmpiricalValidation.Warehouse",
    "simulation": {
      "elapsed_time": 17.1,
      "final_time": 31536000.0,
      "jacobians": 95355,
      "start_time": 0,
      "state_events": 365,
      "success": true
    }
  },
  {
    "comparison": {
      "file_name": "AixLib.ThermalZones.ReducedOrder.Examples.ComparisonThermalZoneMoistAndDryAir.mat",
      "funnel_dirs": [
        "funnel_comp/AixLib.ThermalZones.ReducedOrder.Examples.ComparisonThermalZoneMoistAndDryAir.mat_thermalZone.TAir",
        "funnel_comp/AixLib.ThermalZones.ReducedOrder.Examples.ComparisonThermalZoneMoistAndDryAir.mat_thermalZoneMoistAir.TAir",
        "funnel_comp/AixLib.ThermalZones.ReducedOrder.Examples.ComparisonThermalZoneMoistAndDryAir.mat_thermalZoneMoistAir.X_w"
      ],
      "success_rate": 1.0,
      "t_err_max": [
        0.0,
        0.0,
        0.0
      ],
      "test_passed": [
        1,
        1,
        1
      ],
      "var_groups": [
        0,
        1,
        2
      ],
      "variables": [
        "thermalZone.TAir",
        "thermalZoneMoistAir.TAir",
        "thermalZoneMoistAir.X_w"
      ],
      "warnings": [
        null,
        null,
        null
      ]
    },
    "model": "AixLib.ThermalZones.ReducedOrder.Examples.ComparisonThermalZoneMoistAndDryAir",
    "simulation": {
      "elapsed_time": 14.3491,
      "final_time": 31536000.0,
      "jacobians": 20410,
      "start_time": 0,
      "state_events": 2934,
      "success": true
    }
  },
  {
    "comparison": {
      "file_name": "AixLib.ThermalZones.HighOrder.Validation.ASHRAE140.Case440.mat",
      "funnel_dirs": [],
      "success_rate": 0,
      "t_err_max": [],
      "test_passed": [],
      "var_groups": [],
      "variables": [],
      "warnings": []
    },
    "model": "AixLib.ThermalZones.HighOrder.Validation.ASHRAE140.Case440",
    "simulation": {
      "elapsed_time": 5.34,
      "final_time": 864000,
      "jacobians": 9067,
      "start_time": 0,
      "state_events": 10,
      "success": true
    }
  },
  {
    "comparison": {
      "file_name": "AixLib.ThermalZones.ReducedOrder.Examples.MultizoneMoistAirCO2Equipped.mat",
      "funnel_dirs": [
        "funnel_comp/AixLib.ThermalZones.ReducedOrder.Examples.MultizoneMoistAirCO2Equipped.mat_multizone.TAir[1]",
        "funnel_comp/AixLib.ThermalZones.ReducedOrder.Examples.MultizoneMoistAirCO2Equipped.mat_multizone.TAir[2]",
        "funnel_comp/AixLib.ThermalZones.ReducedOrder.Examples.MultizoneMoistAirCO2Equipped.mat_multizone.TAir[3]",
        "funnel_comp/AixLib.ThermalZones.ReducedOrder.Examples.MultizoneMoistAirCO2Equipped.mat_multizone.TAir[4]",
        "funnel_comp/AixLib.ThermalZones.ReducedOrder.Examples.MultizoneMoistAirCO2Equipped.mat_multizone.TAir[5]",
        "funnel_comp/AixLib.ThermalZones.ReducedOrder.Examples.MultizoneMoistAirCO2Equipped.mat_multizone.PHeater[1]",
        "funnel_comp/AixLib.ThermalZones.ReducedOrder.Examples.MultizoneMoistAirCO2Equipped.mat_multizone.PHeater[2]",
        "funnel_comp/AixLib.ThermalZones.ReducedOrder.Examples.MultizoneMoistAirCO2Equipped.mat_multizone.PHeater[3]",
        "funnel_comp/AixLib.ThermalZones.ReducedOrder.Examples.MultizoneMoistAirCO2Equipped.mat_multizone.PHeater[4]",
        "funnel_comp/AixLib.ThermalZones.ReducedOrder.Examples.MultizoneMoistAirCO2Equipped.mat_multizone.PHeater[5]"
      ],
      "success_rate": 0.0,
      "t_err_max": [
        233280.0,
        838080.0,
        838080.0,
        838080.0,
        838080.0,
        241920.0,
        673920.0,
        673920.0,
        673920.0,
        673920.0
      ],
      "test_passed": [
        0,
        0,
        0,
        0,
        0,
        0,
        0,
        0,
        0,
        0
      ],
      "var_groups": [
        0,
        0,
        0,
        0,
        0,
        1,
        1,
        1,
        1,
        1
      ],
      "variables": [
        "multizone.TAir[1]",
        "multizone.TAir[2]",
        "multizone.TAir[3]",
        "multizone.TAir[4]",
        "multizone.TAir[5]",
        "multizone.PHeater[1]",
        "multizone.PHeater[2]",
        "multizone.PHeater[3]",
        "multizone.PHeater[4]",
        "multizone.PHeater[5]"
      ],
      "warnings": [
        "Absolute error = 6.647e-02 at t = 233280.0 for multizone.TAir[1]",
        "Absolute error = 8.405e-02 at t = 838080.0 for multizone.TAir[2]",
        "Absolute error = 8.405e-02 at t = 838080.0 for multizone.TAir[3]",
        "Absolute error = 8.405e-02 at t = 838080.0 for multizone.TAir[4]",
        "Absolute error = 8.405e-02 at t = 838080.0 for multizone.TAir[5]",
        "Absolute error = 9.053e+03 at t = 241920.0 for multizone.PHeater[1]",
        "Absolute error = 8.884e+03 at t = 673920.0 for multizone.PHeater[2]",
        "Absolute error = 8.884e+03 at t = 673920.0 for multizone.PHeater[3]",
        "Absolute error = 8.884e+03 at t = 673920.0 for multizone.PHeater[4]",
        "Absolute error = 8.884e+03 at t = 673920.0 for multizone.PHeater[5]"
      ]
    },
    "model": "AixLib.ThermalZones.ReducedOrder.Examples.MultizoneMoistAirCO2Equipped",
    "simulation": {
      "elapsed_time": 5.00718,
      "final_time": 864000,
      "jacobians": 940,
      "start_time": 0,
      "state_events": 372,
      "success": true
    }
  },
  {
    "comparison": {
      "file_name": "AixLib.ThermalZones.HighOrder.Validation.ASHRAE140.Case950FF.mat",
      "funnel_dirs": [],
      "success_rate": 0,
      "t_err_max": [],
      "test_passed": [],
      "var_groups": [],
      "variables": [],
      "warnings": []
    },
    "model": "AixLib.ThermalZones.HighOrder.Validation.ASHRAE140.Case950FF",
    "simulation": {
      "elapsed_time": 1.07,
      "final_time": 864000,
      "jacobians": 3406,
      "start_time": 0,
      "state_events": 10,
      "success": true
    }
  },
  {
    "comparison": {
      "file_name": "AixLib.ThermalZones.ReducedOrder.Examples.MultizonePartlyCooled.mat",
      "funnel_dirs": [
        "funnel_comp/AixLib.ThermalZones.ReducedOrder.Examples.MultizonePartlyCooled.mat_multizone.TAir[1]",
        "funnel_comp/AixLib.ThermalZones.ReducedOrder.Examples.MultizonePartlyCooled.mat_multizone.TAir[2]",
        "funnel_comp/AixLib.ThermalZones.ReducedOrder.Examples.MultizonePartlyCooled.mat_multizone.TAir[3]",
        "funnel_comp/AixLib.ThermalZones.ReducedOrder.Examples.MultizonePartlyCooled.mat_multizone.TAir[4]",
        "funnel_comp/AixLib.ThermalZones.ReducedOrder.Examples.MultizonePartlyCooled.mat_multizone.TAir[5]",
        "funnel_comp/AixLib.ThermalZones.ReducedOrder.Examples.MultizonePartlyCooled.mat_multizone.PCooler[1]",
        "funnel_comp/AixLib.ThermalZones.ReducedOrder.Examples.MultizonePartlyCooled.mat_multizone.PCooler[2]",
        "funnel_comp/AixLib.ThermalZones.ReducedOrder.Examples.MultizonePartlyCooled.mat_multizone.PCooler[3]",
        "funnel_comp/AixLib.ThermalZones.ReducedOrder.Examples.MultizonePartlyCooled.mat_multizone.PCooler[4]",
        "funnel_comp/AixLib.ThermalZones.ReducedOrder.Examples.MultizonePartlyCooled.mat_multizone.PCooler[5]"
      ],
      "success_rate": 1.0,
      "t_err_max": [
        14688000.0,
        14688000.0,
        14688000.0,
        14688000.0,
        14688000.0,
        14688000.0,
        14688000.0,
        14688000.0,
        14688000.0,
        14688000.0
      ],
      "test_passed": [
        1,
        1,
        1,
        1,
        1,
        1,
        1,
        1,
        1,
        1
      ],
      "var_groups": [
        0,
        0,
        0,
        0,
        0,
        1,
        1,
        1,
        1,
        1
      ],
      "variables": [
        "multizone.TAir[1]",
        "multizone.TAir[2]",
        "multizone.TAir[3]",
        "multizone.TAir[4]",
        "multizone.TAir[5]",
        "multizone.PCooler[1]",
        "multizone.PCooler[2]",
        "multizone.PCooler[3]",
        "multizone.PCooler[4]",
        "multizone.PCooler[5]"
      ],
      "warnings": [
        null,
        null,
        null,
        null,
        null,
        null,
        null,
        null,
        null,
        null
      ]
    },
    "model": "AixLib.ThermalZones.ReducedOrder.Examples.MultizonePartlyCooled",
    "simulation": {
      "elapsed_time": 0.976251,
      "final_time": 15552000.0,
      "jacobians": 312,
      "start_time": 14688000.0,
      "state_events": 70,
      "success": true
    }
  },
  {
    "comparison": {
      "file_name": "AixLib.ThermalZones.HighOrder.Validation.ASHRAE140.Case230.mat",
      "funnel_dirs": [],
      "success_rate": 0,
      "t_err_max": [],
      "test_passed": [],
      "var_groups": [],
      "variables": [],
      "warnings": []
    },
    "model": "AixLib.ThermalZones.HighOrder.Validation.ASHRAE140.Case230",
    "simulation": {
      "elapsed_time": 2.92,
      "final_time": 864000,
      "jacobians": 6109,
      "start_time": 0,
      "state_events": 10,
      "success": true
    }
  },
  {
    "comparison": {
      "file_name": "AixLib.ThermalZones.HighOrder.Validation.ASHRAE140.Case900.mat",
      "funnel_dirs": [],
      "success_rate": 0,
      "t_err_max": [],
      "test_passed": [],
      "var_groups": [],
      "variables": [],
      "warnings": []
    },
    "model": "AixLib.ThermalZones.HighOrder.Validation.ASHRAE140.Case900",
    "simulation": {
      "elapsed_time": 4.86,
      "final_time": 864000,
      "jacobians": 8366,
      "start_time": 0,
      "state_events": 10,
      "success": true
    }
  },
  {
    "comparison": {
      "file_name": "AixLib.ThermalZones.ISO13790.Validation.BESTEST.Case900.mat",
      "funnel_dirs": [
        "funnel_comp/AixLib.ThermalZones.ISO13790.Validation.BESTEST.Case900.mat_EHea.y",
        "funnel_comp/AixLib.ThermalZones.ISO13790.Validation.BESTEST.Case900.mat_ECoo.y"
      ],
      "success_rate": 1.0,
      "t_err_max": [
        0.0,
        0.0
      ],
      "test_passed": [
        1,
        1
      ],
      "var_groups": [
        0,
        0
      ],
      "variables": [
        "EHea.y",
        "ECoo.y"
      ],
      "warnings": [
        null,
        null
      ]
    },
    "model": "AixLib.ThermalZones.ISO13790.Validation.BESTEST.Case900",
    "simulation": {
      "elapsed_time": 6.75,
      "final_time": 31536000.0,
      "jacobians": 47150,
      "start_time": 0,
      "state_events": 1,
      "success": true
    }
  },
  {
    "comparison": {
      "file_name": "AixLib.ThermalZones.ReducedOrder.Examples.Multizone.mat",
      "funnel_dirs": [
        "funnel_comp/AixLib.ThermalZones.ReducedOrder.Examples.Multizone.mat_multizone.TAir[1]",
        "funnel_comp/AixLib.ThermalZones.ReducedOrder.Examples.Multizone.mat_multizone.TAir[2]",
        "funnel_comp/AixLib.ThermalZones.ReducedOrder.Examples.Multizone.mat_multizone.TAir[3]",
        "funnel_comp/AixLib.ThermalZones.ReducedOrder.Examples.Multizone.mat_multizone.TAir[4]",
        "funnel_comp/AixLib.ThermalZones.ReducedOrder.Examples.Multizone.mat_multizone.TAir[5]",
        "funnel_comp/AixLib.ThermalZones.ReducedOrder.Examples.Multizone.mat_weaDat.weaBus.TDryBul"
      ],
      "success_rate": 1.0,
      "t_err_max": [
        0.0,
        0.0,
        0.0,
        0.0,
        0.0,
        0.0
      ],
      "test_passed": [
        1,
        1,
        1,
        1,
        1,
        1
      ],
      "var_groups": [
        0,
        0,
        0,
        0,
        0,
        1
      ],
      "variables": [
        "multizone.TAir[1]",
        "multizone.TAir[2]",
        "multizone.TAir[3]",
        "multizone.TAir[4]",
        "multizone.TAir[5]",
        "weaDat.weaBus.TDryBul"
      ],
      "warnings": [
        null,
        null,
        null,
        null,
        null,
        null
      ]
    },
    "model": "AixLib.ThermalZones.ReducedOrder.Examples.Multizone",
    "simulation": {
      "elapsed_time": 0.889328,
      "final_time": 864000,
      "jacobians": 325,
      "start_time": 0,
      "state_events": 83,
      "success": true
    }
  },
  {
    "comparison": {
      "file_name": "AixLib.ThermalZones.HighOrder.Validation.ASHRAE140.Case650.mat",
      "funnel_dirs": [],
      "success_rate": 0,
      "t_err_max": [],
      "test_passed": [],
      "var_groups": [],
      "variables": [],
      "warnings": []
    },
    "model": "AixLib.ThermalZones.HighOrder.Validation.ASHRAE140.Case650",
    "simulation": {
      "elapsed_time": 2.87,
      "final_time": 864000,
      "jacobians": 5843,
      "start_time": 0,
      "state_events": 10,
      "success": true
    }
  },
  {
    "comparison": {
      "file_name": "AixLib.ThermalZones.HighOrder.Validation.ASHRAE140.Case420.mat",
      "funnel_dirs": [],
      "success_rate": 0,
      "t_err_max": [],
      "test_passed": [],
      "var_groups": [],
      "variables": [],
      "warnings": []
    },
    "model": "AixLib.ThermalZones.HighOrder.Validation.ASHRAE140.Case420",
    "simulation": {
      "elapsed_time": 2.99,
      "final_time": 864000,
      "jacobians": 5866,
      "start_time": 0,
      "state_events": 10,
      "success": true
    }
  },
  {
    "comparison": {
      "file_name": "AixLib.ThermalZones.HighOrder.Examples.RoomGFOw2_DayNightMode.mat",
      "funnel_dirs": [],
      "success_rate": 0,
      "t_err_max": [],
      "test_passed": [],
      "var_groups": [],
      "variables": [],
      "warnings": []
    },
    "model": "AixLib.ThermalZones.HighOrder.Examples.RoomGFOw2_DayNightMode",
    "simulation": {
      "elapsed_time": 0.696,
      "final_time": 86400,
      "jacobians": 369,
      "start_time": 0,
      "state_events": 2,
      "success": true
    }
  },
  {
    "comparison": {
      "file_name": "AixLib.ThermalZones.HighOrder.Validation.ASHRAE140.Case640.mat",
      "funnel_dirs": [],
      "success_rate": 0,
      "t_err_max": [],
      "test_passed": [],
      "var_groups": [],
      "variables": [],
      "warnings": []
    },
    "model": "AixLib.ThermalZones.HighOrder.Validation.ASHRAE140.Case640",
    "simulation": {
      "elapsed_time": 7.23,
      "final_time": 864000,
      "jacobians": 11146,
      "start_time": 0,
      "state_events": 10,
      "success": true
    }
  }
]
