[
  {
    "comparison": {
      "file_name": "AixLib.Systems.ModularAHU.Examples.GenericAHU.mat",
      "funnel_dirs": [
        null,
        null,
        null,
        null,
        null,
        null,
        null
      ],
      "success_rate": 0.0,
      "t_err_max": [
        0,
        0,
        0,
        0,
        0,
        0,
        0
      ],
      "test_passed": [
        0,
        0,
        0,
        0,
        0,
        0,
        0
      ],
      "var_groups": [
        0,
        0,
        0,
        0,
        1,
        1,
        1
      ],
      "variables": [
        "ctrAHUBasic.genericAHUBus.TOdaMea",
        "ctrAHUBasic.genericAHUBus.TSupMea",
        "ctrAHUBasic.genericAHUBus.TEtaMea",
        "ctrAHUBasic.genericAHUBus.TEhaMea",
        "ctrAHUBasic.genericAHUBus.preheaterBus.hydraulicBus.valveMea",
        "ctrAHUBasic.genericAHUBus.coolerBus.hydraulicBus.valveMea",
        "ctrAHUBasic.genericAHUBus.heaterBus.hydraulicBus.valveMea"
      ],
      "warnings": [
        "Translation, simulation or extracting simulation results failed. IOError while reading /tmp/tmp-AixLib-0-z4pb_wpt/AixLib/AixLib.Systems.ModularAHU.Examples.GenericAHU.mat generated by Systems/ModularAHU/Examples/GenericAHU.mos.\nFile /tmp/tmp-AixLib-0-z4pb_wpt/AixLib/AixLib.Systems.ModularAHU.Examples.GenericAHU.mat does not exist.\n",
        "",
        "",
        "",
        "",
        "",
        ""
      ]
    },
    "model": "AixLib.Systems.ModularAHU.Examples.GenericAHU",
    "simulation": {
      "elapsed_time": 0,
      "final_time": 7200,
      "jacobians": 0,
      "start_time": 0,
      "state_events": 0,
      "success": false
    }
  },
  {
    "comparison": {
      "file_name": "AixLib.Systems.HeatPumpSystems.Examples.HeatPumpSystem.mat",
      "funnel_dirs": [
        null,
        null,
        null,
        null,
        null,
        null
      ],
      "success_rate": 0.0,
      "t_err_max": [
        0,
        0,
        0,
        0,
        0,
        0
      ],
      "test_passed": [
        0,
        0,
        0,
        0,
        0,
        0
      ],
      "var_groups": [
        0,
        0,
        0,
        1,
        1,
        2
      ],
      "variables": [
        "heatPumpSystem.heatPump.sigBus.TConInMea",
        "heatPumpSystem.heatPump.sigBus.TConOutMea",
        "heatPumpSystem.hPSystemController.hPControls.heatCurve.TSet",
        "heatPumpSystem.heatPump.innerCycle.QCon",
        "heatPumpSystem.heatPump.innerCycle.Pel",
        "vol.T"
      ],
      "warnings": [
        "Translation, simulation or extracting simulation results failed. IOError while reading /tmp/tmp-AixLib-1-94w2jt70/AixLib/AixLib.Systems.HeatPumpSystems.Examples.HeatPumpSystem.mat generated by Systems/HeatPumpSystems/Examples/HeatPumpSystem.mos.\nFile /tmp/tmp-AixLib-1-94w2jt70/AixLib/AixLib.Systems.HeatPumpSystems.Examples.HeatPumpSystem.mat does not exist.\n",
        "",
        "",
        "",
        "",
        ""
      ]
    },
    "model": "AixLib.Systems.HeatPumpSystems.Examples.HeatPumpSystem",
    "simulation": {
      "elapsed_time": 0,
      "final_time": 86400,
      "jacobians": 0,
      "start_time": 0,
      "state_events": 0,
      "success": false
    }
  }
]
