[
  {
    "comparison": {
      "file_name": "AixLib.Electrical.PVSystem.Validation.ValidationPVSystem.mat",
      "funnel_dirs": [
        null,
        null
      ],
      "success_rate": 0.0,
      "t_err_max": [
        0,
        0
      ],
      "test_passed": [
        0,
        0
      ],
      "var_groups": [
        0,
        0
      ],
      "variables": [
        "DCOutputPower",
        "DCOutputPower_Measured"
      ],
      "warnings": [
        "Translation, simulation or extracting simulation results failed. IOError while reading /tmp/tmp-AixLib-0-xb0ib97k/AixLib/AixLib.Electrical.PVSystem.Validation.ValidationPVSystem.mat generated by Electrical/Validation/ValidationPVSystem.mos.\nFile /tmp/tmp-AixLib-0-xb0ib97k/AixLib/AixLib.Electrical.PVSystem.Validation.ValidationPVSystem.mat does not exist.\n",
        ""
      ]
    },
    "model": "AixLib.Electrical.PVSystem.Validation.ValidationPVSystem",
    "simulation": {
      "elapsed_time": 0,
      "final_time": 28771200.0,
      "jacobians": 0,
      "start_time": 28684800.0,
      "state_events": 0,
      "success": false
    }
  },
  {
    "comparison": {
      "file_name": "AixLib.Electrical.PVSystem.Examples.ExamplePVSystem.mat",
      "funnel_dirs": [
        null
      ],
      "success_rate": 0.0,
      "t_err_max": [
        0
      ],
      "test_passed": [
        0
      ],
      "var_groups": [
        0
      ],
      "variables": [
        "DCOutputPower"
      ],
      "warnings": [
        "Translation, simulation or extracting simulation results failed. IOError while reading /tmp/tmp-AixLib-1-lmi9xo9m/AixLib/AixLib.Electrical.PVSystem.Examples.ExamplePVSystem.mat generated by Electrical/Examples/ExamplePVSystem.mos.\nFile /tmp/tmp-AixLib-1-lmi9xo9m/AixLib/AixLib.Electrical.PVSystem.Examples.ExamplePVSystem.mat does not exist.\n"
      ]
    },
    "model": "AixLib.Electrical.PVSystem.Examples.ExamplePVSystem",
    "simulation": {
      "elapsed_time": 0,
      "final_time": 31536000.0,
      "jacobians": 0,
      "start_time": 0,
      "state_events": 0,
      "success": false
    }
  }
]
