 = true


rCheck = checkModel("AixLib.Electrical.PVSystem.Validation.ValidationPVSystem");
Check of AixLib.Electrical.PVSystem.Validation.ValidationPVSystem:
Warning: The quantity of pVSystem.weaBus.TDryBul is "ThermodynamicTemperature" and the quantity of pVSystem.cellTemperature.T_a is "Temp_C".
In connect(pVSystem.weaBus.TDryBul, pVSystem.cellTemperature.T_a);
Found in class AixLib.Electrical.PVSystem.PVSystem, /tmp/tmp-AixLib-0-xb0ib97k/AixLib/Electrical/PVSystem/PVSystem.mo at line 132, and used in component pVSystem.
Variable pVSystem.weaBus.TDryBul was declared in class Modelica.Units.SI, /tmp/tmp-AixLib-0-xb0ib97k/AixLib/BoundaryConditions/WeatherData/Bus.mo at line 5, and used in component pVSystem.weaBus.
Variable pVSystem.cellTemperature.T_a was declared in class Modelica.Blocks.Interfaces, /tmp/tmp-AixLib-0-xb0ib97k/AixLib/Electrical/PVSystem/BaseClasses/PartialCellTemperature.mo at line 21, and used in component pVSystem.cellTemperature.PartialCellTemperature.
-------------------------------------------------
Error: the model is too complex for the current license.
Your license must be upgraded to handle this model.
-------------------------------------------------
Warning: WARNINGS have been issued.
Error: ERRORS have been issued.
Declaring variable: Boolean rCheck ;

Modelica.Utilities.Streams.print("    { \"file\" :  \"AixLib/Resources/Scripts/Dymola/Electrical/Validation/ValidationPVSystem.mos\",", "AixLib.Electrical.PVSystem.Validation.ValidationPVSystem.statistics.log");
Modelica.Utilities.Streams.print("      \"model\" : \"AixLib.Electrical.PVSystem.Validation.ValidationPVSystem\",", "AixLib.Electrical.PVSystem.Validation.ValidationPVSystem.statistics.log");
Modelica.Utilities.Streams.print("      \"check\" : {", "AixLib.Electrical.PVSystem.Validation.ValidationPVSystem.statistics.log");
Modelica.Utilities.Streams.print("        \"command\" : \"checkModel(\\\"AixLib.Electrical.PVSystem.Validation.ValidationPVSystem\\\");\",", "AixLib.Electrical.PVSystem.Validation.ValidationPVSystem.statistics.log");
Modelica.Utilities.Streams.print("        \"result\"  : " + String(rCheck), "AixLib.Electrical.PVSystem.Validation.ValidationPVSystem.statistics.log");
Modelica.Utilities.Streams.print("      },", "AixLib.Electrical.PVSystem.Validation.ValidationPVSystem.statistics.log");


rScript=RunScript("modelica://AixLib/Resources/Scripts/Dymola/Electrical/Validation/ValidationPVSystem.mos");
simulateModel("AixLib.Electrical.PVSystem.Validation.ValidationPVSystem", startTime=28684800, stopTime=28771200, tolerance=1e-06, method="dassl", resultFile="AixLib.Electrical.PVSystem.Validation.ValidationPVSystem");
Translation of AixLib.Electrical.PVSystem.Validation.ValidationPVSystem:
Warning: The quantity of pVSystem.weaBus.TDryBul is "ThermodynamicTemperature" and the quantity of pVSystem.cellTemperature.T_a is "Temp_C".
In connect(pVSystem.weaBus.TDryBul, pVSystem.cellTemperature.T_a);
Found in class AixLib.Electrical.PVSystem.PVSystem, /tmp/tmp-AixLib-0-xb0ib97k/AixLib/Electrical/PVSystem/PVSystem.mo at line 132, and used in component pVSystem.
Variable pVSystem.weaBus.TDryBul was declared in class Modelica.Units.SI, /tmp/tmp-AixLib-0-xb0ib97k/AixLib/BoundaryConditions/WeatherData/Bus.mo at line 5, and used in component pVSystem.weaBus.
Variable pVSystem.cellTemperature.T_a was declared in class Modelica.Blocks.Interfaces, /tmp/tmp-AixLib-0-xb0ib97k/AixLib/Electrical/PVSystem/BaseClasses/PartialCellTemperature.mo at line 21, and used in component pVSystem.cellTemperature.PartialCellTemperature.
-------------------------------------------------
Error: the model is too complex for the current license.
Your license must be upgraded to handle this model.
-------------------------------------------------
Warning: WARNINGS have been issued.
Error: ERRORS have been issued.
 = false

Instantiation of ?:
Declaring variable: Boolean rScript ;

savelog("AixLib.Electrical.PVSystem.Validation.ValidationPVSystem.translation.log"); = true


rCheck = checkModel("AixLib.Electrical.PVSystem.Examples.ExamplePVSystem");
Check of AixLib.Electrical.PVSystem.Examples.ExamplePVSystem:
Warning: The quantity of pVSystem.weaBus.TDryBul is "ThermodynamicTemperature" and the quantity of pVSystem.cellTemperature.T_a is "Temp_C".
In connect(pVSystem.weaBus.TDryBul, pVSystem.cellTemperature.T_a);
Found in class AixLib.Electrical.PVSystem.PVSystem, /tmp/tmp-AixLib-1-lmi9xo9m/AixLib/Electrical/PVSystem/PVSystem.mo at line 132, and used in component pVSystem.
Variable pVSystem.weaBus.TDryBul was declared in class Modelica.Units.SI, /tmp/tmp-AixLib-1-lmi9xo9m/AixLib/BoundaryConditions/WeatherData/Bus.mo at line 5, and used in component pVSystem.weaBus.
Variable pVSystem.cellTemperature.T_a was declared in class Modelica.Blocks.Interfaces, /tmp/tmp-AixLib-1-lmi9xo9m/AixLib/Electrical/PVSystem/BaseClasses/PartialCellTemperature.mo at line 21, and used in component pVSystem.cellTemperature.PartialCellTemperature.
-------------------------------------------------
Error: the model is too complex for the current license.
Your license must be upgraded to handle this model.
-------------------------------------------------
Warning: WARNINGS have been issued.
Error: ERRORS have been issued.
Declaring variable: Boolean rCheck ;

Modelica.Utilities.Streams.print("    { \"file\" :  \"AixLib/Resources/Scripts/Dymola/Electrical/Examples/ExamplePVSystem.mos\",", "AixLib.Electrical.PVSystem.Examples.ExamplePVSystem.statistics.log");
Modelica.Utilities.Streams.print("      \"model\" : \"AixLib.Electrical.PVSystem.Examples.ExamplePVSystem\",", "AixLib.Electrical.PVSystem.Examples.ExamplePVSystem.statistics.log");
Modelica.Utilities.Streams.print("      \"check\" : {", "AixLib.Electrical.PVSystem.Examples.ExamplePVSystem.statistics.log");
Modelica.Utilities.Streams.print("        \"command\" : \"checkModel(\\\"AixLib.Electrical.PVSystem.Examples.ExamplePVSystem\\\");\",", "AixLib.Electrical.PVSystem.Examples.ExamplePVSystem.statistics.log");
Modelica.Utilities.Streams.print("        \"result\"  : " + String(rCheck), "AixLib.Electrical.PVSystem.Examples.ExamplePVSystem.statistics.log");
Modelica.Utilities.Streams.print("      },", "AixLib.Electrical.PVSystem.Examples.ExamplePVSystem.statistics.log");


rScript=RunScript("modelica://AixLib/Resources/Scripts/Dymola/Electrical/Examples/ExamplePVSystem.mos");
simulateModel("AixLib.Electrical.PVSystem.Examples.ExamplePVSystem", stopTime=31536000, method="dassl", tolerance=1e-06, resultFile="AixLib.Electrical.PVSystem.Examples.ExamplePVSystem");
Translation of AixLib.Electrical.PVSystem.Examples.ExamplePVSystem:
Warning: The quantity of pVSystem.weaBus.TDryBul is "ThermodynamicTemperature" and the quantity of pVSystem.cellTemperature.T_a is "Temp_C".
In connect(pVSystem.weaBus.TDryBul, pVSystem.cellTemperature.T_a);
Found in class AixLib.Electrical.PVSystem.PVSystem, /tmp/tmp-AixLib-1-lmi9xo9m/AixLib/Electrical/PVSystem/PVSystem.mo at line 132, and used in component pVSystem.
Variable pVSystem.weaBus.TDryBul was declared in class Modelica.Units.SI, /tmp/tmp-AixLib-1-lmi9xo9m/AixLib/BoundaryConditions/WeatherData/Bus.mo at line 5, and used in component pVSystem.weaBus.
Variable pVSystem.cellTemperature.T_a was declared in class Modelica.Blocks.Interfaces, /tmp/tmp-AixLib-1-lmi9xo9m/AixLib/Electrical/PVSystem/BaseClasses/PartialCellTemperature.mo at line 21, and used in component pVSystem.cellTemperature.PartialCellTemperature.
-------------------------------------------------
Error: the model is too complex for the current license.
Your license must be upgraded to handle this model.
-------------------------------------------------
Warning: WARNINGS have been issued.
Error: ERRORS have been issued.
 = false

Instantiation of ?:
Declaring variable: Boolean rScript ;

savelog("AixLib.Electrical.PVSystem.Examples.ExamplePVSystem.translation.log");