 = true

Advanced.PedanticModelica = false;

rCheck = checkModel("AixLib.Obsolete.Year2024.Systems.HeatPumpSystems.Examples.HeatPumpSystem");
Check of AixLib.Obsolete.Year2024.Systems.HeatPumpSystems.Examples.HeatPumpSystem:
Warning: Top class AixLib.Obsolete.Year2024.Systems.HeatPumpSystems.Examples.HeatPumpSystem specified an obsolete type: Obsolete model - This model is obsolete and not maintained anymore.
Warning:    Failed to find class Controls.HeatPump.BaseClasses.PartialTSetToNSet 
  In redeclaration of TSetToNSet.
  File: /tmp/tmp-AixLib-0-x77djmto/AixLib/Obsolete/Year2024/Systems/HeatPumpSystems/BaseClasses/PartialHeatPumpSystem.mo, line 67
 Component context: AixLib.Obsolete.Year2024.Systems.HeatPumpSystems.Examples.HeatPumpSystem.TSetToNSet
  Component declared as HeatPumpSystem heatPumpSystem in AixLib.Obsolete.Year2024.Systems.HeatPumpSystems.Examples.HeatPumpSystem
Warning:    Failed to find class Controls.HeatPump.BaseClasses.PartialTSetToNSet 
  In declaration of TSetToNSet.
  File: /tmp/tmp-AixLib-0-x77djmto/AixLib/Obsolete/Year2024/Systems/HeatPumpSystems/BaseClasses/PartialHeatPumpSystem.mo, line 67
  Context: AixLib.Obsolete.Year2024.Systems.HeatPumpSystems.BaseClasses.PartialHeatPumpSystem.TSetToNSet
Warning: WARNINGS have been issued.
Declaring variable: Boolean rCheck ;
Advanced.PedanticModelica = true;

Modelica.Utilities.Streams.print("    { \"file\" :  \"AixLib/Resources/Scripts/Dymola/Obsolete/Year2024/Systems/HeatPumpSystems/Examples/HeatPumpSystem.mos\",", "AixLib.Obsolete.Year2024.Systems.HeatPumpSystems.Examples.HeatPumpSystem.statistics.log");
Modelica.Utilities.Streams.print("      \"model\" : \"AixLib.Obsolete.Year2024.Systems.HeatPumpSystems.Examples.HeatPumpSystem\",", "AixLib.Obsolete.Year2024.Systems.HeatPumpSystems.Examples.HeatPumpSystem.statistics.log");
Modelica.Utilities.Streams.print("      \"check\" : {", "AixLib.Obsolete.Year2024.Systems.HeatPumpSystems.Examples.HeatPumpSystem.statistics.log");
Modelica.Utilities.Streams.print("        \"command\" : \"checkModel(\\\"AixLib.Obsolete.Year2024.Systems.HeatPumpSystems.Examples.HeatPumpSystem\\\");\",", "AixLib.Obsolete.Year2024.Systems.HeatPumpSystems.Examples.HeatPumpSystem.statistics.log");
Modelica.Utilities.Streams.print("        \"result\"  : " + String(rCheck), "AixLib.Obsolete.Year2024.Systems.HeatPumpSystems.Examples.HeatPumpSystem.statistics.log");
Modelica.Utilities.Streams.print("      },", "AixLib.Obsolete.Year2024.Systems.HeatPumpSystems.Examples.HeatPumpSystem.statistics.log");

Advanced.PedanticModelica = false;

rScript=RunScript("modelica://AixLib/Resources/Scripts/Dymola/Obsolete/Year2024/Systems/HeatPumpSystems/Examples/HeatPumpSystem.mos");
simulateModel("AixLib.Obsolete.Year2024.Systems.HeatPumpSystems.Examples.HeatPumpSystem", stopTime=86400, method="dassl",  tolerance=1e-06, resultFile="AixLib.Obsolete.Year2024.Systems.HeatPumpSystems.Examples.HeatPumpSystem");
Translation of AixLib.Obsolete.Year2024.Systems.HeatPumpSystems.Examples.HeatPumpSystem:
Warning: Top class AixLib.Obsolete.Year2024.Systems.HeatPumpSystems.Examples.HeatPumpSystem specified an obsolete type: Obsolete model - This model is obsolete and not maintained anymore.
Warning:    Failed to find class Controls.HeatPump.BaseClasses.PartialTSetToNSet 
  In redeclaration of TSetToNSet.
  File: /tmp/tmp-AixLib-0-x77djmto/AixLib/Obsolete/Year2024/Systems/HeatPumpSystems/BaseClasses/PartialHeatPumpSystem.mo, line 67
 Component context: AixLib.Obsolete.Year2024.Systems.HeatPumpSystems.Examples.HeatPumpSystem.TSetToNSet
  Component declared as HeatPumpSystem heatPumpSystem in AixLib.Obsolete.Year2024.Systems.HeatPumpSystems.Examples.HeatPumpSystem
Warning:    Failed to find class Controls.HeatPump.BaseClasses.PartialTSetToNSet 
  In declaration of TSetToNSet.
  File: /tmp/tmp-AixLib-0-x77djmto/AixLib/Obsolete/Year2024/Systems/HeatPumpSystems/BaseClasses/PartialHeatPumpSystem.mo, line 67
  Context: AixLib.Obsolete.Year2024.Systems.HeatPumpSystems.BaseClasses.PartialHeatPumpSystem.TSetToNSet
Warning: WARNINGS have been issued.
 = false

Declaring variable: Boolean rScript ;
Advanced.PedanticModelica = true;

savelog("AixLib.Obsolete.Year2024.Systems.HeatPumpSystems.Examples.HeatPumpSystem.translation.log"); = true

Advanced.PedanticModelica = false;

rCheck = checkModel("AixLib.Obsolete.Year2024.Fluid.HeatPumps.Examples.HeatPump");
Check of AixLib.Obsolete.Year2024.Fluid.HeatPumps.Examples.HeatPump:
Warning: Top class AixLib.Obsolete.Year2024.Fluid.HeatPumps.Examples.HeatPump specified an obsolete type: Obsolete model - This model is obsolete and not maintained anymore.
Warning: Component type specifier Vitocal200AWO201 specified an obsolete type: Obsolete model - This model is obsolete and not maintained anymore.
  Near file: /tmp/tmp-AixLib-0-x77djmto/AixLib/Obsolete/Year2024/DataBase/HeatPump/EN14511/Vitocal200AWO201.mo, line 2
 Component context: _out
  Component declared as Vitocal200AWO201 _out in AixLib.Obsolete.Year2024.DataBase.HeatPump.EN14511
Warning: Component type specifier Vitocal200AWO201 specified an obsolete type: Obsolete model - This model is obsolete and not maintained anymore.
  Near file: /tmp/tmp-AixLib-0-x77djmto/AixLib/Obsolete/Year2024/DataBase/Chiller/EN14511/Vitocal200AWO201.mo, line 2
 Component context: _out
  Component declared as Vitocal200AWO201 _out in AixLib.Obsolete.Year2024.DataBase.Chiller.EN14511
The model has the same number of unknowns and equations: 634
The model could not be deduced to be symbolically well-posed.
The model has
  626+heatPump.con.vol.dynBal.nPorts+heatPump.eva.vol.dynBal.nPorts+  pumSou.vol.dynBal.nPorts+Room.dynBal.nPorts
scalar unknowns and
  592+(if sourceSideMassFlowSource.use_Xi_in then 1 else (if sourceSideMassFlowSource.use_X_in   then 0 else 1))+(if  not sourceSideMassFlowSource.use_m_flow_in then 1 else 0)  +2*sourceSideMassFlowSource.nPorts+(if  not sourceSideMassFlowSource.use_T_in   then 1 else 0)+(if sourceSideFixedBoundary.use_Xi_in then 1 else (if   sourceSideFixedBoundary.use_X_in then 0 else 1))+(if  not sourceSideFixedBoundary.use_p_in   then 1 else 0)+2*sourceSideFixedBoundary.nPorts+(if  not sourceSideFixedBoundary.use_T_in   then 1 else 0)+(if sinkSideFixedBoundary.use_Xi_in then 1 else (if   sinkSideFixedBoundary.use_X_in then 0 else 1))+(if  not sinkSideFixedBoundary.use_p_in   then 1 else 0)+2*sinkSideFixedBoundary.nPorts+(if  not sinkSideFixedBoundary.use_T_in   then 1 else 0)+(if  not heatPump.con.vol.dynBal.use_mWat_flow then 1 else 0)+3  *heatPump.con.vol.dynBal.nPorts+(if  not heatPump.eva.vol.dynBal.use_mWat_flow   then 1 else 0)+3*heatPump.eva.vol.dynBal.nPorts+(if  not pumSou.vol.dynBal.use_mWat_flow   then 1 else 0)+3*pumSou.vol.dynBal.nPorts+(if  not Room.dynBal.use_mWat_flow   then 1 else 0)+3*Room.dynBal.nPorts
scalar equations.
However, exploiting the given numerical settings of parameters gives the same number of unknowns and equations:
  634
Check of AixLib.Obsolete.Year2024.Fluid.HeatPumps.Examples.HeatPump successful.
Warning: WARNINGS have been issued.
Declaring variable: Boolean rCheck ;
Advanced.PedanticModelica = true;

Modelica.Utilities.Streams.print("    { \"file\" :  \"AixLib/Resources/Scripts/Dymola/Obsolete/Year2024/Fluid/HeatPumps/Examples/HeatPump.mos\",", "AixLib.Obsolete.Year2024.Fluid.HeatPumps.Examples.HeatPump.statistics.log");
Modelica.Utilities.Streams.print("      \"model\" : \"AixLib.Obsolete.Year2024.Fluid.HeatPumps.Examples.HeatPump\",", "AixLib.Obsolete.Year2024.Fluid.HeatPumps.Examples.HeatPump.statistics.log");
Modelica.Utilities.Streams.print("      \"check\" : {", "AixLib.Obsolete.Year2024.Fluid.HeatPumps.Examples.HeatPump.statistics.log");
Modelica.Utilities.Streams.print("        \"command\" : \"checkModel(\\\"AixLib.Obsolete.Year2024.Fluid.HeatPumps.Examples.HeatPump\\\");\",", "AixLib.Obsolete.Year2024.Fluid.HeatPumps.Examples.HeatPump.statistics.log");
Modelica.Utilities.Streams.print("        \"result\"  : " + String(rCheck), "AixLib.Obsolete.Year2024.Fluid.HeatPumps.Examples.HeatPump.statistics.log");
Modelica.Utilities.Streams.print("      },", "AixLib.Obsolete.Year2024.Fluid.HeatPumps.Examples.HeatPump.statistics.log");

Advanced.PedanticModelica = false;

rScript=RunScript("modelica://AixLib/Resources/Scripts/Dymola/Obsolete/Year2024/Fluid/HeatPumps/Examples/HeatPump.mos");
simulateModel("AixLib.Obsolete.Year2024.Fluid.HeatPumps.Examples.HeatPump", tolerance=1e-6, stopTime=3600, method="dassl", resultFile="AixLib.Obsolete.Year2024.Fluid.HeatPumps.Examples.HeatPump");
Translation of AixLib.Obsolete.Year2024.Fluid.HeatPumps.Examples.HeatPump:
Warning: Top class AixLib.Obsolete.Year2024.Fluid.HeatPumps.Examples.HeatPump specified an obsolete type: Obsolete model - This model is obsolete and not maintained anymore.
Warning: Component type specifier Vitocal200AWO201 specified an obsolete type: Obsolete model - This model is obsolete and not maintained anymore.
  Near file: /tmp/tmp-AixLib-0-x77djmto/AixLib/Obsolete/Year2024/DataBase/HeatPump/EN14511/Vitocal200AWO201.mo, line 2
 Component context: _out
  Component declared as Vitocal200AWO201 _out in AixLib.Obsolete.Year2024.DataBase.HeatPump.EN14511
Warning: Component type specifier Vitocal200AWO201 specified an obsolete type: Obsolete model - This model is obsolete and not maintained anymore.
  Near file: /tmp/tmp-AixLib-0-x77djmto/AixLib/Obsolete/Year2024/DataBase/Chiller/EN14511/Vitocal200AWO201.mo, line 2
 Component context: _out
  Component declared as Vitocal200AWO201 _out in AixLib.Obsolete.Year2024.DataBase.Chiller.EN14511
The DAE has 634 scalar unknowns and 634 scalar equations.
Warning: The conditions of the following assert statements are always false:
Warning:   assert(heatPump.con.preDro.homotopyInitialization, "In HeatPump.heatPump.con.preDro: The constant homotopyInitialization has been modified from its default value. This constant will be removed in future releases.",     AssertionLevel.warning);
    The variable heatPump.con.preDro.homotopyInitialization = false, was declared in class AixLib.Fluid.BaseClasses.PartialResistance, /tmp/tmp-AixLib-0-x77djmto/AixLib/Fluid/BaseClasses/PartialResistance.mo at line 12, and used in component heatPump.con.preDro.PartialResistance.
Warning:   assert(heatPump.eva.preDro.homotopyInitialization, "In HeatPump.heatPump.eva.preDro: The constant homotopyInitialization has been modified from its default value. This constant will be removed in future releases.",     AssertionLevel.warning);
    The variable heatPump.eva.preDro.homotopyInitialization = false, was declared in class AixLib.Fluid.BaseClasses.PartialResistance, /tmp/tmp-AixLib-0-x77djmto/AixLib/Fluid/BaseClasses/PartialResistance.mo at line 12, and used in component heatPump.eva.preDro.PartialResistance.
 
Statistics
 
Original Model
  Number of components: 164
  Variables: 1624
  Constants: 27 (27 scalars)
  Parameters: 761 (1295 scalars)
  Unknowns: 836 (659 scalars)
  Differentiated variables: 15 scalars
  Equations: 724
  Nontrivial: 604
Translated Model
  Constants: 697 scalars
  Free parameters: 238 scalars
  Parameter depending: 497 scalars
  Outputs: 11 scalars
  Continuous time states: 11 scalars
  Time-varying variables: 127 scalars
  Alias variables: 422 scalars
  Number of mixed real/discrete systems of equations: 0
  Sizes of linear systems of equations: { }
  Sizes after manipulation of the linear systems: { }
  Sizes of nonlinear systems of equations: {1}
  Sizes after manipulation of the nonlinear systems: {1}
  Number of numerical Jacobians: 0
  Initialization problem
    Sizes of nonlinear systems of equations: {1}
    Sizes after manipulation of the nonlinear systems: {1}
    Number of numerical Jacobians: 0
 
Selected continuous time states
Statically selected continuous time states
  heatPump.con.vol.dynBal.U
  heatPump.eva.vol.dynBal.U
  heatPump.senT_a1.T
  heatPump.senT_a2.T
  heatPump.senT_b1.T
  heatPump.senT_b2.T
  pumSou.filter.s[1]
  pumSou.filter.s[2]
  pumSou.vol.dynBal.U
  Room.dynBal.U
  senTAct.T
 
Warning: WARNINGS have been issued.
Finished
 = true

Declaring variable: Boolean rScript ;
Advanced.PedanticModelica = true;

savelog("AixLib.Obsolete.Year2024.Fluid.HeatPumps.Examples.HeatPump.translation.log"); = true

Advanced.PedanticModelica = false;

rCheck = checkModel("AixLib.Obsolete.Year2024.Fluid.Chillers.Examples.Chiller");
Check of AixLib.Obsolete.Year2024.Fluid.Chillers.Examples.Chiller:
Warning: Top class AixLib.Obsolete.Year2024.Fluid.Chillers.Examples.Chiller specified an obsolete type: Obsolete model - This model is obsolete and not maintained anymore.
Warning: Component type specifier Vitocal200AWO201 specified an obsolete type: Obsolete model - This model is obsolete and not maintained anymore.
  Near file: /tmp/tmp-AixLib-0-x77djmto/AixLib/Obsolete/Year2024/DataBase/Chiller/EN14511/Vitocal200AWO201.mo, line 2
 Component context: _out
  Component declared as Vitocal200AWO201 _out in AixLib.Obsolete.Year2024.DataBase.Chiller.EN14511
Warning: Component type specifier Vitocal200AWO201 specified an obsolete type: Obsolete model - This model is obsolete and not maintained anymore.
  Near file: /tmp/tmp-AixLib-0-x77djmto/AixLib/Obsolete/Year2024/DataBase/HeatPump/EN14511/Vitocal200AWO201.mo, line 2
 Component context: _out
  Component declared as Vitocal200AWO201 _out in AixLib.Obsolete.Year2024.DataBase.HeatPump.EN14511
The model has the same number of unknowns and equations: 625
The model could not be deduced to be symbolically well-posed.
The model has
  617+chiller.con.vol.dynBal.nPorts+chiller.eva.vol.dynBal.nPorts+pumSou.vol.dynBal.nPorts  +Room.dynBal.nPorts
scalar unknowns and
  583+(if sinkSideMassFlowSource.use_Xi_in then 1 else (if sinkSideMassFlowSource.use_X_in   then 0 else 1))+(if  not sinkSideMassFlowSource.use_m_flow_in then 1 else 0)+2  *sinkSideMassFlowSource.nPorts+(if  not sinkSideMassFlowSource.use_T_in then 1   else 0)+(if sinkSideFixedBoundary.use_Xi_in then 1 else (if sinkSideFixedBoundary.use_X_in   then 0 else 1))+(if  not sinkSideFixedBoundary.use_p_in then 1 else 0)+2*  sinkSideFixedBoundary.nPorts+(if  not sinkSideFixedBoundary.use_T_in then 1   else 0)+(if sourceSideFixedBoundary.use_Xi_in then 1 else (if   sourceSideFixedBoundary.use_X_in then 0 else 1))+(if  not sourceSideFixedBoundary.use_p_in   then 1 else 0)+2*sourceSideFixedBoundary.nPorts+(if  not sourceSideFixedBoundary.use_T_in   then 1 else 0)+(if  not chiller.con.vol.dynBal.use_mWat_flow then 1 else 0)+3  *chiller.con.vol.dynBal.nPorts+(if  not chiller.eva.vol.dynBal.use_mWat_flow   then 1 else 0)+3*chiller.eva.vol.dynBal.nPorts+(if  not pumSou.vol.dynBal.use_mWat_flow   then 1 else 0)+3*pumSou.vol.dynBal.nPorts+(if  not Room.dynBal.use_mWat_flow   then 1 else 0)+3*Room.dynBal.nPorts
scalar equations.
However, exploiting the given numerical settings of parameters gives the same number of unknowns and equations:
  625
Check of AixLib.Obsolete.Year2024.Fluid.Chillers.Examples.Chiller successful.
Warning: WARNINGS have been issued.
Declaring variable: Boolean rCheck ;
Advanced.PedanticModelica = true;

Modelica.Utilities.Streams.print("    { \"file\" :  \"AixLib/Resources/Scripts/Dymola/Obsolete/Year2024/Fluid/Chillers/Examples/Chiller.mos\",", "AixLib.Obsolete.Year2024.Fluid.Chillers.Examples.Chiller.statistics.log");
Modelica.Utilities.Streams.print("      \"model\" : \"AixLib.Obsolete.Year2024.Fluid.Chillers.Examples.Chiller\",", "AixLib.Obsolete.Year2024.Fluid.Chillers.Examples.Chiller.statistics.log");
Modelica.Utilities.Streams.print("      \"check\" : {", "AixLib.Obsolete.Year2024.Fluid.Chillers.Examples.Chiller.statistics.log");
Modelica.Utilities.Streams.print("        \"command\" : \"checkModel(\\\"AixLib.Obsolete.Year2024.Fluid.Chillers.Examples.Chiller\\\");\",", "AixLib.Obsolete.Year2024.Fluid.Chillers.Examples.Chiller.statistics.log");
Modelica.Utilities.Streams.print("        \"result\"  : " + String(rCheck), "AixLib.Obsolete.Year2024.Fluid.Chillers.Examples.Chiller.statistics.log");
Modelica.Utilities.Streams.print("      },", "AixLib.Obsolete.Year2024.Fluid.Chillers.Examples.Chiller.statistics.log");

Advanced.PedanticModelica = false;

rScript=RunScript("modelica://AixLib/Resources/Scripts/Dymola/Obsolete/Year2024/Fluid/Chillers/Examples/Chiller.mos");
simulateModel("AixLib.Obsolete.Year2024.Fluid.Chillers.Examples.Chiller", tolerance=1e-6, stopTime=3600, method="dassl", resultFile="AixLib.Obsolete.Year2024.Fluid.Chillers.Examples.Chiller");
Translation of AixLib.Obsolete.Year2024.Fluid.Chillers.Examples.Chiller:
Warning: Top class AixLib.Obsolete.Year2024.Fluid.Chillers.Examples.Chiller specified an obsolete type: Obsolete model - This model is obsolete and not maintained anymore.
Warning: Component type specifier Vitocal200AWO201 specified an obsolete type: Obsolete model - This model is obsolete and not maintained anymore.
  Near file: /tmp/tmp-AixLib-0-x77djmto/AixLib/Obsolete/Year2024/DataBase/Chiller/EN14511/Vitocal200AWO201.mo, line 2
 Component context: _out
  Component declared as Vitocal200AWO201 _out in AixLib.Obsolete.Year2024.DataBase.Chiller.EN14511
Warning: Component type specifier Vitocal200AWO201 specified an obsolete type: Obsolete model - This model is obsolete and not maintained anymore.
  Near file: /tmp/tmp-AixLib-0-x77djmto/AixLib/Obsolete/Year2024/DataBase/HeatPump/EN14511/Vitocal200AWO201.mo, line 2
 Component context: _out
  Component declared as Vitocal200AWO201 _out in AixLib.Obsolete.Year2024.DataBase.HeatPump.EN14511
The DAE has 625 scalar unknowns and 625 scalar equations.
Warning: The conditions of the following assert statements are always false:
Warning:   assert(chiller.con.preDro.homotopyInitialization, "In Chiller.chiller.con.preDro: The constant homotopyInitialization has been modified from its default value. This constant will be removed in future releases.",     AssertionLevel.warning);
    The variable chiller.con.preDro.homotopyInitialization = false, was declared in class AixLib.Fluid.BaseClasses.PartialResistance, /tmp/tmp-AixLib-0-x77djmto/AixLib/Fluid/BaseClasses/PartialResistance.mo at line 12, and used in component chiller.con.preDro.PartialResistance.
Warning:   assert(chiller.eva.preDro.homotopyInitialization, "In Chiller.chiller.eva.preDro: The constant homotopyInitialization has been modified from its default value. This constant will be removed in future releases.",     AssertionLevel.warning);
    The variable chiller.eva.preDro.homotopyInitialization = false, was declared in class AixLib.Fluid.BaseClasses.PartialResistance, /tmp/tmp-AixLib-0-x77djmto/AixLib/Fluid/BaseClasses/PartialResistance.mo at line 12, and used in component chiller.eva.preDro.PartialResistance.
 
Statistics
 
Original Model
  Number of components: 163
  Variables: 1610
  Constants: 27 (27 scalars)
  Parameters: 760 (1294 scalars)
  Unknowns: 823 (650 scalars)
  Differentiated variables: 15 scalars
  Equations: 722
  Nontrivial: 603
Translated Model
  Constants: 696 scalars
  Free parameters: 238 scalars
  Parameter depending: 496 scalars
  Continuous time states: 11 scalars
  Time-varying variables: 123 scalars
  Alias variables: 418 scalars
  Number of mixed real/discrete systems of equations: 0
  Sizes of linear systems of equations: { }
  Sizes after manipulation of the linear systems: { }
  Sizes of nonlinear systems of equations: {1}
  Sizes after manipulation of the nonlinear systems: {1}
  Number of numerical Jacobians: 0
  Initialization problem
    Sizes of nonlinear systems of equations: {1}
    Sizes after manipulation of the nonlinear systems: {1}
    Number of numerical Jacobians: 0
 
Selected continuous time states
Statically selected continuous time states
  chiller.con.vol.dynBal.U
  chiller.eva.vol.dynBal.U
  chiller.senT_a1.T
  chiller.senT_a2.T
  chiller.senT_b1.T
  chiller.senT_b2.T
  pumSou.filter.s[1]
  pumSou.filter.s[2]
  pumSou.vol.dynBal.U
  Room.dynBal.U
  senTAct.T
 
Warning: WARNINGS have been issued.
Finished
 = true

Declaring variable: Boolean rScript ;
Advanced.PedanticModelica = true;

savelog("AixLib.Obsolete.Year2024.Fluid.Chillers.Examples.Chiller.translation.log");